[0.102s] Invoking command in '/home/omartinez/2023-tfg-oscar-martinez/src/webbt_ws/build/aws_robomaker_bookstore_world': CMAKE_PREFIX_PATH=${CMAKE_PREFIX_PATH}:/home/omartinez/2023-tfg-oscar-martinez/src/webbt_ws/install/py_trees_ros_viewer:/home/omartinez/2023-tfg-oscar-martinez/src/webbt_ws/install/py_trees_ros_tutorials:/home/omartinez/2023-tfg-oscar-martinez/src/webbt_ws/install/btpy:/home/omartinez/ws/smartloc_ws/install/webots_sim:/opt/ros/humble /usr/bin/cmake --build /home/omartinez/2023-tfg-oscar-martinez/src/webbt_ws/build/aws_robomaker_bookstore_world -- -j8 -l8
[0.958s] Invoked command in '/home/omartinez/2023-tfg-oscar-martinez/src/webbt_ws/build/aws_robomaker_bookstore_world' returned '0': CMAKE_PREFIX_PATH=${CMAKE_PREFIX_PATH}:/home/omartinez/2023-tfg-oscar-martinez/src/webbt_ws/install/py_trees_ros_viewer:/home/omartinez/2023-tfg-oscar-martinez/src/webbt_ws/install/py_trees_ros_tutorials:/home/omartinez/2023-tfg-oscar-martinez/src/webbt_ws/install/btpy:/home/omartinez/ws/smartloc_ws/install/webots_sim:/opt/ros/humble /usr/bin/cmake --build /home/omartinez/2023-tfg-oscar-martinez/src/webbt_ws/build/aws_robomaker_bookstore_world -- -j8 -l8
[1.143s] Invoking command in '/home/omartinez/2023-tfg-oscar-martinez/src/webbt_ws/build/aws_robomaker_bookstore_world': CMAKE_PREFIX_PATH=${CMAKE_PREFIX_PATH}:/home/omartinez/2023-tfg-oscar-martinez/src/webbt_ws/install/py_trees_ros_viewer:/home/omartinez/2023-tfg-oscar-martinez/src/webbt_ws/install/py_trees_ros_tutorials:/home/omartinez/2023-tfg-oscar-martinez/src/webbt_ws/install/btpy:/home/omartinez/ws/smartloc_ws/install/webots_sim:/opt/ros/humble /usr/bin/cmake --install /home/omartinez/2023-tfg-oscar-martinez/src/webbt_ws/build/aws_robomaker_bookstore_world
[1.280s] -- Install configuration: ""
[1.280s] -- Execute custom install script
[1.281s] -- Up-to-date symlink: /home/omartinez/2023-tfg-oscar-martinez/src/webbt_ws/install/aws_robomaker_bookstore_world/share/aws_robomaker_bookstore_world/launch/bookstore.launch.py
[1.283s] -- Up-to-date symlink: /home/omartinez/2023-tfg-oscar-martinez/src/webbt_ws/install/aws_robomaker_bookstore_world/share/aws_robomaker_bookstore_world/launch/view_bookstore.launch.py
[1.285s] -- Up-to-date symlink: /home/omartinez/2023-tfg-oscar-martinez/src/webbt_ws/install/aws_robomaker_bookstore_world/share/aws_robomaker_bookstore_world/maps/turtlebot3_waffle_pi/map.pgm
[1.285s] -- Up-to-date symlink: /home/omartinez/2023-tfg-oscar-martinez/src/webbt_ws/install/aws_robomaker_bookstore_world/share/aws_robomaker_bookstore_world/maps/turtlebot3_waffle_pi/map.yaml
[1.286s] -- Up-to-date symlink: /home/omartinez/2023-tfg-oscar-martinez/src/webbt_ws/install/aws_robomaker_bookstore_world/share/aws_robomaker_bookstore_world/models/aws_robomaker_retail_AirConditionerC_01/materials/textures/aws_AirConditionerC_01.png
[1.305s] -- Up-to-date symlink: /home/omartinez/2023-tfg-oscar-martinez/src/webbt_ws/install/aws_robomaker_bookstore_world/share/aws_robomaker_bookstore_world/models/aws_robomaker_retail_AirConditionerC_01/meshes/aws_AirConditionerC_01_collision.DAE
[1.305s] -- Up-to-date symlink: /home/omartinez/2023-tfg-oscar-martinez/src/webbt_ws/install/aws_robomaker_bookstore_world/share/aws_robomaker_bookstore_world/models/aws_robomaker_retail_AirConditionerC_01/meshes/aws_AirConditionerC_01_visual.DAE
[1.306s] -- Up-to-date symlink: /home/omartinez/2023-tfg-oscar-martinez/src/webbt_ws/install/aws_robomaker_bookstore_world/share/aws_robomaker_bookstore_world/models/aws_robomaker_retail_AirConditionerC_01/model.config
[1.342s] -- Up-to-date symlink: /home/omartinez/2023-tfg-oscar-martinez/src/webbt_ws/install/aws_robomaker_bookstore_world/share/aws_robomaker_bookstore_world/models/aws_robomaker_retail_AirConditionerC_01/model.sdf
[1.343s] -- Up-to-date symlink: /home/omartinez/2023-tfg-oscar-martinez/src/webbt_ws/install/aws_robomaker_bookstore_world/share/aws_robomaker_bookstore_world/models/aws_robomaker_retail_Bicycle_01/materials/textures/aws_Bicycle_01.png
[1.347s] -- Up-to-date symlink: /home/omartinez/2023-tfg-oscar-martinez/src/webbt_ws/install/aws_robomaker_bookstore_world/share/aws_robomaker_bookstore_world/models/aws_robomaker_retail_Bicycle_01/meshes/aws_Bicycle_01_collision.DAE
[1.348s] -- Up-to-date symlink: /home/omartinez/2023-tfg-oscar-martinez/src/webbt_ws/install/aws_robomaker_bookstore_world/share/aws_robomaker_bookstore_world/models/aws_robomaker_retail_Bicycle_01/meshes/aws_Bicycle_01_visual.DAE
[1.354s] -- Up-to-date symlink: /home/omartinez/2023-tfg-oscar-martinez/src/webbt_ws/install/aws_robomaker_bookstore_world/share/aws_robomaker_bookstore_world/models/aws_robomaker_retail_Bicycle_01/model.config
[1.357s] -- Up-to-date symlink: /home/omartinez/2023-tfg-oscar-martinez/src/webbt_ws/install/aws_robomaker_bookstore_world/share/aws_robomaker_bookstore_world/models/aws_robomaker_retail_Bicycle_01/model.sdf
[1.358s] -- Up-to-date symlink: /home/omartinez/2023-tfg-oscar-martinez/src/webbt_ws/install/aws_robomaker_bookstore_world/share/aws_robomaker_bookstore_world/models/aws_robomaker_retail_BookA_01/materials/textures/aws_BookA_01.png
[1.360s] -- Up-to-date symlink: /home/omartinez/2023-tfg-oscar-martinez/src/webbt_ws/install/aws_robomaker_bookstore_world/share/aws_robomaker_bookstore_world/models/aws_robomaker_retail_BookA_01/meshes/aws_BookA_01_collision.DAE
[1.362s] -- Up-to-date symlink: /home/omartinez/2023-tfg-oscar-martinez/src/webbt_ws/install/aws_robomaker_bookstore_world/share/aws_robomaker_bookstore_world/models/aws_robomaker_retail_BookA_01/meshes/aws_BookA_01_visual.DAE
[1.362s] -- Up-to-date symlink: /home/omartinez/2023-tfg-oscar-martinez/src/webbt_ws/install/aws_robomaker_bookstore_world/share/aws_robomaker_bookstore_world/models/aws_robomaker_retail_BookA_01/model.config
[1.365s] -- Up-to-date symlink: /home/omartinez/2023-tfg-oscar-martinez/src/webbt_ws/install/aws_robomaker_bookstore_world/share/aws_robomaker_bookstore_world/models/aws_robomaker_retail_BookA_01/model.sdf
[1.366s] -- Up-to-date symlink: /home/omartinez/2023-tfg-oscar-martinez/src/webbt_ws/install/aws_robomaker_bookstore_world/share/aws_robomaker_bookstore_world/models/aws_robomaker_retail_BookB_01/materials/textures/aws_BookB_01.png
[1.366s] -- Up-to-date symlink: /home/omartinez/2023-tfg-oscar-martinez/src/webbt_ws/install/aws_robomaker_bookstore_world/share/aws_robomaker_bookstore_world/models/aws_robomaker_retail_BookB_01/materials/textures/aws_BookB_02.png
[1.368s] -- Up-to-date symlink: /home/omartinez/2023-tfg-oscar-martinez/src/webbt_ws/install/aws_robomaker_bookstore_world/share/aws_robomaker_bookstore_world/models/aws_robomaker_retail_BookB_01/meshes/aws_BookB_01_collision.DAE
[1.380s] -- Up-to-date symlink: /home/omartinez/2023-tfg-oscar-martinez/src/webbt_ws/install/aws_robomaker_bookstore_world/share/aws_robomaker_bookstore_world/models/aws_robomaker_retail_BookB_01/meshes/aws_BookB_01_visual.DAE
[1.380s] -- Up-to-date symlink: /home/omartinez/2023-tfg-oscar-martinez/src/webbt_ws/install/aws_robomaker_bookstore_world/share/aws_robomaker_bookstore_world/models/aws_robomaker_retail_BookB_01/model.config
[1.381s] -- Up-to-date symlink: /home/omartinez/2023-tfg-oscar-martinez/src/webbt_ws/install/aws_robomaker_bookstore_world/share/aws_robomaker_bookstore_world/models/aws_robomaker_retail_BookB_01/model.sdf
[1.382s] -- Up-to-date symlink: /home/omartinez/2023-tfg-oscar-martinez/src/webbt_ws/install/aws_robomaker_bookstore_world/share/aws_robomaker_bookstore_world/models/aws_robomaker_retail_BookC_01/materials/textures/aws_BookC_01.png
[1.384s] -- Up-to-date symlink: /home/omartinez/2023-tfg-oscar-martinez/src/webbt_ws/install/aws_robomaker_bookstore_world/share/aws_robomaker_bookstore_world/models/aws_robomaker_retail_BookC_01/meshes/aws_BookC_01_collision.DAE
[1.384s] -- Up-to-date symlink: /home/omartinez/2023-tfg-oscar-martinez/src/webbt_ws/install/aws_robomaker_bookstore_world/share/aws_robomaker_bookstore_world/models/aws_robomaker_retail_BookC_01/meshes/aws_BookC_01_visual.DAE
[1.385s] -- Up-to-date symlink: /home/omartinez/2023-tfg-oscar-martinez/src/webbt_ws/install/aws_robomaker_bookstore_world/share/aws_robomaker_bookstore_world/models/aws_robomaker_retail_BookC_01/model.config
[1.386s] -- Up-to-date symlink: /home/omartinez/2023-tfg-oscar-martinez/src/webbt_ws/install/aws_robomaker_bookstore_world/share/aws_robomaker_bookstore_world/models/aws_robomaker_retail_BookC_01/model.sdf
[1.388s] -- Up-to-date symlink: /home/omartinez/2023-tfg-oscar-martinez/src/webbt_ws/install/aws_robomaker_bookstore_world/share/aws_robomaker_bookstore_world/models/aws_robomaker_retail_BookD_01/materials/textures/aws_BookD_01.png
[1.388s] -- Up-to-date symlink: /home/omartinez/2023-tfg-oscar-martinez/src/webbt_ws/install/aws_robomaker_bookstore_world/share/aws_robomaker_bookstore_world/models/aws_robomaker_retail_BookD_01/meshes/aws_BookD_01_collision.DAE
[1.389s] -- Up-to-date symlink: /home/omartinez/2023-tfg-oscar-martinez/src/webbt_ws/install/aws_robomaker_bookstore_world/share/aws_robomaker_bookstore_world/models/aws_robomaker_retail_BookD_01/meshes/aws_BookD_01_visual.DAE
[1.390s] -- Up-to-date symlink: /home/omartinez/2023-tfg-oscar-martinez/src/webbt_ws/install/aws_robomaker_bookstore_world/share/aws_robomaker_bookstore_world/models/aws_robomaker_retail_BookD_01/model.config
[1.402s] -- Up-to-date symlink: /home/omartinez/2023-tfg-oscar-martinez/src/webbt_ws/install/aws_robomaker_bookstore_world/share/aws_robomaker_bookstore_world/models/aws_robomaker_retail_BookD_01/model.sdf
[1.402s] -- Up-to-date symlink: /home/omartinez/2023-tfg-oscar-martinez/src/webbt_ws/install/aws_robomaker_bookstore_world/share/aws_robomaker_bookstore_world/models/aws_robomaker_retail_BookE_01/materials/textures/aws_BookE_01.png
[1.412s] -- Up-to-date symlink: /home/omartinez/2023-tfg-oscar-martinez/src/webbt_ws/install/aws_robomaker_bookstore_world/share/aws_robomaker_bookstore_world/models/aws_robomaker_retail_BookE_01/materials/textures/aws_BookE_02.png
[1.416s] -- Up-to-date symlink: /home/omartinez/2023-tfg-oscar-martinez/src/webbt_ws/install/aws_robomaker_bookstore_world/share/aws_robomaker_bookstore_world/models/aws_robomaker_retail_BookE_01/meshes/aws_BookE_01_collision.DAE
[1.420s] -- Up-to-date symlink: /home/omartinez/2023-tfg-oscar-martinez/src/webbt_ws/install/aws_robomaker_bookstore_world/share/aws_robomaker_bookstore_world/models/aws_robomaker_retail_BookE_01/meshes/aws_BookE_01_visual.DAE
[1.423s] -- Up-to-date symlink: /home/omartinez/2023-tfg-oscar-martinez/src/webbt_ws/install/aws_robomaker_bookstore_world/share/aws_robomaker_bookstore_world/models/aws_robomaker_retail_BookE_01/model.config
[1.425s] -- Up-to-date symlink: /home/omartinez/2023-tfg-oscar-martinez/src/webbt_ws/install/aws_robomaker_bookstore_world/share/aws_robomaker_bookstore_world/models/aws_robomaker_retail_BookE_01/model.sdf
[1.426s] -- Up-to-date symlink: /home/omartinez/2023-tfg-oscar-martinez/src/webbt_ws/install/aws_robomaker_bookstore_world/share/aws_robomaker_bookstore_world/models/aws_robomaker_retail_BookF_01/materials/textures/aws_BookF_01.png
[1.435s] -- Up-to-date symlink: /home/omartinez/2023-tfg-oscar-martinez/src/webbt_ws/install/aws_robomaker_bookstore_world/share/aws_robomaker_bookstore_world/models/aws_robomaker_retail_BookF_01/meshes/aws_BookF_01_collision.DAE
[1.437s] -- Up-to-date symlink: /home/omartinez/2023-tfg-oscar-martinez/src/webbt_ws/install/aws_robomaker_bookstore_world/share/aws_robomaker_bookstore_world/models/aws_robomaker_retail_BookF_01/meshes/aws_BookF_01_visual.DAE
[1.438s] -- Up-to-date symlink: /home/omartinez/2023-tfg-oscar-martinez/src/webbt_ws/install/aws_robomaker_bookstore_world/share/aws_robomaker_bookstore_world/models/aws_robomaker_retail_BookF_01/model.config
[1.439s] -- Up-to-date symlink: /home/omartinez/2023-tfg-oscar-martinez/src/webbt_ws/install/aws_robomaker_bookstore_world/share/aws_robomaker_bookstore_world/models/aws_robomaker_retail_BookF_01/model.sdf
[1.439s] -- Up-to-date symlink: /home/omartinez/2023-tfg-oscar-martinez/src/webbt_ws/install/aws_robomaker_bookstore_world/share/aws_robomaker_bookstore_world/models/aws_robomaker_retail_BookshelfA_01/materials/textures/aws_BookshelfA_01.png
[1.440s] -- Up-to-date symlink: /home/omartinez/2023-tfg-oscar-martinez/src/webbt_ws/install/aws_robomaker_bookstore_world/share/aws_robomaker_bookstore_world/models/aws_robomaker_retail_BookshelfA_01/materials/textures/aws_BookshelfA_02.png
[1.440s] -- Up-to-date symlink: /home/omartinez/2023-tfg-oscar-martinez/src/webbt_ws/install/aws_robomaker_bookstore_world/share/aws_robomaker_bookstore_world/models/aws_robomaker_retail_BookshelfA_01/materials/textures/aws_BookshelfA_03.png
[1.441s] -- Up-to-date symlink: /home/omartinez/2023-tfg-oscar-martinez/src/webbt_ws/install/aws_robomaker_bookstore_world/share/aws_robomaker_bookstore_world/models/aws_robomaker_retail_BookshelfA_01/meshes/aws_BookshelfA_01_collision.DAE
[1.441s] -- Up-to-date symlink: /home/omartinez/2023-tfg-oscar-martinez/src/webbt_ws/install/aws_robomaker_bookstore_world/share/aws_robomaker_bookstore_world/models/aws_robomaker_retail_BookshelfA_01/meshes/aws_BookshelfA_01_visual.DAE
[1.442s] -- Up-to-date symlink: /home/omartinez/2023-tfg-oscar-martinez/src/webbt_ws/install/aws_robomaker_bookstore_world/share/aws_robomaker_bookstore_world/models/aws_robomaker_retail_BookshelfA_01/model.config
[1.442s] -- Up-to-date symlink: /home/omartinez/2023-tfg-oscar-martinez/src/webbt_ws/install/aws_robomaker_bookstore_world/share/aws_robomaker_bookstore_world/models/aws_robomaker_retail_BookshelfA_01/model.sdf
[1.443s] -- Up-to-date symlink: /home/omartinez/2023-tfg-oscar-martinez/src/webbt_ws/install/aws_robomaker_bookstore_world/share/aws_robomaker_bookstore_world/models/aws_robomaker_retail_BookshelfB_01/materials/textures/aws_BookshelfB_01.png
[1.443s] -- Up-to-date symlink: /home/omartinez/2023-tfg-oscar-martinez/src/webbt_ws/install/aws_robomaker_bookstore_world/share/aws_robomaker_bookstore_world/models/aws_robomaker_retail_BookshelfB_01/materials/textures/aws_BookshelfB_02.png
[1.443s] -- Up-to-date symlink: /home/omartinez/2023-tfg-oscar-martinez/src/webbt_ws/install/aws_robomaker_bookstore_world/share/aws_robomaker_bookstore_world/models/aws_robomaker_retail_BookshelfB_01/meshes/aws_BookshelfB_01_collision.DAE
[1.444s] -- Up-to-date symlink: /home/omartinez/2023-tfg-oscar-martinez/src/webbt_ws/install/aws_robomaker_bookstore_world/share/aws_robomaker_bookstore_world/models/aws_robomaker_retail_BookshelfB_01/meshes/aws_BookshelfB_01_visual.DAE
[1.461s] -- Up-to-date symlink: /home/omartinez/2023-tfg-oscar-martinez/src/webbt_ws/install/aws_robomaker_bookstore_world/share/aws_robomaker_bookstore_world/models/aws_robomaker_retail_BookshelfB_01/model.config
[1.461s] -- Up-to-date symlink: /home/omartinez/2023-tfg-oscar-martinez/src/webbt_ws/install/aws_robomaker_bookstore_world/share/aws_robomaker_bookstore_world/models/aws_robomaker_retail_BookshelfB_01/model.sdf
[1.463s] -- Up-to-date symlink: /home/omartinez/2023-tfg-oscar-martinez/src/webbt_ws/install/aws_robomaker_bookstore_world/share/aws_robomaker_bookstore_world/models/aws_robomaker_retail_BookshelfC_01/materials/textures/aws_BookshelfC_01.png
[1.467s] -- Up-to-date symlink: /home/omartinez/2023-tfg-oscar-martinez/src/webbt_ws/install/aws_robomaker_bookstore_world/share/aws_robomaker_bookstore_world/models/aws_robomaker_retail_BookshelfC_01/meshes/aws_BookshelfC_01_collision.DAE
[1.471s] -- Up-to-date symlink: /home/omartinez/2023-tfg-oscar-martinez/src/webbt_ws/install/aws_robomaker_bookstore_world/share/aws_robomaker_bookstore_world/models/aws_robomaker_retail_BookshelfC_01/meshes/aws_BookshelfC_01_visual.DAE
[1.481s] -- Up-to-date symlink: /home/omartinez/2023-tfg-oscar-martinez/src/webbt_ws/install/aws_robomaker_bookstore_world/share/aws_robomaker_bookstore_world/models/aws_robomaker_retail_BookshelfC_01/model.config
[1.483s] -- Up-to-date symlink: /home/omartinez/2023-tfg-oscar-martinez/src/webbt_ws/install/aws_robomaker_bookstore_world/share/aws_robomaker_bookstore_world/models/aws_robomaker_retail_BookshelfC_01/model.sdf
[1.484s] -- Up-to-date symlink: /home/omartinez/2023-tfg-oscar-martinez/src/webbt_ws/install/aws_robomaker_bookstore_world/share/aws_robomaker_bookstore_world/models/aws_robomaker_retail_BookstoreLogo_01/materials/textures/aws_BookstoreLogo_01.png
[1.484s] -- Up-to-date symlink: /home/omartinez/2023-tfg-oscar-martinez/src/webbt_ws/install/aws_robomaker_bookstore_world/share/aws_robomaker_bookstore_world/models/aws_robomaker_retail_BookstoreLogo_01/meshes/aws_BookstoreLogo_01_collision.DAE
[1.484s] -- Up-to-date symlink: /home/omartinez/2023-tfg-oscar-martinez/src/webbt_ws/install/aws_robomaker_bookstore_world/share/aws_robomaker_bookstore_world/models/aws_robomaker_retail_BookstoreLogo_01/meshes/aws_BookstoreLogo_01_visual.DAE
[1.485s] -- Up-to-date symlink: /home/omartinez/2023-tfg-oscar-martinez/src/webbt_ws/install/aws_robomaker_bookstore_world/share/aws_robomaker_bookstore_world/models/aws_robomaker_retail_BookstoreLogo_01/model.config
[1.494s] -- Up-to-date symlink: /home/omartinez/2023-tfg-oscar-martinez/src/webbt_ws/install/aws_robomaker_bookstore_world/share/aws_robomaker_bookstore_world/models/aws_robomaker_retail_BookstoreLogo_01/model.sdf
[1.494s] -- Up-to-date symlink: /home/omartinez/2023-tfg-oscar-martinez/src/webbt_ws/install/aws_robomaker_bookstore_world/share/aws_robomaker_bookstore_world/models/aws_robomaker_retail_ChairB_01/materials/textures/aws_ChairB_01.png
[1.496s] -- Up-to-date symlink: /home/omartinez/2023-tfg-oscar-martinez/src/webbt_ws/install/aws_robomaker_bookstore_world/share/aws_robomaker_bookstore_world/models/aws_robomaker_retail_ChairB_01/meshes/aws_ChairB_01_collision.DAE
[1.497s] -- Up-to-date symlink: /home/omartinez/2023-tfg-oscar-martinez/src/webbt_ws/install/aws_robomaker_bookstore_world/share/aws_robomaker_bookstore_world/models/aws_robomaker_retail_ChairB_01/meshes/aws_ChairB_01_visual.DAE
[1.500s] -- Up-to-date symlink: /home/omartinez/2023-tfg-oscar-martinez/src/webbt_ws/install/aws_robomaker_bookstore_world/share/aws_robomaker_bookstore_world/models/aws_robomaker_retail_ChairB_01/model.config
[1.512s] -- Up-to-date symlink: /home/omartinez/2023-tfg-oscar-martinez/src/webbt_ws/install/aws_robomaker_bookstore_world/share/aws_robomaker_bookstore_world/models/aws_robomaker_retail_ChairB_01/model.sdf
[1.514s] -- Up-to-date symlink: /home/omartinez/2023-tfg-oscar-martinez/src/webbt_ws/install/aws_robomaker_bookstore_world/share/aws_robomaker_bookstore_world/models/aws_robomaker_retail_ColumnA_01/materials/textures/aws_ColumnA_01.png
[1.515s] -- Up-to-date symlink: /home/omartinez/2023-tfg-oscar-martinez/src/webbt_ws/install/aws_robomaker_bookstore_world/share/aws_robomaker_bookstore_world/models/aws_robomaker_retail_ColumnA_01/meshes/aws_ColumnA_01_collision.DAE
[1.519s] -- Up-to-date symlink: /home/omartinez/2023-tfg-oscar-martinez/src/webbt_ws/install/aws_robomaker_bookstore_world/share/aws_robomaker_bookstore_world/models/aws_robomaker_retail_ColumnA_01/meshes/aws_ColumnA_01_visual.DAE
[1.521s] -- Up-to-date symlink: /home/omartinez/2023-tfg-oscar-martinez/src/webbt_ws/install/aws_robomaker_bookstore_world/share/aws_robomaker_bookstore_world/models/aws_robomaker_retail_ColumnA_01/model.config
[1.528s] -- Up-to-date symlink: /home/omartinez/2023-tfg-oscar-martinez/src/webbt_ws/install/aws_robomaker_bookstore_world/share/aws_robomaker_bookstore_world/models/aws_robomaker_retail_ColumnA_01/model.sdf
[1.528s] -- Up-to-date symlink: /home/omartinez/2023-tfg-oscar-martinez/src/webbt_ws/install/aws_robomaker_bookstore_world/share/aws_robomaker_bookstore_world/models/aws_robomaker_retail_ColumnB_01/materials/textures/aws_ColumnB_01.png
[1.531s] -- Up-to-date symlink: /home/omartinez/2023-tfg-oscar-martinez/src/webbt_ws/install/aws_robomaker_bookstore_world/share/aws_robomaker_bookstore_world/models/aws_robomaker_retail_ColumnB_01/meshes/aws_ColumnB_01_collision.DAE
[1.531s] -- Up-to-date symlink: /home/omartinez/2023-tfg-oscar-martinez/src/webbt_ws/install/aws_robomaker_bookstore_world/share/aws_robomaker_bookstore_world/models/aws_robomaker_retail_ColumnB_01/meshes/aws_ColumnB_01_visual.DAE
[1.535s] -- Up-to-date symlink: /home/omartinez/2023-tfg-oscar-martinez/src/webbt_ws/install/aws_robomaker_bookstore_world/share/aws_robomaker_bookstore_world/models/aws_robomaker_retail_ColumnB_01/model.config
[1.535s] -- Up-to-date symlink: /home/omartinez/2023-tfg-oscar-martinez/src/webbt_ws/install/aws_robomaker_bookstore_world/share/aws_robomaker_bookstore_world/models/aws_robomaker_retail_ColumnB_01/model.sdf
[1.535s] -- Up-to-date symlink: /home/omartinez/2023-tfg-oscar-martinez/src/webbt_ws/install/aws_robomaker_bookstore_world/share/aws_robomaker_bookstore_world/models/aws_robomaker_retail_Computer_01/materials/textures/aws_Computer_01.png
[1.549s] -- Up-to-date symlink: /home/omartinez/2023-tfg-oscar-martinez/src/webbt_ws/install/aws_robomaker_bookstore_world/share/aws_robomaker_bookstore_world/models/aws_robomaker_retail_Computer_01/meshes/aws_Computer_01_collision.DAE
[1.550s] -- Up-to-date symlink: /home/omartinez/2023-tfg-oscar-martinez/src/webbt_ws/install/aws_robomaker_bookstore_world/share/aws_robomaker_bookstore_world/models/aws_robomaker_retail_Computer_01/meshes/aws_Computer_01_visual.DAE
[1.550s] -- Up-to-date symlink: /home/omartinez/2023-tfg-oscar-martinez/src/webbt_ws/install/aws_robomaker_bookstore_world/share/aws_robomaker_bookstore_world/models/aws_robomaker_retail_Computer_01/model.config
[1.556s] -- Up-to-date symlink: /home/omartinez/2023-tfg-oscar-martinez/src/webbt_ws/install/aws_robomaker_bookstore_world/share/aws_robomaker_bookstore_world/models/aws_robomaker_retail_Computer_01/model.sdf
[1.558s] -- Up-to-date symlink: /home/omartinez/2023-tfg-oscar-martinez/src/webbt_ws/install/aws_robomaker_bookstore_world/share/aws_robomaker_bookstore_world/models/aws_robomaker_retail_DeskA_01/materials/textures/aws_DeskA_01.png
[1.558s] -- Up-to-date symlink: /home/omartinez/2023-tfg-oscar-martinez/src/webbt_ws/install/aws_robomaker_bookstore_world/share/aws_robomaker_bookstore_world/models/aws_robomaker_retail_DeskA_01/materials/textures/aws_DeskA_02.png
[1.559s] -- Up-to-date symlink: /home/omartinez/2023-tfg-oscar-martinez/src/webbt_ws/install/aws_robomaker_bookstore_world/share/aws_robomaker_bookstore_world/models/aws_robomaker_retail_DeskA_01/materials/textures/aws_DeskA_03.png
[1.559s] -- Up-to-date symlink: /home/omartinez/2023-tfg-oscar-martinez/src/webbt_ws/install/aws_robomaker_bookstore_world/share/aws_robomaker_bookstore_world/models/aws_robomaker_retail_DeskA_01/meshes/aws_DeskA_01_collision.DAE
[1.562s] -- Up-to-date symlink: /home/omartinez/2023-tfg-oscar-martinez/src/webbt_ws/install/aws_robomaker_bookstore_world/share/aws_robomaker_bookstore_world/models/aws_robomaker_retail_DeskA_01/meshes/aws_DeskA_01_visual.DAE
[1.562s] -- Up-to-date symlink: /home/omartinez/2023-tfg-oscar-martinez/src/webbt_ws/install/aws_robomaker_bookstore_world/share/aws_robomaker_bookstore_world/models/aws_robomaker_retail_DeskA_01/model.config
[1.569s] -- Up-to-date symlink: /home/omartinez/2023-tfg-oscar-martinez/src/webbt_ws/install/aws_robomaker_bookstore_world/share/aws_robomaker_bookstore_world/models/aws_robomaker_retail_DeskA_01/model.sdf
[1.569s] -- Up-to-date symlink: /home/omartinez/2023-tfg-oscar-martinez/src/webbt_ws/install/aws_robomaker_bookstore_world/share/aws_robomaker_bookstore_world/models/aws_robomaker_retail_DeskB_01/materials/textures/aws_DeskB_01.png
[1.570s] -- Up-to-date symlink: /home/omartinez/2023-tfg-oscar-martinez/src/webbt_ws/install/aws_robomaker_bookstore_world/share/aws_robomaker_bookstore_world/models/aws_robomaker_retail_DeskB_01/meshes/aws_DeskB_01_collision.DAE
[1.570s] -- Up-to-date symlink: /home/omartinez/2023-tfg-oscar-martinez/src/webbt_ws/install/aws_robomaker_bookstore_world/share/aws_robomaker_bookstore_world/models/aws_robomaker_retail_DeskB_01/meshes/aws_DeskB_01_visual.DAE
[1.571s] -- Up-to-date symlink: /home/omartinez/2023-tfg-oscar-martinez/src/webbt_ws/install/aws_robomaker_bookstore_world/share/aws_robomaker_bookstore_world/models/aws_robomaker_retail_DeskB_01/model.config
[1.572s] -- Up-to-date symlink: /home/omartinez/2023-tfg-oscar-martinez/src/webbt_ws/install/aws_robomaker_bookstore_world/share/aws_robomaker_bookstore_world/models/aws_robomaker_retail_DeskB_01/model.sdf
[1.573s] -- Up-to-date symlink: /home/omartinez/2023-tfg-oscar-martinez/src/webbt_ws/install/aws_robomaker_bookstore_world/share/aws_robomaker_bookstore_world/models/aws_robomaker_retail_DoorB_01/materials/textures/aws_DoorB_01.png
[1.574s] -- Up-to-date symlink: /home/omartinez/2023-tfg-oscar-martinez/src/webbt_ws/install/aws_robomaker_bookstore_world/share/aws_robomaker_bookstore_world/models/aws_robomaker_retail_DoorB_01/meshes/aws_DoorB_01_collision.DAE
[1.574s] -- Up-to-date symlink: /home/omartinez/2023-tfg-oscar-martinez/src/webbt_ws/install/aws_robomaker_bookstore_world/share/aws_robomaker_bookstore_world/models/aws_robomaker_retail_DoorB_01/meshes/aws_DoorB_01_visual.DAE
[1.576s] -- Up-to-date symlink: /home/omartinez/2023-tfg-oscar-martinez/src/webbt_ws/install/aws_robomaker_bookstore_world/share/aws_robomaker_bookstore_world/models/aws_robomaker_retail_DoorB_01/model.config
[1.577s] -- Up-to-date symlink: /home/omartinez/2023-tfg-oscar-martinez/src/webbt_ws/install/aws_robomaker_bookstore_world/share/aws_robomaker_bookstore_world/models/aws_robomaker_retail_DoorB_01/model.sdf
[1.578s] -- Up-to-date symlink: /home/omartinez/2023-tfg-oscar-martinez/src/webbt_ws/install/aws_robomaker_bookstore_world/share/aws_robomaker_bookstore_world/models/aws_robomaker_retail_Holder_01/materials/textures/aws_Holder_01.png
[1.579s] -- Up-to-date symlink: /home/omartinez/2023-tfg-oscar-martinez/src/webbt_ws/install/aws_robomaker_bookstore_world/share/aws_robomaker_bookstore_world/models/aws_robomaker_retail_Holder_01/meshes/aws_Holder_01_collision.DAE
[1.579s] -- Up-to-date symlink: /home/omartinez/2023-tfg-oscar-martinez/src/webbt_ws/install/aws_robomaker_bookstore_world/share/aws_robomaker_bookstore_world/models/aws_robomaker_retail_Holder_01/meshes/aws_Holder_01_visual.DAE
[1.580s] -- Up-to-date symlink: /home/omartinez/2023-tfg-oscar-martinez/src/webbt_ws/install/aws_robomaker_bookstore_world/share/aws_robomaker_bookstore_world/models/aws_robomaker_retail_Holder_01/model.config
[1.580s] -- Up-to-date symlink: /home/omartinez/2023-tfg-oscar-martinez/src/webbt_ws/install/aws_robomaker_bookstore_world/share/aws_robomaker_bookstore_world/models/aws_robomaker_retail_Holder_01/model.sdf
[1.601s] -- Up-to-date symlink: /home/omartinez/2023-tfg-oscar-martinez/src/webbt_ws/install/aws_robomaker_bookstore_world/share/aws_robomaker_bookstore_world/models/aws_robomaker_retail_Horologe_01/materials/textures/aws_Horologe_01.png
[1.602s] -- Up-to-date symlink: /home/omartinez/2023-tfg-oscar-martinez/src/webbt_ws/install/aws_robomaker_bookstore_world/share/aws_robomaker_bookstore_world/models/aws_robomaker_retail_Horologe_01/meshes/aws_Horologe_01_collision.DAE
[1.602s] -- Up-to-date symlink: /home/omartinez/2023-tfg-oscar-martinez/src/webbt_ws/install/aws_robomaker_bookstore_world/share/aws_robomaker_bookstore_world/models/aws_robomaker_retail_Horologe_01/meshes/aws_Horologe_01_visual.DAE
[1.602s] -- Up-to-date symlink: /home/omartinez/2023-tfg-oscar-martinez/src/webbt_ws/install/aws_robomaker_bookstore_world/share/aws_robomaker_bookstore_world/models/aws_robomaker_retail_Horologe_01/model.config
[1.602s] -- Up-to-date symlink: /home/omartinez/2023-tfg-oscar-martinez/src/webbt_ws/install/aws_robomaker_bookstore_world/share/aws_robomaker_bookstore_world/models/aws_robomaker_retail_Horologe_01/model.sdf
[1.603s] -- Up-to-date symlink: /home/omartinez/2023-tfg-oscar-martinez/src/webbt_ws/install/aws_robomaker_bookstore_world/share/aws_robomaker_bookstore_world/models/aws_robomaker_retail_InfoDesk_01/materials/textures/aws_InfoDesk_01.png
[1.603s] -- Up-to-date symlink: /home/omartinez/2023-tfg-oscar-martinez/src/webbt_ws/install/aws_robomaker_bookstore_world/share/aws_robomaker_bookstore_world/models/aws_robomaker_retail_InfoDesk_01/meshes/aws_InfoDesk_01_collision.DAE
[1.603s] -- Up-to-date symlink: /home/omartinez/2023-tfg-oscar-martinez/src/webbt_ws/install/aws_robomaker_bookstore_world/share/aws_robomaker_bookstore_world/models/aws_robomaker_retail_InfoDesk_01/meshes/aws_InfoDesk_01_visual.DAE
[1.603s] -- Up-to-date symlink: /home/omartinez/2023-tfg-oscar-martinez/src/webbt_ws/install/aws_robomaker_bookstore_world/share/aws_robomaker_bookstore_world/models/aws_robomaker_retail_InfoDesk_01/model.config
[1.604s] -- Up-to-date symlink: /home/omartinez/2023-tfg-oscar-martinez/src/webbt_ws/install/aws_robomaker_bookstore_world/share/aws_robomaker_bookstore_world/models/aws_robomaker_retail_InfoDesk_01/model.sdf
[1.605s] -- Up-to-date symlink: /home/omartinez/2023-tfg-oscar-martinez/src/webbt_ws/install/aws_robomaker_bookstore_world/share/aws_robomaker_bookstore_world/models/aws_robomaker_retail_LightA_01/materials/textures/aws_LightA_01.png
[1.605s] -- Up-to-date symlink: /home/omartinez/2023-tfg-oscar-martinez/src/webbt_ws/install/aws_robomaker_bookstore_world/share/aws_robomaker_bookstore_world/models/aws_robomaker_retail_LightA_01/meshes/aws_LightA_01_collision.DAE
[1.605s] -- Up-to-date symlink: /home/omartinez/2023-tfg-oscar-martinez/src/webbt_ws/install/aws_robomaker_bookstore_world/share/aws_robomaker_bookstore_world/models/aws_robomaker_retail_LightA_01/meshes/aws_LightA_01_visual.DAE
[1.606s] -- Up-to-date symlink: /home/omartinez/2023-tfg-oscar-martinez/src/webbt_ws/install/aws_robomaker_bookstore_world/share/aws_robomaker_bookstore_world/models/aws_robomaker_retail_LightA_01/model.config
[1.606s] -- Up-to-date symlink: /home/omartinez/2023-tfg-oscar-martinez/src/webbt_ws/install/aws_robomaker_bookstore_world/share/aws_robomaker_bookstore_world/models/aws_robomaker_retail_LightA_01/model.sdf
[1.607s] -- Up-to-date symlink: /home/omartinez/2023-tfg-oscar-martinez/src/webbt_ws/install/aws_robomaker_bookstore_world/share/aws_robomaker_bookstore_world/models/aws_robomaker_retail_MagicCube_01/materials/textures/aws_MagicCube_01.png
[1.608s] -- Up-to-date symlink: /home/omartinez/2023-tfg-oscar-martinez/src/webbt_ws/install/aws_robomaker_bookstore_world/share/aws_robomaker_bookstore_world/models/aws_robomaker_retail_MagicCube_01/meshes/aws_MagicCube_01_collision.DAE
[1.609s] -- Up-to-date symlink: /home/omartinez/2023-tfg-oscar-martinez/src/webbt_ws/install/aws_robomaker_bookstore_world/share/aws_robomaker_bookstore_world/models/aws_robomaker_retail_MagicCube_01/meshes/aws_MagicCube_01_visual.DAE
[1.609s] -- Up-to-date symlink: /home/omartinez/2023-tfg-oscar-martinez/src/webbt_ws/install/aws_robomaker_bookstore_world/share/aws_robomaker_bookstore_world/models/aws_robomaker_retail_MagicCube_01/model.config
[1.610s] -- Up-to-date symlink: /home/omartinez/2023-tfg-oscar-martinez/src/webbt_ws/install/aws_robomaker_bookstore_world/share/aws_robomaker_bookstore_world/models/aws_robomaker_retail_MagicCube_01/model.sdf
[1.616s] -- Up-to-date symlink: /home/omartinez/2023-tfg-oscar-martinez/src/webbt_ws/install/aws_robomaker_bookstore_world/share/aws_robomaker_bookstore_world/models/aws_robomaker_retail_RetailShopCeiling_01/materials/textures/aws_RetailShopCeiling_01.png
[1.617s] -- Up-to-date symlink: /home/omartinez/2023-tfg-oscar-martinez/src/webbt_ws/install/aws_robomaker_bookstore_world/share/aws_robomaker_bookstore_world/models/aws_robomaker_retail_RetailShopCeiling_01/meshes/aws_RetailShopCeiling_01_collision.DAE
[1.618s] -- Up-to-date symlink: /home/omartinez/2023-tfg-oscar-martinez/src/webbt_ws/install/aws_robomaker_bookstore_world/share/aws_robomaker_bookstore_world/models/aws_robomaker_retail_RetailShopCeiling_01/meshes/aws_RetailShopCeiling_01_visual.DAE
[1.619s] -- Up-to-date symlink: /home/omartinez/2023-tfg-oscar-martinez/src/webbt_ws/install/aws_robomaker_bookstore_world/share/aws_robomaker_bookstore_world/models/aws_robomaker_retail_RetailShopCeiling_01/model.config
[1.619s] -- Up-to-date symlink: /home/omartinez/2023-tfg-oscar-martinez/src/webbt_ws/install/aws_robomaker_bookstore_world/share/aws_robomaker_bookstore_world/models/aws_robomaker_retail_RetailShopCeiling_01/model.sdf
[1.619s] -- Up-to-date symlink: /home/omartinez/2023-tfg-oscar-martinez/src/webbt_ws/install/aws_robomaker_bookstore_world/share/aws_robomaker_bookstore_world/models/aws_robomaker_retail_RetailShopFloor_01/materials/textures/aws_RetailShopFloor_01.png
[1.620s] -- Up-to-date symlink: /home/omartinez/2023-tfg-oscar-martinez/src/webbt_ws/install/aws_robomaker_bookstore_world/share/aws_robomaker_bookstore_world/models/aws_robomaker_retail_RetailShopFloor_01/meshes/aws_RetailShopFloor_01_collision.DAE
[1.620s] -- Up-to-date symlink: /home/omartinez/2023-tfg-oscar-martinez/src/webbt_ws/install/aws_robomaker_bookstore_world/share/aws_robomaker_bookstore_world/models/aws_robomaker_retail_RetailShopFloor_01/meshes/aws_RetailShopFloor_01_visual.DAE
[1.620s] -- Up-to-date symlink: /home/omartinez/2023-tfg-oscar-martinez/src/webbt_ws/install/aws_robomaker_bookstore_world/share/aws_robomaker_bookstore_world/models/aws_robomaker_retail_RetailShopFloor_01/model.config
[1.621s] -- Up-to-date symlink: /home/omartinez/2023-tfg-oscar-martinez/src/webbt_ws/install/aws_robomaker_bookstore_world/share/aws_robomaker_bookstore_world/models/aws_robomaker_retail_RetailShopFloor_01/model.sdf
[1.621s] -- Up-to-date symlink: /home/omartinez/2023-tfg-oscar-martinez/src/webbt_ws/install/aws_robomaker_bookstore_world/share/aws_robomaker_bookstore_world/models/aws_robomaker_retail_RetailShopWall_01/materials/textures/aws_RetailShopWall_01.png
[1.622s] -- Up-to-date symlink: /home/omartinez/2023-tfg-oscar-martinez/src/webbt_ws/install/aws_robomaker_bookstore_world/share/aws_robomaker_bookstore_world/models/aws_robomaker_retail_RetailShopWall_01/meshes/aws_RetailShopWall_01_collision.DAE
[1.622s] -- Up-to-date symlink: /home/omartinez/2023-tfg-oscar-martinez/src/webbt_ws/install/aws_robomaker_bookstore_world/share/aws_robomaker_bookstore_world/models/aws_robomaker_retail_RetailShopWall_01/meshes/aws_RetailShopWall_01_visual.DAE
[1.623s] -- Up-to-date symlink: /home/omartinez/2023-tfg-oscar-martinez/src/webbt_ws/install/aws_robomaker_bookstore_world/share/aws_robomaker_bookstore_world/models/aws_robomaker_retail_RetailShopWall_01/model.config
[1.623s] -- Up-to-date symlink: /home/omartinez/2023-tfg-oscar-martinez/src/webbt_ws/install/aws_robomaker_bookstore_world/share/aws_robomaker_bookstore_world/models/aws_robomaker_retail_RetailShopWall_01/model.sdf
[1.624s] -- Up-to-date symlink: /home/omartinez/2023-tfg-oscar-martinez/src/webbt_ws/install/aws_robomaker_bookstore_world/share/aws_robomaker_bookstore_world/models/aws_robomaker_retail_SecurityCamera_01/materials/textures/aws_SecurityCamera_01.png
[1.624s] -- Up-to-date symlink: /home/omartinez/2023-tfg-oscar-martinez/src/webbt_ws/install/aws_robomaker_bookstore_world/share/aws_robomaker_bookstore_world/models/aws_robomaker_retail_SecurityCamera_01/meshes/aws_SecurityCamera_01_collision.DAE
[1.625s] -- Up-to-date symlink: /home/omartinez/2023-tfg-oscar-martinez/src/webbt_ws/install/aws_robomaker_bookstore_world/share/aws_robomaker_bookstore_world/models/aws_robomaker_retail_SecurityCamera_01/meshes/aws_SecurityCamera_01_visual.DAE
[1.625s] -- Up-to-date symlink: /home/omartinez/2023-tfg-oscar-martinez/src/webbt_ws/install/aws_robomaker_bookstore_world/share/aws_robomaker_bookstore_world/models/aws_robomaker_retail_SecurityCamera_01/model.config
[1.626s] -- Up-to-date symlink: /home/omartinez/2023-tfg-oscar-martinez/src/webbt_ws/install/aws_robomaker_bookstore_world/share/aws_robomaker_bookstore_world/models/aws_robomaker_retail_SecurityCamera_01/model.sdf
[1.627s] -- Up-to-date symlink: /home/omartinez/2023-tfg-oscar-martinez/src/webbt_ws/install/aws_robomaker_bookstore_world/share/aws_robomaker_bookstore_world/models/aws_robomaker_retail_ShopWindow_01/materials/textures/aws_ShopWindow_01.png
[1.637s] -- Up-to-date symlink: /home/omartinez/2023-tfg-oscar-martinez/src/webbt_ws/install/aws_robomaker_bookstore_world/share/aws_robomaker_bookstore_world/models/aws_robomaker_retail_ShopWindow_01/meshes/aws_ShopWindow_01_collision.DAE
[1.637s] -- Up-to-date symlink: /home/omartinez/2023-tfg-oscar-martinez/src/webbt_ws/install/aws_robomaker_bookstore_world/share/aws_robomaker_bookstore_world/models/aws_robomaker_retail_ShopWindow_01/meshes/aws_ShopWindow_01_visual.DAE
[1.643s] -- Up-to-date symlink: /home/omartinez/2023-tfg-oscar-martinez/src/webbt_ws/install/aws_robomaker_bookstore_world/share/aws_robomaker_bookstore_world/models/aws_robomaker_retail_ShopWindow_01/model.config
[1.643s] -- Up-to-date symlink: /home/omartinez/2023-tfg-oscar-martinez/src/webbt_ws/install/aws_robomaker_bookstore_world/share/aws_robomaker_bookstore_world/models/aws_robomaker_retail_ShopWindow_01/model.sdf
[1.645s] -- Up-to-date symlink: /home/omartinez/2023-tfg-oscar-martinez/src/webbt_ws/install/aws_robomaker_bookstore_world/share/aws_robomaker_bookstore_world/models/aws_robomaker_retail_SmartSpeakerSmall_01/materials/textures/aws_SmartSpeakerSmall_01.png
[1.646s] -- Up-to-date symlink: /home/omartinez/2023-tfg-oscar-martinez/src/webbt_ws/install/aws_robomaker_bookstore_world/share/aws_robomaker_bookstore_world/models/aws_robomaker_retail_SmartSpeakerSmall_01/meshes/aws_SmartSpeakerSmall_01_collision.DAE
[1.650s] -- Up-to-date symlink: /home/omartinez/2023-tfg-oscar-martinez/src/webbt_ws/install/aws_robomaker_bookstore_world/share/aws_robomaker_bookstore_world/models/aws_robomaker_retail_SmartSpeakerSmall_01/meshes/aws_SmartSpeakerSmall_01_visual.DAE
[1.661s] -- Up-to-date symlink: /home/omartinez/2023-tfg-oscar-martinez/src/webbt_ws/install/aws_robomaker_bookstore_world/share/aws_robomaker_bookstore_world/models/aws_robomaker_retail_SmartSpeakerSmall_01/model.config
[1.665s] -- Up-to-date symlink: /home/omartinez/2023-tfg-oscar-martinez/src/webbt_ws/install/aws_robomaker_bookstore_world/share/aws_robomaker_bookstore_world/models/aws_robomaker_retail_SmartSpeakerSmall_01/model.sdf
[1.666s] -- Up-to-date symlink: /home/omartinez/2023-tfg-oscar-martinez/src/webbt_ws/install/aws_robomaker_bookstore_world/share/aws_robomaker_bookstore_world/models/aws_robomaker_retail_SmartSpeakerTall_01/materials/textures/aws_SmartSpeakerTall_01.png
[1.666s] -- Up-to-date symlink: /home/omartinez/2023-tfg-oscar-martinez/src/webbt_ws/install/aws_robomaker_bookstore_world/share/aws_robomaker_bookstore_world/models/aws_robomaker_retail_SmartSpeakerTall_01/meshes/aws_SmartSpeakerTall_01_collision.DAE
[1.666s] -- Up-to-date symlink: /home/omartinez/2023-tfg-oscar-martinez/src/webbt_ws/install/aws_robomaker_bookstore_world/share/aws_robomaker_bookstore_world/models/aws_robomaker_retail_SmartSpeakerTall_01/meshes/aws_SmartSpeakerTall_01_visual.DAE
[1.666s] -- Up-to-date symlink: /home/omartinez/2023-tfg-oscar-martinez/src/webbt_ws/install/aws_robomaker_bookstore_world/share/aws_robomaker_bookstore_world/models/aws_robomaker_retail_SmartSpeakerTall_01/model.config
[1.666s] -- Up-to-date symlink: /home/omartinez/2023-tfg-oscar-martinez/src/webbt_ws/install/aws_robomaker_bookstore_world/share/aws_robomaker_bookstore_world/models/aws_robomaker_retail_SmartSpeakerTall_01/model.sdf
[1.667s] -- Up-to-date symlink: /home/omartinez/2023-tfg-oscar-martinez/src/webbt_ws/install/aws_robomaker_bookstore_world/share/aws_robomaker_bookstore_world/models/aws_robomaker_retail_Spotlight_01/materials/textures/aws_SpotlightDiffuse_01.png
[1.667s] -- Up-to-date symlink: /home/omartinez/2023-tfg-oscar-martinez/src/webbt_ws/install/aws_robomaker_bookstore_world/share/aws_robomaker_bookstore_world/models/aws_robomaker_retail_Spotlight_01/meshes/aws_spotlight_01_collision.DAE
[1.667s] -- Up-to-date symlink: /home/omartinez/2023-tfg-oscar-martinez/src/webbt_ws/install/aws_robomaker_bookstore_world/share/aws_robomaker_bookstore_world/models/aws_robomaker_retail_Spotlight_01/meshes/aws_spotlight_01_visual.DAE
[1.667s] -- Up-to-date symlink: /home/omartinez/2023-tfg-oscar-martinez/src/webbt_ws/install/aws_robomaker_bookstore_world/share/aws_robomaker_bookstore_world/models/aws_robomaker_retail_Spotlight_01/model.config
[1.668s] -- Up-to-date symlink: /home/omartinez/2023-tfg-oscar-martinez/src/webbt_ws/install/aws_robomaker_bookstore_world/share/aws_robomaker_bookstore_world/models/aws_robomaker_retail_Spotlight_01/model.sdf
[1.670s] -- Up-to-date symlink: /home/omartinez/2023-tfg-oscar-martinez/src/webbt_ws/install/aws_robomaker_bookstore_world/share/aws_robomaker_bookstore_world/models/aws_robomaker_retail_TabletB_01/materials/textures/aws_TabletB_01.png
[1.673s] -- Up-to-date symlink: /home/omartinez/2023-tfg-oscar-martinez/src/webbt_ws/install/aws_robomaker_bookstore_world/share/aws_robomaker_bookstore_world/models/aws_robomaker_retail_TabletB_01/meshes/aws_TabletB_01_collision.DAE
[1.674s] -- Up-to-date symlink: /home/omartinez/2023-tfg-oscar-martinez/src/webbt_ws/install/aws_robomaker_bookstore_world/share/aws_robomaker_bookstore_world/models/aws_robomaker_retail_TabletB_01/meshes/aws_TabletB_01_visual.DAE
[1.675s] -- Up-to-date symlink: /home/omartinez/2023-tfg-oscar-martinez/src/webbt_ws/install/aws_robomaker_bookstore_world/share/aws_robomaker_bookstore_world/models/aws_robomaker_retail_TabletB_01/model.config
[1.675s] -- Up-to-date symlink: /home/omartinez/2023-tfg-oscar-martinez/src/webbt_ws/install/aws_robomaker_bookstore_world/share/aws_robomaker_bookstore_world/models/aws_robomaker_retail_TabletB_01/model.sdf
[1.676s] -- Up-to-date symlink: /home/omartinez/2023-tfg-oscar-martinez/src/webbt_ws/install/aws_robomaker_bookstore_world/share/aws_robomaker_bookstore_world/models/aws_robomaker_retail_Tablet_01/materials/textures/aws_Tablet_01_nologo.png
[1.676s] -- Up-to-date symlink: /home/omartinez/2023-tfg-oscar-martinez/src/webbt_ws/install/aws_robomaker_bookstore_world/share/aws_robomaker_bookstore_world/models/aws_robomaker_retail_Tablet_01/meshes/aws_Tablet_01_collision.DAE
[1.677s] -- Up-to-date symlink: /home/omartinez/2023-tfg-oscar-martinez/src/webbt_ws/install/aws_robomaker_bookstore_world/share/aws_robomaker_bookstore_world/models/aws_robomaker_retail_Tablet_01/meshes/aws_Tablet_01_visual.DAE
[1.677s] -- Up-to-date symlink: /home/omartinez/2023-tfg-oscar-martinez/src/webbt_ws/install/aws_robomaker_bookstore_world/share/aws_robomaker_bookstore_world/models/aws_robomaker_retail_Tablet_01/model.config
[1.678s] -- Up-to-date symlink: /home/omartinez/2023-tfg-oscar-martinez/src/webbt_ws/install/aws_robomaker_bookstore_world/share/aws_robomaker_bookstore_world/models/aws_robomaker_retail_Tablet_01/model.sdf
[1.679s] -- Up-to-date symlink: /home/omartinez/2023-tfg-oscar-martinez/src/webbt_ws/install/aws_robomaker_bookstore_world/share/aws_robomaker_bookstore_world/routes/route.yaml
[1.679s] -- Up-to-date symlink: /home/omartinez/2023-tfg-oscar-martinez/src/webbt_ws/install/aws_robomaker_bookstore_world/share/aws_robomaker_bookstore_world/param/burger.yaml
[1.679s] -- Up-to-date symlink: /home/omartinez/2023-tfg-oscar-martinez/src/webbt_ws/install/aws_robomaker_bookstore_world/share/aws_robomaker_bookstore_world/param/waffle.yaml
[1.688s] -- Up-to-date symlink: /home/omartinez/2023-tfg-oscar-martinez/src/webbt_ws/install/aws_robomaker_bookstore_world/share/aws_robomaker_bookstore_world/param/waffle_pi.yaml
[1.699s] -- Up-to-date symlink: /home/omartinez/2023-tfg-oscar-martinez/src/webbt_ws/install/aws_robomaker_bookstore_world/share/aws_robomaker_bookstore_world/worlds/bookstore.world
[1.701s] -- Up-to-date symlink: /home/omartinez/2023-tfg-oscar-martinez/src/webbt_ws/install/aws_robomaker_bookstore_world/share/ament_index/resource_index/package_run_dependencies/aws_robomaker_bookstore_world
[1.702s] -- Up-to-date symlink: /home/omartinez/2023-tfg-oscar-martinez/src/webbt_ws/install/aws_robomaker_bookstore_world/share/ament_index/resource_index/parent_prefix_path/aws_robomaker_bookstore_world
[1.703s] -- Up-to-date symlink: /home/omartinez/2023-tfg-oscar-martinez/src/webbt_ws/install/aws_robomaker_bookstore_world/share/aws_robomaker_bookstore_world/environment/ament_prefix_path.sh
[1.706s] -- Up-to-date symlink: /home/omartinez/2023-tfg-oscar-martinez/src/webbt_ws/install/aws_robomaker_bookstore_world/share/aws_robomaker_bookstore_world/environment/ament_prefix_path.dsv
[1.706s] -- Up-to-date symlink: /home/omartinez/2023-tfg-oscar-martinez/src/webbt_ws/install/aws_robomaker_bookstore_world/share/aws_robomaker_bookstore_world/environment/path.sh
[1.708s] -- Up-to-date symlink: /home/omartinez/2023-tfg-oscar-martinez/src/webbt_ws/install/aws_robomaker_bookstore_world/share/aws_robomaker_bookstore_world/environment/path.dsv
[1.710s] -- Up-to-date symlink: /home/omartinez/2023-tfg-oscar-martinez/src/webbt_ws/install/aws_robomaker_bookstore_world/share/aws_robomaker_bookstore_world/local_setup.bash
[1.721s] -- Up-to-date symlink: /home/omartinez/2023-tfg-oscar-martinez/src/webbt_ws/install/aws_robomaker_bookstore_world/share/aws_robomaker_bookstore_world/local_setup.sh
[1.722s] -- Up-to-date symlink: /home/omartinez/2023-tfg-oscar-martinez/src/webbt_ws/install/aws_robomaker_bookstore_world/share/aws_robomaker_bookstore_world/local_setup.zsh
[1.723s] -- Up-to-date symlink: /home/omartinez/2023-tfg-oscar-martinez/src/webbt_ws/install/aws_robomaker_bookstore_world/share/aws_robomaker_bookstore_world/local_setup.dsv
[1.724s] -- Symlinking: /home/omartinez/2023-tfg-oscar-martinez/src/webbt_ws/install/aws_robomaker_bookstore_world/share/aws_robomaker_bookstore_world/package.dsv
[1.768s] -- Up-to-date symlink: /home/omartinez/2023-tfg-oscar-martinez/src/webbt_ws/install/aws_robomaker_bookstore_world/share/ament_index/resource_index/packages/aws_robomaker_bookstore_world
[1.768s] -- Up-to-date symlink: /home/omartinez/2023-tfg-oscar-martinez/src/webbt_ws/install/aws_robomaker_bookstore_world/share/aws_robomaker_bookstore_world/cmake/ament_cmake_export_dependencies-extras.cmake
[1.769s] -- Up-to-date symlink: /home/omartinez/2023-tfg-oscar-martinez/src/webbt_ws/install/aws_robomaker_bookstore_world/share/aws_robomaker_bookstore_world/cmake/aws_robomaker_bookstore_worldConfig.cmake
[1.769s] -- Up-to-date symlink: /home/omartinez/2023-tfg-oscar-martinez/src/webbt_ws/install/aws_robomaker_bookstore_world/share/aws_robomaker_bookstore_world/cmake/aws_robomaker_bookstore_worldConfig-version.cmake
[1.769s] -- Up-to-date symlink: /home/omartinez/2023-tfg-oscar-martinez/src/webbt_ws/install/aws_robomaker_bookstore_world/share/aws_robomaker_bookstore_world/package.xml
[1.779s] Invoked command in '/home/omartinez/2023-tfg-oscar-martinez/src/webbt_ws/build/aws_robomaker_bookstore_world' returned '0': CMAKE_PREFIX_PATH=${CMAKE_PREFIX_PATH}:/home/omartinez/2023-tfg-oscar-martinez/src/webbt_ws/install/py_trees_ros_viewer:/home/omartinez/2023-tfg-oscar-martinez/src/webbt_ws/install/py_trees_ros_tutorials:/home/omartinez/2023-tfg-oscar-martinez/src/webbt_ws/install/btpy:/home/omartinez/ws/smartloc_ws/install/webots_sim:/opt/ros/humble /usr/bin/cmake --install /home/omartinez/2023-tfg-oscar-martinez/src/webbt_ws/build/aws_robomaker_bookstore_world
