[0.111s] Invoking command in '/home/omartinez/2023-tfg-oscar-martinez/src/webbt_ws/build/pal_gripper_description': CMAKE_PREFIX_PATH=${CMAKE_PREFIX_PATH}:/home/omartinez/2023-tfg-oscar-martinez/src/webbt_ws/install/py_trees_ros_viewer:/home/omartinez/2023-tfg-oscar-martinez/src/webbt_ws/install/py_trees_ros_tutorials:/home/omartinez/2023-tfg-oscar-martinez/src/webbt_ws/install/btpy:/home/omartinez/ws/smartloc_ws/install/webots_sim:/opt/ros/humble /usr/bin/cmake --build /home/omartinez/2023-tfg-oscar-martinez/src/webbt_ws/build/pal_gripper_description -- -j8 -l8
[0.983s] Invoked command in '/home/omartinez/2023-tfg-oscar-martinez/src/webbt_ws/build/pal_gripper_description' returned '0': CMAKE_PREFIX_PATH=${CMAKE_PREFIX_PATH}:/home/omartinez/2023-tfg-oscar-martinez/src/webbt_ws/install/py_trees_ros_viewer:/home/omartinez/2023-tfg-oscar-martinez/src/webbt_ws/install/py_trees_ros_tutorials:/home/omartinez/2023-tfg-oscar-martinez/src/webbt_ws/install/btpy:/home/omartinez/ws/smartloc_ws/install/webots_sim:/opt/ros/humble /usr/bin/cmake --build /home/omartinez/2023-tfg-oscar-martinez/src/webbt_ws/build/pal_gripper_description -- -j8 -l8
[1.120s] Invoking command in '/home/omartinez/2023-tfg-oscar-martinez/src/webbt_ws/build/pal_gripper_description': CMAKE_PREFIX_PATH=${CMAKE_PREFIX_PATH}:/home/omartinez/2023-tfg-oscar-martinez/src/webbt_ws/install/py_trees_ros_viewer:/home/omartinez/2023-tfg-oscar-martinez/src/webbt_ws/install/py_trees_ros_tutorials:/home/omartinez/2023-tfg-oscar-martinez/src/webbt_ws/install/btpy:/home/omartinez/ws/smartloc_ws/install/webots_sim:/opt/ros/humble /usr/bin/cmake --install /home/omartinez/2023-tfg-oscar-martinez/src/webbt_ws/build/pal_gripper_description
[1.265s] -- Install configuration: ""
[1.267s] -- Execute custom install script
[1.268s] -- Up-to-date symlink: /home/omartinez/2023-tfg-oscar-martinez/src/webbt_ws/install/pal_gripper_description/share/pal_gripper_description/gazebo/gazebo.urdf.xacro
[1.268s] -- Up-to-date symlink: /home/omartinez/2023-tfg-oscar-martinez/src/webbt_ws/install/pal_gripper_description/share/pal_gripper_description/meshes/gripper_finger_link.stl
[1.270s] -- Up-to-date symlink: /home/omartinez/2023-tfg-oscar-martinez/src/webbt_ws/install/pal_gripper_description/share/pal_gripper_description/meshes/gripper_finger_link_collision.stl
[1.271s] -- Up-to-date symlink: /home/omartinez/2023-tfg-oscar-martinez/src/webbt_ws/install/pal_gripper_description/share/pal_gripper_description/meshes/gripper_link.stl
[1.272s] -- Up-to-date symlink: /home/omartinez/2023-tfg-oscar-martinez/src/webbt_ws/install/pal_gripper_description/share/pal_gripper_description/meshes/gripper_link_collision.stl
[1.272s] -- Up-to-date symlink: /home/omartinez/2023-tfg-oscar-martinez/src/webbt_ws/install/pal_gripper_description/share/pal_gripper_description/robots/gripper_test.urdf.xacro
[1.273s] -- Up-to-date symlink: /home/omartinez/2023-tfg-oscar-martinez/src/webbt_ws/install/pal_gripper_description/share/pal_gripper_description/robots/upload.launch
[1.274s] -- Up-to-date symlink: /home/omartinez/2023-tfg-oscar-martinez/src/webbt_ws/install/pal_gripper_description/share/pal_gripper_description/robots/upload_gripper.launch
[1.276s] -- Up-to-date symlink: /home/omartinez/2023-tfg-oscar-martinez/src/webbt_ws/install/pal_gripper_description/share/pal_gripper_description/urdf/deg_to_rad.urdf.xacro
[1.277s] -- Up-to-date symlink: /home/omartinez/2023-tfg-oscar-martinez/src/webbt_ws/install/pal_gripper_description/share/pal_gripper_description/urdf/gripper.gazebo.xacro
[1.277s] -- Up-to-date symlink: /home/omartinez/2023-tfg-oscar-martinez/src/webbt_ws/install/pal_gripper_description/share/pal_gripper_description/urdf/gripper.ros2_control.xacro
[1.283s] -- Up-to-date symlink: /home/omartinez/2023-tfg-oscar-martinez/src/webbt_ws/install/pal_gripper_description/share/pal_gripper_description/urdf/gripper.transmission.xacro
[1.283s] -- Up-to-date symlink: /home/omartinez/2023-tfg-oscar-martinez/src/webbt_ws/install/pal_gripper_description/share/pal_gripper_description/urdf/gripper.urdf.xacro
[1.284s] -- Up-to-date symlink: /home/omartinez/2023-tfg-oscar-martinez/src/webbt_ws/install/pal_gripper_description/share/pal_gripper_description/urdf/materials.urdf.xacro
[1.284s] -- Up-to-date symlink: /home/omartinez/2023-tfg-oscar-martinez/src/webbt_ws/install/pal_gripper_description/share/ament_index/resource_index/package_run_dependencies/pal_gripper_description
[1.285s] -- Up-to-date symlink: /home/omartinez/2023-tfg-oscar-martinez/src/webbt_ws/install/pal_gripper_description/share/ament_index/resource_index/parent_prefix_path/pal_gripper_description
[1.285s] -- Up-to-date symlink: /home/omartinez/2023-tfg-oscar-martinez/src/webbt_ws/install/pal_gripper_description/share/pal_gripper_description/environment/ament_prefix_path.sh
[1.286s] -- Up-to-date symlink: /home/omartinez/2023-tfg-oscar-martinez/src/webbt_ws/install/pal_gripper_description/share/pal_gripper_description/environment/ament_prefix_path.dsv
[1.286s] -- Up-to-date symlink: /home/omartinez/2023-tfg-oscar-martinez/src/webbt_ws/install/pal_gripper_description/share/pal_gripper_description/environment/path.sh
[1.286s] -- Up-to-date symlink: /home/omartinez/2023-tfg-oscar-martinez/src/webbt_ws/install/pal_gripper_description/share/pal_gripper_description/environment/path.dsv
[1.287s] -- Up-to-date symlink: /home/omartinez/2023-tfg-oscar-martinez/src/webbt_ws/install/pal_gripper_description/share/pal_gripper_description/local_setup.bash
[1.287s] -- Up-to-date symlink: /home/omartinez/2023-tfg-oscar-martinez/src/webbt_ws/install/pal_gripper_description/share/pal_gripper_description/local_setup.sh
[1.288s] -- Up-to-date symlink: /home/omartinez/2023-tfg-oscar-martinez/src/webbt_ws/install/pal_gripper_description/share/pal_gripper_description/local_setup.zsh
[1.288s] -- Up-to-date symlink: /home/omartinez/2023-tfg-oscar-martinez/src/webbt_ws/install/pal_gripper_description/share/pal_gripper_description/local_setup.dsv
[1.288s] -- Symlinking: /home/omartinez/2023-tfg-oscar-martinez/src/webbt_ws/install/pal_gripper_description/share/pal_gripper_description/package.dsv
[1.289s] -- Up-to-date symlink: /home/omartinez/2023-tfg-oscar-martinez/src/webbt_ws/install/pal_gripper_description/share/ament_index/resource_index/packages/pal_gripper_description
[1.289s] -- Up-to-date symlink: /home/omartinez/2023-tfg-oscar-martinez/src/webbt_ws/install/pal_gripper_description/share/pal_gripper_description/cmake/ament_cmake_export_dependencies-extras.cmake
[1.289s] -- Up-to-date symlink: /home/omartinez/2023-tfg-oscar-martinez/src/webbt_ws/install/pal_gripper_description/share/pal_gripper_description/cmake/pal_gripper_descriptionConfig.cmake
[1.290s] -- Up-to-date symlink: /home/omartinez/2023-tfg-oscar-martinez/src/webbt_ws/install/pal_gripper_description/share/pal_gripper_description/cmake/pal_gripper_descriptionConfig-version.cmake
[1.290s] -- Up-to-date symlink: /home/omartinez/2023-tfg-oscar-martinez/src/webbt_ws/install/pal_gripper_description/share/pal_gripper_description/package.xml
[1.785s] Invoked command in '/home/omartinez/2023-tfg-oscar-martinez/src/webbt_ws/build/pal_gripper_description' returned '0': CMAKE_PREFIX_PATH=${CMAKE_PREFIX_PATH}:/home/omartinez/2023-tfg-oscar-martinez/src/webbt_ws/install/py_trees_ros_viewer:/home/omartinez/2023-tfg-oscar-martinez/src/webbt_ws/install/py_trees_ros_tutorials:/home/omartinez/2023-tfg-oscar-martinez/src/webbt_ws/install/btpy:/home/omartinez/ws/smartloc_ws/install/webots_sim:/opt/ros/humble /usr/bin/cmake --install /home/omartinez/2023-tfg-oscar-martinez/src/webbt_ws/build/pal_gripper_description
