[0.669s] Invoking command in '/home/omartinez/2023-tfg-oscar-martinez/src/webbt_ws/build/aws_robomaker_racetrack_world': CMAKE_PREFIX_PATH=${CMAKE_PREFIX_PATH}:/home/omartinez/2023-tfg-oscar-martinez/src/webbt_ws/install/py_trees_ros_viewer:/home/omartinez/2023-tfg-oscar-martinez/src/webbt_ws/install/py_trees_ros_tutorials:/home/omartinez/2023-tfg-oscar-martinez/src/webbt_ws/install/client_demo:/home/omartinez/2023-tfg-oscar-martinez/src/webbt_ws/install/py_gardener:/home/omartinez/2023-tfg-oscar-martinez/src/webbt_ws/install/btpy:/home/omartinez/ws/smartloc_ws/install/webots_sim:/opt/ros/humble /usr/bin/cmake --build /home/omartinez/2023-tfg-oscar-martinez/src/webbt_ws/build/aws_robomaker_racetrack_world -- -j8 -l8
[0.777s] Invoked command in '/home/omartinez/2023-tfg-oscar-martinez/src/webbt_ws/build/aws_robomaker_racetrack_world' returned '0': CMAKE_PREFIX_PATH=${CMAKE_PREFIX_PATH}:/home/omartinez/2023-tfg-oscar-martinez/src/webbt_ws/install/py_trees_ros_viewer:/home/omartinez/2023-tfg-oscar-martinez/src/webbt_ws/install/py_trees_ros_tutorials:/home/omartinez/2023-tfg-oscar-martinez/src/webbt_ws/install/client_demo:/home/omartinez/2023-tfg-oscar-martinez/src/webbt_ws/install/py_gardener:/home/omartinez/2023-tfg-oscar-martinez/src/webbt_ws/install/btpy:/home/omartinez/ws/smartloc_ws/install/webots_sim:/opt/ros/humble /usr/bin/cmake --build /home/omartinez/2023-tfg-oscar-martinez/src/webbt_ws/build/aws_robomaker_racetrack_world -- -j8 -l8
[1.019s] Invoking command in '/home/omartinez/2023-tfg-oscar-martinez/src/webbt_ws/build/aws_robomaker_racetrack_world': CMAKE_PREFIX_PATH=${CMAKE_PREFIX_PATH}:/home/omartinez/2023-tfg-oscar-martinez/src/webbt_ws/install/py_trees_ros_viewer:/home/omartinez/2023-tfg-oscar-martinez/src/webbt_ws/install/py_trees_ros_tutorials:/home/omartinez/2023-tfg-oscar-martinez/src/webbt_ws/install/client_demo:/home/omartinez/2023-tfg-oscar-martinez/src/webbt_ws/install/py_gardener:/home/omartinez/2023-tfg-oscar-martinez/src/webbt_ws/install/btpy:/home/omartinez/ws/smartloc_ws/install/webots_sim:/opt/ros/humble /usr/bin/cmake --install /home/omartinez/2023-tfg-oscar-martinez/src/webbt_ws/build/aws_robomaker_racetrack_world
[1.037s] -- Install configuration: ""
[1.038s] -- Execute custom install script
[1.038s] -- Up-to-date symlink: /home/omartinez/2023-tfg-oscar-martinez/src/webbt_ws/install/aws_robomaker_racetrack_world/share/aws_robomaker_racetrack_world/launch/racetrack.launch.py
[1.039s] -- Up-to-date symlink: /home/omartinez/2023-tfg-oscar-martinez/src/webbt_ws/install/aws_robomaker_racetrack_world/share/aws_robomaker_racetrack_world/launch/view_racetrack.launch.py
[1.047s] -- Up-to-date symlink: /home/omartinez/2023-tfg-oscar-martinez/src/webbt_ws/install/aws_robomaker_racetrack_world/share/aws_robomaker_racetrack_world/models/aws_robomaker_racetrack_Archway_01/materials/textures/aws_Archway_01.png
[1.047s] -- Up-to-date symlink: /home/omartinez/2023-tfg-oscar-martinez/src/webbt_ws/install/aws_robomaker_racetrack_world/share/aws_robomaker_racetrack_world/models/aws_robomaker_racetrack_Archway_01/meshes/aws_Archway_01_collision.DAE
[1.047s] -- Up-to-date symlink: /home/omartinez/2023-tfg-oscar-martinez/src/webbt_ws/install/aws_robomaker_racetrack_world/share/aws_robomaker_racetrack_world/models/aws_robomaker_racetrack_Archway_01/meshes/aws_Archway_01_visual.DAE
[1.047s] -- Up-to-date symlink: /home/omartinez/2023-tfg-oscar-martinez/src/webbt_ws/install/aws_robomaker_racetrack_world/share/aws_robomaker_racetrack_world/models/aws_robomaker_racetrack_Archway_01/model.config
[1.050s] -- Up-to-date symlink: /home/omartinez/2023-tfg-oscar-martinez/src/webbt_ws/install/aws_robomaker_racetrack_world/share/aws_robomaker_racetrack_world/models/aws_robomaker_racetrack_Archway_01/model.sdf
[1.050s] -- Up-to-date symlink: /home/omartinez/2023-tfg-oscar-martinez/src/webbt_ws/install/aws_robomaker_racetrack_world/share/aws_robomaker_racetrack_world/models/aws_robomaker_racetrack_Billboard_01/materials/textures/aws_Billboard_01.png
[1.051s] -- Up-to-date symlink: /home/omartinez/2023-tfg-oscar-martinez/src/webbt_ws/install/aws_robomaker_racetrack_world/share/aws_robomaker_racetrack_world/models/aws_robomaker_racetrack_Billboard_01/meshes/aws_Billboard_01_collision.DAE
[1.052s] -- Up-to-date symlink: /home/omartinez/2023-tfg-oscar-martinez/src/webbt_ws/install/aws_robomaker_racetrack_world/share/aws_robomaker_racetrack_world/models/aws_robomaker_racetrack_Billboard_01/meshes/aws_Billboard_01_visual.DAE
[1.053s] -- Up-to-date symlink: /home/omartinez/2023-tfg-oscar-martinez/src/webbt_ws/install/aws_robomaker_racetrack_world/share/aws_robomaker_racetrack_world/models/aws_robomaker_racetrack_Billboard_01/model.config
[1.054s] -- Up-to-date symlink: /home/omartinez/2023-tfg-oscar-martinez/src/webbt_ws/install/aws_robomaker_racetrack_world/share/aws_robomaker_racetrack_world/models/aws_robomaker_racetrack_Billboard_01/model.sdf
[1.055s] -- Up-to-date symlink: /home/omartinez/2023-tfg-oscar-martinez/src/webbt_ws/install/aws_robomaker_racetrack_world/share/aws_robomaker_racetrack_world/models/aws_robomaker_racetrack_Column_01/materials/textures/aws_Column_01.png
[1.055s] -- Up-to-date symlink: /home/omartinez/2023-tfg-oscar-martinez/src/webbt_ws/install/aws_robomaker_racetrack_world/share/aws_robomaker_racetrack_world/models/aws_robomaker_racetrack_Column_01/meshes/aws_Column_01_collision.DAE
[1.056s] -- Up-to-date symlink: /home/omartinez/2023-tfg-oscar-martinez/src/webbt_ws/install/aws_robomaker_racetrack_world/share/aws_robomaker_racetrack_world/models/aws_robomaker_racetrack_Column_01/meshes/aws_Column_01_visual.DAE
[1.057s] -- Up-to-date symlink: /home/omartinez/2023-tfg-oscar-martinez/src/webbt_ws/install/aws_robomaker_racetrack_world/share/aws_robomaker_racetrack_world/models/aws_robomaker_racetrack_Column_01/model.config
[1.058s] -- Up-to-date symlink: /home/omartinez/2023-tfg-oscar-martinez/src/webbt_ws/install/aws_robomaker_racetrack_world/share/aws_robomaker_racetrack_world/models/aws_robomaker_racetrack_Column_01/model.sdf
[1.059s] -- Up-to-date symlink: /home/omartinez/2023-tfg-oscar-martinez/src/webbt_ws/install/aws_robomaker_racetrack_world/share/aws_robomaker_racetrack_world/models/aws_robomaker_racetrack_CrashworthBucket_01/materials/textures/aws_CrashworthBucket_01.png
[1.060s] -- Up-to-date symlink: /home/omartinez/2023-tfg-oscar-martinez/src/webbt_ws/install/aws_robomaker_racetrack_world/share/aws_robomaker_racetrack_world/models/aws_robomaker_racetrack_CrashworthBucket_01/meshes/aws_CrashworthBucket_01_collision.DAE
[1.061s] -- Up-to-date symlink: /home/omartinez/2023-tfg-oscar-martinez/src/webbt_ws/install/aws_robomaker_racetrack_world/share/aws_robomaker_racetrack_world/models/aws_robomaker_racetrack_CrashworthBucket_01/meshes/aws_CrashworthBucket_01_visual.DAE
[1.066s] -- Up-to-date symlink: /home/omartinez/2023-tfg-oscar-martinez/src/webbt_ws/install/aws_robomaker_racetrack_world/share/aws_robomaker_racetrack_world/models/aws_robomaker_racetrack_CrashworthBucket_01/model.config
[1.066s] -- Up-to-date symlink: /home/omartinez/2023-tfg-oscar-martinez/src/webbt_ws/install/aws_robomaker_racetrack_world/share/aws_robomaker_racetrack_world/models/aws_robomaker_racetrack_CrashworthBucket_01/model.sdf
[1.067s] -- Up-to-date symlink: /home/omartinez/2023-tfg-oscar-martinez/src/webbt_ws/install/aws_robomaker_racetrack_world/share/aws_robomaker_racetrack_world/models/aws_robomaker_racetrack_FenceMesh_01/materials/textures/aws_FenceMesh_01.png
[1.069s] -- Up-to-date symlink: /home/omartinez/2023-tfg-oscar-martinez/src/webbt_ws/install/aws_robomaker_racetrack_world/share/aws_robomaker_racetrack_world/models/aws_robomaker_racetrack_FenceMesh_01/meshes/aws_FenceMesh_01_collision.DAE
[1.071s] -- Up-to-date symlink: /home/omartinez/2023-tfg-oscar-martinez/src/webbt_ws/install/aws_robomaker_racetrack_world/share/aws_robomaker_racetrack_world/models/aws_robomaker_racetrack_FenceMesh_01/meshes/aws_FenceMesh_01_visual.DAE
[1.072s] -- Up-to-date symlink: /home/omartinez/2023-tfg-oscar-martinez/src/webbt_ws/install/aws_robomaker_racetrack_world/share/aws_robomaker_racetrack_world/models/aws_robomaker_racetrack_FenceMesh_01/model.config
[1.075s] -- Up-to-date symlink: /home/omartinez/2023-tfg-oscar-martinez/src/webbt_ws/install/aws_robomaker_racetrack_world/share/aws_robomaker_racetrack_world/models/aws_robomaker_racetrack_FenceMesh_01/model.sdf
[1.076s] -- Up-to-date symlink: /home/omartinez/2023-tfg-oscar-martinez/src/webbt_ws/install/aws_robomaker_racetrack_world/share/aws_robomaker_racetrack_world/models/aws_robomaker_racetrack_Fence_01/materials/textures/aws_Fence_01.png
[1.081s] -- Up-to-date symlink: /home/omartinez/2023-tfg-oscar-martinez/src/webbt_ws/install/aws_robomaker_racetrack_world/share/aws_robomaker_racetrack_world/models/aws_robomaker_racetrack_Fence_01/meshes/aws_Fence_01_collision.DAE
[1.082s] -- Up-to-date symlink: /home/omartinez/2023-tfg-oscar-martinez/src/webbt_ws/install/aws_robomaker_racetrack_world/share/aws_robomaker_racetrack_world/models/aws_robomaker_racetrack_Fence_01/meshes/aws_Fence_01_visual.DAE
[1.082s] -- Up-to-date symlink: /home/omartinez/2023-tfg-oscar-martinez/src/webbt_ws/install/aws_robomaker_racetrack_world/share/aws_robomaker_racetrack_world/models/aws_robomaker_racetrack_Fence_01/model.config
[1.083s] -- Up-to-date symlink: /home/omartinez/2023-tfg-oscar-martinez/src/webbt_ws/install/aws_robomaker_racetrack_world/share/aws_robomaker_racetrack_world/models/aws_robomaker_racetrack_Fence_01/model.sdf
[1.083s] -- Up-to-date symlink: /home/omartinez/2023-tfg-oscar-martinez/src/webbt_ws/install/aws_robomaker_racetrack_world/share/aws_robomaker_racetrack_world/models/aws_robomaker_racetrack_Fence_02/materials/textures/aws_Fence_02.png
[1.089s] -- Up-to-date symlink: /home/omartinez/2023-tfg-oscar-martinez/src/webbt_ws/install/aws_robomaker_racetrack_world/share/aws_robomaker_racetrack_world/models/aws_robomaker_racetrack_Fence_02/meshes/aws_Fence_02_collision.DAE
[1.089s] -- Up-to-date symlink: /home/omartinez/2023-tfg-oscar-martinez/src/webbt_ws/install/aws_robomaker_racetrack_world/share/aws_robomaker_racetrack_world/models/aws_robomaker_racetrack_Fence_02/meshes/aws_Fence_02_visual.DAE
[1.112s] -- Up-to-date symlink: /home/omartinez/2023-tfg-oscar-martinez/src/webbt_ws/install/aws_robomaker_racetrack_world/share/aws_robomaker_racetrack_world/models/aws_robomaker_racetrack_Fence_02/model.config
[1.112s] -- Up-to-date symlink: /home/omartinez/2023-tfg-oscar-martinez/src/webbt_ws/install/aws_robomaker_racetrack_world/share/aws_robomaker_racetrack_world/models/aws_robomaker_racetrack_Fence_02/model.sdf
[1.113s] -- Up-to-date symlink: /home/omartinez/2023-tfg-oscar-martinez/src/webbt_ws/install/aws_robomaker_racetrack_world/share/aws_robomaker_racetrack_world/models/aws_robomaker_racetrack_Ground_01/materials/textures/aws_GroundN_01.png
[1.113s] -- Up-to-date symlink: /home/omartinez/2023-tfg-oscar-martinez/src/webbt_ws/install/aws_robomaker_racetrack_world/share/aws_robomaker_racetrack_world/models/aws_robomaker_racetrack_Ground_01/materials/textures/aws_Ground_01.png
[1.114s] -- Up-to-date symlink: /home/omartinez/2023-tfg-oscar-martinez/src/webbt_ws/install/aws_robomaker_racetrack_world/share/aws_robomaker_racetrack_world/models/aws_robomaker_racetrack_Ground_01/meshes/aws_Ground_01_collision.DAE
[1.114s] -- Up-to-date symlink: /home/omartinez/2023-tfg-oscar-martinez/src/webbt_ws/install/aws_robomaker_racetrack_world/share/aws_robomaker_racetrack_world/models/aws_robomaker_racetrack_Ground_01/meshes/aws_Ground_01_visual.DAE
[1.114s] -- Up-to-date symlink: /home/omartinez/2023-tfg-oscar-martinez/src/webbt_ws/install/aws_robomaker_racetrack_world/share/aws_robomaker_racetrack_world/models/aws_robomaker_racetrack_Ground_01/model.config
[1.115s] -- Up-to-date symlink: /home/omartinez/2023-tfg-oscar-martinez/src/webbt_ws/install/aws_robomaker_racetrack_world/share/aws_robomaker_racetrack_world/models/aws_robomaker_racetrack_Ground_01/model.sdf
[1.115s] -- Up-to-date symlink: /home/omartinez/2023-tfg-oscar-martinez/src/webbt_ws/install/aws_robomaker_racetrack_world/share/aws_robomaker_racetrack_world/models/aws_robomaker_racetrack_Light_01/materials/textures/aws_Light_01.png
[1.115s] -- Up-to-date symlink: /home/omartinez/2023-tfg-oscar-martinez/src/webbt_ws/install/aws_robomaker_racetrack_world/share/aws_robomaker_racetrack_world/models/aws_robomaker_racetrack_Light_01/meshes/aws_Light_01_collision.DAE
[1.116s] -- Up-to-date symlink: /home/omartinez/2023-tfg-oscar-martinez/src/webbt_ws/install/aws_robomaker_racetrack_world/share/aws_robomaker_racetrack_world/models/aws_robomaker_racetrack_Light_01/meshes/aws_Light_01_visual.DAE
[1.116s] -- Up-to-date symlink: /home/omartinez/2023-tfg-oscar-martinez/src/webbt_ws/install/aws_robomaker_racetrack_world/share/aws_robomaker_racetrack_world/models/aws_robomaker_racetrack_Light_01/model.config
[1.116s] -- Up-to-date symlink: /home/omartinez/2023-tfg-oscar-martinez/src/webbt_ws/install/aws_robomaker_racetrack_world/share/aws_robomaker_racetrack_world/models/aws_robomaker_racetrack_Light_01/model.sdf
[1.117s] -- Up-to-date symlink: /home/omartinez/2023-tfg-oscar-martinez/src/webbt_ws/install/aws_robomaker_racetrack_world/share/aws_robomaker_racetrack_world/models/aws_robomaker_racetrack_RaceStartLight_01/materials/textures/aws_RaceStartLight_01.png
[1.117s] -- Up-to-date symlink: /home/omartinez/2023-tfg-oscar-martinez/src/webbt_ws/install/aws_robomaker_racetrack_world/share/aws_robomaker_racetrack_world/models/aws_robomaker_racetrack_RaceStartLight_01/meshes/aws_RaceStartLight_01_collision.DAE
[1.118s] -- Up-to-date symlink: /home/omartinez/2023-tfg-oscar-martinez/src/webbt_ws/install/aws_robomaker_racetrack_world/share/aws_robomaker_racetrack_world/models/aws_robomaker_racetrack_RaceStartLight_01/meshes/aws_RaceStartLight_01_visual.DAE
[1.119s] -- Up-to-date symlink: /home/omartinez/2023-tfg-oscar-martinez/src/webbt_ws/install/aws_robomaker_racetrack_world/share/aws_robomaker_racetrack_world/models/aws_robomaker_racetrack_RaceStartLight_01/model.config
[1.120s] -- Up-to-date symlink: /home/omartinez/2023-tfg-oscar-martinez/src/webbt_ws/install/aws_robomaker_racetrack_world/share/aws_robomaker_racetrack_world/models/aws_robomaker_racetrack_RaceStartLight_01/model.sdf
[1.120s] -- Up-to-date symlink: /home/omartinez/2023-tfg-oscar-martinez/src/webbt_ws/install/aws_robomaker_racetrack_world/share/aws_robomaker_racetrack_world/models/aws_robomaker_racetrack_StonePier_01/materials/textures/aws_StonePier_01.png
[1.124s] -- Up-to-date symlink: /home/omartinez/2023-tfg-oscar-martinez/src/webbt_ws/install/aws_robomaker_racetrack_world/share/aws_robomaker_racetrack_world/models/aws_robomaker_racetrack_StonePier_01/meshes/aws_StonePier_01_collision.DAE
[1.125s] -- Up-to-date symlink: /home/omartinez/2023-tfg-oscar-martinez/src/webbt_ws/install/aws_robomaker_racetrack_world/share/aws_robomaker_racetrack_world/models/aws_robomaker_racetrack_StonePier_01/meshes/aws_StonePier_01_visual.DAE
[1.125s] -- Up-to-date symlink: /home/omartinez/2023-tfg-oscar-martinez/src/webbt_ws/install/aws_robomaker_racetrack_world/share/aws_robomaker_racetrack_world/models/aws_robomaker_racetrack_StonePier_01/model.config
[1.127s] -- Up-to-date symlink: /home/omartinez/2023-tfg-oscar-martinez/src/webbt_ws/install/aws_robomaker_racetrack_world/share/aws_robomaker_racetrack_world/models/aws_robomaker_racetrack_StonePier_01/model.sdf
[1.128s] -- Up-to-date symlink: /home/omartinez/2023-tfg-oscar-martinez/src/webbt_ws/install/aws_robomaker_racetrack_world/share/aws_robomaker_racetrack_world/models/aws_robomaker_racetrack_StopSign_01/materials/textures/aws_StopSign_01.png
[1.128s] -- Up-to-date symlink: /home/omartinez/2023-tfg-oscar-martinez/src/webbt_ws/install/aws_robomaker_racetrack_world/share/aws_robomaker_racetrack_world/models/aws_robomaker_racetrack_StopSign_01/meshes/aws_StopSign_01_collision.DAE
[1.128s] -- Up-to-date symlink: /home/omartinez/2023-tfg-oscar-martinez/src/webbt_ws/install/aws_robomaker_racetrack_world/share/aws_robomaker_racetrack_world/models/aws_robomaker_racetrack_StopSign_01/meshes/aws_StopSign_01_visual.DAE
[1.137s] -- Up-to-date symlink: /home/omartinez/2023-tfg-oscar-martinez/src/webbt_ws/install/aws_robomaker_racetrack_world/share/aws_robomaker_racetrack_world/models/aws_robomaker_racetrack_StopSign_01/model.config
[1.138s] -- Up-to-date symlink: /home/omartinez/2023-tfg-oscar-martinez/src/webbt_ws/install/aws_robomaker_racetrack_world/share/aws_robomaker_racetrack_world/models/aws_robomaker_racetrack_StopSign_01/model.sdf
[1.140s] -- Up-to-date symlink: /home/omartinez/2023-tfg-oscar-martinez/src/webbt_ws/install/aws_robomaker_racetrack_world/share/aws_robomaker_racetrack_world/models/aws_robomaker_racetrack_Track_01/materials/textures/aws_Track_01.png
[1.140s] -- Up-to-date symlink: /home/omartinez/2023-tfg-oscar-martinez/src/webbt_ws/install/aws_robomaker_racetrack_world/share/aws_robomaker_racetrack_world/models/aws_robomaker_racetrack_Track_01/materials/textures/aws_Track_01A.png
[1.142s] -- Up-to-date symlink: /home/omartinez/2023-tfg-oscar-martinez/src/webbt_ws/install/aws_robomaker_racetrack_world/share/aws_robomaker_racetrack_world/models/aws_robomaker_racetrack_Track_01/meshes/aws_Track_01_collision.DAE
[1.143s] -- Up-to-date symlink: /home/omartinez/2023-tfg-oscar-martinez/src/webbt_ws/install/aws_robomaker_racetrack_world/share/aws_robomaker_racetrack_world/models/aws_robomaker_racetrack_Track_01/meshes/aws_Track_01_visual.DAE
[1.145s] -- Up-to-date symlink: /home/omartinez/2023-tfg-oscar-martinez/src/webbt_ws/install/aws_robomaker_racetrack_world/share/aws_robomaker_racetrack_world/models/aws_robomaker_racetrack_Track_01/model.config
[1.147s] -- Up-to-date symlink: /home/omartinez/2023-tfg-oscar-martinez/src/webbt_ws/install/aws_robomaker_racetrack_world/share/aws_robomaker_racetrack_world/models/aws_robomaker_racetrack_Track_01/model.sdf
[1.148s] -- Up-to-date symlink: /home/omartinez/2023-tfg-oscar-martinez/src/webbt_ws/install/aws_robomaker_racetrack_world/share/aws_robomaker_racetrack_world/models/aws_robomaker_racetrack_Track_02/materials/textures/aws_Track_02.png
[1.163s] -- Up-to-date symlink: /home/omartinez/2023-tfg-oscar-martinez/src/webbt_ws/install/aws_robomaker_racetrack_world/share/aws_robomaker_racetrack_world/models/aws_robomaker_racetrack_Track_02/materials/textures/aws_Track_02B.png
[1.163s] -- Up-to-date symlink: /home/omartinez/2023-tfg-oscar-martinez/src/webbt_ws/install/aws_robomaker_racetrack_world/share/aws_robomaker_racetrack_world/models/aws_robomaker_racetrack_Track_02/meshes/aws_Track_02_collision.DAE
[1.164s] -- Up-to-date symlink: /home/omartinez/2023-tfg-oscar-martinez/src/webbt_ws/install/aws_robomaker_racetrack_world/share/aws_robomaker_racetrack_world/models/aws_robomaker_racetrack_Track_02/meshes/aws_Track_02_visual.DAE
[1.164s] -- Up-to-date symlink: /home/omartinez/2023-tfg-oscar-martinez/src/webbt_ws/install/aws_robomaker_racetrack_world/share/aws_robomaker_racetrack_world/models/aws_robomaker_racetrack_Track_02/model.config
[1.164s] -- Up-to-date symlink: /home/omartinez/2023-tfg-oscar-martinez/src/webbt_ws/install/aws_robomaker_racetrack_world/share/aws_robomaker_racetrack_world/models/aws_robomaker_racetrack_Track_02/model.sdf
[1.165s] -- Up-to-date symlink: /home/omartinez/2023-tfg-oscar-martinez/src/webbt_ws/install/aws_robomaker_racetrack_world/share/aws_robomaker_racetrack_world/models/aws_robomaker_racetrack_Track_03/materials/textures/aws_Track_03.png
[1.165s] -- Up-to-date symlink: /home/omartinez/2023-tfg-oscar-martinez/src/webbt_ws/install/aws_robomaker_racetrack_world/share/aws_robomaker_racetrack_world/models/aws_robomaker_racetrack_Track_03/materials/textures/aws_Track_03B.png
[1.171s] -- Up-to-date symlink: /home/omartinez/2023-tfg-oscar-martinez/src/webbt_ws/install/aws_robomaker_racetrack_world/share/aws_robomaker_racetrack_world/models/aws_robomaker_racetrack_Track_03/meshes/aws_Track_03_collision.DAE
[1.172s] -- Up-to-date symlink: /home/omartinez/2023-tfg-oscar-martinez/src/webbt_ws/install/aws_robomaker_racetrack_world/share/aws_robomaker_racetrack_world/models/aws_robomaker_racetrack_Track_03/meshes/aws_Track_03_visual.DAE
[1.172s] -- Up-to-date symlink: /home/omartinez/2023-tfg-oscar-martinez/src/webbt_ws/install/aws_robomaker_racetrack_world/share/aws_robomaker_racetrack_world/models/aws_robomaker_racetrack_Track_03/model.config
[1.173s] -- Up-to-date symlink: /home/omartinez/2023-tfg-oscar-martinez/src/webbt_ws/install/aws_robomaker_racetrack_world/share/aws_robomaker_racetrack_world/models/aws_robomaker_racetrack_Track_03/model.sdf
[1.174s] -- Up-to-date symlink: /home/omartinez/2023-tfg-oscar-martinez/src/webbt_ws/install/aws_robomaker_racetrack_world/share/aws_robomaker_racetrack_world/models/aws_robomaker_racetrack_Track_04/materials/textures/aws_Track_04.png
[1.175s] -- Up-to-date symlink: /home/omartinez/2023-tfg-oscar-martinez/src/webbt_ws/install/aws_robomaker_racetrack_world/share/aws_robomaker_racetrack_world/models/aws_robomaker_racetrack_Track_04/materials/textures/aws_Track_04B.png
[1.179s] -- Up-to-date symlink: /home/omartinez/2023-tfg-oscar-martinez/src/webbt_ws/install/aws_robomaker_racetrack_world/share/aws_robomaker_racetrack_world/models/aws_robomaker_racetrack_Track_04/meshes/aws_Track_04_collision.DAE
[1.182s] -- Up-to-date symlink: /home/omartinez/2023-tfg-oscar-martinez/src/webbt_ws/install/aws_robomaker_racetrack_world/share/aws_robomaker_racetrack_world/models/aws_robomaker_racetrack_Track_04/meshes/aws_Track_04_visual.DAE
[1.183s] -- Up-to-date symlink: /home/omartinez/2023-tfg-oscar-martinez/src/webbt_ws/install/aws_robomaker_racetrack_world/share/aws_robomaker_racetrack_world/models/aws_robomaker_racetrack_Track_04/model.config
[1.184s] -- Up-to-date symlink: /home/omartinez/2023-tfg-oscar-martinez/src/webbt_ws/install/aws_robomaker_racetrack_world/share/aws_robomaker_racetrack_world/models/aws_robomaker_racetrack_Track_04/model.sdf
[1.185s] -- Up-to-date symlink: /home/omartinez/2023-tfg-oscar-martinez/src/webbt_ws/install/aws_robomaker_racetrack_world/share/aws_robomaker_racetrack_world/models/aws_robomaker_racetrack_Track_05/materials/aws_Track_05.png
[1.187s] -- Up-to-date symlink: /home/omartinez/2023-tfg-oscar-martinez/src/webbt_ws/install/aws_robomaker_racetrack_world/share/aws_robomaker_racetrack_world/models/aws_robomaker_racetrack_Track_05/materials/aws_Track_05B.png
[1.187s] -- Up-to-date symlink: /home/omartinez/2023-tfg-oscar-martinez/src/webbt_ws/install/aws_robomaker_racetrack_world/share/aws_robomaker_racetrack_world/models/aws_robomaker_racetrack_Track_05/materials/aws_Track_05C.png
[1.196s] -- Up-to-date symlink: /home/omartinez/2023-tfg-oscar-martinez/src/webbt_ws/install/aws_robomaker_racetrack_world/share/aws_robomaker_racetrack_world/models/aws_robomaker_racetrack_Track_05/materials/textures/aws_Track_05.png
[1.196s] -- Up-to-date symlink: /home/omartinez/2023-tfg-oscar-martinez/src/webbt_ws/install/aws_robomaker_racetrack_world/share/aws_robomaker_racetrack_world/models/aws_robomaker_racetrack_Track_05/materials/textures/aws_Track_05B.png
[1.197s] -- Up-to-date symlink: /home/omartinez/2023-tfg-oscar-martinez/src/webbt_ws/install/aws_robomaker_racetrack_world/share/aws_robomaker_racetrack_world/models/aws_robomaker_racetrack_Track_05/materials/textures/aws_Track_05C.png
[1.198s] -- Up-to-date symlink: /home/omartinez/2023-tfg-oscar-martinez/src/webbt_ws/install/aws_robomaker_racetrack_world/share/aws_robomaker_racetrack_world/models/aws_robomaker_racetrack_Track_05/meshes/aws_Track_05_collision.DAE
[1.200s] -- Up-to-date symlink: /home/omartinez/2023-tfg-oscar-martinez/src/webbt_ws/install/aws_robomaker_racetrack_world/share/aws_robomaker_racetrack_world/models/aws_robomaker_racetrack_Track_05/meshes/aws_Track_05_visual.DAE
[1.200s] -- Up-to-date symlink: /home/omartinez/2023-tfg-oscar-martinez/src/webbt_ws/install/aws_robomaker_racetrack_world/share/aws_robomaker_racetrack_world/models/aws_robomaker_racetrack_Track_05/model.config
[1.201s] -- Up-to-date symlink: /home/omartinez/2023-tfg-oscar-martinez/src/webbt_ws/install/aws_robomaker_racetrack_world/share/aws_robomaker_racetrack_world/models/aws_robomaker_racetrack_Track_05/model.sdf
[1.201s] -- Up-to-date symlink: /home/omartinez/2023-tfg-oscar-martinez/src/webbt_ws/install/aws_robomaker_racetrack_world/share/aws_robomaker_racetrack_world/models/aws_robomaker_racetrack_Trackline_01/materials/textures/aws_Trackline_01.png
[1.206s] -- Up-to-date symlink: /home/omartinez/2023-tfg-oscar-martinez/src/webbt_ws/install/aws_robomaker_racetrack_world/share/aws_robomaker_racetrack_world/models/aws_robomaker_racetrack_Trackline_01/meshes/aws_Trackline_01_collision.DAE
[1.207s] -- Up-to-date symlink: /home/omartinez/2023-tfg-oscar-martinez/src/webbt_ws/install/aws_robomaker_racetrack_world/share/aws_robomaker_racetrack_world/models/aws_robomaker_racetrack_Trackline_01/meshes/aws_Trackline_01_visual.DAE
[1.208s] -- Up-to-date symlink: /home/omartinez/2023-tfg-oscar-martinez/src/webbt_ws/install/aws_robomaker_racetrack_world/share/aws_robomaker_racetrack_world/models/aws_robomaker_racetrack_Trackline_01/model.config
[1.209s] -- Up-to-date symlink: /home/omartinez/2023-tfg-oscar-martinez/src/webbt_ws/install/aws_robomaker_racetrack_world/share/aws_robomaker_racetrack_world/models/aws_robomaker_racetrack_Trackline_01/model.sdf
[1.214s] -- Up-to-date symlink: /home/omartinez/2023-tfg-oscar-martinez/src/webbt_ws/install/aws_robomaker_racetrack_world/share/aws_robomaker_racetrack_world/models/aws_robomaker_racetrack_TrafficCone_01/materials/textures/aws_TrafficCone_01.png
[1.215s] -- Up-to-date symlink: /home/omartinez/2023-tfg-oscar-martinez/src/webbt_ws/install/aws_robomaker_racetrack_world/share/aws_robomaker_racetrack_world/models/aws_robomaker_racetrack_TrafficCone_01/meshes/aws_TrafficCone_01_coliision.DAE
[1.217s] -- Up-to-date symlink: /home/omartinez/2023-tfg-oscar-martinez/src/webbt_ws/install/aws_robomaker_racetrack_world/share/aws_robomaker_racetrack_world/models/aws_robomaker_racetrack_TrafficCone_01/meshes/aws_TrafficCone_01_visual.DAE
[1.217s] -- Up-to-date symlink: /home/omartinez/2023-tfg-oscar-martinez/src/webbt_ws/install/aws_robomaker_racetrack_world/share/aws_robomaker_racetrack_world/models/aws_robomaker_racetrack_TrafficCone_01/model.config
[1.218s] -- Up-to-date symlink: /home/omartinez/2023-tfg-oscar-martinez/src/webbt_ws/install/aws_robomaker_racetrack_world/share/aws_robomaker_racetrack_world/models/aws_robomaker_racetrack_TrafficCone_01/model.sdf
[1.219s] -- Up-to-date symlink: /home/omartinez/2023-tfg-oscar-martinez/src/webbt_ws/install/aws_robomaker_racetrack_world/share/aws_robomaker_racetrack_world/models/aws_robomaker_racetrack_Wall_01/materials/textures/aws_Wall_01.png
[1.221s] -- Up-to-date symlink: /home/omartinez/2023-tfg-oscar-martinez/src/webbt_ws/install/aws_robomaker_racetrack_world/share/aws_robomaker_racetrack_world/models/aws_robomaker_racetrack_Wall_01/meshes/aws_Wall_01_collision.DAE
[1.221s] -- Up-to-date symlink: /home/omartinez/2023-tfg-oscar-martinez/src/webbt_ws/install/aws_robomaker_racetrack_world/share/aws_robomaker_racetrack_world/models/aws_robomaker_racetrack_Wall_01/meshes/aws_Wall_01_visual.DAE
[1.227s] -- Up-to-date symlink: /home/omartinez/2023-tfg-oscar-martinez/src/webbt_ws/install/aws_robomaker_racetrack_world/share/aws_robomaker_racetrack_world/models/aws_robomaker_racetrack_Wall_01/model.config
[1.229s] -- Up-to-date symlink: /home/omartinez/2023-tfg-oscar-martinez/src/webbt_ws/install/aws_robomaker_racetrack_world/share/aws_robomaker_racetrack_world/models/aws_robomaker_racetrack_Wall_01/model.sdf
[1.230s] -- Up-to-date symlink: /home/omartinez/2023-tfg-oscar-martinez/src/webbt_ws/install/aws_robomaker_racetrack_world/share/aws_robomaker_racetrack_world/worlds/racetrack_day.world
[1.230s] -- Up-to-date symlink: /home/omartinez/2023-tfg-oscar-martinez/src/webbt_ws/install/aws_robomaker_racetrack_world/share/aws_robomaker_racetrack_world/worlds/racetrack_day_empty.world
[1.232s] -- Up-to-date symlink: /home/omartinez/2023-tfg-oscar-martinez/src/webbt_ws/install/aws_robomaker_racetrack_world/share/aws_robomaker_racetrack_world/worlds/racetrack_night.world
[1.232s] -- Up-to-date symlink: /home/omartinez/2023-tfg-oscar-martinez/src/webbt_ws/install/aws_robomaker_racetrack_world/share/ament_index/resource_index/package_run_dependencies/aws_robomaker_racetrack_world
[1.234s] -- Up-to-date symlink: /home/omartinez/2023-tfg-oscar-martinez/src/webbt_ws/install/aws_robomaker_racetrack_world/share/ament_index/resource_index/parent_prefix_path/aws_robomaker_racetrack_world
[1.235s] -- Up-to-date symlink: /home/omartinez/2023-tfg-oscar-martinez/src/webbt_ws/install/aws_robomaker_racetrack_world/share/aws_robomaker_racetrack_world/environment/ament_prefix_path.sh
[1.240s] -- Up-to-date symlink: /home/omartinez/2023-tfg-oscar-martinez/src/webbt_ws/install/aws_robomaker_racetrack_world/share/aws_robomaker_racetrack_world/environment/ament_prefix_path.dsv
[1.243s] -- Up-to-date symlink: /home/omartinez/2023-tfg-oscar-martinez/src/webbt_ws/install/aws_robomaker_racetrack_world/share/aws_robomaker_racetrack_world/environment/path.sh
[1.243s] -- Up-to-date symlink: /home/omartinez/2023-tfg-oscar-martinez/src/webbt_ws/install/aws_robomaker_racetrack_world/share/aws_robomaker_racetrack_world/environment/path.dsv
[1.251s] -- Up-to-date symlink: /home/omartinez/2023-tfg-oscar-martinez/src/webbt_ws/install/aws_robomaker_racetrack_world/share/aws_robomaker_racetrack_world/local_setup.bash
[1.251s] -- Up-to-date symlink: /home/omartinez/2023-tfg-oscar-martinez/src/webbt_ws/install/aws_robomaker_racetrack_world/share/aws_robomaker_racetrack_world/local_setup.sh
[1.252s] -- Up-to-date symlink: /home/omartinez/2023-tfg-oscar-martinez/src/webbt_ws/install/aws_robomaker_racetrack_world/share/aws_robomaker_racetrack_world/local_setup.zsh
[1.252s] -- Up-to-date symlink: /home/omartinez/2023-tfg-oscar-martinez/src/webbt_ws/install/aws_robomaker_racetrack_world/share/aws_robomaker_racetrack_world/local_setup.dsv
[1.253s] -- Symlinking: /home/omartinez/2023-tfg-oscar-martinez/src/webbt_ws/install/aws_robomaker_racetrack_world/share/aws_robomaker_racetrack_world/package.dsv
[1.279s] -- Up-to-date symlink: /home/omartinez/2023-tfg-oscar-martinez/src/webbt_ws/install/aws_robomaker_racetrack_world/share/ament_index/resource_index/packages/aws_robomaker_racetrack_world
[1.279s] -- Up-to-date symlink: /home/omartinez/2023-tfg-oscar-martinez/src/webbt_ws/install/aws_robomaker_racetrack_world/share/aws_robomaker_racetrack_world/cmake/ament_cmake_export_dependencies-extras.cmake
[1.279s] -- Up-to-date symlink: /home/omartinez/2023-tfg-oscar-martinez/src/webbt_ws/install/aws_robomaker_racetrack_world/share/aws_robomaker_racetrack_world/cmake/aws_robomaker_racetrack_worldConfig.cmake
[1.280s] -- Up-to-date symlink: /home/omartinez/2023-tfg-oscar-martinez/src/webbt_ws/install/aws_robomaker_racetrack_world/share/aws_robomaker_racetrack_world/cmake/aws_robomaker_racetrack_worldConfig-version.cmake
[1.281s] -- Up-to-date symlink: /home/omartinez/2023-tfg-oscar-martinez/src/webbt_ws/install/aws_robomaker_racetrack_world/share/aws_robomaker_racetrack_world/package.xml
[1.392s] Invoked command in '/home/omartinez/2023-tfg-oscar-martinez/src/webbt_ws/build/aws_robomaker_racetrack_world' returned '0': CMAKE_PREFIX_PATH=${CMAKE_PREFIX_PATH}:/home/omartinez/2023-tfg-oscar-martinez/src/webbt_ws/install/py_trees_ros_viewer:/home/omartinez/2023-tfg-oscar-martinez/src/webbt_ws/install/py_trees_ros_tutorials:/home/omartinez/2023-tfg-oscar-martinez/src/webbt_ws/install/client_demo:/home/omartinez/2023-tfg-oscar-martinez/src/webbt_ws/install/py_gardener:/home/omartinez/2023-tfg-oscar-martinez/src/webbt_ws/install/btpy:/home/omartinez/ws/smartloc_ws/install/webots_sim:/opt/ros/humble /usr/bin/cmake --install /home/omartinez/2023-tfg-oscar-martinez/src/webbt_ws/build/aws_robomaker_racetrack_world
