-- The C compiler identification is GNU 11.3.0
-- The CXX compiler identification is GNU 11.3.0
-- Detecting C compiler ABI info
-- Detecting C compiler ABI info - done
-- Check for working C compiler: /usr/bin/cc - skipped
-- Detecting C compile features
-- Detecting C compile features - done
-- Detecting CXX compiler ABI info
-- Detecting CXX compiler ABI info - done
-- Check for working CXX compiler: /usr/bin/c++ - skipped
-- Detecting CXX compile features
-- Detecting CXX compile features - done
-- Found ament_cmake: 1.3.5 (/opt/ros/humble/share/ament_cmake/cmake)
-- Found Python3: /usr/bin/python3.10 (found version "3.10.6") found components: Interpreter 
-- Override CMake install command with custom implementation using symlinks instead of copying resources
-- Found gazebo_ros: 3.7.0 (/opt/ros/humble/share/gazebo_ros/cmake)
-- Found rosidl_generator_c: 3.1.4 (/opt/ros/humble/share/rosidl_generator_c/cmake)
-- Found rosidl_adapter: 3.1.4 (/opt/ros/humble/share/rosidl_adapter/cmake)
-- Found rosidl_generator_cpp: 3.1.4 (/opt/ros/humble/share/rosidl_generator_cpp/cmake)
-- Using all available rosidl_typesupport_c: rosidl_typesupport_fastrtps_c;rosidl_typesupport_introspection_c
-- Using all available rosidl_typesupport_cpp: rosidl_typesupport_fastrtps_cpp;rosidl_typesupport_introspection_cpp
-- Found rmw_implementation_cmake: 6.1.1 (/opt/ros/humble/share/rmw_implementation_cmake/cmake)
-- Found rmw_cyclonedds_cpp: 1.3.4 (/opt/ros/humble/share/rmw_cyclonedds_cpp/cmake)
-- Using RMW implementation 'rmw_cyclonedds_cpp' as default
-- Looking for pthread.h
-- Looking for pthread.h - found
-- Performing Test CMAKE_HAVE_LIBC_PTHREAD
-- Performing Test CMAKE_HAVE_LIBC_PTHREAD - Success
-- Found Threads: TRUE  
-- Found PkgConfig: /usr/bin/pkg-config (found version "0.29.2") 
-- Checking for module 'bullet>=2.82'
--   Found bullet, version 3.05
-- Found fcl: /usr/include (found suitable version "0.7.0", minimum required is "0.5.0") 
-- Found assimp: /usr/include (found version "5.2.0") 
-- Found DART: /usr/include (Required is at least version "6.6") found components: dart 
-- Found Boost: /usr/lib/x86_64-linux-gnu/cmake/Boost-1.74.0/BoostConfig.cmake (found suitable version "1.74.0", minimum required is "1.40.0") found components: thread system filesystem program_options regex iostreams date_time 
-- Found Protobuf: /usr/lib/x86_64-linux-gnu/libprotobuf.so (found version "3.12.4") 
-- Looking for ignition-math6 -- found version 6.14.0
-- Searching for dependencies of ignition-math6
-- Looking for OGRE...
-- OGRE_PREFIX_WATCH changed.
-- Checking for module 'OGRE'
--   Found OGRE, version 1.9.0
-- Found Ogre Ghadamon (1.9.0)
-- Found OGRE: optimized;/usr/lib/x86_64-linux-gnu/libOgreMain.so;debug;/usr/lib/x86_64-linux-gnu/libOgreMain.so
-- Looking for OGRE_Paging...
-- Found OGRE_Paging: optimized;/usr/lib/x86_64-linux-gnu/libOgrePaging.so;debug;/usr/lib/x86_64-linux-gnu/libOgrePaging.so
-- Looking for OGRE_Terrain...
-- Found OGRE_Terrain: optimized;/usr/lib/x86_64-linux-gnu/libOgreTerrain.so;debug;/usr/lib/x86_64-linux-gnu/libOgreTerrain.so
-- Looking for OGRE_Property...
-- Found OGRE_Property: optimized;/usr/lib/x86_64-linux-gnu/libOgreProperty.so;debug;/usr/lib/x86_64-linux-gnu/libOgreProperty.so
-- Looking for OGRE_RTShaderSystem...
-- Found OGRE_RTShaderSystem: optimized;/usr/lib/x86_64-linux-gnu/libOgreRTShaderSystem.so;debug;/usr/lib/x86_64-linux-gnu/libOgreRTShaderSystem.so
-- Looking for OGRE_Volume...
-- Found OGRE_Volume: optimized;/usr/lib/x86_64-linux-gnu/libOgreVolume.so;debug;/usr/lib/x86_64-linux-gnu/libOgreVolume.so
-- Looking for OGRE_Overlay...
-- Found OGRE_Overlay: optimized;/usr/lib/x86_64-linux-gnu/libOgreOverlay.so;debug;/usr/lib/x86_64-linux-gnu/libOgreOverlay.so
-- Looking for ignition-math6 -- found version 6.14.0
-- Looking for ignition-transport8 -- found version 8.2.1
-- Searching for dependencies of ignition-transport8
-- Found Protobuf: /usr/lib/x86_64-linux-gnu/libprotobuf.so (found suitable version "3.12.4", minimum required is "3") 
-- Config-file not installed for ZeroMQ -- checking for pkg-config
-- Checking for module 'libzmq >= 4'
--   Found libzmq , version 4.3.4
-- Found ZeroMQ: TRUE (Required is at least version "4") 
-- Checking for module 'uuid'
--   Found uuid, version 2.37.2
-- Found UUID: TRUE  
-- Looking for ignition-msgs5 -- found version 5.8.1
-- Searching for dependencies of ignition-msgs5
-- Looking for ignition-math6 -- found version 6.14.0
-- Checking for module 'tinyxml2'
--   Found tinyxml2, version 9.0.0
-- Looking for ignition-msgs5 -- found version 5.8.1
-- Looking for ignition-common3 -- found version 3.14.0
-- Searching for dependencies of ignition-common3
-- Looking for dlfcn.h - found
-- Looking for libdl - found
-- Found DL: TRUE  
-- Found tinyobjloader: /usr/lib/x86_64-linux-gnu/cmake/tinyobjloader/tinyobjloader-config.cmake (found version "2.0.0") 
-- Searching for <ignition-common3> component [graphics]
-- Looking for ignition-common3-graphics -- found version 3.14.0
-- Searching for dependencies of ignition-common3-graphics
-- Looking for ignition-math6 -- found version 6.14.0
-- Looking for ignition-fuel_tools4 -- found version 4.4.0
-- Searching for dependencies of ignition-fuel_tools4
-- Found CURL: /usr/lib/x86_64-linux-gnu/libcurl.so (found version "7.81.0")  
-- Checking for module 'jsoncpp'
--   Found jsoncpp, version 1.9.5
-- Found JSONCPP: TRUE  
-- Checking for module 'libzip'
--   Found libzip, version 1.7.3
-- Found ZIP: TRUE  
-- Looking for ignition-common3 -- found version 3.14.0
-- Looking for ignition-math6 -- found version 6.14.0
-- Looking for ignition-msgs5 -- found version 5.8.1
-- Gazebo version: 11.10
-- Checking for module 'tbb'
--   Found tbb, version 2021.5.0
-- Configuring done
-- Generating done
-- Build files have been written to: /home/omartinez/2023-tfg-oscar-martinez/src/webbt_ws/build/aws_robomaker_racetrack_world
-- Install configuration: ""
-- Execute custom install script
-- Symlinking: /home/omartinez/2023-tfg-oscar-martinez/src/webbt_ws/install/aws_robomaker_racetrack_world/share/aws_robomaker_racetrack_world/launch/racetrack.launch.py
-- Symlinking: /home/omartinez/2023-tfg-oscar-martinez/src/webbt_ws/install/aws_robomaker_racetrack_world/share/aws_robomaker_racetrack_world/launch/view_racetrack.launch.py
-- Symlinking: /home/omartinez/2023-tfg-oscar-martinez/src/webbt_ws/install/aws_robomaker_racetrack_world/share/aws_robomaker_racetrack_world/models/aws_robomaker_racetrack_Archway_01/materials/textures/aws_Archway_01.png
-- Symlinking: /home/omartinez/2023-tfg-oscar-martinez/src/webbt_ws/install/aws_robomaker_racetrack_world/share/aws_robomaker_racetrack_world/models/aws_robomaker_racetrack_Archway_01/meshes/aws_Archway_01_collision.DAE
-- Symlinking: /home/omartinez/2023-tfg-oscar-martinez/src/webbt_ws/install/aws_robomaker_racetrack_world/share/aws_robomaker_racetrack_world/models/aws_robomaker_racetrack_Archway_01/meshes/aws_Archway_01_visual.DAE
-- Symlinking: /home/omartinez/2023-tfg-oscar-martinez/src/webbt_ws/install/aws_robomaker_racetrack_world/share/aws_robomaker_racetrack_world/models/aws_robomaker_racetrack_Archway_01/model.config
-- Symlinking: /home/omartinez/2023-tfg-oscar-martinez/src/webbt_ws/install/aws_robomaker_racetrack_world/share/aws_robomaker_racetrack_world/models/aws_robomaker_racetrack_Archway_01/model.sdf
-- Symlinking: /home/omartinez/2023-tfg-oscar-martinez/src/webbt_ws/install/aws_robomaker_racetrack_world/share/aws_robomaker_racetrack_world/models/aws_robomaker_racetrack_Billboard_01/materials/textures/aws_Billboard_01.png
-- Symlinking: /home/omartinez/2023-tfg-oscar-martinez/src/webbt_ws/install/aws_robomaker_racetrack_world/share/aws_robomaker_racetrack_world/models/aws_robomaker_racetrack_Billboard_01/meshes/aws_Billboard_01_collision.DAE
-- Symlinking: /home/omartinez/2023-tfg-oscar-martinez/src/webbt_ws/install/aws_robomaker_racetrack_world/share/aws_robomaker_racetrack_world/models/aws_robomaker_racetrack_Billboard_01/meshes/aws_Billboard_01_visual.DAE
-- Symlinking: /home/omartinez/2023-tfg-oscar-martinez/src/webbt_ws/install/aws_robomaker_racetrack_world/share/aws_robomaker_racetrack_world/models/aws_robomaker_racetrack_Billboard_01/model.config
-- Symlinking: /home/omartinez/2023-tfg-oscar-martinez/src/webbt_ws/install/aws_robomaker_racetrack_world/share/aws_robomaker_racetrack_world/models/aws_robomaker_racetrack_Billboard_01/model.sdf
-- Symlinking: /home/omartinez/2023-tfg-oscar-martinez/src/webbt_ws/install/aws_robomaker_racetrack_world/share/aws_robomaker_racetrack_world/models/aws_robomaker_racetrack_Column_01/materials/textures/aws_Column_01.png
-- Symlinking: /home/omartinez/2023-tfg-oscar-martinez/src/webbt_ws/install/aws_robomaker_racetrack_world/share/aws_robomaker_racetrack_world/models/aws_robomaker_racetrack_Column_01/meshes/aws_Column_01_collision.DAE
-- Symlinking: /home/omartinez/2023-tfg-oscar-martinez/src/webbt_ws/install/aws_robomaker_racetrack_world/share/aws_robomaker_racetrack_world/models/aws_robomaker_racetrack_Column_01/meshes/aws_Column_01_visual.DAE
-- Symlinking: /home/omartinez/2023-tfg-oscar-martinez/src/webbt_ws/install/aws_robomaker_racetrack_world/share/aws_robomaker_racetrack_world/models/aws_robomaker_racetrack_Column_01/model.config
-- Symlinking: /home/omartinez/2023-tfg-oscar-martinez/src/webbt_ws/install/aws_robomaker_racetrack_world/share/aws_robomaker_racetrack_world/models/aws_robomaker_racetrack_Column_01/model.sdf
-- Symlinking: /home/omartinez/2023-tfg-oscar-martinez/src/webbt_ws/install/aws_robomaker_racetrack_world/share/aws_robomaker_racetrack_world/models/aws_robomaker_racetrack_CrashworthBucket_01/materials/textures/aws_CrashworthBucket_01.png
-- Symlinking: /home/omartinez/2023-tfg-oscar-martinez/src/webbt_ws/install/aws_robomaker_racetrack_world/share/aws_robomaker_racetrack_world/models/aws_robomaker_racetrack_CrashworthBucket_01/meshes/aws_CrashworthBucket_01_collision.DAE
-- Symlinking: /home/omartinez/2023-tfg-oscar-martinez/src/webbt_ws/install/aws_robomaker_racetrack_world/share/aws_robomaker_racetrack_world/models/aws_robomaker_racetrack_CrashworthBucket_01/meshes/aws_CrashworthBucket_01_visual.DAE
-- Symlinking: /home/omartinez/2023-tfg-oscar-martinez/src/webbt_ws/install/aws_robomaker_racetrack_world/share/aws_robomaker_racetrack_world/models/aws_robomaker_racetrack_CrashworthBucket_01/model.config
-- Symlinking: /home/omartinez/2023-tfg-oscar-martinez/src/webbt_ws/install/aws_robomaker_racetrack_world/share/aws_robomaker_racetrack_world/models/aws_robomaker_racetrack_CrashworthBucket_01/model.sdf
-- Symlinking: /home/omartinez/2023-tfg-oscar-martinez/src/webbt_ws/install/aws_robomaker_racetrack_world/share/aws_robomaker_racetrack_world/models/aws_robomaker_racetrack_FenceMesh_01/materials/textures/aws_FenceMesh_01.png
-- Symlinking: /home/omartinez/2023-tfg-oscar-martinez/src/webbt_ws/install/aws_robomaker_racetrack_world/share/aws_robomaker_racetrack_world/models/aws_robomaker_racetrack_FenceMesh_01/meshes/aws_FenceMesh_01_collision.DAE
-- Symlinking: /home/omartinez/2023-tfg-oscar-martinez/src/webbt_ws/install/aws_robomaker_racetrack_world/share/aws_robomaker_racetrack_world/models/aws_robomaker_racetrack_FenceMesh_01/meshes/aws_FenceMesh_01_visual.DAE
-- Symlinking: /home/omartinez/2023-tfg-oscar-martinez/src/webbt_ws/install/aws_robomaker_racetrack_world/share/aws_robomaker_racetrack_world/models/aws_robomaker_racetrack_FenceMesh_01/model.config
-- Symlinking: /home/omartinez/2023-tfg-oscar-martinez/src/webbt_ws/install/aws_robomaker_racetrack_world/share/aws_robomaker_racetrack_world/models/aws_robomaker_racetrack_FenceMesh_01/model.sdf
-- Symlinking: /home/omartinez/2023-tfg-oscar-martinez/src/webbt_ws/install/aws_robomaker_racetrack_world/share/aws_robomaker_racetrack_world/models/aws_robomaker_racetrack_Fence_01/materials/textures/aws_Fence_01.png
-- Symlinking: /home/omartinez/2023-tfg-oscar-martinez/src/webbt_ws/install/aws_robomaker_racetrack_world/share/aws_robomaker_racetrack_world/models/aws_robomaker_racetrack_Fence_01/meshes/aws_Fence_01_collision.DAE
-- Symlinking: /home/omartinez/2023-tfg-oscar-martinez/src/webbt_ws/install/aws_robomaker_racetrack_world/share/aws_robomaker_racetrack_world/models/aws_robomaker_racetrack_Fence_01/meshes/aws_Fence_01_visual.DAE
-- Symlinking: /home/omartinez/2023-tfg-oscar-martinez/src/webbt_ws/install/aws_robomaker_racetrack_world/share/aws_robomaker_racetrack_world/models/aws_robomaker_racetrack_Fence_01/model.config
-- Symlinking: /home/omartinez/2023-tfg-oscar-martinez/src/webbt_ws/install/aws_robomaker_racetrack_world/share/aws_robomaker_racetrack_world/models/aws_robomaker_racetrack_Fence_01/model.sdf
-- Symlinking: /home/omartinez/2023-tfg-oscar-martinez/src/webbt_ws/install/aws_robomaker_racetrack_world/share/aws_robomaker_racetrack_world/models/aws_robomaker_racetrack_Fence_02/materials/textures/aws_Fence_02.png
-- Symlinking: /home/omartinez/2023-tfg-oscar-martinez/src/webbt_ws/install/aws_robomaker_racetrack_world/share/aws_robomaker_racetrack_world/models/aws_robomaker_racetrack_Fence_02/meshes/aws_Fence_02_collision.DAE
-- Symlinking: /home/omartinez/2023-tfg-oscar-martinez/src/webbt_ws/install/aws_robomaker_racetrack_world/share/aws_robomaker_racetrack_world/models/aws_robomaker_racetrack_Fence_02/meshes/aws_Fence_02_visual.DAE
-- Symlinking: /home/omartinez/2023-tfg-oscar-martinez/src/webbt_ws/install/aws_robomaker_racetrack_world/share/aws_robomaker_racetrack_world/models/aws_robomaker_racetrack_Fence_02/model.config
-- Symlinking: /home/omartinez/2023-tfg-oscar-martinez/src/webbt_ws/install/aws_robomaker_racetrack_world/share/aws_robomaker_racetrack_world/models/aws_robomaker_racetrack_Fence_02/model.sdf
-- Symlinking: /home/omartinez/2023-tfg-oscar-martinez/src/webbt_ws/install/aws_robomaker_racetrack_world/share/aws_robomaker_racetrack_world/models/aws_robomaker_racetrack_Ground_01/materials/textures/aws_GroundN_01.png
-- Symlinking: /home/omartinez/2023-tfg-oscar-martinez/src/webbt_ws/install/aws_robomaker_racetrack_world/share/aws_robomaker_racetrack_world/models/aws_robomaker_racetrack_Ground_01/materials/textures/aws_Ground_01.png
-- Symlinking: /home/omartinez/2023-tfg-oscar-martinez/src/webbt_ws/install/aws_robomaker_racetrack_world/share/aws_robomaker_racetrack_world/models/aws_robomaker_racetrack_Ground_01/meshes/aws_Ground_01_collision.DAE
-- Symlinking: /home/omartinez/2023-tfg-oscar-martinez/src/webbt_ws/install/aws_robomaker_racetrack_world/share/aws_robomaker_racetrack_world/models/aws_robomaker_racetrack_Ground_01/meshes/aws_Ground_01_visual.DAE
-- Symlinking: /home/omartinez/2023-tfg-oscar-martinez/src/webbt_ws/install/aws_robomaker_racetrack_world/share/aws_robomaker_racetrack_world/models/aws_robomaker_racetrack_Ground_01/model.config
-- Symlinking: /home/omartinez/2023-tfg-oscar-martinez/src/webbt_ws/install/aws_robomaker_racetrack_world/share/aws_robomaker_racetrack_world/models/aws_robomaker_racetrack_Ground_01/model.sdf
-- Symlinking: /home/omartinez/2023-tfg-oscar-martinez/src/webbt_ws/install/aws_robomaker_racetrack_world/share/aws_robomaker_racetrack_world/models/aws_robomaker_racetrack_Light_01/materials/textures/aws_Light_01.png
-- Symlinking: /home/omartinez/2023-tfg-oscar-martinez/src/webbt_ws/install/aws_robomaker_racetrack_world/share/aws_robomaker_racetrack_world/models/aws_robomaker_racetrack_Light_01/meshes/aws_Light_01_collision.DAE
-- Symlinking: /home/omartinez/2023-tfg-oscar-martinez/src/webbt_ws/install/aws_robomaker_racetrack_world/share/aws_robomaker_racetrack_world/models/aws_robomaker_racetrack_Light_01/meshes/aws_Light_01_visual.DAE
-- Symlinking: /home/omartinez/2023-tfg-oscar-martinez/src/webbt_ws/install/aws_robomaker_racetrack_world/share/aws_robomaker_racetrack_world/models/aws_robomaker_racetrack_Light_01/model.config
-- Symlinking: /home/omartinez/2023-tfg-oscar-martinez/src/webbt_ws/install/aws_robomaker_racetrack_world/share/aws_robomaker_racetrack_world/models/aws_robomaker_racetrack_Light_01/model.sdf
-- Symlinking: /home/omartinez/2023-tfg-oscar-martinez/src/webbt_ws/install/aws_robomaker_racetrack_world/share/aws_robomaker_racetrack_world/models/aws_robomaker_racetrack_RaceStartLight_01/materials/textures/aws_RaceStartLight_01.png
-- Symlinking: /home/omartinez/2023-tfg-oscar-martinez/src/webbt_ws/install/aws_robomaker_racetrack_world/share/aws_robomaker_racetrack_world/models/aws_robomaker_racetrack_RaceStartLight_01/meshes/aws_RaceStartLight_01_collision.DAE
-- Symlinking: /home/omartinez/2023-tfg-oscar-martinez/src/webbt_ws/install/aws_robomaker_racetrack_world/share/aws_robomaker_racetrack_world/models/aws_robomaker_racetrack_RaceStartLight_01/meshes/aws_RaceStartLight_01_visual.DAE
-- Symlinking: /home/omartinez/2023-tfg-oscar-martinez/src/webbt_ws/install/aws_robomaker_racetrack_world/share/aws_robomaker_racetrack_world/models/aws_robomaker_racetrack_RaceStartLight_01/model.config
-- Symlinking: /home/omartinez/2023-tfg-oscar-martinez/src/webbt_ws/install/aws_robomaker_racetrack_world/share/aws_robomaker_racetrack_world/models/aws_robomaker_racetrack_RaceStartLight_01/model.sdf
-- Symlinking: /home/omartinez/2023-tfg-oscar-martinez/src/webbt_ws/install/aws_robomaker_racetrack_world/share/aws_robomaker_racetrack_world/models/aws_robomaker_racetrack_StonePier_01/materials/textures/aws_StonePier_01.png
-- Symlinking: /home/omartinez/2023-tfg-oscar-martinez/src/webbt_ws/install/aws_robomaker_racetrack_world/share/aws_robomaker_racetrack_world/models/aws_robomaker_racetrack_StonePier_01/meshes/aws_StonePier_01_collision.DAE
-- Symlinking: /home/omartinez/2023-tfg-oscar-martinez/src/webbt_ws/install/aws_robomaker_racetrack_world/share/aws_robomaker_racetrack_world/models/aws_robomaker_racetrack_StonePier_01/meshes/aws_StonePier_01_visual.DAE
-- Symlinking: /home/omartinez/2023-tfg-oscar-martinez/src/webbt_ws/install/aws_robomaker_racetrack_world/share/aws_robomaker_racetrack_world/models/aws_robomaker_racetrack_StonePier_01/model.config
-- Symlinking: /home/omartinez/2023-tfg-oscar-martinez/src/webbt_ws/install/aws_robomaker_racetrack_world/share/aws_robomaker_racetrack_world/models/aws_robomaker_racetrack_StonePier_01/model.sdf
-- Symlinking: /home/omartinez/2023-tfg-oscar-martinez/src/webbt_ws/install/aws_robomaker_racetrack_world/share/aws_robomaker_racetrack_world/models/aws_robomaker_racetrack_StopSign_01/materials/textures/aws_StopSign_01.png
-- Symlinking: /home/omartinez/2023-tfg-oscar-martinez/src/webbt_ws/install/aws_robomaker_racetrack_world/share/aws_robomaker_racetrack_world/models/aws_robomaker_racetrack_StopSign_01/meshes/aws_StopSign_01_collision.DAE
-- Symlinking: /home/omartinez/2023-tfg-oscar-martinez/src/webbt_ws/install/aws_robomaker_racetrack_world/share/aws_robomaker_racetrack_world/models/aws_robomaker_racetrack_StopSign_01/meshes/aws_StopSign_01_visual.DAE
-- Symlinking: /home/omartinez/2023-tfg-oscar-martinez/src/webbt_ws/install/aws_robomaker_racetrack_world/share/aws_robomaker_racetrack_world/models/aws_robomaker_racetrack_StopSign_01/model.config
-- Symlinking: /home/omartinez/2023-tfg-oscar-martinez/src/webbt_ws/install/aws_robomaker_racetrack_world/share/aws_robomaker_racetrack_world/models/aws_robomaker_racetrack_StopSign_01/model.sdf
-- Symlinking: /home/omartinez/2023-tfg-oscar-martinez/src/webbt_ws/install/aws_robomaker_racetrack_world/share/aws_robomaker_racetrack_world/models/aws_robomaker_racetrack_Track_01/materials/textures/aws_Track_01.png
-- Symlinking: /home/omartinez/2023-tfg-oscar-martinez/src/webbt_ws/install/aws_robomaker_racetrack_world/share/aws_robomaker_racetrack_world/models/aws_robomaker_racetrack_Track_01/materials/textures/aws_Track_01A.png
-- Symlinking: /home/omartinez/2023-tfg-oscar-martinez/src/webbt_ws/install/aws_robomaker_racetrack_world/share/aws_robomaker_racetrack_world/models/aws_robomaker_racetrack_Track_01/meshes/aws_Track_01_collision.DAE
-- Symlinking: /home/omartinez/2023-tfg-oscar-martinez/src/webbt_ws/install/aws_robomaker_racetrack_world/share/aws_robomaker_racetrack_world/models/aws_robomaker_racetrack_Track_01/meshes/aws_Track_01_visual.DAE
-- Symlinking: /home/omartinez/2023-tfg-oscar-martinez/src/webbt_ws/install/aws_robomaker_racetrack_world/share/aws_robomaker_racetrack_world/models/aws_robomaker_racetrack_Track_01/model.config
-- Symlinking: /home/omartinez/2023-tfg-oscar-martinez/src/webbt_ws/install/aws_robomaker_racetrack_world/share/aws_robomaker_racetrack_world/models/aws_robomaker_racetrack_Track_01/model.sdf
-- Symlinking: /home/omartinez/2023-tfg-oscar-martinez/src/webbt_ws/install/aws_robomaker_racetrack_world/share/aws_robomaker_racetrack_world/models/aws_robomaker_racetrack_Track_02/materials/textures/aws_Track_02.png
-- Symlinking: /home/omartinez/2023-tfg-oscar-martinez/src/webbt_ws/install/aws_robomaker_racetrack_world/share/aws_robomaker_racetrack_world/models/aws_robomaker_racetrack_Track_02/materials/textures/aws_Track_02B.png
-- Symlinking: /home/omartinez/2023-tfg-oscar-martinez/src/webbt_ws/install/aws_robomaker_racetrack_world/share/aws_robomaker_racetrack_world/models/aws_robomaker_racetrack_Track_02/meshes/aws_Track_02_collision.DAE
-- Symlinking: /home/omartinez/2023-tfg-oscar-martinez/src/webbt_ws/install/aws_robomaker_racetrack_world/share/aws_robomaker_racetrack_world/models/aws_robomaker_racetrack_Track_02/meshes/aws_Track_02_visual.DAE
-- Symlinking: /home/omartinez/2023-tfg-oscar-martinez/src/webbt_ws/install/aws_robomaker_racetrack_world/share/aws_robomaker_racetrack_world/models/aws_robomaker_racetrack_Track_02/model.config
-- Symlinking: /home/omartinez/2023-tfg-oscar-martinez/src/webbt_ws/install/aws_robomaker_racetrack_world/share/aws_robomaker_racetrack_world/models/aws_robomaker_racetrack_Track_02/model.sdf
-- Symlinking: /home/omartinez/2023-tfg-oscar-martinez/src/webbt_ws/install/aws_robomaker_racetrack_world/share/aws_robomaker_racetrack_world/models/aws_robomaker_racetrack_Track_03/materials/textures/aws_Track_03.png
-- Symlinking: /home/omartinez/2023-tfg-oscar-martinez/src/webbt_ws/install/aws_robomaker_racetrack_world/share/aws_robomaker_racetrack_world/models/aws_robomaker_racetrack_Track_03/materials/textures/aws_Track_03B.png
-- Symlinking: /home/omartinez/2023-tfg-oscar-martinez/src/webbt_ws/install/aws_robomaker_racetrack_world/share/aws_robomaker_racetrack_world/models/aws_robomaker_racetrack_Track_03/meshes/aws_Track_03_collision.DAE
-- Symlinking: /home/omartinez/2023-tfg-oscar-martinez/src/webbt_ws/install/aws_robomaker_racetrack_world/share/aws_robomaker_racetrack_world/models/aws_robomaker_racetrack_Track_03/meshes/aws_Track_03_visual.DAE
-- Symlinking: /home/omartinez/2023-tfg-oscar-martinez/src/webbt_ws/install/aws_robomaker_racetrack_world/share/aws_robomaker_racetrack_world/models/aws_robomaker_racetrack_Track_03/model.config
-- Symlinking: /home/omartinez/2023-tfg-oscar-martinez/src/webbt_ws/install/aws_robomaker_racetrack_world/share/aws_robomaker_racetrack_world/models/aws_robomaker_racetrack_Track_03/model.sdf
-- Symlinking: /home/omartinez/2023-tfg-oscar-martinez/src/webbt_ws/install/aws_robomaker_racetrack_world/share/aws_robomaker_racetrack_world/models/aws_robomaker_racetrack_Track_04/materials/textures/aws_Track_04.png
-- Symlinking: /home/omartinez/2023-tfg-oscar-martinez/src/webbt_ws/install/aws_robomaker_racetrack_world/share/aws_robomaker_racetrack_world/models/aws_robomaker_racetrack_Track_04/materials/textures/aws_Track_04B.png
-- Symlinking: /home/omartinez/2023-tfg-oscar-martinez/src/webbt_ws/install/aws_robomaker_racetrack_world/share/aws_robomaker_racetrack_world/models/aws_robomaker_racetrack_Track_04/meshes/aws_Track_04_collision.DAE
-- Symlinking: /home/omartinez/2023-tfg-oscar-martinez/src/webbt_ws/install/aws_robomaker_racetrack_world/share/aws_robomaker_racetrack_world/models/aws_robomaker_racetrack_Track_04/meshes/aws_Track_04_visual.DAE
-- Symlinking: /home/omartinez/2023-tfg-oscar-martinez/src/webbt_ws/install/aws_robomaker_racetrack_world/share/aws_robomaker_racetrack_world/models/aws_robomaker_racetrack_Track_04/model.config
-- Symlinking: /home/omartinez/2023-tfg-oscar-martinez/src/webbt_ws/install/aws_robomaker_racetrack_world/share/aws_robomaker_racetrack_world/models/aws_robomaker_racetrack_Track_04/model.sdf
-- Symlinking: /home/omartinez/2023-tfg-oscar-martinez/src/webbt_ws/install/aws_robomaker_racetrack_world/share/aws_robomaker_racetrack_world/models/aws_robomaker_racetrack_Track_05/materials/aws_Track_05.png
-- Symlinking: /home/omartinez/2023-tfg-oscar-martinez/src/webbt_ws/install/aws_robomaker_racetrack_world/share/aws_robomaker_racetrack_world/models/aws_robomaker_racetrack_Track_05/materials/aws_Track_05B.png
-- Symlinking: /home/omartinez/2023-tfg-oscar-martinez/src/webbt_ws/install/aws_robomaker_racetrack_world/share/aws_robomaker_racetrack_world/models/aws_robomaker_racetrack_Track_05/materials/aws_Track_05C.png
-- Symlinking: /home/omartinez/2023-tfg-oscar-martinez/src/webbt_ws/install/aws_robomaker_racetrack_world/share/aws_robomaker_racetrack_world/models/aws_robomaker_racetrack_Track_05/materials/textures/aws_Track_05.png
-- Symlinking: /home/omartinez/2023-tfg-oscar-martinez/src/webbt_ws/install/aws_robomaker_racetrack_world/share/aws_robomaker_racetrack_world/models/aws_robomaker_racetrack_Track_05/materials/textures/aws_Track_05B.png
-- Symlinking: /home/omartinez/2023-tfg-oscar-martinez/src/webbt_ws/install/aws_robomaker_racetrack_world/share/aws_robomaker_racetrack_world/models/aws_robomaker_racetrack_Track_05/materials/textures/aws_Track_05C.png
-- Symlinking: /home/omartinez/2023-tfg-oscar-martinez/src/webbt_ws/install/aws_robomaker_racetrack_world/share/aws_robomaker_racetrack_world/models/aws_robomaker_racetrack_Track_05/meshes/aws_Track_05_collision.DAE
-- Symlinking: /home/omartinez/2023-tfg-oscar-martinez/src/webbt_ws/install/aws_robomaker_racetrack_world/share/aws_robomaker_racetrack_world/models/aws_robomaker_racetrack_Track_05/meshes/aws_Track_05_visual.DAE
-- Symlinking: /home/omartinez/2023-tfg-oscar-martinez/src/webbt_ws/install/aws_robomaker_racetrack_world/share/aws_robomaker_racetrack_world/models/aws_robomaker_racetrack_Track_05/model.config
-- Symlinking: /home/omartinez/2023-tfg-oscar-martinez/src/webbt_ws/install/aws_robomaker_racetrack_world/share/aws_robomaker_racetrack_world/models/aws_robomaker_racetrack_Track_05/model.sdf
-- Symlinking: /home/omartinez/2023-tfg-oscar-martinez/src/webbt_ws/install/aws_robomaker_racetrack_world/share/aws_robomaker_racetrack_world/models/aws_robomaker_racetrack_Trackline_01/materials/textures/aws_Trackline_01.png
-- Symlinking: /home/omartinez/2023-tfg-oscar-martinez/src/webbt_ws/install/aws_robomaker_racetrack_world/share/aws_robomaker_racetrack_world/models/aws_robomaker_racetrack_Trackline_01/meshes/aws_Trackline_01_collision.DAE
-- Symlinking: /home/omartinez/2023-tfg-oscar-martinez/src/webbt_ws/install/aws_robomaker_racetrack_world/share/aws_robomaker_racetrack_world/models/aws_robomaker_racetrack_Trackline_01/meshes/aws_Trackline_01_visual.DAE
-- Symlinking: /home/omartinez/2023-tfg-oscar-martinez/src/webbt_ws/install/aws_robomaker_racetrack_world/share/aws_robomaker_racetrack_world/models/aws_robomaker_racetrack_Trackline_01/model.config
-- Symlinking: /home/omartinez/2023-tfg-oscar-martinez/src/webbt_ws/install/aws_robomaker_racetrack_world/share/aws_robomaker_racetrack_world/models/aws_robomaker_racetrack_Trackline_01/model.sdf
-- Symlinking: /home/omartinez/2023-tfg-oscar-martinez/src/webbt_ws/install/aws_robomaker_racetrack_world/share/aws_robomaker_racetrack_world/models/aws_robomaker_racetrack_TrafficCone_01/materials/textures/aws_TrafficCone_01.png
-- Symlinking: /home/omartinez/2023-tfg-oscar-martinez/src/webbt_ws/install/aws_robomaker_racetrack_world/share/aws_robomaker_racetrack_world/models/aws_robomaker_racetrack_TrafficCone_01/meshes/aws_TrafficCone_01_coliision.DAE
-- Symlinking: /home/omartinez/2023-tfg-oscar-martinez/src/webbt_ws/install/aws_robomaker_racetrack_world/share/aws_robomaker_racetrack_world/models/aws_robomaker_racetrack_TrafficCone_01/meshes/aws_TrafficCone_01_visual.DAE
-- Symlinking: /home/omartinez/2023-tfg-oscar-martinez/src/webbt_ws/install/aws_robomaker_racetrack_world/share/aws_robomaker_racetrack_world/models/aws_robomaker_racetrack_TrafficCone_01/model.config
-- Symlinking: /home/omartinez/2023-tfg-oscar-martinez/src/webbt_ws/install/aws_robomaker_racetrack_world/share/aws_robomaker_racetrack_world/models/aws_robomaker_racetrack_TrafficCone_01/model.sdf
-- Symlinking: /home/omartinez/2023-tfg-oscar-martinez/src/webbt_ws/install/aws_robomaker_racetrack_world/share/aws_robomaker_racetrack_world/models/aws_robomaker_racetrack_Wall_01/materials/textures/aws_Wall_01.png
-- Symlinking: /home/omartinez/2023-tfg-oscar-martinez/src/webbt_ws/install/aws_robomaker_racetrack_world/share/aws_robomaker_racetrack_world/models/aws_robomaker_racetrack_Wall_01/meshes/aws_Wall_01_collision.DAE
-- Symlinking: /home/omartinez/2023-tfg-oscar-martinez/src/webbt_ws/install/aws_robomaker_racetrack_world/share/aws_robomaker_racetrack_world/models/aws_robomaker_racetrack_Wall_01/meshes/aws_Wall_01_visual.DAE
-- Symlinking: /home/omartinez/2023-tfg-oscar-martinez/src/webbt_ws/install/aws_robomaker_racetrack_world/share/aws_robomaker_racetrack_world/models/aws_robomaker_racetrack_Wall_01/model.config
-- Symlinking: /home/omartinez/2023-tfg-oscar-martinez/src/webbt_ws/install/aws_robomaker_racetrack_world/share/aws_robomaker_racetrack_world/models/aws_robomaker_racetrack_Wall_01/model.sdf
-- Symlinking: /home/omartinez/2023-tfg-oscar-martinez/src/webbt_ws/install/aws_robomaker_racetrack_world/share/aws_robomaker_racetrack_world/worlds/racetrack_day.world
-- Symlinking: /home/omartinez/2023-tfg-oscar-martinez/src/webbt_ws/install/aws_robomaker_racetrack_world/share/aws_robomaker_racetrack_world/worlds/racetrack_day_empty.world
-- Symlinking: /home/omartinez/2023-tfg-oscar-martinez/src/webbt_ws/install/aws_robomaker_racetrack_world/share/aws_robomaker_racetrack_world/worlds/racetrack_night.world
-- Symlinking: /home/omartinez/2023-tfg-oscar-martinez/src/webbt_ws/install/aws_robomaker_racetrack_world/share/ament_index/resource_index/package_run_dependencies/aws_robomaker_racetrack_world
-- Symlinking: /home/omartinez/2023-tfg-oscar-martinez/src/webbt_ws/install/aws_robomaker_racetrack_world/share/ament_index/resource_index/parent_prefix_path/aws_robomaker_racetrack_world
-- Symlinking: /home/omartinez/2023-tfg-oscar-martinez/src/webbt_ws/install/aws_robomaker_racetrack_world/share/aws_robomaker_racetrack_world/environment/ament_prefix_path.sh
-- Symlinking: /home/omartinez/2023-tfg-oscar-martinez/src/webbt_ws/install/aws_robomaker_racetrack_world/share/aws_robomaker_racetrack_world/environment/ament_prefix_path.dsv
-- Symlinking: /home/omartinez/2023-tfg-oscar-martinez/src/webbt_ws/install/aws_robomaker_racetrack_world/share/aws_robomaker_racetrack_world/environment/path.sh
-- Symlinking: /home/omartinez/2023-tfg-oscar-martinez/src/webbt_ws/install/aws_robomaker_racetrack_world/share/aws_robomaker_racetrack_world/environment/path.dsv
-- Symlinking: /home/omartinez/2023-tfg-oscar-martinez/src/webbt_ws/install/aws_robomaker_racetrack_world/share/aws_robomaker_racetrack_world/local_setup.bash
-- Symlinking: /home/omartinez/2023-tfg-oscar-martinez/src/webbt_ws/install/aws_robomaker_racetrack_world/share/aws_robomaker_racetrack_world/local_setup.sh
-- Symlinking: /home/omartinez/2023-tfg-oscar-martinez/src/webbt_ws/install/aws_robomaker_racetrack_world/share/aws_robomaker_racetrack_world/local_setup.zsh
-- Symlinking: /home/omartinez/2023-tfg-oscar-martinez/src/webbt_ws/install/aws_robomaker_racetrack_world/share/aws_robomaker_racetrack_world/local_setup.dsv
-- Symlinking: /home/omartinez/2023-tfg-oscar-martinez/src/webbt_ws/install/aws_robomaker_racetrack_world/share/aws_robomaker_racetrack_world/package.dsv
-- Symlinking: /home/omartinez/2023-tfg-oscar-martinez/src/webbt_ws/install/aws_robomaker_racetrack_world/share/ament_index/resource_index/packages/aws_robomaker_racetrack_world
-- Symlinking: /home/omartinez/2023-tfg-oscar-martinez/src/webbt_ws/install/aws_robomaker_racetrack_world/share/aws_robomaker_racetrack_world/cmake/ament_cmake_export_dependencies-extras.cmake
-- Symlinking: /home/omartinez/2023-tfg-oscar-martinez/src/webbt_ws/install/aws_robomaker_racetrack_world/share/aws_robomaker_racetrack_world/cmake/aws_robomaker_racetrack_worldConfig.cmake
-- Symlinking: /home/omartinez/2023-tfg-oscar-martinez/src/webbt_ws/install/aws_robomaker_racetrack_world/share/aws_robomaker_racetrack_world/cmake/aws_robomaker_racetrack_worldConfig-version.cmake
-- Symlinking: /home/omartinez/2023-tfg-oscar-martinez/src/webbt_ws/install/aws_robomaker_racetrack_world/share/aws_robomaker_racetrack_world/package.xml
