[0.174s] Invoking command in '/home/omartinez/2023-tfg-oscar-martinez/src/webbt_ws/build/tiago_bringup': AMENT_PREFIX_PATH=/home/omartinez/2023-tfg-oscar-martinez/src/webbt_ws/install/tiago_description:/home/omartinez/2023-tfg-oscar-martinez/src/webbt_ws/install/tiago_controller_configuration:/home/omartinez/2023-tfg-oscar-martinez/src/webbt_ws/install/pal_gripper_description:/home/omartinez/2023-tfg-oscar-martinez/src/webbt_ws/install/pal_gripper_controller_configuration:${AMENT_PREFIX_PATH} CMAKE_PREFIX_PATH=/home/omartinez/2023-tfg-oscar-martinez/src/webbt_ws/install/tiago_description:/home/omartinez/2023-tfg-oscar-martinez/src/webbt_ws/install/tiago_controller_configuration:/home/omartinez/2023-tfg-oscar-martinez/src/webbt_ws/install/pal_gripper_description:/home/omartinez/2023-tfg-oscar-martinez/src/webbt_ws/install/pal_gripper_controller_configuration:/home/omartinez/ws/smartloc_ws/install/turtlebot4_simulator:/home/omartinez/ws/smartloc_ws/install/turtlebot4_ignition_bringup:/home/omartinez/ws/smartloc_ws/install/turtlebot4_node:/home/omartinez/ws/smartloc_ws/install/turtlebot4_navigation:/home/omartinez/ws/smartloc_ws/install/turtlebot4_ignition_toolbox:/home/omartinez/ws/smartloc_ws/install/turtlebot4_msgs:/home/omartinez/ws/smartloc_ws/install/turtlebot4_ignition_gui_plugins:/home/omartinez/ws/smartloc_ws/install/turtlebot4_description:/home/omartinez/ws/smartloc_ws/install/smartpredict_bridge:/home/omartinez/ws/smartloc_ws/install/smartloc_sim:/home/omartinez/ws/smartloc_ws/install/rfid_sensor_plugin:/home/omartinez/ws/smartloc_ws/install/position_calculator:/home/omartinez/ws/smartloc_ws/install/custom_interfaces:/home/omartinez/ws/smartloc_ws/install/webots_sim:/opt/ros/humble PYTHONPATH=/home/omartinez/2023-tfg-oscar-martinez/src/webbt_ws/install/tiago_description/local/lib/python3.10/dist-packages:${PYTHONPATH} /usr/bin/cmake /home/omartinez/2023-tfg-oscar-martinez/src/webbt_ws/src/ThirdParty/tiago_robot/tiago_bringup -DAMENT_CMAKE_SYMLINK_INSTALL=1 -DCMAKE_INSTALL_PREFIX=/home/omartinez/2023-tfg-oscar-martinez/src/webbt_ws/install/tiago_bringup
[0.883s] -- The C compiler identification is GNU 11.3.0
[0.883s] -- The CXX compiler identification is GNU 11.3.0
[0.883s] -- Detecting C compiler ABI info
[1.167s] -- Detecting C compiler ABI info - done
[1.220s] -- Check for working C compiler: /usr/bin/cc - skipped
[1.237s] -- Detecting C compile features
[1.240s] -- Detecting C compile features - done
[1.249s] -- Detecting CXX compiler ABI info
[1.703s] -- Detecting CXX compiler ABI info - done
[1.741s] -- Check for working CXX compiler: /usr/bin/c++ - skipped
[1.742s] -- Detecting CXX compile features
[1.743s] -- Detecting CXX compile features - done
[1.768s] -- Found ament_cmake_auto: 1.3.5 (/opt/ros/humble/share/ament_cmake_auto/cmake)
[2.708s] -- Found Python3: /usr/bin/python3.10 (found version "3.10.6") found components: Interpreter 
[2.943s] -- Override CMake install command with custom implementation using symlinks instead of copying resources
[3.562s] -- Found ament_lint_auto: 0.12.6 (/opt/ros/humble/share/ament_lint_auto/cmake)
[3.712s] -- Added test 'copyright' to check source files copyright and LICENSE
[3.730s] -- Added test 'flake8' to check Python code syntax and style conventions
[3.734s] -- Added test 'lint_cmake' to check CMake code style
[3.737s] -- Added test 'pep257' to check Python code against some of the docstring style conventions in PEP 257
[3.748s] -- Added test 'xmllint' to check XML markup files
[3.761s] -- Configuring done
[3.769s] -- Generating done
[3.781s] -- Build files have been written to: /home/omartinez/2023-tfg-oscar-martinez/src/webbt_ws/build/tiago_bringup
[3.819s] Invoked command in '/home/omartinez/2023-tfg-oscar-martinez/src/webbt_ws/build/tiago_bringup' returned '0': AMENT_PREFIX_PATH=/home/omartinez/2023-tfg-oscar-martinez/src/webbt_ws/install/tiago_description:/home/omartinez/2023-tfg-oscar-martinez/src/webbt_ws/install/tiago_controller_configuration:/home/omartinez/2023-tfg-oscar-martinez/src/webbt_ws/install/pal_gripper_description:/home/omartinez/2023-tfg-oscar-martinez/src/webbt_ws/install/pal_gripper_controller_configuration:${AMENT_PREFIX_PATH} CMAKE_PREFIX_PATH=/home/omartinez/2023-tfg-oscar-martinez/src/webbt_ws/install/tiago_description:/home/omartinez/2023-tfg-oscar-martinez/src/webbt_ws/install/tiago_controller_configuration:/home/omartinez/2023-tfg-oscar-martinez/src/webbt_ws/install/pal_gripper_description:/home/omartinez/2023-tfg-oscar-martinez/src/webbt_ws/install/pal_gripper_controller_configuration:/home/omartinez/ws/smartloc_ws/install/turtlebot4_simulator:/home/omartinez/ws/smartloc_ws/install/turtlebot4_ignition_bringup:/home/omartinez/ws/smartloc_ws/install/turtlebot4_node:/home/omartinez/ws/smartloc_ws/install/turtlebot4_navigation:/home/omartinez/ws/smartloc_ws/install/turtlebot4_ignition_toolbox:/home/omartinez/ws/smartloc_ws/install/turtlebot4_msgs:/home/omartinez/ws/smartloc_ws/install/turtlebot4_ignition_gui_plugins:/home/omartinez/ws/smartloc_ws/install/turtlebot4_description:/home/omartinez/ws/smartloc_ws/install/smartpredict_bridge:/home/omartinez/ws/smartloc_ws/install/smartloc_sim:/home/omartinez/ws/smartloc_ws/install/rfid_sensor_plugin:/home/omartinez/ws/smartloc_ws/install/position_calculator:/home/omartinez/ws/smartloc_ws/install/custom_interfaces:/home/omartinez/ws/smartloc_ws/install/webots_sim:/opt/ros/humble PYTHONPATH=/home/omartinez/2023-tfg-oscar-martinez/src/webbt_ws/install/tiago_description/local/lib/python3.10/dist-packages:${PYTHONPATH} /usr/bin/cmake /home/omartinez/2023-tfg-oscar-martinez/src/webbt_ws/src/ThirdParty/tiago_robot/tiago_bringup -DAMENT_CMAKE_SYMLINK_INSTALL=1 -DCMAKE_INSTALL_PREFIX=/home/omartinez/2023-tfg-oscar-martinez/src/webbt_ws/install/tiago_bringup
[3.820s] Invoking command in '/home/omartinez/2023-tfg-oscar-martinez/src/webbt_ws/build/tiago_bringup': AMENT_PREFIX_PATH=/home/omartinez/2023-tfg-oscar-martinez/src/webbt_ws/install/tiago_description:/home/omartinez/2023-tfg-oscar-martinez/src/webbt_ws/install/tiago_controller_configuration:/home/omartinez/2023-tfg-oscar-martinez/src/webbt_ws/install/pal_gripper_description:/home/omartinez/2023-tfg-oscar-martinez/src/webbt_ws/install/pal_gripper_controller_configuration:${AMENT_PREFIX_PATH} CMAKE_PREFIX_PATH=/home/omartinez/2023-tfg-oscar-martinez/src/webbt_ws/install/tiago_description:/home/omartinez/2023-tfg-oscar-martinez/src/webbt_ws/install/tiago_controller_configuration:/home/omartinez/2023-tfg-oscar-martinez/src/webbt_ws/install/pal_gripper_description:/home/omartinez/2023-tfg-oscar-martinez/src/webbt_ws/install/pal_gripper_controller_configuration:/home/omartinez/ws/smartloc_ws/install/turtlebot4_simulator:/home/omartinez/ws/smartloc_ws/install/turtlebot4_ignition_bringup:/home/omartinez/ws/smartloc_ws/install/turtlebot4_node:/home/omartinez/ws/smartloc_ws/install/turtlebot4_navigation:/home/omartinez/ws/smartloc_ws/install/turtlebot4_ignition_toolbox:/home/omartinez/ws/smartloc_ws/install/turtlebot4_msgs:/home/omartinez/ws/smartloc_ws/install/turtlebot4_ignition_gui_plugins:/home/omartinez/ws/smartloc_ws/install/turtlebot4_description:/home/omartinez/ws/smartloc_ws/install/smartpredict_bridge:/home/omartinez/ws/smartloc_ws/install/smartloc_sim:/home/omartinez/ws/smartloc_ws/install/rfid_sensor_plugin:/home/omartinez/ws/smartloc_ws/install/position_calculator:/home/omartinez/ws/smartloc_ws/install/custom_interfaces:/home/omartinez/ws/smartloc_ws/install/webots_sim:/opt/ros/humble PYTHONPATH=/home/omartinez/2023-tfg-oscar-martinez/src/webbt_ws/install/tiago_description/local/lib/python3.10/dist-packages:${PYTHONPATH} /usr/bin/cmake --build /home/omartinez/2023-tfg-oscar-martinez/src/webbt_ws/build/tiago_bringup -- -j8 -l8
[4.022s] Invoked command in '/home/omartinez/2023-tfg-oscar-martinez/src/webbt_ws/build/tiago_bringup' returned '0': AMENT_PREFIX_PATH=/home/omartinez/2023-tfg-oscar-martinez/src/webbt_ws/install/tiago_description:/home/omartinez/2023-tfg-oscar-martinez/src/webbt_ws/install/tiago_controller_configuration:/home/omartinez/2023-tfg-oscar-martinez/src/webbt_ws/install/pal_gripper_description:/home/omartinez/2023-tfg-oscar-martinez/src/webbt_ws/install/pal_gripper_controller_configuration:${AMENT_PREFIX_PATH} CMAKE_PREFIX_PATH=/home/omartinez/2023-tfg-oscar-martinez/src/webbt_ws/install/tiago_description:/home/omartinez/2023-tfg-oscar-martinez/src/webbt_ws/install/tiago_controller_configuration:/home/omartinez/2023-tfg-oscar-martinez/src/webbt_ws/install/pal_gripper_description:/home/omartinez/2023-tfg-oscar-martinez/src/webbt_ws/install/pal_gripper_controller_configuration:/home/omartinez/ws/smartloc_ws/install/turtlebot4_simulator:/home/omartinez/ws/smartloc_ws/install/turtlebot4_ignition_bringup:/home/omartinez/ws/smartloc_ws/install/turtlebot4_node:/home/omartinez/ws/smartloc_ws/install/turtlebot4_navigation:/home/omartinez/ws/smartloc_ws/install/turtlebot4_ignition_toolbox:/home/omartinez/ws/smartloc_ws/install/turtlebot4_msgs:/home/omartinez/ws/smartloc_ws/install/turtlebot4_ignition_gui_plugins:/home/omartinez/ws/smartloc_ws/install/turtlebot4_description:/home/omartinez/ws/smartloc_ws/install/smartpredict_bridge:/home/omartinez/ws/smartloc_ws/install/smartloc_sim:/home/omartinez/ws/smartloc_ws/install/rfid_sensor_plugin:/home/omartinez/ws/smartloc_ws/install/position_calculator:/home/omartinez/ws/smartloc_ws/install/custom_interfaces:/home/omartinez/ws/smartloc_ws/install/webots_sim:/opt/ros/humble PYTHONPATH=/home/omartinez/2023-tfg-oscar-martinez/src/webbt_ws/install/tiago_description/local/lib/python3.10/dist-packages:${PYTHONPATH} /usr/bin/cmake --build /home/omartinez/2023-tfg-oscar-martinez/src/webbt_ws/build/tiago_bringup -- -j8 -l8
[4.389s] Invoking command in '/home/omartinez/2023-tfg-oscar-martinez/src/webbt_ws/build/tiago_bringup': AMENT_PREFIX_PATH=/home/omartinez/2023-tfg-oscar-martinez/src/webbt_ws/install/tiago_description:/home/omartinez/2023-tfg-oscar-martinez/src/webbt_ws/install/tiago_controller_configuration:/home/omartinez/2023-tfg-oscar-martinez/src/webbt_ws/install/pal_gripper_description:/home/omartinez/2023-tfg-oscar-martinez/src/webbt_ws/install/pal_gripper_controller_configuration:${AMENT_PREFIX_PATH} CMAKE_PREFIX_PATH=/home/omartinez/2023-tfg-oscar-martinez/src/webbt_ws/install/tiago_description:/home/omartinez/2023-tfg-oscar-martinez/src/webbt_ws/install/tiago_controller_configuration:/home/omartinez/2023-tfg-oscar-martinez/src/webbt_ws/install/pal_gripper_description:/home/omartinez/2023-tfg-oscar-martinez/src/webbt_ws/install/pal_gripper_controller_configuration:/home/omartinez/ws/smartloc_ws/install/turtlebot4_simulator:/home/omartinez/ws/smartloc_ws/install/turtlebot4_ignition_bringup:/home/omartinez/ws/smartloc_ws/install/turtlebot4_node:/home/omartinez/ws/smartloc_ws/install/turtlebot4_navigation:/home/omartinez/ws/smartloc_ws/install/turtlebot4_ignition_toolbox:/home/omartinez/ws/smartloc_ws/install/turtlebot4_msgs:/home/omartinez/ws/smartloc_ws/install/turtlebot4_ignition_gui_plugins:/home/omartinez/ws/smartloc_ws/install/turtlebot4_description:/home/omartinez/ws/smartloc_ws/install/smartpredict_bridge:/home/omartinez/ws/smartloc_ws/install/smartloc_sim:/home/omartinez/ws/smartloc_ws/install/rfid_sensor_plugin:/home/omartinez/ws/smartloc_ws/install/position_calculator:/home/omartinez/ws/smartloc_ws/install/custom_interfaces:/home/omartinez/ws/smartloc_ws/install/webots_sim:/opt/ros/humble PYTHONPATH=/home/omartinez/2023-tfg-oscar-martinez/src/webbt_ws/install/tiago_description/local/lib/python3.10/dist-packages:${PYTHONPATH} /usr/bin/cmake --install /home/omartinez/2023-tfg-oscar-martinez/src/webbt_ws/build/tiago_bringup
[4.448s] -- Install configuration: ""
[4.455s] -- Execute custom install script
[4.457s] -- Symlinking: /home/omartinez/2023-tfg-oscar-martinez/src/webbt_ws/install/tiago_bringup/lib/tiago_bringup/regen_em_file.py
[4.505s] -- Symlinking: /home/omartinez/2023-tfg-oscar-martinez/src/webbt_ws/install/tiago_bringup/share/tiago_bringup/config/approach_planner/approach_planner.yaml.em
[4.567s] -- Symlinking: /home/omartinez/2023-tfg-oscar-martinez/src/webbt_ws/install/tiago_bringup/share/tiago_bringup/config/approach_planner/approach_planner_no-arm.yaml
[4.629s] -- Symlinking: /home/omartinez/2023-tfg-oscar-martinez/src/webbt_ws/install/tiago_bringup/share/tiago_bringup/config/approach_planner/approach_planner_no-end-effector.yaml
[4.708s] -- Symlinking: /home/omartinez/2023-tfg-oscar-martinez/src/webbt_ws/install/tiago_bringup/share/tiago_bringup/config/approach_planner/approach_planner_no-end-effector_schunk-ft.yaml
[4.752s] -- Symlinking: /home/omartinez/2023-tfg-oscar-martinez/src/webbt_ws/install/tiago_bringup/share/tiago_bringup/config/approach_planner/approach_planner_pal-gripper.yaml
[4.803s] -- Symlinking: /home/omartinez/2023-tfg-oscar-martinez/src/webbt_ws/install/tiago_bringup/share/tiago_bringup/config/approach_planner/approach_planner_pal-gripper_schunk-ft.yaml
[4.838s] -- Symlinking: /home/omartinez/2023-tfg-oscar-martinez/src/webbt_ws/install/tiago_bringup/share/tiago_bringup/config/approach_planner/approach_planner_pal-hey5.yaml
[4.867s] -- Symlinking: /home/omartinez/2023-tfg-oscar-martinez/src/webbt_ws/install/tiago_bringup/share/tiago_bringup/config/approach_planner/approach_planner_pal-hey5_schunk-ft.yaml
[4.931s] -- Symlinking: /home/omartinez/2023-tfg-oscar-martinez/src/webbt_ws/install/tiago_bringup/share/tiago_bringup/config/dynamic_footprint_arm.yaml
[4.975s] -- Symlinking: /home/omartinez/2023-tfg-oscar-martinez/src/webbt_ws/install/tiago_bringup/share/tiago_bringup/config/dynamic_footprint_arm_pal-gripper.yaml
[5.039s] -- Symlinking: /home/omartinez/2023-tfg-oscar-martinez/src/webbt_ws/install/tiago_bringup/share/tiago_bringup/config/dynamic_footprint_arm_pal-hey5.yaml
[5.066s] -- Symlinking: /home/omartinez/2023-tfg-oscar-martinez/src/webbt_ws/install/tiago_bringup/share/tiago_bringup/config/dynamic_footprint_no-arm.yaml
[5.102s] -- Symlinking: /home/omartinez/2023-tfg-oscar-martinez/src/webbt_ws/install/tiago_bringup/share/tiago_bringup/config/dynamixel_head.yaml
[5.134s] -- Symlinking: /home/omartinez/2023-tfg-oscar-martinez/src/webbt_ws/install/tiago_bringup/share/tiago_bringup/config/joy_teleop/joy_config.yaml
[5.199s] -- Symlinking: /home/omartinez/2023-tfg-oscar-martinez/src/webbt_ws/install/tiago_bringup/share/tiago_bringup/config/joy_teleop/joy_teleop.yaml.em
[5.250s] -- Symlinking: /home/omartinez/2023-tfg-oscar-martinez/src/webbt_ws/install/tiago_bringup/share/tiago_bringup/config/joy_teleop/joy_teleop_no-arm.yaml
[5.288s] -- Symlinking: /home/omartinez/2023-tfg-oscar-martinez/src/webbt_ws/install/tiago_bringup/share/tiago_bringup/config/joy_teleop/joy_teleop_no-end-effector.yaml
[5.325s] -- Symlinking: /home/omartinez/2023-tfg-oscar-martinez/src/webbt_ws/install/tiago_bringup/share/tiago_bringup/config/joy_teleop/joy_teleop_no-end-effector_schunk-ft.yaml
[5.347s] -- Symlinking: /home/omartinez/2023-tfg-oscar-martinez/src/webbt_ws/install/tiago_bringup/share/tiago_bringup/config/joy_teleop/joy_teleop_pal-gripper.yaml
[5.369s] -- Symlinking: /home/omartinez/2023-tfg-oscar-martinez/src/webbt_ws/install/tiago_bringup/share/tiago_bringup/config/joy_teleop/joy_teleop_pal-gripper_schunk-ft.yaml
[5.391s] -- Symlinking: /home/omartinez/2023-tfg-oscar-martinez/src/webbt_ws/install/tiago_bringup/share/tiago_bringup/config/joy_teleop/joy_teleop_pal-hey5.yaml
[5.413s] -- Symlinking: /home/omartinez/2023-tfg-oscar-martinez/src/webbt_ws/install/tiago_bringup/share/tiago_bringup/config/joy_teleop/joy_teleop_pal-hey5_schunk-ft.yaml
[5.439s] -- Symlinking: /home/omartinez/2023-tfg-oscar-martinez/src/webbt_ws/install/tiago_bringup/share/tiago_bringup/config/motions/tiago_motions.yaml.em
[5.462s] -- Symlinking: /home/omartinez/2023-tfg-oscar-martinez/src/webbt_ws/install/tiago_bringup/share/tiago_bringup/config/motions/tiago_motions_no-arm.yaml
[5.507s] -- Symlinking: /home/omartinez/2023-tfg-oscar-martinez/src/webbt_ws/install/tiago_bringup/share/tiago_bringup/config/motions/tiago_motions_no-end-effector.yaml
[5.533s] -- Symlinking: /home/omartinez/2023-tfg-oscar-martinez/src/webbt_ws/install/tiago_bringup/share/tiago_bringup/config/motions/tiago_motions_no-end-effector_schunk-ft.yaml
[5.555s] -- Symlinking: /home/omartinez/2023-tfg-oscar-martinez/src/webbt_ws/install/tiago_bringup/share/tiago_bringup/config/motions/tiago_motions_pal-gripper.yaml
[5.619s] -- Symlinking: /home/omartinez/2023-tfg-oscar-martinez/src/webbt_ws/install/tiago_bringup/share/tiago_bringup/config/motions/tiago_motions_pal-gripper_schunk-ft.yaml
[5.675s] -- Symlinking: /home/omartinez/2023-tfg-oscar-martinez/src/webbt_ws/install/tiago_bringup/share/tiago_bringup/config/motions/tiago_motions_pal-hey5.yaml
[5.734s] -- Symlinking: /home/omartinez/2023-tfg-oscar-martinez/src/webbt_ws/install/tiago_bringup/share/tiago_bringup/config/motions/tiago_motions_pal-hey5_schunk-ft.yaml
[5.791s] -- Symlinking: /home/omartinez/2023-tfg-oscar-martinez/src/webbt_ws/install/tiago_bringup/share/tiago_bringup/config/sensor_to_cloud/sonar_to_cloud.yaml
[5.821s] -- Symlinking: /home/omartinez/2023-tfg-oscar-martinez/src/webbt_ws/install/tiago_bringup/share/tiago_bringup/config/tiago.rviz
[5.883s] -- Symlinking: /home/omartinez/2023-tfg-oscar-martinez/src/webbt_ws/install/tiago_bringup/share/tiago_bringup/config/tiago_hardware/tiago_hardware.yaml.em
[5.926s] -- Symlinking: /home/omartinez/2023-tfg-oscar-martinez/src/webbt_ws/install/tiago_bringup/share/tiago_bringup/config/tiago_hardware/tiago_hardware_no-arm.yaml
[5.962s] -- Symlinking: /home/omartinez/2023-tfg-oscar-martinez/src/webbt_ws/install/tiago_bringup/share/tiago_bringup/config/tiago_hardware/tiago_hardware_no-end-effector.yaml
[5.983s] -- Symlinking: /home/omartinez/2023-tfg-oscar-martinez/src/webbt_ws/install/tiago_bringup/share/tiago_bringup/config/tiago_hardware/tiago_hardware_no-end-effector_schunk-ft.yaml
[6.005s] -- Symlinking: /home/omartinez/2023-tfg-oscar-martinez/src/webbt_ws/install/tiago_bringup/share/tiago_bringup/config/tiago_hardware/tiago_hardware_pal-gripper.yaml
[6.032s] -- Symlinking: /home/omartinez/2023-tfg-oscar-martinez/src/webbt_ws/install/tiago_bringup/share/tiago_bringup/config/tiago_hardware/tiago_hardware_pal-gripper_schunk-ft.yaml
[6.082s] -- Symlinking: /home/omartinez/2023-tfg-oscar-martinez/src/webbt_ws/install/tiago_bringup/share/tiago_bringup/config/tiago_hardware/tiago_hardware_pal-hey5.yaml
[6.126s] -- Symlinking: /home/omartinez/2023-tfg-oscar-martinez/src/webbt_ws/install/tiago_bringup/share/tiago_bringup/config/tiago_hardware/tiago_hardware_pal-hey5_schunk-ft.yaml
[6.156s] -- Symlinking: /home/omartinez/2023-tfg-oscar-martinez/src/webbt_ws/install/tiago_bringup/share/tiago_bringup/config/tiago_soften_values.yaml
[6.239s] -- Symlinking: /home/omartinez/2023-tfg-oscar-martinez/src/webbt_ws/install/tiago_bringup/share/tiago_bringup/config/twist_mux/joystick.yaml
[6.306s] -- Symlinking: /home/omartinez/2023-tfg-oscar-martinez/src/webbt_ws/install/tiago_bringup/share/tiago_bringup/config/twist_mux/twist_mux_locks.yaml
[6.348s] -- Symlinking: /home/omartinez/2023-tfg-oscar-martinez/src/webbt_ws/install/tiago_bringup/share/tiago_bringup/config/twist_mux/twist_mux_topics.yaml
[6.410s] -- Symlinking: /home/omartinez/2023-tfg-oscar-martinez/src/webbt_ws/install/tiago_bringup/share/tiago_bringup/launch/joystick_teleop.launch.py
[6.464s] -- Symlinking: /home/omartinez/2023-tfg-oscar-martinez/src/webbt_ws/install/tiago_bringup/share/tiago_bringup/launch/tiago_bringup.launch.py
[6.559s] -- Symlinking: /home/omartinez/2023-tfg-oscar-martinez/src/webbt_ws/install/tiago_bringup/share/tiago_bringup/launch/tiago_play_motion2.launch.py
[6.643s] -- Symlinking: /home/omartinez/2023-tfg-oscar-martinez/src/webbt_ws/install/tiago_bringup/share/tiago_bringup/launch/twist_mux.launch.py
[6.699s] -- Symlinking: /home/omartinez/2023-tfg-oscar-martinez/src/webbt_ws/install/tiago_bringup/share/ament_index/resource_index/package_run_dependencies/tiago_bringup
[6.813s] -- Symlinking: /home/omartinez/2023-tfg-oscar-martinez/src/webbt_ws/install/tiago_bringup/share/ament_index/resource_index/parent_prefix_path/tiago_bringup
[6.865s] -- Symlinking: /home/omartinez/2023-tfg-oscar-martinez/src/webbt_ws/install/tiago_bringup/share/tiago_bringup/environment/ament_prefix_path.sh
[6.914s] -- Symlinking: /home/omartinez/2023-tfg-oscar-martinez/src/webbt_ws/install/tiago_bringup/share/tiago_bringup/environment/ament_prefix_path.dsv
[6.943s] -- Symlinking: /home/omartinez/2023-tfg-oscar-martinez/src/webbt_ws/install/tiago_bringup/share/tiago_bringup/environment/path.sh
[6.970s] -- Symlinking: /home/omartinez/2023-tfg-oscar-martinez/src/webbt_ws/install/tiago_bringup/share/tiago_bringup/environment/path.dsv
[7.009s] -- Symlinking: /home/omartinez/2023-tfg-oscar-martinez/src/webbt_ws/install/tiago_bringup/share/tiago_bringup/local_setup.bash
[7.098s] -- Symlinking: /home/omartinez/2023-tfg-oscar-martinez/src/webbt_ws/install/tiago_bringup/share/tiago_bringup/local_setup.sh
[7.191s] -- Symlinking: /home/omartinez/2023-tfg-oscar-martinez/src/webbt_ws/install/tiago_bringup/share/tiago_bringup/local_setup.zsh
[7.291s] -- Symlinking: /home/omartinez/2023-tfg-oscar-martinez/src/webbt_ws/install/tiago_bringup/share/tiago_bringup/local_setup.dsv
[7.352s] -- Symlinking: /home/omartinez/2023-tfg-oscar-martinez/src/webbt_ws/install/tiago_bringup/share/tiago_bringup/package.dsv
[7.414s] -- Symlinking: /home/omartinez/2023-tfg-oscar-martinez/src/webbt_ws/install/tiago_bringup/share/ament_index/resource_index/packages/tiago_bringup
[7.461s] -- Symlinking: /home/omartinez/2023-tfg-oscar-martinez/src/webbt_ws/install/tiago_bringup/share/tiago_bringup/cmake/tiago_bringupConfig.cmake
[7.505s] -- Symlinking: /home/omartinez/2023-tfg-oscar-martinez/src/webbt_ws/install/tiago_bringup/share/tiago_bringup/cmake/tiago_bringupConfig-version.cmake
[7.551s] -- Symlinking: /home/omartinez/2023-tfg-oscar-martinez/src/webbt_ws/install/tiago_bringup/share/tiago_bringup/package.xml
[7.620s] Invoked command in '/home/omartinez/2023-tfg-oscar-martinez/src/webbt_ws/build/tiago_bringup' returned '0': AMENT_PREFIX_PATH=/home/omartinez/2023-tfg-oscar-martinez/src/webbt_ws/install/tiago_description:/home/omartinez/2023-tfg-oscar-martinez/src/webbt_ws/install/tiago_controller_configuration:/home/omartinez/2023-tfg-oscar-martinez/src/webbt_ws/install/pal_gripper_description:/home/omartinez/2023-tfg-oscar-martinez/src/webbt_ws/install/pal_gripper_controller_configuration:${AMENT_PREFIX_PATH} CMAKE_PREFIX_PATH=/home/omartinez/2023-tfg-oscar-martinez/src/webbt_ws/install/tiago_description:/home/omartinez/2023-tfg-oscar-martinez/src/webbt_ws/install/tiago_controller_configuration:/home/omartinez/2023-tfg-oscar-martinez/src/webbt_ws/install/pal_gripper_description:/home/omartinez/2023-tfg-oscar-martinez/src/webbt_ws/install/pal_gripper_controller_configuration:/home/omartinez/ws/smartloc_ws/install/turtlebot4_simulator:/home/omartinez/ws/smartloc_ws/install/turtlebot4_ignition_bringup:/home/omartinez/ws/smartloc_ws/install/turtlebot4_node:/home/omartinez/ws/smartloc_ws/install/turtlebot4_navigation:/home/omartinez/ws/smartloc_ws/install/turtlebot4_ignition_toolbox:/home/omartinez/ws/smartloc_ws/install/turtlebot4_msgs:/home/omartinez/ws/smartloc_ws/install/turtlebot4_ignition_gui_plugins:/home/omartinez/ws/smartloc_ws/install/turtlebot4_description:/home/omartinez/ws/smartloc_ws/install/smartpredict_bridge:/home/omartinez/ws/smartloc_ws/install/smartloc_sim:/home/omartinez/ws/smartloc_ws/install/rfid_sensor_plugin:/home/omartinez/ws/smartloc_ws/install/position_calculator:/home/omartinez/ws/smartloc_ws/install/custom_interfaces:/home/omartinez/ws/smartloc_ws/install/webots_sim:/opt/ros/humble PYTHONPATH=/home/omartinez/2023-tfg-oscar-martinez/src/webbt_ws/install/tiago_description/local/lib/python3.10/dist-packages:${PYTHONPATH} /usr/bin/cmake --install /home/omartinez/2023-tfg-oscar-martinez/src/webbt_ws/build/tiago_bringup
