[2.042s] Invoking command in '/home/omartinez/2023-tfg-oscar-martinez/src/webbt_ws/build/py_trees_ros_tutorials': PYTHONPATH=/home/omartinez/2023-tfg-oscar-martinez/src/webbt_ws/build/py_trees_ros_tutorials/prefix_override:/home/omartinez/2023-tfg-oscar-martinez/src/webbt_ws/install/py_trees_ros_tutorials/lib/python3.10/site-packages:${PYTHONPATH} /usr/bin/python3 setup.py develop --editable --build-directory /home/omartinez/2023-tfg-oscar-martinez/src/webbt_ws/build/py_trees_ros_tutorials/build --no-deps install_data
[2.072s] /home/omartinez/2023-tfg-oscar-martinez/src/webbt_ws/build/py_trees_ros_tutorials/setup.py:5: DeprecationWarning: The distutils package is deprecated and slated for removal in Python 3.12. Use setuptools or check PEP 632 for potential alternatives
[2.072s]   from distutils import log
[2.482s] running develop
[2.829s] redirecting scripts
[2.830s]   from: /home/omartinez/2023-tfg-oscar-martinez/src/webbt_ws/install/py_trees_ros_tutorials/bin
[2.830s]     to: /home/omartinez/2023-tfg-oscar-martinez/src/webbt_ws/install/py_trees_ros_tutorials/lib/py_trees_ros_tutorials
[2.830s] running egg_info
[2.830s] writing py_trees_ros_tutorials.egg-info/PKG-INFO
[2.830s] writing dependency_links to py_trees_ros_tutorials.egg-info/dependency_links.txt
[2.830s] writing entry points to py_trees_ros_tutorials.egg-info/entry_points.txt
[2.831s] writing top-level names to py_trees_ros_tutorials.egg-info/top_level.txt
[2.835s] reading manifest file 'py_trees_ros_tutorials.egg-info/SOURCES.txt'
[2.836s] writing manifest file 'py_trees_ros_tutorials.egg-info/SOURCES.txt'
[2.886s] running build_ext
[2.887s] Creating /home/omartinez/2023-tfg-oscar-martinez/src/webbt_ws/install/py_trees_ros_tutorials/lib/python3.10/site-packages/py-trees-ros-tutorials.egg-link (link to .)
[2.888s] Installing mock-battery script to /home/omartinez/2023-tfg-oscar-martinez/src/webbt_ws/install/py_trees_ros_tutorials/lib/py_trees_ros_tutorials
[2.888s] Installing mock-dashboard script to /home/omartinez/2023-tfg-oscar-martinez/src/webbt_ws/install/py_trees_ros_tutorials/lib/py_trees_ros_tutorials
[2.888s] Installing mock-dock-client script to /home/omartinez/2023-tfg-oscar-martinez/src/webbt_ws/install/py_trees_ros_tutorials/lib/py_trees_ros_tutorials
[2.889s] Installing mock-docking-controller script to /home/omartinez/2023-tfg-oscar-martinez/src/webbt_ws/install/py_trees_ros_tutorials/lib/py_trees_ros_tutorials
[2.889s] Installing mock-led-strip script to /home/omartinez/2023-tfg-oscar-martinez/src/webbt_ws/install/py_trees_ros_tutorials/lib/py_trees_ros_tutorials
[2.889s] Installing mock-move-base script to /home/omartinez/2023-tfg-oscar-martinez/src/webbt_ws/install/py_trees_ros_tutorials/lib/py_trees_ros_tutorials
[2.889s] Installing mock-move-base-client script to /home/omartinez/2023-tfg-oscar-martinez/src/webbt_ws/install/py_trees_ros_tutorials/lib/py_trees_ros_tutorials
[2.889s] Installing mock-rotate-client script to /home/omartinez/2023-tfg-oscar-martinez/src/webbt_ws/install/py_trees_ros_tutorials/lib/py_trees_ros_tutorials
[2.889s] Installing mock-rotation-controller script to /home/omartinez/2023-tfg-oscar-martinez/src/webbt_ws/install/py_trees_ros_tutorials/lib/py_trees_ros_tutorials
[2.890s] Installing mock-safety-sensors script to /home/omartinez/2023-tfg-oscar-martinez/src/webbt_ws/install/py_trees_ros_tutorials/lib/py_trees_ros_tutorials
[2.890s] Installing tree-action-clients script to /home/omartinez/2023-tfg-oscar-martinez/src/webbt_ws/install/py_trees_ros_tutorials/lib/py_trees_ros_tutorials
[2.890s] Installing tree-battery-check script to /home/omartinez/2023-tfg-oscar-martinez/src/webbt_ws/install/py_trees_ros_tutorials/lib/py_trees_ros_tutorials
[2.890s] Installing tree-context-switching script to /home/omartinez/2023-tfg-oscar-martinez/src/webbt_ws/install/py_trees_ros_tutorials/lib/py_trees_ros_tutorials
[2.890s] Installing tree-data-gathering script to /home/omartinez/2023-tfg-oscar-martinez/src/webbt_ws/install/py_trees_ros_tutorials/lib/py_trees_ros_tutorials
[2.890s] Installing tree-docking-cancelling-failing script to /home/omartinez/2023-tfg-oscar-martinez/src/webbt_ws/install/py_trees_ros_tutorials/lib/py_trees_ros_tutorials
[2.891s] Installing tree-dynamic-application-loading script to /home/omartinez/2023-tfg-oscar-martinez/src/webbt_ws/install/py_trees_ros_tutorials/lib/py_trees_ros_tutorials
[2.891s] 
[2.891s] Installed /home/omartinez/2023-tfg-oscar-martinez/src/webbt_ws/build/py_trees_ros_tutorials
[2.891s] running install_data
[2.966s] Invoked command in '/home/omartinez/2023-tfg-oscar-martinez/src/webbt_ws/build/py_trees_ros_tutorials' returned '0': PYTHONPATH=/home/omartinez/2023-tfg-oscar-martinez/src/webbt_ws/build/py_trees_ros_tutorials/prefix_override:/home/omartinez/2023-tfg-oscar-martinez/src/webbt_ws/install/py_trees_ros_tutorials/lib/python3.10/site-packages:${PYTHONPATH} /usr/bin/python3 setup.py develop --editable --build-directory /home/omartinez/2023-tfg-oscar-martinez/src/webbt_ws/build/py_trees_ros_tutorials/build --no-deps install_data
