[0.084s] Invoking command in '/home/omartinez/2023-tfg-oscar-martinez/src/webbt_ws/build/tiago_controller_configuration': AMENT_PREFIX_PATH=/home/omartinez/2023-tfg-oscar-martinez/src/webbt_ws/install/pal_gripper_controller_configuration:${AMENT_PREFIX_PATH} CMAKE_PREFIX_PATH=/home/omartinez/2023-tfg-oscar-martinez/src/webbt_ws/install/pal_gripper_controller_configuration:/home/omartinez/ws/smartloc_ws/install/turtlebot4_simulator:/home/omartinez/ws/smartloc_ws/install/turtlebot4_ignition_bringup:/home/omartinez/ws/smartloc_ws/install/turtlebot4_node:/home/omartinez/ws/smartloc_ws/install/turtlebot4_navigation:/home/omartinez/ws/smartloc_ws/install/turtlebot4_ignition_toolbox:/home/omartinez/ws/smartloc_ws/install/turtlebot4_msgs:/home/omartinez/ws/smartloc_ws/install/turtlebot4_ignition_gui_plugins:/home/omartinez/ws/smartloc_ws/install/turtlebot4_description:/home/omartinez/ws/smartloc_ws/install/smartpredict_bridge:/home/omartinez/ws/smartloc_ws/install/smartloc_sim:/home/omartinez/ws/smartloc_ws/install/rfid_sensor_plugin:/home/omartinez/ws/smartloc_ws/install/position_calculator:/home/omartinez/ws/smartloc_ws/install/custom_interfaces:/home/omartinez/ws/smartloc_ws/install/webots_sim:/opt/ros/humble /usr/bin/cmake --build /home/omartinez/2023-tfg-oscar-martinez/src/webbt_ws/build/tiago_controller_configuration -- -j8 -l8
[0.140s] -- Found ament_cmake_auto: 1.3.5 (/opt/ros/humble/share/ament_cmake_auto/cmake)
[0.336s] -- Found Python3: /usr/bin/python3.10 (found version "3.10.12") found components: Interpreter 
[0.496s] -- Override CMake install command with custom implementation using symlinks instead of copying resources
[0.693s] -- Found ament_lint_auto: 0.12.6 (/opt/ros/humble/share/ament_lint_auto/cmake)
[0.719s] -- Added test 'copyright' to check source files copyright and LICENSE
[0.734s] -- Added test 'flake8' to check Python code syntax and style conventions
[0.736s] -- Added test 'lint_cmake' to check CMake code style
[0.737s] -- Added test 'pep257' to check Python code against some of the docstring style conventions in PEP 257
[0.746s] -- Added test 'xmllint' to check XML markup files
[0.749s] -- Configuring done
[0.757s] -- Generating done
[0.768s] -- Build files have been written to: /home/omartinez/2023-tfg-oscar-martinez/src/webbt_ws/build/tiago_controller_configuration
[0.824s] Invoked command in '/home/omartinez/2023-tfg-oscar-martinez/src/webbt_ws/build/tiago_controller_configuration' returned '0': AMENT_PREFIX_PATH=/home/omartinez/2023-tfg-oscar-martinez/src/webbt_ws/install/pal_gripper_controller_configuration:${AMENT_PREFIX_PATH} CMAKE_PREFIX_PATH=/home/omartinez/2023-tfg-oscar-martinez/src/webbt_ws/install/pal_gripper_controller_configuration:/home/omartinez/ws/smartloc_ws/install/turtlebot4_simulator:/home/omartinez/ws/smartloc_ws/install/turtlebot4_ignition_bringup:/home/omartinez/ws/smartloc_ws/install/turtlebot4_node:/home/omartinez/ws/smartloc_ws/install/turtlebot4_navigation:/home/omartinez/ws/smartloc_ws/install/turtlebot4_ignition_toolbox:/home/omartinez/ws/smartloc_ws/install/turtlebot4_msgs:/home/omartinez/ws/smartloc_ws/install/turtlebot4_ignition_gui_plugins:/home/omartinez/ws/smartloc_ws/install/turtlebot4_description:/home/omartinez/ws/smartloc_ws/install/smartpredict_bridge:/home/omartinez/ws/smartloc_ws/install/smartloc_sim:/home/omartinez/ws/smartloc_ws/install/rfid_sensor_plugin:/home/omartinez/ws/smartloc_ws/install/position_calculator:/home/omartinez/ws/smartloc_ws/install/custom_interfaces:/home/omartinez/ws/smartloc_ws/install/webots_sim:/opt/ros/humble /usr/bin/cmake --build /home/omartinez/2023-tfg-oscar-martinez/src/webbt_ws/build/tiago_controller_configuration -- -j8 -l8
[0.889s] Invoking command in '/home/omartinez/2023-tfg-oscar-martinez/src/webbt_ws/build/tiago_controller_configuration': AMENT_PREFIX_PATH=/home/omartinez/2023-tfg-oscar-martinez/src/webbt_ws/install/pal_gripper_controller_configuration:${AMENT_PREFIX_PATH} CMAKE_PREFIX_PATH=/home/omartinez/2023-tfg-oscar-martinez/src/webbt_ws/install/pal_gripper_controller_configuration:/home/omartinez/ws/smartloc_ws/install/turtlebot4_simulator:/home/omartinez/ws/smartloc_ws/install/turtlebot4_ignition_bringup:/home/omartinez/ws/smartloc_ws/install/turtlebot4_node:/home/omartinez/ws/smartloc_ws/install/turtlebot4_navigation:/home/omartinez/ws/smartloc_ws/install/turtlebot4_ignition_toolbox:/home/omartinez/ws/smartloc_ws/install/turtlebot4_msgs:/home/omartinez/ws/smartloc_ws/install/turtlebot4_ignition_gui_plugins:/home/omartinez/ws/smartloc_ws/install/turtlebot4_description:/home/omartinez/ws/smartloc_ws/install/smartpredict_bridge:/home/omartinez/ws/smartloc_ws/install/smartloc_sim:/home/omartinez/ws/smartloc_ws/install/rfid_sensor_plugin:/home/omartinez/ws/smartloc_ws/install/position_calculator:/home/omartinez/ws/smartloc_ws/install/custom_interfaces:/home/omartinez/ws/smartloc_ws/install/webots_sim:/opt/ros/humble /usr/bin/cmake --install /home/omartinez/2023-tfg-oscar-martinez/src/webbt_ws/build/tiago_controller_configuration
[0.906s] -- Install configuration: ""
[0.908s] -- Execute custom install script
[0.911s] -- Up-to-date symlink: /home/omartinez/2023-tfg-oscar-martinez/src/webbt_ws/install/tiago_controller_configuration/share/tiago_controller_configuration/config/arm_controller.yaml
[0.912s] -- Up-to-date symlink: /home/omartinez/2023-tfg-oscar-martinez/src/webbt_ws/install/tiago_controller_configuration/share/tiago_controller_configuration/config/current_limit_controllers.yaml
[0.913s] -- Up-to-date symlink: /home/omartinez/2023-tfg-oscar-martinez/src/webbt_ws/install/tiago_controller_configuration/share/tiago_controller_configuration/config/default_safety_parameters.yaml
[0.914s] -- Up-to-date symlink: /home/omartinez/2023-tfg-oscar-martinez/src/webbt_ws/install/tiago_controller_configuration/share/tiago_controller_configuration/config/ft_sensor_controller.yaml
[0.915s] -- Up-to-date symlink: /home/omartinez/2023-tfg-oscar-martinez/src/webbt_ws/install/tiago_controller_configuration/share/tiago_controller_configuration/config/gazebo_controller_manager_cfg.yaml
[0.916s] -- Up-to-date symlink: /home/omartinez/2023-tfg-oscar-martinez/src/webbt_ws/install/tiago_controller_configuration/share/tiago_controller_configuration/config/gravity_compensation_controller.yaml
[0.916s] -- Up-to-date symlink: /home/omartinez/2023-tfg-oscar-martinez/src/webbt_ws/install/tiago_controller_configuration/share/tiago_controller_configuration/config/head_controller.yaml
[0.917s] -- Up-to-date symlink: /home/omartinez/2023-tfg-oscar-martinez/src/webbt_ws/install/tiago_controller_configuration/share/tiago_controller_configuration/config/joint_state_broadcaster.yaml
[0.918s] -- Up-to-date symlink: /home/omartinez/2023-tfg-oscar-martinez/src/webbt_ws/install/tiago_controller_configuration/share/tiago_controller_configuration/config/joint_state_controller_extra_joints.yaml
[0.918s] -- Up-to-date symlink: /home/omartinez/2023-tfg-oscar-martinez/src/webbt_ws/install/tiago_controller_configuration/share/tiago_controller_configuration/config/joint_trajectory_controllers.yaml
[0.919s] -- Up-to-date symlink: /home/omartinez/2023-tfg-oscar-martinez/src/webbt_ws/install/tiago_controller_configuration/share/tiago_controller_configuration/config/local_joint_control/actuator_parameters/actuator_parameters_specific_params.yaml
[0.919s] -- Up-to-date symlink: /home/omartinez/2023-tfg-oscar-martinez/src/webbt_ws/install/tiago_controller_configuration/share/tiago_controller_configuration/config/local_joint_control/actuator_parameters/actuator_safety_specific_params.yaml
[0.920s] -- Up-to-date symlink: /home/omartinez/2023-tfg-oscar-martinez/src/webbt_ws/install/tiago_controller_configuration/share/tiago_controller_configuration/config/local_joint_control/actuator_parameters/arm_1_joint.yaml
[0.920s] -- Up-to-date symlink: /home/omartinez/2023-tfg-oscar-martinez/src/webbt_ws/install/tiago_controller_configuration/share/tiago_controller_configuration/config/local_joint_control/actuator_parameters/arm_1_joint_safety.yaml
[0.921s] -- Up-to-date symlink: /home/omartinez/2023-tfg-oscar-martinez/src/webbt_ws/install/tiago_controller_configuration/share/tiago_controller_configuration/config/local_joint_control/actuator_parameters/arm_2_joint.yaml
[0.921s] -- Up-to-date symlink: /home/omartinez/2023-tfg-oscar-martinez/src/webbt_ws/install/tiago_controller_configuration/share/tiago_controller_configuration/config/local_joint_control/actuator_parameters/arm_2_joint_safety.yaml
[0.922s] -- Up-to-date symlink: /home/omartinez/2023-tfg-oscar-martinez/src/webbt_ws/install/tiago_controller_configuration/share/tiago_controller_configuration/config/local_joint_control/actuator_parameters/arm_3_joint.yaml
[0.922s] -- Up-to-date symlink: /home/omartinez/2023-tfg-oscar-martinez/src/webbt_ws/install/tiago_controller_configuration/share/tiago_controller_configuration/config/local_joint_control/actuator_parameters/arm_3_joint_safety.yaml
[0.923s] -- Up-to-date symlink: /home/omartinez/2023-tfg-oscar-martinez/src/webbt_ws/install/tiago_controller_configuration/share/tiago_controller_configuration/config/local_joint_control/actuator_parameters/arm_4_joint.yaml
[0.923s] -- Up-to-date symlink: /home/omartinez/2023-tfg-oscar-martinez/src/webbt_ws/install/tiago_controller_configuration/share/tiago_controller_configuration/config/local_joint_control/actuator_parameters/arm_4_joint_safety.yaml
[0.924s] -- Up-to-date symlink: /home/omartinez/2023-tfg-oscar-martinez/src/webbt_ws/install/tiago_controller_configuration/share/tiago_controller_configuration/config/local_joint_control/actuator_parameters/arm_5_joint.yaml
[0.925s] -- Up-to-date symlink: /home/omartinez/2023-tfg-oscar-martinez/src/webbt_ws/install/tiago_controller_configuration/share/tiago_controller_configuration/config/local_joint_control/actuator_parameters/arm_5_joint_safety.yaml
[0.925s] -- Up-to-date symlink: /home/omartinez/2023-tfg-oscar-martinez/src/webbt_ws/install/tiago_controller_configuration/share/tiago_controller_configuration/config/local_joint_control/actuator_parameters/arm_6_joint.yaml
[0.926s] -- Up-to-date symlink: /home/omartinez/2023-tfg-oscar-martinez/src/webbt_ws/install/tiago_controller_configuration/share/tiago_controller_configuration/config/local_joint_control/actuator_parameters/arm_6_joint_safety.yaml
[0.926s] -- Up-to-date symlink: /home/omartinez/2023-tfg-oscar-martinez/src/webbt_ws/install/tiago_controller_configuration/share/tiago_controller_configuration/config/local_joint_control/actuator_parameters/arm_7_joint.yaml
[0.927s] -- Up-to-date symlink: /home/omartinez/2023-tfg-oscar-martinez/src/webbt_ws/install/tiago_controller_configuration/share/tiago_controller_configuration/config/local_joint_control/actuator_parameters/arm_7_joint_safety.yaml
[0.927s] -- Up-to-date symlink: /home/omartinez/2023-tfg-oscar-martinez/src/webbt_ws/install/tiago_controller_configuration/share/tiago_controller_configuration/config/local_joint_control/actuator_parameters/head_1_joint.yaml
[0.928s] -- Up-to-date symlink: /home/omartinez/2023-tfg-oscar-martinez/src/webbt_ws/install/tiago_controller_configuration/share/tiago_controller_configuration/config/local_joint_control/actuator_parameters/head_2_joint.yaml
[0.928s] -- Up-to-date symlink: /home/omartinez/2023-tfg-oscar-martinez/src/webbt_ws/install/tiago_controller_configuration/share/tiago_controller_configuration/config/local_joint_control/actuator_parameters/torso_lift_joint.yaml
[0.929s] -- Up-to-date symlink: /home/omartinez/2023-tfg-oscar-martinez/src/webbt_ws/install/tiago_controller_configuration/share/tiago_controller_configuration/config/local_joint_control/direct_effort_control/arm_1_joint.yaml
[0.929s] -- Up-to-date symlink: /home/omartinez/2023-tfg-oscar-martinez/src/webbt_ws/install/tiago_controller_configuration/share/tiago_controller_configuration/config/local_joint_control/direct_effort_control/arm_2_joint.yaml
[0.930s] -- Up-to-date symlink: /home/omartinez/2023-tfg-oscar-martinez/src/webbt_ws/install/tiago_controller_configuration/share/tiago_controller_configuration/config/local_joint_control/direct_effort_control/arm_3_joint.yaml
[0.930s] -- Up-to-date symlink: /home/omartinez/2023-tfg-oscar-martinez/src/webbt_ws/install/tiago_controller_configuration/share/tiago_controller_configuration/config/local_joint_control/direct_effort_control/arm_4_joint.yaml
[0.931s] -- Up-to-date symlink: /home/omartinez/2023-tfg-oscar-martinez/src/webbt_ws/install/tiago_controller_configuration/share/tiago_controller_configuration/config/local_joint_control/direct_effort_control/arm_5_joint.yaml
[0.932s] -- Up-to-date symlink: /home/omartinez/2023-tfg-oscar-martinez/src/webbt_ws/install/tiago_controller_configuration/share/tiago_controller_configuration/config/local_joint_control/direct_effort_control/arm_6_joint.yaml
[0.932s] -- Up-to-date symlink: /home/omartinez/2023-tfg-oscar-martinez/src/webbt_ws/install/tiago_controller_configuration/share/tiago_controller_configuration/config/local_joint_control/direct_effort_control/arm_7_joint.yaml
[0.932s] -- Up-to-date symlink: /home/omartinez/2023-tfg-oscar-martinez/src/webbt_ws/install/tiago_controller_configuration/share/tiago_controller_configuration/config/local_joint_control/no_control/arm_1_joint_params.yaml
[0.933s] -- Up-to-date symlink: /home/omartinez/2023-tfg-oscar-martinez/src/webbt_ws/install/tiago_controller_configuration/share/tiago_controller_configuration/config/local_joint_control/no_control/arm_2_joint_params.yaml
[0.933s] -- Up-to-date symlink: /home/omartinez/2023-tfg-oscar-martinez/src/webbt_ws/install/tiago_controller_configuration/share/tiago_controller_configuration/config/local_joint_control/no_control/arm_3_joint_params.yaml
[0.933s] -- Up-to-date symlink: /home/omartinez/2023-tfg-oscar-martinez/src/webbt_ws/install/tiago_controller_configuration/share/tiago_controller_configuration/config/local_joint_control/no_control/arm_4_joint_params.yaml
[0.934s] -- Up-to-date symlink: /home/omartinez/2023-tfg-oscar-martinez/src/webbt_ws/install/tiago_controller_configuration/share/tiago_controller_configuration/config/local_joint_control/no_control/arm_5_joint_params.yaml
[0.934s] -- Up-to-date symlink: /home/omartinez/2023-tfg-oscar-martinez/src/webbt_ws/install/tiago_controller_configuration/share/tiago_controller_configuration/config/local_joint_control/no_control/arm_6_joint_params.yaml
[0.936s] -- Up-to-date symlink: /home/omartinez/2023-tfg-oscar-martinez/src/webbt_ws/install/tiago_controller_configuration/share/tiago_controller_configuration/config/local_joint_control/no_control/arm_7_joint_params.yaml
[0.936s] -- Up-to-date symlink: /home/omartinez/2023-tfg-oscar-martinez/src/webbt_ws/install/tiago_controller_configuration/share/tiago_controller_configuration/config/local_joint_control/no_control/torso_lift_joint_params.yaml
[0.937s] -- Up-to-date symlink: /home/omartinez/2023-tfg-oscar-martinez/src/webbt_ws/install/tiago_controller_configuration/share/tiago_controller_configuration/config/mobile_base_controller.yaml
[0.937s] -- Up-to-date symlink: /home/omartinez/2023-tfg-oscar-martinez/src/webbt_ws/install/tiago_controller_configuration/share/tiago_controller_configuration/config/mobile_base_controller_multipliers.yaml
[0.937s] -- Up-to-date symlink: /home/omartinez/2023-tfg-oscar-martinez/src/webbt_ws/install/tiago_controller_configuration/share/tiago_controller_configuration/config/pal-gripper_joint_trajectory_controllers.yaml
[0.938s] -- Up-to-date symlink: /home/omartinez/2023-tfg-oscar-martinez/src/webbt_ws/install/tiago_controller_configuration/share/tiago_controller_configuration/config/pal-hey5_joint_trajectory_controllers.yaml
[0.939s] -- Up-to-date symlink: /home/omartinez/2023-tfg-oscar-martinez/src/webbt_ws/install/tiago_controller_configuration/share/tiago_controller_configuration/config/pids.yaml
[0.939s] -- Up-to-date symlink: /home/omartinez/2023-tfg-oscar-martinez/src/webbt_ws/install/tiago_controller_configuration/share/tiago_controller_configuration/config/torso_controller.yaml
[0.940s] -- Up-to-date symlink: /home/omartinez/2023-tfg-oscar-martinez/src/webbt_ws/install/tiago_controller_configuration/share/tiago_controller_configuration/launch/arm_controller.launch.py
[0.941s] -- Up-to-date symlink: /home/omartinez/2023-tfg-oscar-martinez/src/webbt_ws/install/tiago_controller_configuration/share/tiago_controller_configuration/launch/default_controllers.launch.py
[0.942s] -- Up-to-date symlink: /home/omartinez/2023-tfg-oscar-martinez/src/webbt_ws/install/tiago_controller_configuration/share/tiago_controller_configuration/launch/ft_sensor_controller.launch.py
[0.942s] -- Up-to-date symlink: /home/omartinez/2023-tfg-oscar-martinez/src/webbt_ws/install/tiago_controller_configuration/share/tiago_controller_configuration/launch/gravity_compensation_controller.launch.py
[0.942s] -- Up-to-date symlink: /home/omartinez/2023-tfg-oscar-martinez/src/webbt_ws/install/tiago_controller_configuration/share/tiago_controller_configuration/launch/head_controller.launch.py
[0.943s] -- Up-to-date symlink: /home/omartinez/2023-tfg-oscar-martinez/src/webbt_ws/install/tiago_controller_configuration/share/tiago_controller_configuration/launch/joint_state_broadcaster.launch.py
[0.943s] -- Up-to-date symlink: /home/omartinez/2023-tfg-oscar-martinez/src/webbt_ws/install/tiago_controller_configuration/share/tiago_controller_configuration/launch/mobile_base_controller.launch.py
[0.944s] -- Up-to-date symlink: /home/omartinez/2023-tfg-oscar-martinez/src/webbt_ws/install/tiago_controller_configuration/share/tiago_controller_configuration/launch/pal-gripper_controller.launch.py
[0.944s] -- Up-to-date symlink: /home/omartinez/2023-tfg-oscar-martinez/src/webbt_ws/install/tiago_controller_configuration/share/tiago_controller_configuration/launch/pal-hey5_controller.launch.py
[0.944s] -- Up-to-date symlink: /home/omartinez/2023-tfg-oscar-martinez/src/webbt_ws/install/tiago_controller_configuration/share/tiago_controller_configuration/launch/torso_controller.launch.py
[0.945s] -- Up-to-date symlink: /home/omartinez/2023-tfg-oscar-martinez/src/webbt_ws/install/tiago_controller_configuration/share/ament_index/resource_index/package_run_dependencies/tiago_controller_configuration
[0.946s] -- Up-to-date symlink: /home/omartinez/2023-tfg-oscar-martinez/src/webbt_ws/install/tiago_controller_configuration/share/ament_index/resource_index/parent_prefix_path/tiago_controller_configuration
[0.946s] -- Up-to-date symlink: /home/omartinez/2023-tfg-oscar-martinez/src/webbt_ws/install/tiago_controller_configuration/share/tiago_controller_configuration/environment/ament_prefix_path.sh
[0.947s] -- Up-to-date symlink: /home/omartinez/2023-tfg-oscar-martinez/src/webbt_ws/install/tiago_controller_configuration/share/tiago_controller_configuration/environment/ament_prefix_path.dsv
[0.953s] -- Up-to-date symlink: /home/omartinez/2023-tfg-oscar-martinez/src/webbt_ws/install/tiago_controller_configuration/share/tiago_controller_configuration/environment/path.sh
[0.955s] -- Up-to-date symlink: /home/omartinez/2023-tfg-oscar-martinez/src/webbt_ws/install/tiago_controller_configuration/share/tiago_controller_configuration/environment/path.dsv
[0.955s] -- Up-to-date symlink: /home/omartinez/2023-tfg-oscar-martinez/src/webbt_ws/install/tiago_controller_configuration/share/tiago_controller_configuration/local_setup.bash
[0.956s] -- Up-to-date symlink: /home/omartinez/2023-tfg-oscar-martinez/src/webbt_ws/install/tiago_controller_configuration/share/tiago_controller_configuration/local_setup.sh
[0.956s] -- Up-to-date symlink: /home/omartinez/2023-tfg-oscar-martinez/src/webbt_ws/install/tiago_controller_configuration/share/tiago_controller_configuration/local_setup.zsh
[0.956s] -- Up-to-date symlink: /home/omartinez/2023-tfg-oscar-martinez/src/webbt_ws/install/tiago_controller_configuration/share/tiago_controller_configuration/local_setup.dsv
[0.956s] -- Symlinking: /home/omartinez/2023-tfg-oscar-martinez/src/webbt_ws/install/tiago_controller_configuration/share/tiago_controller_configuration/package.dsv
[0.967s] -- Up-to-date symlink: /home/omartinez/2023-tfg-oscar-martinez/src/webbt_ws/install/tiago_controller_configuration/share/ament_index/resource_index/packages/tiago_controller_configuration
[0.968s] -- Up-to-date symlink: /home/omartinez/2023-tfg-oscar-martinez/src/webbt_ws/install/tiago_controller_configuration/share/tiago_controller_configuration/cmake/tiago_controller_configurationConfig.cmake
[0.969s] -- Up-to-date symlink: /home/omartinez/2023-tfg-oscar-martinez/src/webbt_ws/install/tiago_controller_configuration/share/tiago_controller_configuration/cmake/tiago_controller_configurationConfig-version.cmake
[0.969s] -- Up-to-date symlink: /home/omartinez/2023-tfg-oscar-martinez/src/webbt_ws/install/tiago_controller_configuration/share/tiago_controller_configuration/package.xml
[0.977s] Invoked command in '/home/omartinez/2023-tfg-oscar-martinez/src/webbt_ws/build/tiago_controller_configuration' returned '0': AMENT_PREFIX_PATH=/home/omartinez/2023-tfg-oscar-martinez/src/webbt_ws/install/pal_gripper_controller_configuration:${AMENT_PREFIX_PATH} CMAKE_PREFIX_PATH=/home/omartinez/2023-tfg-oscar-martinez/src/webbt_ws/install/pal_gripper_controller_configuration:/home/omartinez/ws/smartloc_ws/install/turtlebot4_simulator:/home/omartinez/ws/smartloc_ws/install/turtlebot4_ignition_bringup:/home/omartinez/ws/smartloc_ws/install/turtlebot4_node:/home/omartinez/ws/smartloc_ws/install/turtlebot4_navigation:/home/omartinez/ws/smartloc_ws/install/turtlebot4_ignition_toolbox:/home/omartinez/ws/smartloc_ws/install/turtlebot4_msgs:/home/omartinez/ws/smartloc_ws/install/turtlebot4_ignition_gui_plugins:/home/omartinez/ws/smartloc_ws/install/turtlebot4_description:/home/omartinez/ws/smartloc_ws/install/smartpredict_bridge:/home/omartinez/ws/smartloc_ws/install/smartloc_sim:/home/omartinez/ws/smartloc_ws/install/rfid_sensor_plugin:/home/omartinez/ws/smartloc_ws/install/position_calculator:/home/omartinez/ws/smartloc_ws/install/custom_interfaces:/home/omartinez/ws/smartloc_ws/install/webots_sim:/opt/ros/humble /usr/bin/cmake --install /home/omartinez/2023-tfg-oscar-martinez/src/webbt_ws/build/tiago_controller_configuration
