[0.000000] (-) TimerEvent: {}
[0.000143] (-) JobUnselected: {'identifier': 'aws_robomaker_bookstore_world'}
[0.000299] (-) JobUnselected: {'identifier': 'aws_robomaker_racetrack_world'}
[0.000338] (-) JobUnselected: {'identifier': 'aws_robomaker_small_house_world'}
[0.000364] (-) JobUnselected: {'identifier': 'aws_robomaker_small_warehouse_world'}
[0.000581] (-) JobUnselected: {'identifier': 'ir_robots'}
[0.000682] (-) JobUnselected: {'identifier': 'kobuki_bumper2pc'}
[0.000734] (-) JobUnselected: {'identifier': 'kobuki_description'}
[0.000760] (-) JobUnselected: {'identifier': 'kobuki_keyop'}
[0.000783] (-) JobUnselected: {'identifier': 'kobuki_random_walker'}
[0.000804] (-) JobUnselected: {'identifier': 'kobuki_ros'}
[0.000826] (-) JobUnselected: {'identifier': 'kobuki_ros_interfaces'}
[0.000847] (-) JobUnselected: {'identifier': 'kobuki_safety_controller'}
[0.000869] (-) JobUnselected: {'identifier': 'laser_filters'}
[0.000890] (-) JobUnselected: {'identifier': 'pal_gripper'}
[0.000910] (-) JobUnselected: {'identifier': 'pal_gripper_controller_configuration'}
[0.000932] (-) JobUnselected: {'identifier': 'pal_gripper_description'}
[0.000953] (-) JobUnselected: {'identifier': 'py_gardener'}
[0.000973] (-) JobUnselected: {'identifier': 'py_trees_ros_tutorials'}
[0.000994] (-) JobUnselected: {'identifier': 'py_trees_ros_viewer'}
[0.001016] (-) JobUnselected: {'identifier': 'rplidar_ros'}
[0.001056] (-) JobUnselected: {'identifier': 'sophus'}
[0.001081] (-) JobUnselected: {'identifier': 'tiago_bringup'}
[0.001102] (-) JobUnselected: {'identifier': 'tiago_controller_configuration'}
[0.001124] (-) JobUnselected: {'identifier': 'tiago_description'}
[0.001146] (-) JobUnselected: {'identifier': 'tiago_robot'}
[0.001168] (-) EventReactorShutdown: {}
