[0.222s] Invoking command in '/home/omartinez/2023-tfg-oscar-martinez/src/webbt_ws/build/tiago_description': CMAKE_PREFIX_PATH=/home/omartinez/2023-tfg-oscar-martinez/src/webbt_ws/install/tiago_controller_configuration:/home/omartinez/2023-tfg-oscar-martinez/src/webbt_ws/install/pal_gripper_description:/home/omartinez/2023-tfg-oscar-martinez/src/webbt_ws/install/pal_gripper_controller_configuration:/home/omartinez/2023-tfg-oscar-martinez/src/webbt_ws/install/tiago_robot:/home/omartinez/2023-tfg-oscar-martinez/src/webbt_ws/install/tiago_bringup:/home/omartinez/2023-tfg-oscar-martinez/src/webbt_ws/install/tiago_description:/home/omartinez/2023-tfg-oscar-martinez/src/webbt_ws/install/sophus:/home/omartinez/2023-tfg-oscar-martinez/src/webbt_ws/install/rplidar_ros:/home/omartinez/2023-tfg-oscar-martinez/src/webbt_ws/install/pal_gripper:/home/omartinez/2023-tfg-oscar-martinez/src/webbt_ws/install/laser_filters:/home/omartinez/2023-tfg-oscar-martinez/src/webbt_ws/install/kobuki_ros:/home/omartinez/2023-tfg-oscar-martinez/src/webbt_ws/install/kobuki_safety_controller:/home/omartinez/2023-tfg-oscar-martinez/src/webbt_ws/install/kobuki_random_walker:/home/omartinez/2023-tfg-oscar-martinez/src/webbt_ws/install/kobuki_keyop:/home/omartinez/2023-tfg-oscar-martinez/src/webbt_ws/install/kobuki_bumper2pc:/home/omartinez/2023-tfg-oscar-martinez/src/webbt_ws/install/kobuki_ros_interfaces:/home/omartinez/2023-tfg-oscar-martinez/src/webbt_ws/install/kobuki_description:/home/omartinez/2023-tfg-oscar-martinez/src/webbt_ws/install/ir_robots:/home/omartinez/2023-tfg-oscar-martinez/src/webbt_ws/install/aws_robomaker_small_warehouse_world:/home/omartinez/2023-tfg-oscar-martinez/src/webbt_ws/install/aws_robomaker_small_house_world:/home/omartinez/2023-tfg-oscar-martinez/src/webbt_ws/install/aws_robomaker_racetrack_world:/home/omartinez/2023-tfg-oscar-martinez/src/webbt_ws/install/aws_robomaker_bookstore_world:/home/omartinez/ws/smartloc_ws/install/turtlebot4_simulator:/home/omartinez/ws/smartloc_ws/install/turtlebot4_ignition_bringup:/home/omartinez/ws/smartloc_ws/install/turtlebot4_node:/home/omartinez/ws/smartloc_ws/install/turtlebot4_navigation:/home/omartinez/ws/smartloc_ws/install/turtlebot4_ignition_toolbox:/home/omartinez/ws/smartloc_ws/install/turtlebot4_msgs:/home/omartinez/ws/smartloc_ws/install/turtlebot4_ignition_gui_plugins:/home/omartinez/ws/smartloc_ws/install/turtlebot4_description:/home/omartinez/ws/smartloc_ws/install/smartpredict_bridge:/home/omartinez/ws/smartloc_ws/install/smartloc_sim:/home/omartinez/ws/smartloc_ws/install/rfid_sensor_plugin:/home/omartinez/ws/smartloc_ws/install/position_calculator:/home/omartinez/ws/smartloc_ws/install/custom_interfaces:/home/omartinez/2023-tfg-oscar-martinez/src/webbt_ws/install/py_trees_ros_viewer:/home/omartinez/2023-tfg-oscar-martinez/src/webbt_ws/install/py_trees_ros_tutorials:/home/omartinez/2023-tfg-oscar-martinez/src/webbt_ws/install/client_demo:/home/omartinez/2023-tfg-oscar-martinez/src/webbt_ws/install/py_gardener:/home/omartinez/2023-tfg-oscar-martinez/src/webbt_ws/install/btpy:/home/omartinez/ws/smartloc_ws/install/webots_sim:/opt/ros/humble /usr/bin/cmake --build /home/omartinez/2023-tfg-oscar-martinez/src/webbt_ws/build/tiago_description -- -j8 -l8
[0.379s] Built target ament_cmake_python_symlink_tiago_description
[1.711s] running egg_info
[1.713s] writing tiago_description.egg-info/PKG-INFO
[1.713s] writing dependency_links to tiago_description.egg-info/dependency_links.txt
[1.714s] writing top-level names to tiago_description.egg-info/top_level.txt
[1.720s] reading manifest file 'tiago_description.egg-info/SOURCES.txt'
[1.721s] writing manifest file 'tiago_description.egg-info/SOURCES.txt'
[1.784s] Built target ament_cmake_python_build_tiago_description_egg
[1.810s] Invoked command in '/home/omartinez/2023-tfg-oscar-martinez/src/webbt_ws/build/tiago_description' returned '0': CMAKE_PREFIX_PATH=/home/omartinez/2023-tfg-oscar-martinez/src/webbt_ws/install/tiago_controller_configuration:/home/omartinez/2023-tfg-oscar-martinez/src/webbt_ws/install/pal_gripper_description:/home/omartinez/2023-tfg-oscar-martinez/src/webbt_ws/install/pal_gripper_controller_configuration:/home/omartinez/2023-tfg-oscar-martinez/src/webbt_ws/install/tiago_robot:/home/omartinez/2023-tfg-oscar-martinez/src/webbt_ws/install/tiago_bringup:/home/omartinez/2023-tfg-oscar-martinez/src/webbt_ws/install/tiago_description:/home/omartinez/2023-tfg-oscar-martinez/src/webbt_ws/install/sophus:/home/omartinez/2023-tfg-oscar-martinez/src/webbt_ws/install/rplidar_ros:/home/omartinez/2023-tfg-oscar-martinez/src/webbt_ws/install/pal_gripper:/home/omartinez/2023-tfg-oscar-martinez/src/webbt_ws/install/laser_filters:/home/omartinez/2023-tfg-oscar-martinez/src/webbt_ws/install/kobuki_ros:/home/omartinez/2023-tfg-oscar-martinez/src/webbt_ws/install/kobuki_safety_controller:/home/omartinez/2023-tfg-oscar-martinez/src/webbt_ws/install/kobuki_random_walker:/home/omartinez/2023-tfg-oscar-martinez/src/webbt_ws/install/kobuki_keyop:/home/omartinez/2023-tfg-oscar-martinez/src/webbt_ws/install/kobuki_bumper2pc:/home/omartinez/2023-tfg-oscar-martinez/src/webbt_ws/install/kobuki_ros_interfaces:/home/omartinez/2023-tfg-oscar-martinez/src/webbt_ws/install/kobuki_description:/home/omartinez/2023-tfg-oscar-martinez/src/webbt_ws/install/ir_robots:/home/omartinez/2023-tfg-oscar-martinez/src/webbt_ws/install/aws_robomaker_small_warehouse_world:/home/omartinez/2023-tfg-oscar-martinez/src/webbt_ws/install/aws_robomaker_small_house_world:/home/omartinez/2023-tfg-oscar-martinez/src/webbt_ws/install/aws_robomaker_racetrack_world:/home/omartinez/2023-tfg-oscar-martinez/src/webbt_ws/install/aws_robomaker_bookstore_world:/home/omartinez/ws/smartloc_ws/install/turtlebot4_simulator:/home/omartinez/ws/smartloc_ws/install/turtlebot4_ignition_bringup:/home/omartinez/ws/smartloc_ws/install/turtlebot4_node:/home/omartinez/ws/smartloc_ws/install/turtlebot4_navigation:/home/omartinez/ws/smartloc_ws/install/turtlebot4_ignition_toolbox:/home/omartinez/ws/smartloc_ws/install/turtlebot4_msgs:/home/omartinez/ws/smartloc_ws/install/turtlebot4_ignition_gui_plugins:/home/omartinez/ws/smartloc_ws/install/turtlebot4_description:/home/omartinez/ws/smartloc_ws/install/smartpredict_bridge:/home/omartinez/ws/smartloc_ws/install/smartloc_sim:/home/omartinez/ws/smartloc_ws/install/rfid_sensor_plugin:/home/omartinez/ws/smartloc_ws/install/position_calculator:/home/omartinez/ws/smartloc_ws/install/custom_interfaces:/home/omartinez/2023-tfg-oscar-martinez/src/webbt_ws/install/py_trees_ros_viewer:/home/omartinez/2023-tfg-oscar-martinez/src/webbt_ws/install/py_trees_ros_tutorials:/home/omartinez/2023-tfg-oscar-martinez/src/webbt_ws/install/client_demo:/home/omartinez/2023-tfg-oscar-martinez/src/webbt_ws/install/py_gardener:/home/omartinez/2023-tfg-oscar-martinez/src/webbt_ws/install/btpy:/home/omartinez/ws/smartloc_ws/install/webots_sim:/opt/ros/humble /usr/bin/cmake --build /home/omartinez/2023-tfg-oscar-martinez/src/webbt_ws/build/tiago_description -- -j8 -l8
[1.879s] Invoking command in '/home/omartinez/2023-tfg-oscar-martinez/src/webbt_ws/build/tiago_description': CMAKE_PREFIX_PATH=/home/omartinez/2023-tfg-oscar-martinez/src/webbt_ws/install/tiago_controller_configuration:/home/omartinez/2023-tfg-oscar-martinez/src/webbt_ws/install/pal_gripper_description:/home/omartinez/2023-tfg-oscar-martinez/src/webbt_ws/install/pal_gripper_controller_configuration:/home/omartinez/2023-tfg-oscar-martinez/src/webbt_ws/install/tiago_robot:/home/omartinez/2023-tfg-oscar-martinez/src/webbt_ws/install/tiago_bringup:/home/omartinez/2023-tfg-oscar-martinez/src/webbt_ws/install/tiago_description:/home/omartinez/2023-tfg-oscar-martinez/src/webbt_ws/install/sophus:/home/omartinez/2023-tfg-oscar-martinez/src/webbt_ws/install/rplidar_ros:/home/omartinez/2023-tfg-oscar-martinez/src/webbt_ws/install/pal_gripper:/home/omartinez/2023-tfg-oscar-martinez/src/webbt_ws/install/laser_filters:/home/omartinez/2023-tfg-oscar-martinez/src/webbt_ws/install/kobuki_ros:/home/omartinez/2023-tfg-oscar-martinez/src/webbt_ws/install/kobuki_safety_controller:/home/omartinez/2023-tfg-oscar-martinez/src/webbt_ws/install/kobuki_random_walker:/home/omartinez/2023-tfg-oscar-martinez/src/webbt_ws/install/kobuki_keyop:/home/omartinez/2023-tfg-oscar-martinez/src/webbt_ws/install/kobuki_bumper2pc:/home/omartinez/2023-tfg-oscar-martinez/src/webbt_ws/install/kobuki_ros_interfaces:/home/omartinez/2023-tfg-oscar-martinez/src/webbt_ws/install/kobuki_description:/home/omartinez/2023-tfg-oscar-martinez/src/webbt_ws/install/ir_robots:/home/omartinez/2023-tfg-oscar-martinez/src/webbt_ws/install/aws_robomaker_small_warehouse_world:/home/omartinez/2023-tfg-oscar-martinez/src/webbt_ws/install/aws_robomaker_small_house_world:/home/omartinez/2023-tfg-oscar-martinez/src/webbt_ws/install/aws_robomaker_racetrack_world:/home/omartinez/2023-tfg-oscar-martinez/src/webbt_ws/install/aws_robomaker_bookstore_world:/home/omartinez/ws/smartloc_ws/install/turtlebot4_simulator:/home/omartinez/ws/smartloc_ws/install/turtlebot4_ignition_bringup:/home/omartinez/ws/smartloc_ws/install/turtlebot4_node:/home/omartinez/ws/smartloc_ws/install/turtlebot4_navigation:/home/omartinez/ws/smartloc_ws/install/turtlebot4_ignition_toolbox:/home/omartinez/ws/smartloc_ws/install/turtlebot4_msgs:/home/omartinez/ws/smartloc_ws/install/turtlebot4_ignition_gui_plugins:/home/omartinez/ws/smartloc_ws/install/turtlebot4_description:/home/omartinez/ws/smartloc_ws/install/smartpredict_bridge:/home/omartinez/ws/smartloc_ws/install/smartloc_sim:/home/omartinez/ws/smartloc_ws/install/rfid_sensor_plugin:/home/omartinez/ws/smartloc_ws/install/position_calculator:/home/omartinez/ws/smartloc_ws/install/custom_interfaces:/home/omartinez/2023-tfg-oscar-martinez/src/webbt_ws/install/py_trees_ros_viewer:/home/omartinez/2023-tfg-oscar-martinez/src/webbt_ws/install/py_trees_ros_tutorials:/home/omartinez/2023-tfg-oscar-martinez/src/webbt_ws/install/client_demo:/home/omartinez/2023-tfg-oscar-martinez/src/webbt_ws/install/py_gardener:/home/omartinez/2023-tfg-oscar-martinez/src/webbt_ws/install/btpy:/home/omartinez/ws/smartloc_ws/install/webots_sim:/opt/ros/humble /usr/bin/cmake --install /home/omartinez/2023-tfg-oscar-martinez/src/webbt_ws/build/tiago_description
[1.900s] -- Install configuration: ""
[1.900s] -- Execute custom install script
[1.901s] -- Up-to-date symlink: /home/omartinez/2023-tfg-oscar-martinez/src/webbt_ws/install/tiago_description/share/tiago_description/environment/pythonpath.sh
[1.902s] -- Up-to-date symlink: /home/omartinez/2023-tfg-oscar-martinez/src/webbt_ws/install/tiago_description/share/tiago_description/environment/pythonpath.dsv
[1.902s] -- Up-to-date symlink: /home/omartinez/2023-tfg-oscar-martinez/src/webbt_ws/install/tiago_description/local/lib/python3.10/dist-packages/tiago_description-4.0.14-py3.10.egg-info/PKG-INFO
[1.902s] -- Up-to-date symlink: /home/omartinez/2023-tfg-oscar-martinez/src/webbt_ws/install/tiago_description/local/lib/python3.10/dist-packages/tiago_description-4.0.14-py3.10.egg-info/SOURCES.txt
[1.903s] -- Up-to-date symlink: /home/omartinez/2023-tfg-oscar-martinez/src/webbt_ws/install/tiago_description/local/lib/python3.10/dist-packages/tiago_description-4.0.14-py3.10.egg-info/dependency_links.txt
[1.903s] -- Up-to-date symlink: /home/omartinez/2023-tfg-oscar-martinez/src/webbt_ws/install/tiago_description/local/lib/python3.10/dist-packages/tiago_description-4.0.14-py3.10.egg-info/top_level.txt
[1.903s] -- Up-to-date symlink: /home/omartinez/2023-tfg-oscar-martinez/src/webbt_ws/install/tiago_description/local/lib/python3.10/dist-packages/tiago_description/__init__.py
[1.903s] -- Up-to-date symlink: /home/omartinez/2023-tfg-oscar-martinez/src/webbt_ws/install/tiago_description/local/lib/python3.10/dist-packages/tiago_description/tiago_launch_utils.py
[1.904s] -- Up-to-date symlink: /home/omartinez/2023-tfg-oscar-martinez/src/webbt_ws/install/tiago_description/share/tiago_description/config/collision/collision_parameters.yaml
[1.904s] -- Up-to-date symlink: /home/omartinez/2023-tfg-oscar-martinez/src/webbt_ws/install/tiago_description/share/tiago_description/gazebo/gazebo.urdf.xacro
[1.905s] -- Up-to-date symlink: /home/omartinez/2023-tfg-oscar-martinez/src/webbt_ws/install/tiago_description/share/tiago_description/launch/robot_state_publisher.launch.py
[1.906s] -- Up-to-date symlink: /home/omartinez/2023-tfg-oscar-martinez/src/webbt_ws/install/tiago_description/share/tiago_description/launch/show.launch.py
[1.907s] -- Up-to-date symlink: /home/omartinez/2023-tfg-oscar-martinez/src/webbt_ws/install/tiago_description/share/tiago_description/Media/materials/scripts/markers.material
[1.908s] -- Up-to-date symlink: /home/omartinez/2023-tfg-oscar-martinez/src/webbt_ws/install/tiago_description/share/tiago_description/Media/materials/textures/aruco-26_8cm.png
[1.912s] -- Up-to-date symlink: /home/omartinez/2023-tfg-oscar-martinez/src/webbt_ws/install/tiago_description/share/tiago_description/Media/materials/textures/aruco-582_8cm.png
[1.912s] -- Up-to-date symlink: /home/omartinez/2023-tfg-oscar-martinez/src/webbt_ws/install/tiago_description/share/tiago_description/Media/materials/textures/pal_logo_1_7cm.jpg
[1.913s] -- Up-to-date symlink: /home/omartinez/2023-tfg-oscar-martinez/src/webbt_ws/install/tiago_description/share/tiago_description/Media/materials/textures/pal_logo_2_7cm.jpg
[1.913s] -- Up-to-date symlink: /home/omartinez/2023-tfg-oscar-martinez/src/webbt_ws/install/tiago_description/share/tiago_description/Media/materials/textures/pal_logo_3_7cm.jpg
[1.914s] -- Up-to-date symlink: /home/omartinez/2023-tfg-oscar-martinez/src/webbt_ws/install/tiago_description/share/tiago_description/meshes/arm/arm_1.stl
[1.914s] -- Up-to-date symlink: /home/omartinez/2023-tfg-oscar-martinez/src/webbt_ws/install/tiago_description/share/tiago_description/meshes/arm/arm_1_collision.dae
[1.915s] -- Up-to-date symlink: /home/omartinez/2023-tfg-oscar-martinez/src/webbt_ws/install/tiago_description/share/tiago_description/meshes/arm/arm_1_color.png
[1.915s] -- Up-to-date symlink: /home/omartinez/2023-tfg-oscar-martinez/src/webbt_ws/install/tiago_description/share/tiago_description/meshes/arm/arm_1_normals.png
[1.916s] -- Up-to-date symlink: /home/omartinez/2023-tfg-oscar-martinez/src/webbt_ws/install/tiago_description/share/tiago_description/meshes/arm/arm_1_specular.png
[1.917s] -- Up-to-date symlink: /home/omartinez/2023-tfg-oscar-martinez/src/webbt_ws/install/tiago_description/share/tiago_description/meshes/arm/arm_2.stl
[1.917s] -- Up-to-date symlink: /home/omartinez/2023-tfg-oscar-martinez/src/webbt_ws/install/tiago_description/share/tiago_description/meshes/arm/arm_2_collision.dae
[1.918s] -- Up-to-date symlink: /home/omartinez/2023-tfg-oscar-martinez/src/webbt_ws/install/tiago_description/share/tiago_description/meshes/arm/arm_2_color.png
[1.924s] -- Up-to-date symlink: /home/omartinez/2023-tfg-oscar-martinez/src/webbt_ws/install/tiago_description/share/tiago_description/meshes/arm/arm_2_normals.png
[1.925s] -- Up-to-date symlink: /home/omartinez/2023-tfg-oscar-martinez/src/webbt_ws/install/tiago_description/share/tiago_description/meshes/arm/arm_2_specular.png
[1.925s] -- Up-to-date symlink: /home/omartinez/2023-tfg-oscar-martinez/src/webbt_ws/install/tiago_description/share/tiago_description/meshes/arm/arm_3.stl
[1.926s] -- Up-to-date symlink: /home/omartinez/2023-tfg-oscar-martinez/src/webbt_ws/install/tiago_description/share/tiago_description/meshes/arm/arm_3_collision.dae
[1.926s] -- Up-to-date symlink: /home/omartinez/2023-tfg-oscar-martinez/src/webbt_ws/install/tiago_description/share/tiago_description/meshes/arm/arm_3_color.png
[1.927s] -- Up-to-date symlink: /home/omartinez/2023-tfg-oscar-martinez/src/webbt_ws/install/tiago_description/share/tiago_description/meshes/arm/arm_3_normals.png
[1.927s] -- Up-to-date symlink: /home/omartinez/2023-tfg-oscar-martinez/src/webbt_ws/install/tiago_description/share/tiago_description/meshes/arm/arm_3_specular.png
[1.928s] -- Up-to-date symlink: /home/omartinez/2023-tfg-oscar-martinez/src/webbt_ws/install/tiago_description/share/tiago_description/meshes/arm/arm_4.stl
[1.929s] -- Up-to-date symlink: /home/omartinez/2023-tfg-oscar-martinez/src/webbt_ws/install/tiago_description/share/tiago_description/meshes/arm/arm_4_collision.dae
[1.929s] -- Up-to-date symlink: /home/omartinez/2023-tfg-oscar-martinez/src/webbt_ws/install/tiago_description/share/tiago_description/meshes/arm/arm_4_collision.stl
[1.930s] -- Up-to-date symlink: /home/omartinez/2023-tfg-oscar-martinez/src/webbt_ws/install/tiago_description/share/tiago_description/meshes/arm/arm_4_color.png
[1.931s] -- Up-to-date symlink: /home/omartinez/2023-tfg-oscar-martinez/src/webbt_ws/install/tiago_description/share/tiago_description/meshes/arm/arm_4_normals.png
[1.931s] -- Up-to-date symlink: /home/omartinez/2023-tfg-oscar-martinez/src/webbt_ws/install/tiago_description/share/tiago_description/meshes/arm/arm_4_specular.png
[1.932s] -- Up-to-date symlink: /home/omartinez/2023-tfg-oscar-martinez/src/webbt_ws/install/tiago_description/share/tiago_description/meshes/arm/arm_5-wrist-2010.stl
[1.932s] -- Up-to-date symlink: /home/omartinez/2023-tfg-oscar-martinez/src/webbt_ws/install/tiago_description/share/tiago_description/meshes/arm/arm_5-wrist-2017.stl
[1.932s] -- Up-to-date symlink: /home/omartinez/2023-tfg-oscar-martinez/src/webbt_ws/install/tiago_description/share/tiago_description/meshes/arm/arm_5_collision-wrist-2010.dae
[1.933s] -- Up-to-date symlink: /home/omartinez/2023-tfg-oscar-martinez/src/webbt_ws/install/tiago_description/share/tiago_description/meshes/arm/arm_5_collision-wrist-2017.dae
[1.933s] -- Up-to-date symlink: /home/omartinez/2023-tfg-oscar-martinez/src/webbt_ws/install/tiago_description/share/tiago_description/meshes/arm/arm_6-wrist-2010.stl
[1.933s] -- Up-to-date symlink: /home/omartinez/2023-tfg-oscar-martinez/src/webbt_ws/install/tiago_description/share/tiago_description/meshes/arm/arm_6-wrist-2017.stl
[1.933s] -- Up-to-date symlink: /home/omartinez/2023-tfg-oscar-martinez/src/webbt_ws/install/tiago_description/share/tiago_description/meshes/arm/arm_6_collision-wrist-2010.dae
[1.934s] -- Up-to-date symlink: /home/omartinez/2023-tfg-oscar-martinez/src/webbt_ws/install/tiago_description/share/tiago_description/meshes/arm/arm_6_collision-wrist-2017.dae
[1.934s] -- Up-to-date symlink: /home/omartinez/2023-tfg-oscar-martinez/src/webbt_ws/install/tiago_description/share/tiago_description/meshes/arm/arm_6_color.png
[1.934s] -- Up-to-date symlink: /home/omartinez/2023-tfg-oscar-martinez/src/webbt_ws/install/tiago_description/share/tiago_description/meshes/arm/arm_6_normals.png
[1.934s] -- Up-to-date symlink: /home/omartinez/2023-tfg-oscar-martinez/src/webbt_ws/install/tiago_description/share/tiago_description/meshes/arm/arm_6_specular.png
[1.935s] -- Up-to-date symlink: /home/omartinez/2023-tfg-oscar-martinez/src/webbt_ws/install/tiago_description/share/tiago_description/meshes/head/head_1.stl
[1.935s] -- Up-to-date symlink: /home/omartinez/2023-tfg-oscar-martinez/src/webbt_ws/install/tiago_description/share/tiago_description/meshes/head/head_1_collision.dae
[1.936s] -- Up-to-date symlink: /home/omartinez/2023-tfg-oscar-martinez/src/webbt_ws/install/tiago_description/share/tiago_description/meshes/head/head_2.stl
[1.936s] -- Up-to-date symlink: /home/omartinez/2023-tfg-oscar-martinez/src/webbt_ws/install/tiago_description/share/tiago_description/meshes/head/head_2_collision.dae
[1.937s] -- Up-to-date symlink: /home/omartinez/2023-tfg-oscar-martinez/src/webbt_ws/install/tiago_description/share/tiago_description/meshes/sensors/xtion_pro_live/xtion_pro_live.dae
[1.938s] -- Up-to-date symlink: /home/omartinez/2023-tfg-oscar-martinez/src/webbt_ws/install/tiago_description/share/tiago_description/meshes/sensors/xtion_pro_live/xtion_pro_live.png
[1.939s] -- Up-to-date symlink: /home/omartinez/2023-tfg-oscar-martinez/src/webbt_ws/install/tiago_description/share/tiago_description/meshes/torso/torso_fix.stl
[1.940s] -- Up-to-date symlink: /home/omartinez/2023-tfg-oscar-martinez/src/webbt_ws/install/tiago_description/share/tiago_description/meshes/torso/torso_lift_collision.dae
[1.940s] -- Up-to-date symlink: /home/omartinez/2023-tfg-oscar-martinez/src/webbt_ws/install/tiago_description/share/tiago_description/meshes/torso/torso_lift_collision_core.dae
[1.946s] -- Up-to-date symlink: /home/omartinez/2023-tfg-oscar-martinez/src/webbt_ws/install/tiago_description/share/tiago_description/meshes/torso/torso_lift_collision_neck.dae
[1.947s] -- Up-to-date symlink: /home/omartinez/2023-tfg-oscar-martinez/src/webbt_ws/install/tiago_description/share/tiago_description/meshes/torso/torso_lift_collision_shoulder.dae
[1.947s] -- Up-to-date symlink: /home/omartinez/2023-tfg-oscar-martinez/src/webbt_ws/install/tiago_description/share/tiago_description/meshes/torso/torso_lift_with_arm.stl
[1.947s] -- Up-to-date symlink: /home/omartinez/2023-tfg-oscar-martinez/src/webbt_ws/install/tiago_description/share/tiago_description/meshes/torso/torso_lift_without_arm.stl
[1.948s] -- Up-to-date symlink: /home/omartinez/2023-tfg-oscar-martinez/src/webbt_ws/install/tiago_description/share/tiago_description/robots/tiago.urdf.xacro
[1.948s] -- Up-to-date symlink: /home/omartinez/2023-tfg-oscar-martinez/src/webbt_ws/install/tiago_description/share/tiago_description/ros2_control/ros2_control.urdf.xacro
[1.949s] -- Up-to-date symlink: /home/omartinez/2023-tfg-oscar-martinez/src/webbt_ws/install/tiago_description/share/tiago_description/ros2_control/transmissions.urdf.xacro
[1.949s] -- Up-to-date symlink: /home/omartinez/2023-tfg-oscar-martinez/src/webbt_ws/install/tiago_description/share/tiago_description/urdf/arm/arm.ros2_control.xacro
[1.950s] -- Up-to-date symlink: /home/omartinez/2023-tfg-oscar-martinez/src/webbt_ws/install/tiago_description/share/tiago_description/urdf/arm/arm.urdf.xacro
[1.950s] -- Up-to-date symlink: /home/omartinez/2023-tfg-oscar-martinez/src/webbt_ws/install/tiago_description/share/tiago_description/urdf/arm/wrist.ros2_control.xacro
[1.951s] -- Up-to-date symlink: /home/omartinez/2023-tfg-oscar-martinez/src/webbt_ws/install/tiago_description/share/tiago_description/urdf/arm/wrist.urdf.xacro
[1.951s] -- Up-to-date symlink: /home/omartinez/2023-tfg-oscar-martinez/src/webbt_ws/install/tiago_description/share/tiago_description/urdf/calibration/calibration_constants.urdf.xacro
[1.952s] -- Up-to-date symlink: /home/omartinez/2023-tfg-oscar-martinez/src/webbt_ws/install/tiago_description/share/tiago_description/urdf/calibration/extrinsic_camera_calibration_constants.urdf.xacro
[1.956s] -- Up-to-date symlink: /home/omartinez/2023-tfg-oscar-martinez/src/webbt_ws/install/tiago_description/share/tiago_description/urdf/deg_to_rad.xacro
[1.959s] -- Up-to-date symlink: /home/omartinez/2023-tfg-oscar-martinez/src/webbt_ws/install/tiago_description/share/tiago_description/urdf/end_effector/end_effector.urdf.xacro
[1.959s] -- Up-to-date symlink: /home/omartinez/2023-tfg-oscar-martinez/src/webbt_ws/install/tiago_description/share/tiago_description/urdf/head/head.ros2_control.xacro
[1.959s] -- Up-to-date symlink: /home/omartinez/2023-tfg-oscar-martinez/src/webbt_ws/install/tiago_description/share/tiago_description/urdf/head/head.urdf.xacro
[1.960s] -- Up-to-date symlink: /home/omartinez/2023-tfg-oscar-martinez/src/webbt_ws/install/tiago_description/share/tiago_description/urdf/materials.urdf.xacro
[1.960s] -- Up-to-date symlink: /home/omartinez/2023-tfg-oscar-martinez/src/webbt_ws/install/tiago_description/share/tiago_description/urdf/sensors/ftsensor.gazebo.xacro
[1.960s] -- Up-to-date symlink: /home/omartinez/2023-tfg-oscar-martinez/src/webbt_ws/install/tiago_description/share/tiago_description/urdf/sensors/ftsensor.urdf.xacro
[1.961s] -- Up-to-date symlink: /home/omartinez/2023-tfg-oscar-martinez/src/webbt_ws/install/tiago_description/share/tiago_description/urdf/sensors/openni.gazebo.xacro
[1.961s] -- Up-to-date symlink: /home/omartinez/2023-tfg-oscar-martinez/src/webbt_ws/install/tiago_description/share/tiago_description/urdf/sensors/orbbec_astra.urdf.xacro
[1.961s] -- Up-to-date symlink: /home/omartinez/2023-tfg-oscar-martinez/src/webbt_ws/install/tiago_description/share/tiago_description/urdf/sensors/sensors.ros2_control.xacro
[1.962s] -- Up-to-date symlink: /home/omartinez/2023-tfg-oscar-martinez/src/webbt_ws/install/tiago_description/share/tiago_description/urdf/sensors/xtion_pro_live.urdf.xacro
[1.963s] -- Up-to-date symlink: /home/omartinez/2023-tfg-oscar-martinez/src/webbt_ws/install/tiago_description/share/tiago_description/urdf/torso/torso.ros2_control.xacro
[1.963s] -- Up-to-date symlink: /home/omartinez/2023-tfg-oscar-martinez/src/webbt_ws/install/tiago_description/share/tiago_description/urdf/torso/torso.urdf.xacro
[1.964s] -- Up-to-date symlink: /home/omartinez/2023-tfg-oscar-martinez/src/webbt_ws/install/tiago_description/share/ament_index/resource_index/package_run_dependencies/tiago_description
[1.964s] -- Up-to-date symlink: /home/omartinez/2023-tfg-oscar-martinez/src/webbt_ws/install/tiago_description/share/ament_index/resource_index/parent_prefix_path/tiago_description
[1.965s] -- Up-to-date symlink: /home/omartinez/2023-tfg-oscar-martinez/src/webbt_ws/install/tiago_description/share/tiago_description/environment/ament_prefix_path.sh
[1.965s] -- Up-to-date symlink: /home/omartinez/2023-tfg-oscar-martinez/src/webbt_ws/install/tiago_description/share/tiago_description/environment/ament_prefix_path.dsv
[1.965s] -- Up-to-date symlink: /home/omartinez/2023-tfg-oscar-martinez/src/webbt_ws/install/tiago_description/share/tiago_description/environment/path.sh
[1.967s] -- Up-to-date symlink: /home/omartinez/2023-tfg-oscar-martinez/src/webbt_ws/install/tiago_description/share/tiago_description/environment/path.dsv
[1.967s] -- Up-to-date symlink: /home/omartinez/2023-tfg-oscar-martinez/src/webbt_ws/install/tiago_description/share/tiago_description/local_setup.bash
[1.967s] -- Up-to-date symlink: /home/omartinez/2023-tfg-oscar-martinez/src/webbt_ws/install/tiago_description/share/tiago_description/local_setup.sh
[1.967s] -- Up-to-date symlink: /home/omartinez/2023-tfg-oscar-martinez/src/webbt_ws/install/tiago_description/share/tiago_description/local_setup.zsh
[1.968s] -- Up-to-date symlink: /home/omartinez/2023-tfg-oscar-martinez/src/webbt_ws/install/tiago_description/share/tiago_description/local_setup.dsv
[1.968s] -- Symlinking: /home/omartinez/2023-tfg-oscar-martinez/src/webbt_ws/install/tiago_description/share/tiago_description/package.dsv
[1.968s] -- Up-to-date symlink: /home/omartinez/2023-tfg-oscar-martinez/src/webbt_ws/install/tiago_description/share/ament_index/resource_index/packages/tiago_description
[1.968s] -- Up-to-date symlink: /home/omartinez/2023-tfg-oscar-martinez/src/webbt_ws/install/tiago_description/share/tiago_description/cmake/tiago_descriptionConfig.cmake
[1.969s] -- Up-to-date symlink: /home/omartinez/2023-tfg-oscar-martinez/src/webbt_ws/install/tiago_description/share/tiago_description/cmake/tiago_descriptionConfig-version.cmake
[1.969s] -- Up-to-date symlink: /home/omartinez/2023-tfg-oscar-martinez/src/webbt_ws/install/tiago_description/share/tiago_description/package.xml
[2.062s] Listing '/home/omartinez/2023-tfg-oscar-martinez/src/webbt_ws/install/tiago_description/local/lib/python3.10/dist-packages/tiago_description'...
[2.718s] Invoked command in '/home/omartinez/2023-tfg-oscar-martinez/src/webbt_ws/build/tiago_description' returned '0': CMAKE_PREFIX_PATH=/home/omartinez/2023-tfg-oscar-martinez/src/webbt_ws/install/tiago_controller_configuration:/home/omartinez/2023-tfg-oscar-martinez/src/webbt_ws/install/pal_gripper_description:/home/omartinez/2023-tfg-oscar-martinez/src/webbt_ws/install/pal_gripper_controller_configuration:/home/omartinez/2023-tfg-oscar-martinez/src/webbt_ws/install/tiago_robot:/home/omartinez/2023-tfg-oscar-martinez/src/webbt_ws/install/tiago_bringup:/home/omartinez/2023-tfg-oscar-martinez/src/webbt_ws/install/tiago_description:/home/omartinez/2023-tfg-oscar-martinez/src/webbt_ws/install/sophus:/home/omartinez/2023-tfg-oscar-martinez/src/webbt_ws/install/rplidar_ros:/home/omartinez/2023-tfg-oscar-martinez/src/webbt_ws/install/pal_gripper:/home/omartinez/2023-tfg-oscar-martinez/src/webbt_ws/install/laser_filters:/home/omartinez/2023-tfg-oscar-martinez/src/webbt_ws/install/kobuki_ros:/home/omartinez/2023-tfg-oscar-martinez/src/webbt_ws/install/kobuki_safety_controller:/home/omartinez/2023-tfg-oscar-martinez/src/webbt_ws/install/kobuki_random_walker:/home/omartinez/2023-tfg-oscar-martinez/src/webbt_ws/install/kobuki_keyop:/home/omartinez/2023-tfg-oscar-martinez/src/webbt_ws/install/kobuki_bumper2pc:/home/omartinez/2023-tfg-oscar-martinez/src/webbt_ws/install/kobuki_ros_interfaces:/home/omartinez/2023-tfg-oscar-martinez/src/webbt_ws/install/kobuki_description:/home/omartinez/2023-tfg-oscar-martinez/src/webbt_ws/install/ir_robots:/home/omartinez/2023-tfg-oscar-martinez/src/webbt_ws/install/aws_robomaker_small_warehouse_world:/home/omartinez/2023-tfg-oscar-martinez/src/webbt_ws/install/aws_robomaker_small_house_world:/home/omartinez/2023-tfg-oscar-martinez/src/webbt_ws/install/aws_robomaker_racetrack_world:/home/omartinez/2023-tfg-oscar-martinez/src/webbt_ws/install/aws_robomaker_bookstore_world:/home/omartinez/ws/smartloc_ws/install/turtlebot4_simulator:/home/omartinez/ws/smartloc_ws/install/turtlebot4_ignition_bringup:/home/omartinez/ws/smartloc_ws/install/turtlebot4_node:/home/omartinez/ws/smartloc_ws/install/turtlebot4_navigation:/home/omartinez/ws/smartloc_ws/install/turtlebot4_ignition_toolbox:/home/omartinez/ws/smartloc_ws/install/turtlebot4_msgs:/home/omartinez/ws/smartloc_ws/install/turtlebot4_ignition_gui_plugins:/home/omartinez/ws/smartloc_ws/install/turtlebot4_description:/home/omartinez/ws/smartloc_ws/install/smartpredict_bridge:/home/omartinez/ws/smartloc_ws/install/smartloc_sim:/home/omartinez/ws/smartloc_ws/install/rfid_sensor_plugin:/home/omartinez/ws/smartloc_ws/install/position_calculator:/home/omartinez/ws/smartloc_ws/install/custom_interfaces:/home/omartinez/2023-tfg-oscar-martinez/src/webbt_ws/install/py_trees_ros_viewer:/home/omartinez/2023-tfg-oscar-martinez/src/webbt_ws/install/py_trees_ros_tutorials:/home/omartinez/2023-tfg-oscar-martinez/src/webbt_ws/install/client_demo:/home/omartinez/2023-tfg-oscar-martinez/src/webbt_ws/install/py_gardener:/home/omartinez/2023-tfg-oscar-martinez/src/webbt_ws/install/btpy:/home/omartinez/ws/smartloc_ws/install/webots_sim:/opt/ros/humble /usr/bin/cmake --install /home/omartinez/2023-tfg-oscar-martinez/src/webbt_ws/build/tiago_description
