[1.113s] Invoking command in '/home/omartinez/2023-tfg-oscar-martinez/src/webbt_ws/build/py_gardener': PYTHONPATH=/home/omartinez/2023-tfg-oscar-martinez/src/webbt_ws/build/py_gardener/prefix_override:/home/omartinez/2023-tfg-oscar-martinez/src/webbt_ws/install/py_gardener/lib/python3.10/site-packages:${PYTHONPATH} /usr/bin/python3 setup.py develop --editable --build-directory /home/omartinez/2023-tfg-oscar-martinez/src/webbt_ws/build/py_gardener/build --no-deps install_data
[1.558s] running develop
[1.948s] running egg_info
[1.948s] writing py_gardener.egg-info/PKG-INFO
[1.948s] writing dependency_links to py_gardener.egg-info/dependency_links.txt
[1.949s] writing entry points to py_gardener.egg-info/entry_points.txt
[1.949s] writing requirements to py_gardener.egg-info/requires.txt
[1.949s] writing top-level names to py_gardener.egg-info/top_level.txt
[1.953s] reading manifest file 'py_gardener.egg-info/SOURCES.txt'
[1.954s] writing manifest file 'py_gardener.egg-info/SOURCES.txt'
[1.992s] running build_ext
[1.993s] Creating /home/omartinez/2023-tfg-oscar-martinez/src/webbt_ws/install/py_gardener/lib/python3.10/site-packages/py-gardener.egg-link (link to .)
[1.994s] Installing translator script to /home/omartinez/2023-tfg-oscar-martinez/src/webbt_ws/install/py_gardener/lib/py_gardener
[1.995s] 
[1.995s] Installed /home/omartinez/2023-tfg-oscar-martinez/src/webbt_ws/build/py_gardener
[1.995s] running install_data
[1.995s] copying resource/tree.xml -> /home/omartinez/2023-tfg-oscar-martinez/src/webbt_ws/install/py_gardener/share/py_gardener/resource
[1.995s] copying py_gardener/translator.py -> /home/omartinez/2023-tfg-oscar-martinez/src/webbt_ws/install/py_gardener/share/py_gardener/py_gardener
[1.996s] copying actions/CheckObstacle.py -> /home/omartinez/2023-tfg-oscar-martinez/src/webbt_ws/install/py_gardener/share/py_gardener/actions
[2.034s] Invoked command in '/home/omartinez/2023-tfg-oscar-martinez/src/webbt_ws/build/py_gardener' returned '0': PYTHONPATH=/home/omartinez/2023-tfg-oscar-martinez/src/webbt_ws/build/py_gardener/prefix_override:/home/omartinez/2023-tfg-oscar-martinez/src/webbt_ws/install/py_gardener/lib/python3.10/site-packages:${PYTHONPATH} /usr/bin/python3 setup.py develop --editable --build-directory /home/omartinez/2023-tfg-oscar-martinez/src/webbt_ws/build/py_gardener/build --no-deps install_data
