[0.097s] Invoking command in '/home/omartinez/2023-tfg-oscar-martinez/src/webbt_ws/build/ir_robots': CMAKE_PREFIX_PATH=${CMAKE_PREFIX_PATH}:/home/omartinez/ws/smartloc_ws/install/webots_sim:/opt/ros/humble /usr/bin/cmake /home/omartinez/2023-tfg-oscar-martinez/src/webbt_ws/src/ir_robots -DAMENT_CMAKE_SYMLINK_INSTALL=1 -DCMAKE_INSTALL_PREFIX=/home/omartinez/2023-tfg-oscar-martinez/src/webbt_ws/install/ir_robots
[1.276s] -- The C compiler identification is GNU 11.3.0
[1.276s] -- The CXX compiler identification is GNU 11.3.0
[1.276s] -- Detecting C compiler ABI info
[1.276s] -- Detecting C compiler ABI info - done
[1.277s] -- Check for working C compiler: /usr/bin/cc - skipped
[1.277s] -- Detecting C compile features
[1.277s] -- Detecting C compile features - done
[1.277s] -- Detecting CXX compiler ABI info
[1.277s] -- Detecting CXX compiler ABI info - done
[1.301s] -- Check for working CXX compiler: /usr/bin/c++ - skipped
[1.301s] -- Detecting CXX compile features
[1.301s] -- Detecting CXX compile features - done
[1.328s] -- Found ament_cmake: 1.3.5 (/opt/ros/humble/share/ament_cmake/cmake)
[2.148s] -- Found Python3: /usr/bin/python3.10 (found version "3.10.6") found components: Interpreter 
[2.299s] -- Override CMake install command with custom implementation using symlinks instead of copying resources
[2.476s] -- Found ament_lint_auto: 0.12.6 (/opt/ros/humble/share/ament_lint_auto/cmake)
[2.866s] -- Added test 'copyright' to check source files copyright and LICENSE
[2.923s] -- Added test 'flake8' to check Python code syntax and style conventions
[2.947s] -- Added test 'lint_cmake' to check CMake code style
[2.958s] -- Added test 'pep257' to check Python code against some of the docstring style conventions in PEP 257
[2.990s] -- Added test 'xmllint' to check XML markup files
[3.038s] -- Configuring done
[3.051s] -- Generating done
[3.054s] -- Build files have been written to: /home/omartinez/2023-tfg-oscar-martinez/src/webbt_ws/build/ir_robots
[3.083s] Invoked command in '/home/omartinez/2023-tfg-oscar-martinez/src/webbt_ws/build/ir_robots' returned '0': CMAKE_PREFIX_PATH=${CMAKE_PREFIX_PATH}:/home/omartinez/ws/smartloc_ws/install/webots_sim:/opt/ros/humble /usr/bin/cmake /home/omartinez/2023-tfg-oscar-martinez/src/webbt_ws/src/ir_robots -DAMENT_CMAKE_SYMLINK_INSTALL=1 -DCMAKE_INSTALL_PREFIX=/home/omartinez/2023-tfg-oscar-martinez/src/webbt_ws/install/ir_robots
[3.084s] Invoking command in '/home/omartinez/2023-tfg-oscar-martinez/src/webbt_ws/build/ir_robots': CMAKE_PREFIX_PATH=${CMAKE_PREFIX_PATH}:/home/omartinez/ws/smartloc_ws/install/webots_sim:/opt/ros/humble /usr/bin/cmake --build /home/omartinez/2023-tfg-oscar-martinez/src/webbt_ws/build/ir_robots -- -j8 -l8
[3.306s] Invoked command in '/home/omartinez/2023-tfg-oscar-martinez/src/webbt_ws/build/ir_robots' returned '0': CMAKE_PREFIX_PATH=${CMAKE_PREFIX_PATH}:/home/omartinez/ws/smartloc_ws/install/webots_sim:/opt/ros/humble /usr/bin/cmake --build /home/omartinez/2023-tfg-oscar-martinez/src/webbt_ws/build/ir_robots -- -j8 -l8
[3.568s] Invoking command in '/home/omartinez/2023-tfg-oscar-martinez/src/webbt_ws/build/ir_robots': CMAKE_PREFIX_PATH=${CMAKE_PREFIX_PATH}:/home/omartinez/ws/smartloc_ws/install/webots_sim:/opt/ros/humble /usr/bin/cmake --install /home/omartinez/2023-tfg-oscar-martinez/src/webbt_ws/build/ir_robots
[5.279s] -- Install configuration: ""
[5.280s] -- Execute custom install script
[5.280s] -- Symlinking: /home/omartinez/2023-tfg-oscar-martinez/src/webbt_ws/install/ir_robots/share/ir_robots/launch/dependencies/keepzone.launch.py
[5.280s] -- Symlinking: /home/omartinez/2023-tfg-oscar-martinez/src/webbt_ws/install/ir_robots/share/ir_robots/launch/dependencies/navigation_launch.py
[5.280s] -- Symlinking: /home/omartinez/2023-tfg-oscar-martinez/src/webbt_ws/install/ir_robots/share/ir_robots/launch/dependencies/robot_spawn.launch.py
[5.281s] -- Symlinking: /home/omartinez/2023-tfg-oscar-martinez/src/webbt_ws/install/ir_robots/share/ir_robots/launch/kobuki.launch.py
[5.282s] -- Symlinking: /home/omartinez/2023-tfg-oscar-martinez/src/webbt_ws/install/ir_robots/share/ir_robots/launch/navigation.launch.py
[5.282s] -- Symlinking: /home/omartinez/2023-tfg-oscar-martinez/src/webbt_ws/install/ir_robots/share/ir_robots/launch/simulation.launch.py
[5.282s] -- Symlinking: /home/omartinez/2023-tfg-oscar-martinez/src/webbt_ws/install/ir_robots/share/ir_robots/config/params.yaml
[5.283s] -- Symlinking: /home/omartinez/2023-tfg-oscar-martinez/src/webbt_ws/install/ir_robots/share/ir_robots/params/footprint_filter.yaml
[5.283s] -- Symlinking: /home/omartinez/2023-tfg-oscar-martinez/src/webbt_ws/install/ir_robots/share/ir_robots/params/keepout_params.yaml
[5.283s] -- Symlinking: /home/omartinez/2023-tfg-oscar-martinez/src/webbt_ws/install/ir_robots/share/ir_robots/params/kobuki_nav_params_real.yaml
[5.283s] -- Symlinking: /home/omartinez/2023-tfg-oscar-martinez/src/webbt_ws/install/ir_robots/share/ir_robots/params/kobuki_nav_params_sim.yaml
[5.283s] -- Symlinking: /home/omartinez/2023-tfg-oscar-martinez/src/webbt_ws/install/ir_robots/share/ir_robots/params/kobuki_node_params.yaml
[5.284s] -- Symlinking: /home/omartinez/2023-tfg-oscar-martinez/src/webbt_ws/install/ir_robots/share/ir_robots/params/mapper_params_online_async.yaml
[5.284s] -- Symlinking: /home/omartinez/2023-tfg-oscar-martinez/src/webbt_ws/install/ir_robots/share/ir_robots/params/tiago_nav_params_real.yaml
[5.284s] -- Symlinking: /home/omartinez/2023-tfg-oscar-martinez/src/webbt_ws/install/ir_robots/share/ir_robots/params/tiago_nav_params_sim.yaml
[5.284s] -- Symlinking: /home/omartinez/2023-tfg-oscar-martinez/src/webbt_ws/install/ir_robots/share/ir_robots/maps/aws_bookstore.pgm
[5.285s] -- Symlinking: /home/omartinez/2023-tfg-oscar-martinez/src/webbt_ws/install/ir_robots/share/ir_robots/maps/aws_bookstore.yaml
[5.285s] -- Symlinking: /home/omartinez/2023-tfg-oscar-martinez/src/webbt_ws/install/ir_robots/share/ir_robots/maps/aws_hospital.pgm
[5.285s] -- Symlinking: /home/omartinez/2023-tfg-oscar-martinez/src/webbt_ws/install/ir_robots/share/ir_robots/maps/aws_hospital.yaml
[5.285s] -- Symlinking: /home/omartinez/2023-tfg-oscar-martinez/src/webbt_ws/install/ir_robots/share/ir_robots/maps/aws_house.pgm
[5.285s] -- Symlinking: /home/omartinez/2023-tfg-oscar-martinez/src/webbt_ws/install/ir_robots/share/ir_robots/maps/aws_house.yaml
[5.286s] -- Symlinking: /home/omartinez/2023-tfg-oscar-martinez/src/webbt_ws/install/ir_robots/share/ir_robots/maps/aws_house_keep.pgm
[5.286s] -- Symlinking: /home/omartinez/2023-tfg-oscar-martinez/src/webbt_ws/install/ir_robots/share/ir_robots/maps/aws_house_keep.yaml
[5.286s] -- Symlinking: /home/omartinez/2023-tfg-oscar-martinez/src/webbt_ws/install/ir_robots/share/ir_robots/maps/aws_warehouse.pgm
[5.286s] -- Symlinking: /home/omartinez/2023-tfg-oscar-martinez/src/webbt_ws/install/ir_robots/share/ir_robots/maps/aws_warehouse.yaml
[5.287s] -- Symlinking: /home/omartinez/2023-tfg-oscar-martinez/src/webbt_ws/install/ir_robots/share/ir_robots/worlds/GrannyAnnie.world
[5.287s] -- Symlinking: /home/omartinez/2023-tfg-oscar-martinez/src/webbt_ws/install/ir_robots/share/ir_robots/worlds/RoCKIn@Home.sdf
[5.287s] -- Symlinking: /home/omartinez/2023-tfg-oscar-martinez/src/webbt_ws/install/ir_robots/share/ir_robots/worlds/models/circuitoMontmelo/materials/scripts/asphalt.material
[5.287s] -- Symlinking: /home/omartinez/2023-tfg-oscar-martinez/src/webbt_ws/install/ir_robots/share/ir_robots/worlds/models/circuitoMontmelo/materials/textures/tarmac.png
[5.287s] -- Symlinking: /home/omartinez/2023-tfg-oscar-martinez/src/webbt_ws/install/ir_robots/share/ir_robots/worlds/models/circuitoMontmelo/model.config
[5.288s] -- Symlinking: /home/omartinez/2023-tfg-oscar-martinez/src/webbt_ws/install/ir_robots/share/ir_robots/worlds/models/circuitoMontmelo/model.sdf
[5.288s] -- Symlinking: /home/omartinez/2023-tfg-oscar-martinez/src/webbt_ws/install/ir_robots/share/ir_robots/worlds/models/paredesMontmelo/model.config
[5.288s] -- Symlinking: /home/omartinez/2023-tfg-oscar-martinez/src/webbt_ws/install/ir_robots/share/ir_robots/worlds/models/paredesMontmelo/model.sdf
[5.288s] -- Symlinking: /home/omartinez/2023-tfg-oscar-martinez/src/webbt_ws/install/ir_robots/share/ir_robots/worlds/montmelo.world
[5.289s] -- Symlinking: /home/omartinez/2023-tfg-oscar-martinez/src/webbt_ws/install/ir_robots/share/ir_robots/worlds/robocuplab.world
[5.289s] -- Symlinking: /home/omartinez/2023-tfg-oscar-martinez/src/webbt_ws/install/ir_robots/share/ir_robots/worlds/robocupspl.world
[5.289s] -- Symlinking: /home/omartinez/2023-tfg-oscar-martinez/src/webbt_ws/install/ir_robots/share/ament_index/resource_index/package_run_dependencies/ir_robots
[5.294s] -- Symlinking: /home/omartinez/2023-tfg-oscar-martinez/src/webbt_ws/install/ir_robots/share/ament_index/resource_index/parent_prefix_path/ir_robots
[5.332s] -- Symlinking: /home/omartinez/2023-tfg-oscar-martinez/src/webbt_ws/install/ir_robots/share/ir_robots/environment/ament_prefix_path.sh
[5.397s] -- Symlinking: /home/omartinez/2023-tfg-oscar-martinez/src/webbt_ws/install/ir_robots/share/ir_robots/environment/ament_prefix_path.dsv
[5.423s] -- Symlinking: /home/omartinez/2023-tfg-oscar-martinez/src/webbt_ws/install/ir_robots/share/ir_robots/environment/path.sh
[5.449s] -- Symlinking: /home/omartinez/2023-tfg-oscar-martinez/src/webbt_ws/install/ir_robots/share/ir_robots/environment/path.dsv
[5.484s] -- Symlinking: /home/omartinez/2023-tfg-oscar-martinez/src/webbt_ws/install/ir_robots/share/ir_robots/local_setup.bash
[5.523s] -- Symlinking: /home/omartinez/2023-tfg-oscar-martinez/src/webbt_ws/install/ir_robots/share/ir_robots/local_setup.sh
[5.573s] -- Symlinking: /home/omartinez/2023-tfg-oscar-martinez/src/webbt_ws/install/ir_robots/share/ir_robots/local_setup.zsh
[5.636s] -- Symlinking: /home/omartinez/2023-tfg-oscar-martinez/src/webbt_ws/install/ir_robots/share/ir_robots/local_setup.dsv
[5.733s] -- Symlinking: /home/omartinez/2023-tfg-oscar-martinez/src/webbt_ws/install/ir_robots/share/ir_robots/package.dsv
[5.768s] -- Symlinking: /home/omartinez/2023-tfg-oscar-martinez/src/webbt_ws/install/ir_robots/share/ament_index/resource_index/packages/ir_robots
[5.820s] -- Symlinking: /home/omartinez/2023-tfg-oscar-martinez/src/webbt_ws/install/ir_robots/share/ir_robots/cmake/ir_robotsConfig.cmake
[5.844s] -- Symlinking: /home/omartinez/2023-tfg-oscar-martinez/src/webbt_ws/install/ir_robots/share/ir_robots/cmake/ir_robotsConfig-version.cmake
[5.893s] -- Symlinking: /home/omartinez/2023-tfg-oscar-martinez/src/webbt_ws/install/ir_robots/share/ir_robots/package.xml
[5.929s] Invoked command in '/home/omartinez/2023-tfg-oscar-martinez/src/webbt_ws/build/ir_robots' returned '0': CMAKE_PREFIX_PATH=${CMAKE_PREFIX_PATH}:/home/omartinez/ws/smartloc_ws/install/webots_sim:/opt/ros/humble /usr/bin/cmake --install /home/omartinez/2023-tfg-oscar-martinez/src/webbt_ws/build/ir_robots
