[0.029s] Invoking command in '/home/omartinez/2023-tfg-oscar-martinez/src/webbt_ws/build/btpy': /home/omartinez/.local/bin/cmake /home/omartinez/2023-tfg-oscar-martinez/src/webbt_ws/src/btpy -DCATKIN_INSTALL_INTO_PREFIX_ROOT=0 -DCATKIN_SYMLINK_INSTALL=ON -DCMAKE_INSTALL_PREFIX=/home/omartinez/2023-tfg-oscar-martinez/src/webbt_ws/install/btpy
[0.065s] [33mCMake Warning:
[0.065s]   Ignoring extra path from command line:
[0.065s] 
[0.065s]    "/home/omartinez/2023-tfg-oscar-martinez/src/webbt_ws/src/btpy"
[0.065s] 
[0.066s] [0m
[0.066s] [0mCMake Error: The source directory "/home/omartinez/2023-tfg-oscar-martinez/src/webbt_ws/src/btpy" does not appear to contain CMakeLists.txt.
[0.066s] Specify --help for usage, or press the help button on the CMake GUI.[0m
[0.429s] Invoked command in '/home/omartinez/2023-tfg-oscar-martinez/src/webbt_ws/build/btpy' returned '1': /home/omartinez/.local/bin/cmake /home/omartinez/2023-tfg-oscar-martinez/src/webbt_ws/src/btpy -DCATKIN_INSTALL_INTO_PREFIX_ROOT=0 -DCATKIN_SYMLINK_INSTALL=ON -DCMAKE_INSTALL_PREFIX=/home/omartinez/2023-tfg-oscar-martinez/src/webbt_ws/install/btpy
[0.431s] Traceback (most recent call last):
  File "/usr/lib/python3/dist-packages/colcon_core/executor/__init__.py", line 91, in __call__
    rc = await self.task(*args, **kwargs)
  File "/usr/lib/python3/dist-packages/colcon_core/task/__init__.py", line 93, in __call__
    return await task_method(*args, **kwargs)
  File "/usr/lib/python3/dist-packages/colcon_ros/task/catkin/build.py", line 75, in build
    rc = await extension.build(
  File "/usr/lib/python3/dist-packages/colcon_cmake/task/cmake/build.py", line 87, in build
    rc = await self._reconfigure(args, env)
  File "/usr/lib/python3/dist-packages/colcon_cmake/task/cmake/build.py", line 182, in _reconfigure
    buildfile = get_buildfile(cmake_cache)
  File "/usr/lib/python3/dist-packages/colcon_cmake/task/cmake/__init__.py", line 112, in get_buildfile
    if 'Ninja' in generator:
TypeError: argument of type 'NoneType' is not iterable
