[1.089s] Invoking command in '/home/omartinez/2023-tfg-oscar-martinez/src/webbt_ws/build/py_gardener': PYTHONPATH=/home/omartinez/2023-tfg-oscar-martinez/src/webbt_ws/build/py_gardener/prefix_override:/home/omartinez/2023-tfg-oscar-martinez/src/webbt_ws/install/py_gardener/lib/python3.10/site-packages:${PYTHONPATH} /usr/bin/python3 setup.py develop --editable --build-directory /home/omartinez/2023-tfg-oscar-martinez/src/webbt_ws/build/py_gardener/build --no-deps install_data
[1.486s] running develop
[1.787s] running egg_info
[1.787s] writing py_gardener.egg-info/PKG-INFO
[1.788s] writing dependency_links to py_gardener.egg-info/dependency_links.txt
[1.788s] writing entry points to py_gardener.egg-info/entry_points.txt
[1.788s] writing requirements to py_gardener.egg-info/requires.txt
[1.788s] writing top-level names to py_gardener.egg-info/top_level.txt
[1.790s] reading manifest file 'py_gardener.egg-info/SOURCES.txt'
[1.791s] writing manifest file 'py_gardener.egg-info/SOURCES.txt'
[1.829s] running build_ext
[1.829s] Creating /home/omartinez/2023-tfg-oscar-martinez/src/webbt_ws/install/py_gardener/lib/python3.10/site-packages/py-gardener.egg-link (link to .)
[1.830s] Installing translator script to /home/omartinez/2023-tfg-oscar-martinez/src/webbt_ws/install/py_gardener/lib/py_gardener
[1.831s] 
[1.831s] Installed /home/omartinez/2023-tfg-oscar-martinez/src/webbt_ws/build/py_gardener
[1.831s] running install_data
[1.831s] copying package.xml -> /home/omartinez/2023-tfg-oscar-martinez/src/webbt_ws/install/py_gardener/share/py_gardener
[1.832s] copying resource/tree.xml -> /home/omartinez/2023-tfg-oscar-martinez/src/webbt_ws/install/py_gardener/share/py_gardener/resource
[1.832s] error: can't copy 'resource/final_tree.xml': doesn't exist or not a regular file
[1.867s] Invoked command in '/home/omartinez/2023-tfg-oscar-martinez/src/webbt_ws/build/py_gardener' returned '1': PYTHONPATH=/home/omartinez/2023-tfg-oscar-martinez/src/webbt_ws/build/py_gardener/prefix_override:/home/omartinez/2023-tfg-oscar-martinez/src/webbt_ws/install/py_gardener/lib/python3.10/site-packages:${PYTHONPATH} /usr/bin/python3 setup.py develop --editable --build-directory /home/omartinez/2023-tfg-oscar-martinez/src/webbt_ws/build/py_gardener/build --no-deps install_data
