[0.117s] Invoking command in '/home/omartinez/2023-tfg-oscar-martinez/src/webbt_ws/build/kobuki_ros_interfaces': CMAKE_PREFIX_PATH=${CMAKE_PREFIX_PATH}:/home/omartinez/2023-tfg-oscar-martinez/src/webbt_ws/install/py_trees_ros_viewer:/home/omartinez/2023-tfg-oscar-martinez/src/webbt_ws/install/py_trees_ros_tutorials:/home/omartinez/2023-tfg-oscar-martinez/src/webbt_ws/install/client_demo:/home/omartinez/2023-tfg-oscar-martinez/src/webbt_ws/install/py_gardener:/home/omartinez/2023-tfg-oscar-martinez/src/webbt_ws/install/btpy:/home/omartinez/ws/smartloc_ws/install/webots_sim:/opt/ros/humble /usr/bin/cmake --build /home/omartinez/2023-tfg-oscar-martinez/src/webbt_ws/build/kobuki_ros_interfaces -- -j8 -l8
[0.750s] [  0%] Built target kobuki_ros_interfaces__cpp
[0.751s] [ 12%] Built target kobuki_ros_interfaces__rosidl_generator_c
[0.751s] [ 12%] Built target ament_cmake_python_symlink_kobuki_ros_interfaces
[0.751s] [ 24%] Built target kobuki_ros_interfaces__rosidl_typesupport_c
[0.751s] [ 48%] Built target kobuki_ros_interfaces__rosidl_typesupport_introspection_c
[0.752s] [ 48%] Built target kobuki_ros_interfaces__rosidl_typesupport_cpp
[0.752s] [ 60%] Built target kobuki_ros_interfaces__rosidl_typesupport_introspection_cpp
[0.752s] [ 72%] Built target kobuki_ros_interfaces__rosidl_typesupport_fastrtps_c
[0.753s] [ 84%] Built target kobuki_ros_interfaces__rosidl_typesupport_fastrtps_cpp
[0.753s] [ 84%] Built target kobuki_ros_interfaces
[0.753s] [ 85%] Built target kobuki_ros_interfaces__py
[0.754s] [ 96%] Built target kobuki_ros_interfaces__rosidl_generator_py
[0.754s] [ 97%] Built target kobuki_ros_interfaces__rosidl_typesupport_c__pyext
[0.754s] [100%] Built target kobuki_ros_interfaces__rosidl_typesupport_introspection_c__pyext
[0.754s] [100%] Built target kobuki_ros_interfaces__rosidl_typesupport_fastrtps_c__pyext
[0.848s] running egg_info
[0.849s] writing kobuki_ros_interfaces.egg-info/PKG-INFO
[0.852s] writing dependency_links to kobuki_ros_interfaces.egg-info/dependency_links.txt
[0.853s] writing top-level names to kobuki_ros_interfaces.egg-info/top_level.txt
[0.856s] reading manifest file 'kobuki_ros_interfaces.egg-info/SOURCES.txt'
[0.858s] writing manifest file 'kobuki_ros_interfaces.egg-info/SOURCES.txt'
[0.920s] [100%] Built target ament_cmake_python_build_kobuki_ros_interfaces_egg
[1.094s] Invoked command in '/home/omartinez/2023-tfg-oscar-martinez/src/webbt_ws/build/kobuki_ros_interfaces' returned '0': CMAKE_PREFIX_PATH=${CMAKE_PREFIX_PATH}:/home/omartinez/2023-tfg-oscar-martinez/src/webbt_ws/install/py_trees_ros_viewer:/home/omartinez/2023-tfg-oscar-martinez/src/webbt_ws/install/py_trees_ros_tutorials:/home/omartinez/2023-tfg-oscar-martinez/src/webbt_ws/install/client_demo:/home/omartinez/2023-tfg-oscar-martinez/src/webbt_ws/install/py_gardener:/home/omartinez/2023-tfg-oscar-martinez/src/webbt_ws/install/btpy:/home/omartinez/ws/smartloc_ws/install/webots_sim:/opt/ros/humble /usr/bin/cmake --build /home/omartinez/2023-tfg-oscar-martinez/src/webbt_ws/build/kobuki_ros_interfaces -- -j8 -l8
[3.213s] Invoking command in '/home/omartinez/2023-tfg-oscar-martinez/src/webbt_ws/build/kobuki_ros_interfaces': CMAKE_PREFIX_PATH=${CMAKE_PREFIX_PATH}:/home/omartinez/2023-tfg-oscar-martinez/src/webbt_ws/install/py_trees_ros_viewer:/home/omartinez/2023-tfg-oscar-martinez/src/webbt_ws/install/py_trees_ros_tutorials:/home/omartinez/2023-tfg-oscar-martinez/src/webbt_ws/install/client_demo:/home/omartinez/2023-tfg-oscar-martinez/src/webbt_ws/install/py_gardener:/home/omartinez/2023-tfg-oscar-martinez/src/webbt_ws/install/btpy:/home/omartinez/ws/smartloc_ws/install/webots_sim:/opt/ros/humble /usr/bin/cmake --install /home/omartinez/2023-tfg-oscar-martinez/src/webbt_ws/build/kobuki_ros_interfaces
[3.244s] -- Install configuration: ""
[3.244s] -- Execute custom install script
[3.246s] -- Up-to-date symlink: /home/omartinez/2023-tfg-oscar-martinez/src/webbt_ws/install/kobuki_ros_interfaces/share/ament_index/resource_index/rosidl_interfaces/kobuki_ros_interfaces
[3.253s] -- Up-to-date symlink: /home/omartinez/2023-tfg-oscar-martinez/src/webbt_ws/install/kobuki_ros_interfaces/include/kobuki_ros_interfaces/kobuki_ros_interfaces/action/auto_docking.h
[3.253s] -- Up-to-date symlink: /home/omartinez/2023-tfg-oscar-martinez/src/webbt_ws/install/kobuki_ros_interfaces/include/kobuki_ros_interfaces/kobuki_ros_interfaces/action/detail/auto_docking__functions.h
[3.253s] -- Up-to-date symlink: /home/omartinez/2023-tfg-oscar-martinez/src/webbt_ws/install/kobuki_ros_interfaces/include/kobuki_ros_interfaces/kobuki_ros_interfaces/action/detail/auto_docking__struct.h
[3.254s] -- Up-to-date symlink: /home/omartinez/2023-tfg-oscar-martinez/src/webbt_ws/install/kobuki_ros_interfaces/include/kobuki_ros_interfaces/kobuki_ros_interfaces/action/detail/auto_docking__type_support.h
[3.254s] -- Up-to-date symlink: /home/omartinez/2023-tfg-oscar-martinez/src/webbt_ws/install/kobuki_ros_interfaces/include/kobuki_ros_interfaces/kobuki_ros_interfaces/msg/bumper_event.h
[3.254s] -- Up-to-date symlink: /home/omartinez/2023-tfg-oscar-martinez/src/webbt_ws/install/kobuki_ros_interfaces/include/kobuki_ros_interfaces/kobuki_ros_interfaces/msg/button_event.h
[3.254s] -- Up-to-date symlink: /home/omartinez/2023-tfg-oscar-martinez/src/webbt_ws/install/kobuki_ros_interfaces/include/kobuki_ros_interfaces/kobuki_ros_interfaces/msg/cliff_event.h
[3.255s] -- Up-to-date symlink: /home/omartinez/2023-tfg-oscar-martinez/src/webbt_ws/install/kobuki_ros_interfaces/include/kobuki_ros_interfaces/kobuki_ros_interfaces/msg/controller_info.h
[3.255s] -- Up-to-date symlink: /home/omartinez/2023-tfg-oscar-martinez/src/webbt_ws/install/kobuki_ros_interfaces/include/kobuki_ros_interfaces/kobuki_ros_interfaces/msg/detail/bumper_event__functions.h
[3.256s] -- Up-to-date symlink: /home/omartinez/2023-tfg-oscar-martinez/src/webbt_ws/install/kobuki_ros_interfaces/include/kobuki_ros_interfaces/kobuki_ros_interfaces/msg/detail/bumper_event__struct.h
[3.256s] -- Up-to-date symlink: /home/omartinez/2023-tfg-oscar-martinez/src/webbt_ws/install/kobuki_ros_interfaces/include/kobuki_ros_interfaces/kobuki_ros_interfaces/msg/detail/bumper_event__type_support.h
[3.256s] -- Up-to-date symlink: /home/omartinez/2023-tfg-oscar-martinez/src/webbt_ws/install/kobuki_ros_interfaces/include/kobuki_ros_interfaces/kobuki_ros_interfaces/msg/detail/button_event__functions.h
[3.257s] -- Up-to-date symlink: /home/omartinez/2023-tfg-oscar-martinez/src/webbt_ws/install/kobuki_ros_interfaces/include/kobuki_ros_interfaces/kobuki_ros_interfaces/msg/detail/button_event__struct.h
[3.257s] -- Up-to-date symlink: /home/omartinez/2023-tfg-oscar-martinez/src/webbt_ws/install/kobuki_ros_interfaces/include/kobuki_ros_interfaces/kobuki_ros_interfaces/msg/detail/button_event__type_support.h
[3.257s] -- Up-to-date symlink: /home/omartinez/2023-tfg-oscar-martinez/src/webbt_ws/install/kobuki_ros_interfaces/include/kobuki_ros_interfaces/kobuki_ros_interfaces/msg/detail/cliff_event__functions.h
[3.258s] -- Up-to-date symlink: /home/omartinez/2023-tfg-oscar-martinez/src/webbt_ws/install/kobuki_ros_interfaces/include/kobuki_ros_interfaces/kobuki_ros_interfaces/msg/detail/cliff_event__struct.h
[3.258s] -- Up-to-date symlink: /home/omartinez/2023-tfg-oscar-martinez/src/webbt_ws/install/kobuki_ros_interfaces/include/kobuki_ros_interfaces/kobuki_ros_interfaces/msg/detail/cliff_event__type_support.h
[3.258s] -- Up-to-date symlink: /home/omartinez/2023-tfg-oscar-martinez/src/webbt_ws/install/kobuki_ros_interfaces/include/kobuki_ros_interfaces/kobuki_ros_interfaces/msg/detail/controller_info__functions.h
[3.266s] -- Up-to-date symlink: /home/omartinez/2023-tfg-oscar-martinez/src/webbt_ws/install/kobuki_ros_interfaces/include/kobuki_ros_interfaces/kobuki_ros_interfaces/msg/detail/controller_info__struct.h
[3.268s] -- Up-to-date symlink: /home/omartinez/2023-tfg-oscar-martinez/src/webbt_ws/install/kobuki_ros_interfaces/include/kobuki_ros_interfaces/kobuki_ros_interfaces/msg/detail/controller_info__type_support.h
[3.268s] -- Up-to-date symlink: /home/omartinez/2023-tfg-oscar-martinez/src/webbt_ws/install/kobuki_ros_interfaces/include/kobuki_ros_interfaces/kobuki_ros_interfaces/msg/detail/digital_input_event__functions.h
[3.268s] -- Up-to-date symlink: /home/omartinez/2023-tfg-oscar-martinez/src/webbt_ws/install/kobuki_ros_interfaces/include/kobuki_ros_interfaces/kobuki_ros_interfaces/msg/detail/digital_input_event__struct.h
[3.268s] -- Up-to-date symlink: /home/omartinez/2023-tfg-oscar-martinez/src/webbt_ws/install/kobuki_ros_interfaces/include/kobuki_ros_interfaces/kobuki_ros_interfaces/msg/detail/digital_input_event__type_support.h
[3.269s] -- Up-to-date symlink: /home/omartinez/2023-tfg-oscar-martinez/src/webbt_ws/install/kobuki_ros_interfaces/include/kobuki_ros_interfaces/kobuki_ros_interfaces/msg/detail/digital_output__functions.h
[3.269s] -- Up-to-date symlink: /home/omartinez/2023-tfg-oscar-martinez/src/webbt_ws/install/kobuki_ros_interfaces/include/kobuki_ros_interfaces/kobuki_ros_interfaces/msg/detail/digital_output__struct.h
[3.269s] -- Up-to-date symlink: /home/omartinez/2023-tfg-oscar-martinez/src/webbt_ws/install/kobuki_ros_interfaces/include/kobuki_ros_interfaces/kobuki_ros_interfaces/msg/detail/digital_output__type_support.h
[3.279s] -- Up-to-date symlink: /home/omartinez/2023-tfg-oscar-martinez/src/webbt_ws/install/kobuki_ros_interfaces/include/kobuki_ros_interfaces/kobuki_ros_interfaces/msg/detail/dock_infra_red__functions.h
[3.280s] -- Up-to-date symlink: /home/omartinez/2023-tfg-oscar-martinez/src/webbt_ws/install/kobuki_ros_interfaces/include/kobuki_ros_interfaces/kobuki_ros_interfaces/msg/detail/dock_infra_red__struct.h
[3.280s] -- Up-to-date symlink: /home/omartinez/2023-tfg-oscar-martinez/src/webbt_ws/install/kobuki_ros_interfaces/include/kobuki_ros_interfaces/kobuki_ros_interfaces/msg/detail/dock_infra_red__type_support.h
[3.280s] -- Up-to-date symlink: /home/omartinez/2023-tfg-oscar-martinez/src/webbt_ws/install/kobuki_ros_interfaces/include/kobuki_ros_interfaces/kobuki_ros_interfaces/msg/detail/external_power__functions.h
[3.280s] -- Up-to-date symlink: /home/omartinez/2023-tfg-oscar-martinez/src/webbt_ws/install/kobuki_ros_interfaces/include/kobuki_ros_interfaces/kobuki_ros_interfaces/msg/detail/external_power__struct.h
[3.280s] -- Up-to-date symlink: /home/omartinez/2023-tfg-oscar-martinez/src/webbt_ws/install/kobuki_ros_interfaces/include/kobuki_ros_interfaces/kobuki_ros_interfaces/msg/detail/external_power__type_support.h
[3.281s] -- Up-to-date symlink: /home/omartinez/2023-tfg-oscar-martinez/src/webbt_ws/install/kobuki_ros_interfaces/include/kobuki_ros_interfaces/kobuki_ros_interfaces/msg/detail/keyboard_input__functions.h
[3.281s] -- Up-to-date symlink: /home/omartinez/2023-tfg-oscar-martinez/src/webbt_ws/install/kobuki_ros_interfaces/include/kobuki_ros_interfaces/kobuki_ros_interfaces/msg/detail/keyboard_input__struct.h
[3.281s] -- Up-to-date symlink: /home/omartinez/2023-tfg-oscar-martinez/src/webbt_ws/install/kobuki_ros_interfaces/include/kobuki_ros_interfaces/kobuki_ros_interfaces/msg/detail/keyboard_input__type_support.h
[3.281s] -- Up-to-date symlink: /home/omartinez/2023-tfg-oscar-martinez/src/webbt_ws/install/kobuki_ros_interfaces/include/kobuki_ros_interfaces/kobuki_ros_interfaces/msg/detail/led__functions.h
[3.281s] -- Up-to-date symlink: /home/omartinez/2023-tfg-oscar-martinez/src/webbt_ws/install/kobuki_ros_interfaces/include/kobuki_ros_interfaces/kobuki_ros_interfaces/msg/detail/led__struct.h
[3.281s] -- Up-to-date symlink: /home/omartinez/2023-tfg-oscar-martinez/src/webbt_ws/install/kobuki_ros_interfaces/include/kobuki_ros_interfaces/kobuki_ros_interfaces/msg/detail/led__type_support.h
[3.282s] -- Up-to-date symlink: /home/omartinez/2023-tfg-oscar-martinez/src/webbt_ws/install/kobuki_ros_interfaces/include/kobuki_ros_interfaces/kobuki_ros_interfaces/msg/detail/motor_power__functions.h
[3.282s] -- Up-to-date symlink: /home/omartinez/2023-tfg-oscar-martinez/src/webbt_ws/install/kobuki_ros_interfaces/include/kobuki_ros_interfaces/kobuki_ros_interfaces/msg/detail/motor_power__struct.h
[3.282s] -- Up-to-date symlink: /home/omartinez/2023-tfg-oscar-martinez/src/webbt_ws/install/kobuki_ros_interfaces/include/kobuki_ros_interfaces/kobuki_ros_interfaces/msg/detail/motor_power__type_support.h
[3.282s] -- Up-to-date symlink: /home/omartinez/2023-tfg-oscar-martinez/src/webbt_ws/install/kobuki_ros_interfaces/include/kobuki_ros_interfaces/kobuki_ros_interfaces/msg/detail/power_system_event__functions.h
[3.283s] -- Up-to-date symlink: /home/omartinez/2023-tfg-oscar-martinez/src/webbt_ws/install/kobuki_ros_interfaces/include/kobuki_ros_interfaces/kobuki_ros_interfaces/msg/detail/power_system_event__struct.h
[3.283s] -- Up-to-date symlink: /home/omartinez/2023-tfg-oscar-martinez/src/webbt_ws/install/kobuki_ros_interfaces/include/kobuki_ros_interfaces/kobuki_ros_interfaces/msg/detail/power_system_event__type_support.h
[3.293s] -- Up-to-date symlink: /home/omartinez/2023-tfg-oscar-martinez/src/webbt_ws/install/kobuki_ros_interfaces/include/kobuki_ros_interfaces/kobuki_ros_interfaces/msg/detail/robot_state_event__functions.h
[3.296s] -- Up-to-date symlink: /home/omartinez/2023-tfg-oscar-martinez/src/webbt_ws/install/kobuki_ros_interfaces/include/kobuki_ros_interfaces/kobuki_ros_interfaces/msg/detail/robot_state_event__struct.h
[3.296s] -- Up-to-date symlink: /home/omartinez/2023-tfg-oscar-martinez/src/webbt_ws/install/kobuki_ros_interfaces/include/kobuki_ros_interfaces/kobuki_ros_interfaces/msg/detail/robot_state_event__type_support.h
[3.297s] -- Up-to-date symlink: /home/omartinez/2023-tfg-oscar-martinez/src/webbt_ws/install/kobuki_ros_interfaces/include/kobuki_ros_interfaces/kobuki_ros_interfaces/msg/detail/scan_angle__functions.h
[3.300s] -- Up-to-date symlink: /home/omartinez/2023-tfg-oscar-martinez/src/webbt_ws/install/kobuki_ros_interfaces/include/kobuki_ros_interfaces/kobuki_ros_interfaces/msg/detail/scan_angle__struct.h
[3.302s] -- Up-to-date symlink: /home/omartinez/2023-tfg-oscar-martinez/src/webbt_ws/install/kobuki_ros_interfaces/include/kobuki_ros_interfaces/kobuki_ros_interfaces/msg/detail/scan_angle__type_support.h
[3.302s] -- Up-to-date symlink: /home/omartinez/2023-tfg-oscar-martinez/src/webbt_ws/install/kobuki_ros_interfaces/include/kobuki_ros_interfaces/kobuki_ros_interfaces/msg/detail/sensor_state__functions.h
[3.303s] -- Up-to-date symlink: /home/omartinez/2023-tfg-oscar-martinez/src/webbt_ws/install/kobuki_ros_interfaces/include/kobuki_ros_interfaces/kobuki_ros_interfaces/msg/detail/sensor_state__struct.h
[3.303s] -- Up-to-date symlink: /home/omartinez/2023-tfg-oscar-martinez/src/webbt_ws/install/kobuki_ros_interfaces/include/kobuki_ros_interfaces/kobuki_ros_interfaces/msg/detail/sensor_state__type_support.h
[3.304s] -- Up-to-date symlink: /home/omartinez/2023-tfg-oscar-martinez/src/webbt_ws/install/kobuki_ros_interfaces/include/kobuki_ros_interfaces/kobuki_ros_interfaces/msg/detail/sound__functions.h
[3.305s] -- Up-to-date symlink: /home/omartinez/2023-tfg-oscar-martinez/src/webbt_ws/install/kobuki_ros_interfaces/include/kobuki_ros_interfaces/kobuki_ros_interfaces/msg/detail/sound__struct.h
[3.305s] -- Up-to-date symlink: /home/omartinez/2023-tfg-oscar-martinez/src/webbt_ws/install/kobuki_ros_interfaces/include/kobuki_ros_interfaces/kobuki_ros_interfaces/msg/detail/sound__type_support.h
[3.306s] -- Up-to-date symlink: /home/omartinez/2023-tfg-oscar-martinez/src/webbt_ws/install/kobuki_ros_interfaces/include/kobuki_ros_interfaces/kobuki_ros_interfaces/msg/detail/version_info__functions.h
[3.307s] -- Up-to-date symlink: /home/omartinez/2023-tfg-oscar-martinez/src/webbt_ws/install/kobuki_ros_interfaces/include/kobuki_ros_interfaces/kobuki_ros_interfaces/msg/detail/version_info__struct.h
[3.307s] -- Up-to-date symlink: /home/omartinez/2023-tfg-oscar-martinez/src/webbt_ws/install/kobuki_ros_interfaces/include/kobuki_ros_interfaces/kobuki_ros_interfaces/msg/detail/version_info__type_support.h
[3.307s] -- Up-to-date symlink: /home/omartinez/2023-tfg-oscar-martinez/src/webbt_ws/install/kobuki_ros_interfaces/include/kobuki_ros_interfaces/kobuki_ros_interfaces/msg/detail/wheel_drop_event__functions.h
[3.319s] -- Up-to-date symlink: /home/omartinez/2023-tfg-oscar-martinez/src/webbt_ws/install/kobuki_ros_interfaces/include/kobuki_ros_interfaces/kobuki_ros_interfaces/msg/detail/wheel_drop_event__struct.h
[3.321s] -- Up-to-date symlink: /home/omartinez/2023-tfg-oscar-martinez/src/webbt_ws/install/kobuki_ros_interfaces/include/kobuki_ros_interfaces/kobuki_ros_interfaces/msg/detail/wheel_drop_event__type_support.h
[3.328s] -- Up-to-date symlink: /home/omartinez/2023-tfg-oscar-martinez/src/webbt_ws/install/kobuki_ros_interfaces/include/kobuki_ros_interfaces/kobuki_ros_interfaces/msg/digital_input_event.h
[3.328s] -- Up-to-date symlink: /home/omartinez/2023-tfg-oscar-martinez/src/webbt_ws/install/kobuki_ros_interfaces/include/kobuki_ros_interfaces/kobuki_ros_interfaces/msg/digital_output.h
[3.328s] -- Up-to-date symlink: /home/omartinez/2023-tfg-oscar-martinez/src/webbt_ws/install/kobuki_ros_interfaces/include/kobuki_ros_interfaces/kobuki_ros_interfaces/msg/dock_infra_red.h
[3.331s] -- Up-to-date symlink: /home/omartinez/2023-tfg-oscar-martinez/src/webbt_ws/install/kobuki_ros_interfaces/include/kobuki_ros_interfaces/kobuki_ros_interfaces/msg/external_power.h
[3.331s] -- Up-to-date symlink: /home/omartinez/2023-tfg-oscar-martinez/src/webbt_ws/install/kobuki_ros_interfaces/include/kobuki_ros_interfaces/kobuki_ros_interfaces/msg/keyboard_input.h
[3.332s] -- Up-to-date symlink: /home/omartinez/2023-tfg-oscar-martinez/src/webbt_ws/install/kobuki_ros_interfaces/include/kobuki_ros_interfaces/kobuki_ros_interfaces/msg/led.h
[3.333s] -- Up-to-date symlink: /home/omartinez/2023-tfg-oscar-martinez/src/webbt_ws/install/kobuki_ros_interfaces/include/kobuki_ros_interfaces/kobuki_ros_interfaces/msg/motor_power.h
[3.333s] -- Up-to-date symlink: /home/omartinez/2023-tfg-oscar-martinez/src/webbt_ws/install/kobuki_ros_interfaces/include/kobuki_ros_interfaces/kobuki_ros_interfaces/msg/power_system_event.h
[3.334s] -- Up-to-date symlink: /home/omartinez/2023-tfg-oscar-martinez/src/webbt_ws/install/kobuki_ros_interfaces/include/kobuki_ros_interfaces/kobuki_ros_interfaces/msg/robot_state_event.h
[3.335s] -- Up-to-date symlink: /home/omartinez/2023-tfg-oscar-martinez/src/webbt_ws/install/kobuki_ros_interfaces/include/kobuki_ros_interfaces/kobuki_ros_interfaces/msg/rosidl_generator_c__visibility_control.h
[3.341s] -- Up-to-date symlink: /home/omartinez/2023-tfg-oscar-martinez/src/webbt_ws/install/kobuki_ros_interfaces/include/kobuki_ros_interfaces/kobuki_ros_interfaces/msg/scan_angle.h
[3.341s] -- Up-to-date symlink: /home/omartinez/2023-tfg-oscar-martinez/src/webbt_ws/install/kobuki_ros_interfaces/include/kobuki_ros_interfaces/kobuki_ros_interfaces/msg/sensor_state.h
[3.341s] -- Up-to-date symlink: /home/omartinez/2023-tfg-oscar-martinez/src/webbt_ws/install/kobuki_ros_interfaces/include/kobuki_ros_interfaces/kobuki_ros_interfaces/msg/sound.h
[3.342s] -- Up-to-date symlink: /home/omartinez/2023-tfg-oscar-martinez/src/webbt_ws/install/kobuki_ros_interfaces/include/kobuki_ros_interfaces/kobuki_ros_interfaces/msg/version_info.h
[3.343s] -- Up-to-date symlink: /home/omartinez/2023-tfg-oscar-martinez/src/webbt_ws/install/kobuki_ros_interfaces/include/kobuki_ros_interfaces/kobuki_ros_interfaces/msg/wheel_drop_event.h
[3.343s] -- Up-to-date symlink: /home/omartinez/2023-tfg-oscar-martinez/src/webbt_ws/install/kobuki_ros_interfaces/share/kobuki_ros_interfaces/environment/library_path.sh
[3.344s] -- Up-to-date symlink: /home/omartinez/2023-tfg-oscar-martinez/src/webbt_ws/install/kobuki_ros_interfaces/share/kobuki_ros_interfaces/environment/library_path.dsv
[3.344s] -- Up-to-date symlink: /home/omartinez/2023-tfg-oscar-martinez/src/webbt_ws/install/kobuki_ros_interfaces/include/kobuki_ros_interfaces/kobuki_ros_interfaces/action/detail/auto_docking__rosidl_typesupport_fastrtps_c.h
[3.344s] -- Up-to-date symlink: /home/omartinez/2023-tfg-oscar-martinez/src/webbt_ws/install/kobuki_ros_interfaces/include/kobuki_ros_interfaces/kobuki_ros_interfaces/msg/detail/bumper_event__rosidl_typesupport_fastrtps_c.h
[3.344s] -- Up-to-date symlink: /home/omartinez/2023-tfg-oscar-martinez/src/webbt_ws/install/kobuki_ros_interfaces/include/kobuki_ros_interfaces/kobuki_ros_interfaces/msg/detail/button_event__rosidl_typesupport_fastrtps_c.h
[3.345s] -- Up-to-date symlink: /home/omartinez/2023-tfg-oscar-martinez/src/webbt_ws/install/kobuki_ros_interfaces/include/kobuki_ros_interfaces/kobuki_ros_interfaces/msg/detail/cliff_event__rosidl_typesupport_fastrtps_c.h
[3.345s] -- Up-to-date symlink: /home/omartinez/2023-tfg-oscar-martinez/src/webbt_ws/install/kobuki_ros_interfaces/include/kobuki_ros_interfaces/kobuki_ros_interfaces/msg/detail/controller_info__rosidl_typesupport_fastrtps_c.h
[3.345s] -- Up-to-date symlink: /home/omartinez/2023-tfg-oscar-martinez/src/webbt_ws/install/kobuki_ros_interfaces/include/kobuki_ros_interfaces/kobuki_ros_interfaces/msg/detail/digital_input_event__rosidl_typesupport_fastrtps_c.h
[3.347s] -- Up-to-date symlink: /home/omartinez/2023-tfg-oscar-martinez/src/webbt_ws/install/kobuki_ros_interfaces/include/kobuki_ros_interfaces/kobuki_ros_interfaces/msg/detail/digital_output__rosidl_typesupport_fastrtps_c.h
[3.347s] -- Up-to-date symlink: /home/omartinez/2023-tfg-oscar-martinez/src/webbt_ws/install/kobuki_ros_interfaces/include/kobuki_ros_interfaces/kobuki_ros_interfaces/msg/detail/dock_infra_red__rosidl_typesupport_fastrtps_c.h
[3.347s] -- Up-to-date symlink: /home/omartinez/2023-tfg-oscar-martinez/src/webbt_ws/install/kobuki_ros_interfaces/include/kobuki_ros_interfaces/kobuki_ros_interfaces/msg/detail/external_power__rosidl_typesupport_fastrtps_c.h
[3.347s] -- Up-to-date symlink: /home/omartinez/2023-tfg-oscar-martinez/src/webbt_ws/install/kobuki_ros_interfaces/include/kobuki_ros_interfaces/kobuki_ros_interfaces/msg/detail/keyboard_input__rosidl_typesupport_fastrtps_c.h
[3.352s] -- Up-to-date symlink: /home/omartinez/2023-tfg-oscar-martinez/src/webbt_ws/install/kobuki_ros_interfaces/include/kobuki_ros_interfaces/kobuki_ros_interfaces/msg/detail/led__rosidl_typesupport_fastrtps_c.h
[3.352s] -- Up-to-date symlink: /home/omartinez/2023-tfg-oscar-martinez/src/webbt_ws/install/kobuki_ros_interfaces/include/kobuki_ros_interfaces/kobuki_ros_interfaces/msg/detail/motor_power__rosidl_typesupport_fastrtps_c.h
[3.353s] -- Up-to-date symlink: /home/omartinez/2023-tfg-oscar-martinez/src/webbt_ws/install/kobuki_ros_interfaces/include/kobuki_ros_interfaces/kobuki_ros_interfaces/msg/detail/power_system_event__rosidl_typesupport_fastrtps_c.h
[3.353s] -- Up-to-date symlink: /home/omartinez/2023-tfg-oscar-martinez/src/webbt_ws/install/kobuki_ros_interfaces/include/kobuki_ros_interfaces/kobuki_ros_interfaces/msg/detail/robot_state_event__rosidl_typesupport_fastrtps_c.h
[3.353s] -- Up-to-date symlink: /home/omartinez/2023-tfg-oscar-martinez/src/webbt_ws/install/kobuki_ros_interfaces/include/kobuki_ros_interfaces/kobuki_ros_interfaces/msg/detail/scan_angle__rosidl_typesupport_fastrtps_c.h
[3.353s] -- Up-to-date symlink: /home/omartinez/2023-tfg-oscar-martinez/src/webbt_ws/install/kobuki_ros_interfaces/include/kobuki_ros_interfaces/kobuki_ros_interfaces/msg/detail/sensor_state__rosidl_typesupport_fastrtps_c.h
[3.354s] -- Up-to-date symlink: /home/omartinez/2023-tfg-oscar-martinez/src/webbt_ws/install/kobuki_ros_interfaces/include/kobuki_ros_interfaces/kobuki_ros_interfaces/msg/detail/sound__rosidl_typesupport_fastrtps_c.h
[3.354s] -- Up-to-date symlink: /home/omartinez/2023-tfg-oscar-martinez/src/webbt_ws/install/kobuki_ros_interfaces/include/kobuki_ros_interfaces/kobuki_ros_interfaces/msg/detail/version_info__rosidl_typesupport_fastrtps_c.h
[3.354s] -- Up-to-date symlink: /home/omartinez/2023-tfg-oscar-martinez/src/webbt_ws/install/kobuki_ros_interfaces/include/kobuki_ros_interfaces/kobuki_ros_interfaces/msg/detail/wheel_drop_event__rosidl_typesupport_fastrtps_c.h
[3.354s] -- Up-to-date symlink: /home/omartinez/2023-tfg-oscar-martinez/src/webbt_ws/install/kobuki_ros_interfaces/include/kobuki_ros_interfaces/kobuki_ros_interfaces/msg/rosidl_typesupport_fastrtps_c__visibility_control.h
[3.355s] -- Up-to-date symlink: /home/omartinez/2023-tfg-oscar-martinez/src/webbt_ws/install/kobuki_ros_interfaces/include/kobuki_ros_interfaces/kobuki_ros_interfaces/action/auto_docking.hpp
[3.355s] -- Up-to-date symlink: /home/omartinez/2023-tfg-oscar-martinez/src/webbt_ws/install/kobuki_ros_interfaces/include/kobuki_ros_interfaces/kobuki_ros_interfaces/action/detail/auto_docking__builder.hpp
[3.355s] -- Up-to-date symlink: /home/omartinez/2023-tfg-oscar-martinez/src/webbt_ws/install/kobuki_ros_interfaces/include/kobuki_ros_interfaces/kobuki_ros_interfaces/action/detail/auto_docking__struct.hpp
[3.355s] -- Up-to-date symlink: /home/omartinez/2023-tfg-oscar-martinez/src/webbt_ws/install/kobuki_ros_interfaces/include/kobuki_ros_interfaces/kobuki_ros_interfaces/action/detail/auto_docking__traits.hpp
[3.356s] -- Up-to-date symlink: /home/omartinez/2023-tfg-oscar-martinez/src/webbt_ws/install/kobuki_ros_interfaces/include/kobuki_ros_interfaces/kobuki_ros_interfaces/msg/bumper_event.hpp
[3.356s] -- Up-to-date symlink: /home/omartinez/2023-tfg-oscar-martinez/src/webbt_ws/install/kobuki_ros_interfaces/include/kobuki_ros_interfaces/kobuki_ros_interfaces/msg/button_event.hpp
[3.356s] -- Up-to-date symlink: /home/omartinez/2023-tfg-oscar-martinez/src/webbt_ws/install/kobuki_ros_interfaces/include/kobuki_ros_interfaces/kobuki_ros_interfaces/msg/cliff_event.hpp
[3.356s] -- Up-to-date symlink: /home/omartinez/2023-tfg-oscar-martinez/src/webbt_ws/install/kobuki_ros_interfaces/include/kobuki_ros_interfaces/kobuki_ros_interfaces/msg/controller_info.hpp
[3.357s] -- Up-to-date symlink: /home/omartinez/2023-tfg-oscar-martinez/src/webbt_ws/install/kobuki_ros_interfaces/include/kobuki_ros_interfaces/kobuki_ros_interfaces/msg/detail/bumper_event__builder.hpp
[3.357s] -- Up-to-date symlink: /home/omartinez/2023-tfg-oscar-martinez/src/webbt_ws/install/kobuki_ros_interfaces/include/kobuki_ros_interfaces/kobuki_ros_interfaces/msg/detail/bumper_event__struct.hpp
[3.357s] -- Up-to-date symlink: /home/omartinez/2023-tfg-oscar-martinez/src/webbt_ws/install/kobuki_ros_interfaces/include/kobuki_ros_interfaces/kobuki_ros_interfaces/msg/detail/bumper_event__traits.hpp
[3.357s] -- Up-to-date symlink: /home/omartinez/2023-tfg-oscar-martinez/src/webbt_ws/install/kobuki_ros_interfaces/include/kobuki_ros_interfaces/kobuki_ros_interfaces/msg/detail/button_event__builder.hpp
[3.365s] -- Up-to-date symlink: /home/omartinez/2023-tfg-oscar-martinez/src/webbt_ws/install/kobuki_ros_interfaces/include/kobuki_ros_interfaces/kobuki_ros_interfaces/msg/detail/button_event__struct.hpp
[3.365s] -- Up-to-date symlink: /home/omartinez/2023-tfg-oscar-martinez/src/webbt_ws/install/kobuki_ros_interfaces/include/kobuki_ros_interfaces/kobuki_ros_interfaces/msg/detail/button_event__traits.hpp
[3.365s] -- Up-to-date symlink: /home/omartinez/2023-tfg-oscar-martinez/src/webbt_ws/install/kobuki_ros_interfaces/include/kobuki_ros_interfaces/kobuki_ros_interfaces/msg/detail/cliff_event__builder.hpp
[3.366s] -- Up-to-date symlink: /home/omartinez/2023-tfg-oscar-martinez/src/webbt_ws/install/kobuki_ros_interfaces/include/kobuki_ros_interfaces/kobuki_ros_interfaces/msg/detail/cliff_event__struct.hpp
[3.366s] -- Up-to-date symlink: /home/omartinez/2023-tfg-oscar-martinez/src/webbt_ws/install/kobuki_ros_interfaces/include/kobuki_ros_interfaces/kobuki_ros_interfaces/msg/detail/cliff_event__traits.hpp
[3.366s] -- Up-to-date symlink: /home/omartinez/2023-tfg-oscar-martinez/src/webbt_ws/install/kobuki_ros_interfaces/include/kobuki_ros_interfaces/kobuki_ros_interfaces/msg/detail/controller_info__builder.hpp
[3.366s] -- Up-to-date symlink: /home/omartinez/2023-tfg-oscar-martinez/src/webbt_ws/install/kobuki_ros_interfaces/include/kobuki_ros_interfaces/kobuki_ros_interfaces/msg/detail/controller_info__struct.hpp
[3.367s] -- Up-to-date symlink: /home/omartinez/2023-tfg-oscar-martinez/src/webbt_ws/install/kobuki_ros_interfaces/include/kobuki_ros_interfaces/kobuki_ros_interfaces/msg/detail/controller_info__traits.hpp
[3.367s] -- Up-to-date symlink: /home/omartinez/2023-tfg-oscar-martinez/src/webbt_ws/install/kobuki_ros_interfaces/include/kobuki_ros_interfaces/kobuki_ros_interfaces/msg/detail/digital_input_event__builder.hpp
[3.367s] -- Up-to-date symlink: /home/omartinez/2023-tfg-oscar-martinez/src/webbt_ws/install/kobuki_ros_interfaces/include/kobuki_ros_interfaces/kobuki_ros_interfaces/msg/detail/digital_input_event__struct.hpp
[3.368s] -- Up-to-date symlink: /home/omartinez/2023-tfg-oscar-martinez/src/webbt_ws/install/kobuki_ros_interfaces/include/kobuki_ros_interfaces/kobuki_ros_interfaces/msg/detail/digital_input_event__traits.hpp
[3.368s] -- Up-to-date symlink: /home/omartinez/2023-tfg-oscar-martinez/src/webbt_ws/install/kobuki_ros_interfaces/include/kobuki_ros_interfaces/kobuki_ros_interfaces/msg/detail/digital_output__builder.hpp
[3.368s] -- Up-to-date symlink: /home/omartinez/2023-tfg-oscar-martinez/src/webbt_ws/install/kobuki_ros_interfaces/include/kobuki_ros_interfaces/kobuki_ros_interfaces/msg/detail/digital_output__struct.hpp
[3.368s] -- Up-to-date symlink: /home/omartinez/2023-tfg-oscar-martinez/src/webbt_ws/install/kobuki_ros_interfaces/include/kobuki_ros_interfaces/kobuki_ros_interfaces/msg/detail/digital_output__traits.hpp
[3.369s] -- Up-to-date symlink: /home/omartinez/2023-tfg-oscar-martinez/src/webbt_ws/install/kobuki_ros_interfaces/include/kobuki_ros_interfaces/kobuki_ros_interfaces/msg/detail/dock_infra_red__builder.hpp
[3.373s] -- Up-to-date symlink: /home/omartinez/2023-tfg-oscar-martinez/src/webbt_ws/install/kobuki_ros_interfaces/include/kobuki_ros_interfaces/kobuki_ros_interfaces/msg/detail/dock_infra_red__struct.hpp
[3.377s] -- Up-to-date symlink: /home/omartinez/2023-tfg-oscar-martinez/src/webbt_ws/install/kobuki_ros_interfaces/include/kobuki_ros_interfaces/kobuki_ros_interfaces/msg/detail/dock_infra_red__traits.hpp
[3.377s] -- Up-to-date symlink: /home/omartinez/2023-tfg-oscar-martinez/src/webbt_ws/install/kobuki_ros_interfaces/include/kobuki_ros_interfaces/kobuki_ros_interfaces/msg/detail/external_power__builder.hpp
[3.377s] -- Up-to-date symlink: /home/omartinez/2023-tfg-oscar-martinez/src/webbt_ws/install/kobuki_ros_interfaces/include/kobuki_ros_interfaces/kobuki_ros_interfaces/msg/detail/external_power__struct.hpp
[3.385s] -- Up-to-date symlink: /home/omartinez/2023-tfg-oscar-martinez/src/webbt_ws/install/kobuki_ros_interfaces/include/kobuki_ros_interfaces/kobuki_ros_interfaces/msg/detail/external_power__traits.hpp
[3.385s] -- Up-to-date symlink: /home/omartinez/2023-tfg-oscar-martinez/src/webbt_ws/install/kobuki_ros_interfaces/include/kobuki_ros_interfaces/kobuki_ros_interfaces/msg/detail/keyboard_input__builder.hpp
[3.385s] -- Up-to-date symlink: /home/omartinez/2023-tfg-oscar-martinez/src/webbt_ws/install/kobuki_ros_interfaces/include/kobuki_ros_interfaces/kobuki_ros_interfaces/msg/detail/keyboard_input__struct.hpp
[3.385s] -- Up-to-date symlink: /home/omartinez/2023-tfg-oscar-martinez/src/webbt_ws/install/kobuki_ros_interfaces/include/kobuki_ros_interfaces/kobuki_ros_interfaces/msg/detail/keyboard_input__traits.hpp
[3.386s] -- Up-to-date symlink: /home/omartinez/2023-tfg-oscar-martinez/src/webbt_ws/install/kobuki_ros_interfaces/include/kobuki_ros_interfaces/kobuki_ros_interfaces/msg/detail/led__builder.hpp
[3.386s] -- Up-to-date symlink: /home/omartinez/2023-tfg-oscar-martinez/src/webbt_ws/install/kobuki_ros_interfaces/include/kobuki_ros_interfaces/kobuki_ros_interfaces/msg/detail/led__struct.hpp
[3.386s] -- Up-to-date symlink: /home/omartinez/2023-tfg-oscar-martinez/src/webbt_ws/install/kobuki_ros_interfaces/include/kobuki_ros_interfaces/kobuki_ros_interfaces/msg/detail/led__traits.hpp
[3.386s] -- Up-to-date symlink: /home/omartinez/2023-tfg-oscar-martinez/src/webbt_ws/install/kobuki_ros_interfaces/include/kobuki_ros_interfaces/kobuki_ros_interfaces/msg/detail/motor_power__builder.hpp
[3.387s] -- Up-to-date symlink: /home/omartinez/2023-tfg-oscar-martinez/src/webbt_ws/install/kobuki_ros_interfaces/include/kobuki_ros_interfaces/kobuki_ros_interfaces/msg/detail/motor_power__struct.hpp
[3.387s] -- Up-to-date symlink: /home/omartinez/2023-tfg-oscar-martinez/src/webbt_ws/install/kobuki_ros_interfaces/include/kobuki_ros_interfaces/kobuki_ros_interfaces/msg/detail/motor_power__traits.hpp
[3.388s] -- Up-to-date symlink: /home/omartinez/2023-tfg-oscar-martinez/src/webbt_ws/install/kobuki_ros_interfaces/include/kobuki_ros_interfaces/kobuki_ros_interfaces/msg/detail/power_system_event__builder.hpp
[3.388s] -- Up-to-date symlink: /home/omartinez/2023-tfg-oscar-martinez/src/webbt_ws/install/kobuki_ros_interfaces/include/kobuki_ros_interfaces/kobuki_ros_interfaces/msg/detail/power_system_event__struct.hpp
[3.389s] -- Up-to-date symlink: /home/omartinez/2023-tfg-oscar-martinez/src/webbt_ws/install/kobuki_ros_interfaces/include/kobuki_ros_interfaces/kobuki_ros_interfaces/msg/detail/power_system_event__traits.hpp
[3.389s] -- Up-to-date symlink: /home/omartinez/2023-tfg-oscar-martinez/src/webbt_ws/install/kobuki_ros_interfaces/include/kobuki_ros_interfaces/kobuki_ros_interfaces/msg/detail/robot_state_event__builder.hpp
[3.390s] -- Up-to-date symlink: /home/omartinez/2023-tfg-oscar-martinez/src/webbt_ws/install/kobuki_ros_interfaces/include/kobuki_ros_interfaces/kobuki_ros_interfaces/msg/detail/robot_state_event__struct.hpp
[3.391s] -- Up-to-date symlink: /home/omartinez/2023-tfg-oscar-martinez/src/webbt_ws/install/kobuki_ros_interfaces/include/kobuki_ros_interfaces/kobuki_ros_interfaces/msg/detail/robot_state_event__traits.hpp
[3.391s] -- Up-to-date symlink: /home/omartinez/2023-tfg-oscar-martinez/src/webbt_ws/install/kobuki_ros_interfaces/include/kobuki_ros_interfaces/kobuki_ros_interfaces/msg/detail/scan_angle__builder.hpp
[3.391s] -- Up-to-date symlink: /home/omartinez/2023-tfg-oscar-martinez/src/webbt_ws/install/kobuki_ros_interfaces/include/kobuki_ros_interfaces/kobuki_ros_interfaces/msg/detail/scan_angle__struct.hpp
[3.391s] -- Up-to-date symlink: /home/omartinez/2023-tfg-oscar-martinez/src/webbt_ws/install/kobuki_ros_interfaces/include/kobuki_ros_interfaces/kobuki_ros_interfaces/msg/detail/scan_angle__traits.hpp
[3.392s] -- Up-to-date symlink: /home/omartinez/2023-tfg-oscar-martinez/src/webbt_ws/install/kobuki_ros_interfaces/include/kobuki_ros_interfaces/kobuki_ros_interfaces/msg/detail/sensor_state__builder.hpp
[3.392s] -- Up-to-date symlink: /home/omartinez/2023-tfg-oscar-martinez/src/webbt_ws/install/kobuki_ros_interfaces/include/kobuki_ros_interfaces/kobuki_ros_interfaces/msg/detail/sensor_state__struct.hpp
[3.392s] -- Up-to-date symlink: /home/omartinez/2023-tfg-oscar-martinez/src/webbt_ws/install/kobuki_ros_interfaces/include/kobuki_ros_interfaces/kobuki_ros_interfaces/msg/detail/sensor_state__traits.hpp
[3.393s] -- Up-to-date symlink: /home/omartinez/2023-tfg-oscar-martinez/src/webbt_ws/install/kobuki_ros_interfaces/include/kobuki_ros_interfaces/kobuki_ros_interfaces/msg/detail/sound__builder.hpp
[3.393s] -- Up-to-date symlink: /home/omartinez/2023-tfg-oscar-martinez/src/webbt_ws/install/kobuki_ros_interfaces/include/kobuki_ros_interfaces/kobuki_ros_interfaces/msg/detail/sound__struct.hpp
[3.394s] -- Up-to-date symlink: /home/omartinez/2023-tfg-oscar-martinez/src/webbt_ws/install/kobuki_ros_interfaces/include/kobuki_ros_interfaces/kobuki_ros_interfaces/msg/detail/sound__traits.hpp
[3.399s] -- Up-to-date symlink: /home/omartinez/2023-tfg-oscar-martinez/src/webbt_ws/install/kobuki_ros_interfaces/include/kobuki_ros_interfaces/kobuki_ros_interfaces/msg/detail/version_info__builder.hpp
[3.400s] -- Up-to-date symlink: /home/omartinez/2023-tfg-oscar-martinez/src/webbt_ws/install/kobuki_ros_interfaces/include/kobuki_ros_interfaces/kobuki_ros_interfaces/msg/detail/version_info__struct.hpp
[3.400s] -- Up-to-date symlink: /home/omartinez/2023-tfg-oscar-martinez/src/webbt_ws/install/kobuki_ros_interfaces/include/kobuki_ros_interfaces/kobuki_ros_interfaces/msg/detail/version_info__traits.hpp
[3.400s] -- Up-to-date symlink: /home/omartinez/2023-tfg-oscar-martinez/src/webbt_ws/install/kobuki_ros_interfaces/include/kobuki_ros_interfaces/kobuki_ros_interfaces/msg/detail/wheel_drop_event__builder.hpp
[3.401s] -- Up-to-date symlink: /home/omartinez/2023-tfg-oscar-martinez/src/webbt_ws/install/kobuki_ros_interfaces/include/kobuki_ros_interfaces/kobuki_ros_interfaces/msg/detail/wheel_drop_event__struct.hpp
[3.401s] -- Up-to-date symlink: /home/omartinez/2023-tfg-oscar-martinez/src/webbt_ws/install/kobuki_ros_interfaces/include/kobuki_ros_interfaces/kobuki_ros_interfaces/msg/detail/wheel_drop_event__traits.hpp
[3.401s] -- Up-to-date symlink: /home/omartinez/2023-tfg-oscar-martinez/src/webbt_ws/install/kobuki_ros_interfaces/include/kobuki_ros_interfaces/kobuki_ros_interfaces/msg/digital_input_event.hpp
[3.402s] -- Up-to-date symlink: /home/omartinez/2023-tfg-oscar-martinez/src/webbt_ws/install/kobuki_ros_interfaces/include/kobuki_ros_interfaces/kobuki_ros_interfaces/msg/digital_output.hpp
[3.402s] -- Up-to-date symlink: /home/omartinez/2023-tfg-oscar-martinez/src/webbt_ws/install/kobuki_ros_interfaces/include/kobuki_ros_interfaces/kobuki_ros_interfaces/msg/dock_infra_red.hpp
[3.403s] -- Up-to-date symlink: /home/omartinez/2023-tfg-oscar-martinez/src/webbt_ws/install/kobuki_ros_interfaces/include/kobuki_ros_interfaces/kobuki_ros_interfaces/msg/external_power.hpp
[3.403s] -- Up-to-date symlink: /home/omartinez/2023-tfg-oscar-martinez/src/webbt_ws/install/kobuki_ros_interfaces/include/kobuki_ros_interfaces/kobuki_ros_interfaces/msg/keyboard_input.hpp
[3.423s] -- Up-to-date symlink: /home/omartinez/2023-tfg-oscar-martinez/src/webbt_ws/install/kobuki_ros_interfaces/include/kobuki_ros_interfaces/kobuki_ros_interfaces/msg/led.hpp
[3.424s] -- Up-to-date symlink: /home/omartinez/2023-tfg-oscar-martinez/src/webbt_ws/install/kobuki_ros_interfaces/include/kobuki_ros_interfaces/kobuki_ros_interfaces/msg/motor_power.hpp
[3.424s] -- Up-to-date symlink: /home/omartinez/2023-tfg-oscar-martinez/src/webbt_ws/install/kobuki_ros_interfaces/include/kobuki_ros_interfaces/kobuki_ros_interfaces/msg/power_system_event.hpp
[3.424s] -- Up-to-date symlink: /home/omartinez/2023-tfg-oscar-martinez/src/webbt_ws/install/kobuki_ros_interfaces/include/kobuki_ros_interfaces/kobuki_ros_interfaces/msg/robot_state_event.hpp
[3.424s] -- Up-to-date symlink: /home/omartinez/2023-tfg-oscar-martinez/src/webbt_ws/install/kobuki_ros_interfaces/include/kobuki_ros_interfaces/kobuki_ros_interfaces/msg/scan_angle.hpp
[3.425s] -- Up-to-date symlink: /home/omartinez/2023-tfg-oscar-martinez/src/webbt_ws/install/kobuki_ros_interfaces/include/kobuki_ros_interfaces/kobuki_ros_interfaces/msg/sensor_state.hpp
[3.425s] -- Up-to-date symlink: /home/omartinez/2023-tfg-oscar-martinez/src/webbt_ws/install/kobuki_ros_interfaces/include/kobuki_ros_interfaces/kobuki_ros_interfaces/msg/sound.hpp
[3.425s] -- Up-to-date symlink: /home/omartinez/2023-tfg-oscar-martinez/src/webbt_ws/install/kobuki_ros_interfaces/include/kobuki_ros_interfaces/kobuki_ros_interfaces/msg/version_info.hpp
[3.426s] -- Up-to-date symlink: /home/omartinez/2023-tfg-oscar-martinez/src/webbt_ws/install/kobuki_ros_interfaces/include/kobuki_ros_interfaces/kobuki_ros_interfaces/msg/wheel_drop_event.hpp
[3.426s] -- Up-to-date symlink: /home/omartinez/2023-tfg-oscar-martinez/src/webbt_ws/install/kobuki_ros_interfaces/include/kobuki_ros_interfaces/kobuki_ros_interfaces/action/detail/auto_docking__rosidl_typesupport_fastrtps_cpp.hpp
[3.426s] -- Up-to-date symlink: /home/omartinez/2023-tfg-oscar-martinez/src/webbt_ws/install/kobuki_ros_interfaces/include/kobuki_ros_interfaces/kobuki_ros_interfaces/msg/detail/bumper_event__rosidl_typesupport_fastrtps_cpp.hpp
[3.426s] -- Up-to-date symlink: /home/omartinez/2023-tfg-oscar-martinez/src/webbt_ws/install/kobuki_ros_interfaces/include/kobuki_ros_interfaces/kobuki_ros_interfaces/msg/detail/button_event__rosidl_typesupport_fastrtps_cpp.hpp
[3.427s] -- Up-to-date symlink: /home/omartinez/2023-tfg-oscar-martinez/src/webbt_ws/install/kobuki_ros_interfaces/include/kobuki_ros_interfaces/kobuki_ros_interfaces/msg/detail/cliff_event__rosidl_typesupport_fastrtps_cpp.hpp
[3.427s] -- Up-to-date symlink: /home/omartinez/2023-tfg-oscar-martinez/src/webbt_ws/install/kobuki_ros_interfaces/include/kobuki_ros_interfaces/kobuki_ros_interfaces/msg/detail/controller_info__rosidl_typesupport_fastrtps_cpp.hpp
[3.427s] -- Up-to-date symlink: /home/omartinez/2023-tfg-oscar-martinez/src/webbt_ws/install/kobuki_ros_interfaces/include/kobuki_ros_interfaces/kobuki_ros_interfaces/msg/detail/digital_input_event__rosidl_typesupport_fastrtps_cpp.hpp
[3.427s] -- Up-to-date symlink: /home/omartinez/2023-tfg-oscar-martinez/src/webbt_ws/install/kobuki_ros_interfaces/include/kobuki_ros_interfaces/kobuki_ros_interfaces/msg/detail/digital_output__rosidl_typesupport_fastrtps_cpp.hpp
[3.432s] -- Up-to-date symlink: /home/omartinez/2023-tfg-oscar-martinez/src/webbt_ws/install/kobuki_ros_interfaces/include/kobuki_ros_interfaces/kobuki_ros_interfaces/msg/detail/dock_infra_red__rosidl_typesupport_fastrtps_cpp.hpp
[3.432s] -- Up-to-date symlink: /home/omartinez/2023-tfg-oscar-martinez/src/webbt_ws/install/kobuki_ros_interfaces/include/kobuki_ros_interfaces/kobuki_ros_interfaces/msg/detail/external_power__rosidl_typesupport_fastrtps_cpp.hpp
[3.432s] -- Up-to-date symlink: /home/omartinez/2023-tfg-oscar-martinez/src/webbt_ws/install/kobuki_ros_interfaces/include/kobuki_ros_interfaces/kobuki_ros_interfaces/msg/detail/keyboard_input__rosidl_typesupport_fastrtps_cpp.hpp
[3.432s] -- Up-to-date symlink: /home/omartinez/2023-tfg-oscar-martinez/src/webbt_ws/install/kobuki_ros_interfaces/include/kobuki_ros_interfaces/kobuki_ros_interfaces/msg/detail/led__rosidl_typesupport_fastrtps_cpp.hpp
[3.433s] -- Up-to-date symlink: /home/omartinez/2023-tfg-oscar-martinez/src/webbt_ws/install/kobuki_ros_interfaces/include/kobuki_ros_interfaces/kobuki_ros_interfaces/msg/detail/motor_power__rosidl_typesupport_fastrtps_cpp.hpp
[3.433s] -- Up-to-date symlink: /home/omartinez/2023-tfg-oscar-martinez/src/webbt_ws/install/kobuki_ros_interfaces/include/kobuki_ros_interfaces/kobuki_ros_interfaces/msg/detail/power_system_event__rosidl_typesupport_fastrtps_cpp.hpp
[3.443s] -- Up-to-date symlink: /home/omartinez/2023-tfg-oscar-martinez/src/webbt_ws/install/kobuki_ros_interfaces/include/kobuki_ros_interfaces/kobuki_ros_interfaces/msg/detail/robot_state_event__rosidl_typesupport_fastrtps_cpp.hpp
[3.444s] -- Up-to-date symlink: /home/omartinez/2023-tfg-oscar-martinez/src/webbt_ws/install/kobuki_ros_interfaces/include/kobuki_ros_interfaces/kobuki_ros_interfaces/msg/detail/scan_angle__rosidl_typesupport_fastrtps_cpp.hpp
[3.444s] -- Up-to-date symlink: /home/omartinez/2023-tfg-oscar-martinez/src/webbt_ws/install/kobuki_ros_interfaces/include/kobuki_ros_interfaces/kobuki_ros_interfaces/msg/detail/sensor_state__rosidl_typesupport_fastrtps_cpp.hpp
[3.451s] -- Up-to-date symlink: /home/omartinez/2023-tfg-oscar-martinez/src/webbt_ws/install/kobuki_ros_interfaces/include/kobuki_ros_interfaces/kobuki_ros_interfaces/msg/detail/sound__rosidl_typesupport_fastrtps_cpp.hpp
[3.451s] -- Up-to-date symlink: /home/omartinez/2023-tfg-oscar-martinez/src/webbt_ws/install/kobuki_ros_interfaces/include/kobuki_ros_interfaces/kobuki_ros_interfaces/msg/detail/version_info__rosidl_typesupport_fastrtps_cpp.hpp
[3.451s] -- Up-to-date symlink: /home/omartinez/2023-tfg-oscar-martinez/src/webbt_ws/install/kobuki_ros_interfaces/include/kobuki_ros_interfaces/kobuki_ros_interfaces/msg/detail/wheel_drop_event__rosidl_typesupport_fastrtps_cpp.hpp
[3.452s] -- Up-to-date symlink: /home/omartinez/2023-tfg-oscar-martinez/src/webbt_ws/install/kobuki_ros_interfaces/include/kobuki_ros_interfaces/kobuki_ros_interfaces/msg/rosidl_typesupport_fastrtps_cpp__visibility_control.h
[3.453s] -- Up-to-date symlink: /home/omartinez/2023-tfg-oscar-martinez/src/webbt_ws/install/kobuki_ros_interfaces/include/kobuki_ros_interfaces/kobuki_ros_interfaces/action/detail/auto_docking__rosidl_typesupport_introspection_c.h
[3.456s] -- Up-to-date symlink: /home/omartinez/2023-tfg-oscar-martinez/src/webbt_ws/install/kobuki_ros_interfaces/include/kobuki_ros_interfaces/kobuki_ros_interfaces/msg/detail/bumper_event__rosidl_typesupport_introspection_c.h
[3.456s] -- Up-to-date symlink: /home/omartinez/2023-tfg-oscar-martinez/src/webbt_ws/install/kobuki_ros_interfaces/include/kobuki_ros_interfaces/kobuki_ros_interfaces/msg/detail/button_event__rosidl_typesupport_introspection_c.h
[3.457s] -- Up-to-date symlink: /home/omartinez/2023-tfg-oscar-martinez/src/webbt_ws/install/kobuki_ros_interfaces/include/kobuki_ros_interfaces/kobuki_ros_interfaces/msg/detail/cliff_event__rosidl_typesupport_introspection_c.h
[3.457s] -- Up-to-date symlink: /home/omartinez/2023-tfg-oscar-martinez/src/webbt_ws/install/kobuki_ros_interfaces/include/kobuki_ros_interfaces/kobuki_ros_interfaces/msg/detail/controller_info__rosidl_typesupport_introspection_c.h
[3.457s] -- Up-to-date symlink: /home/omartinez/2023-tfg-oscar-martinez/src/webbt_ws/install/kobuki_ros_interfaces/include/kobuki_ros_interfaces/kobuki_ros_interfaces/msg/detail/digital_input_event__rosidl_typesupport_introspection_c.h
[3.458s] -- Up-to-date symlink: /home/omartinez/2023-tfg-oscar-martinez/src/webbt_ws/install/kobuki_ros_interfaces/include/kobuki_ros_interfaces/kobuki_ros_interfaces/msg/detail/digital_output__rosidl_typesupport_introspection_c.h
[3.458s] -- Up-to-date symlink: /home/omartinez/2023-tfg-oscar-martinez/src/webbt_ws/install/kobuki_ros_interfaces/include/kobuki_ros_interfaces/kobuki_ros_interfaces/msg/detail/dock_infra_red__rosidl_typesupport_introspection_c.h
[3.458s] -- Up-to-date symlink: /home/omartinez/2023-tfg-oscar-martinez/src/webbt_ws/install/kobuki_ros_interfaces/include/kobuki_ros_interfaces/kobuki_ros_interfaces/msg/detail/external_power__rosidl_typesupport_introspection_c.h
[3.458s] -- Up-to-date symlink: /home/omartinez/2023-tfg-oscar-martinez/src/webbt_ws/install/kobuki_ros_interfaces/include/kobuki_ros_interfaces/kobuki_ros_interfaces/msg/detail/keyboard_input__rosidl_typesupport_introspection_c.h
[3.459s] -- Up-to-date symlink: /home/omartinez/2023-tfg-oscar-martinez/src/webbt_ws/install/kobuki_ros_interfaces/include/kobuki_ros_interfaces/kobuki_ros_interfaces/msg/detail/led__rosidl_typesupport_introspection_c.h
[3.459s] -- Up-to-date symlink: /home/omartinez/2023-tfg-oscar-martinez/src/webbt_ws/install/kobuki_ros_interfaces/include/kobuki_ros_interfaces/kobuki_ros_interfaces/msg/detail/motor_power__rosidl_typesupport_introspection_c.h
[3.459s] -- Up-to-date symlink: /home/omartinez/2023-tfg-oscar-martinez/src/webbt_ws/install/kobuki_ros_interfaces/include/kobuki_ros_interfaces/kobuki_ros_interfaces/msg/detail/power_system_event__rosidl_typesupport_introspection_c.h
[3.459s] -- Up-to-date symlink: /home/omartinez/2023-tfg-oscar-martinez/src/webbt_ws/install/kobuki_ros_interfaces/include/kobuki_ros_interfaces/kobuki_ros_interfaces/msg/detail/robot_state_event__rosidl_typesupport_introspection_c.h
[3.460s] -- Up-to-date symlink: /home/omartinez/2023-tfg-oscar-martinez/src/webbt_ws/install/kobuki_ros_interfaces/include/kobuki_ros_interfaces/kobuki_ros_interfaces/msg/detail/scan_angle__rosidl_typesupport_introspection_c.h
[3.460s] -- Up-to-date symlink: /home/omartinez/2023-tfg-oscar-martinez/src/webbt_ws/install/kobuki_ros_interfaces/include/kobuki_ros_interfaces/kobuki_ros_interfaces/msg/detail/sensor_state__rosidl_typesupport_introspection_c.h
[3.460s] -- Up-to-date symlink: /home/omartinez/2023-tfg-oscar-martinez/src/webbt_ws/install/kobuki_ros_interfaces/include/kobuki_ros_interfaces/kobuki_ros_interfaces/msg/detail/sound__rosidl_typesupport_introspection_c.h
[3.460s] -- Up-to-date symlink: /home/omartinez/2023-tfg-oscar-martinez/src/webbt_ws/install/kobuki_ros_interfaces/include/kobuki_ros_interfaces/kobuki_ros_interfaces/msg/detail/version_info__rosidl_typesupport_introspection_c.h
[3.461s] -- Up-to-date symlink: /home/omartinez/2023-tfg-oscar-martinez/src/webbt_ws/install/kobuki_ros_interfaces/include/kobuki_ros_interfaces/kobuki_ros_interfaces/msg/detail/wheel_drop_event__rosidl_typesupport_introspection_c.h
[3.461s] -- Up-to-date symlink: /home/omartinez/2023-tfg-oscar-martinez/src/webbt_ws/install/kobuki_ros_interfaces/include/kobuki_ros_interfaces/kobuki_ros_interfaces/msg/rosidl_typesupport_introspection_c__visibility_control.h
[3.461s] -- Up-to-date symlink: /home/omartinez/2023-tfg-oscar-martinez/src/webbt_ws/install/kobuki_ros_interfaces/include/kobuki_ros_interfaces/kobuki_ros_interfaces/action/detail/auto_docking__rosidl_typesupport_introspection_cpp.hpp
[3.461s] -- Up-to-date symlink: /home/omartinez/2023-tfg-oscar-martinez/src/webbt_ws/install/kobuki_ros_interfaces/include/kobuki_ros_interfaces/kobuki_ros_interfaces/msg/detail/bumper_event__rosidl_typesupport_introspection_cpp.hpp
[3.462s] -- Up-to-date symlink: /home/omartinez/2023-tfg-oscar-martinez/src/webbt_ws/install/kobuki_ros_interfaces/include/kobuki_ros_interfaces/kobuki_ros_interfaces/msg/detail/button_event__rosidl_typesupport_introspection_cpp.hpp
[3.462s] -- Up-to-date symlink: /home/omartinez/2023-tfg-oscar-martinez/src/webbt_ws/install/kobuki_ros_interfaces/include/kobuki_ros_interfaces/kobuki_ros_interfaces/msg/detail/cliff_event__rosidl_typesupport_introspection_cpp.hpp
[3.462s] -- Up-to-date symlink: /home/omartinez/2023-tfg-oscar-martinez/src/webbt_ws/install/kobuki_ros_interfaces/include/kobuki_ros_interfaces/kobuki_ros_interfaces/msg/detail/controller_info__rosidl_typesupport_introspection_cpp.hpp
[3.462s] -- Up-to-date symlink: /home/omartinez/2023-tfg-oscar-martinez/src/webbt_ws/install/kobuki_ros_interfaces/include/kobuki_ros_interfaces/kobuki_ros_interfaces/msg/detail/digital_input_event__rosidl_typesupport_introspection_cpp.hpp
[3.465s] -- Up-to-date symlink: /home/omartinez/2023-tfg-oscar-martinez/src/webbt_ws/install/kobuki_ros_interfaces/include/kobuki_ros_interfaces/kobuki_ros_interfaces/msg/detail/digital_output__rosidl_typesupport_introspection_cpp.hpp
[3.467s] -- Up-to-date symlink: /home/omartinez/2023-tfg-oscar-martinez/src/webbt_ws/install/kobuki_ros_interfaces/include/kobuki_ros_interfaces/kobuki_ros_interfaces/msg/detail/dock_infra_red__rosidl_typesupport_introspection_cpp.hpp
[3.468s] -- Up-to-date symlink: /home/omartinez/2023-tfg-oscar-martinez/src/webbt_ws/install/kobuki_ros_interfaces/include/kobuki_ros_interfaces/kobuki_ros_interfaces/msg/detail/external_power__rosidl_typesupport_introspection_cpp.hpp
[3.482s] -- Up-to-date symlink: /home/omartinez/2023-tfg-oscar-martinez/src/webbt_ws/install/kobuki_ros_interfaces/include/kobuki_ros_interfaces/kobuki_ros_interfaces/msg/detail/keyboard_input__rosidl_typesupport_introspection_cpp.hpp
[3.483s] -- Up-to-date symlink: /home/omartinez/2023-tfg-oscar-martinez/src/webbt_ws/install/kobuki_ros_interfaces/include/kobuki_ros_interfaces/kobuki_ros_interfaces/msg/detail/led__rosidl_typesupport_introspection_cpp.hpp
[3.483s] -- Up-to-date symlink: /home/omartinez/2023-tfg-oscar-martinez/src/webbt_ws/install/kobuki_ros_interfaces/include/kobuki_ros_interfaces/kobuki_ros_interfaces/msg/detail/motor_power__rosidl_typesupport_introspection_cpp.hpp
[3.483s] -- Up-to-date symlink: /home/omartinez/2023-tfg-oscar-martinez/src/webbt_ws/install/kobuki_ros_interfaces/include/kobuki_ros_interfaces/kobuki_ros_interfaces/msg/detail/power_system_event__rosidl_typesupport_introspection_cpp.hpp
[3.484s] -- Up-to-date symlink: /home/omartinez/2023-tfg-oscar-martinez/src/webbt_ws/install/kobuki_ros_interfaces/include/kobuki_ros_interfaces/kobuki_ros_interfaces/msg/detail/robot_state_event__rosidl_typesupport_introspection_cpp.hpp
[3.484s] -- Up-to-date symlink: /home/omartinez/2023-tfg-oscar-martinez/src/webbt_ws/install/kobuki_ros_interfaces/include/kobuki_ros_interfaces/kobuki_ros_interfaces/msg/detail/scan_angle__rosidl_typesupport_introspection_cpp.hpp
[3.484s] -- Up-to-date symlink: /home/omartinez/2023-tfg-oscar-martinez/src/webbt_ws/install/kobuki_ros_interfaces/include/kobuki_ros_interfaces/kobuki_ros_interfaces/msg/detail/sensor_state__rosidl_typesupport_introspection_cpp.hpp
[3.485s] -- Up-to-date symlink: /home/omartinez/2023-tfg-oscar-martinez/src/webbt_ws/install/kobuki_ros_interfaces/include/kobuki_ros_interfaces/kobuki_ros_interfaces/msg/detail/sound__rosidl_typesupport_introspection_cpp.hpp
[3.485s] -- Up-to-date symlink: /home/omartinez/2023-tfg-oscar-martinez/src/webbt_ws/install/kobuki_ros_interfaces/include/kobuki_ros_interfaces/kobuki_ros_interfaces/msg/detail/version_info__rosidl_typesupport_introspection_cpp.hpp
[3.485s] -- Up-to-date symlink: /home/omartinez/2023-tfg-oscar-martinez/src/webbt_ws/install/kobuki_ros_interfaces/include/kobuki_ros_interfaces/kobuki_ros_interfaces/msg/detail/wheel_drop_event__rosidl_typesupport_introspection_cpp.hpp
[3.485s] -- Up-to-date symlink: /home/omartinez/2023-tfg-oscar-martinez/src/webbt_ws/install/kobuki_ros_interfaces/share/kobuki_ros_interfaces/environment/pythonpath.sh
[3.486s] -- Up-to-date symlink: /home/omartinez/2023-tfg-oscar-martinez/src/webbt_ws/install/kobuki_ros_interfaces/share/kobuki_ros_interfaces/environment/pythonpath.dsv
[3.486s] -- Up-to-date symlink: /home/omartinez/2023-tfg-oscar-martinez/src/webbt_ws/install/kobuki_ros_interfaces/local/lib/python3.10/dist-packages/kobuki_ros_interfaces-1.0.0-py3.10.egg-info/PKG-INFO
[3.486s] -- Up-to-date symlink: /home/omartinez/2023-tfg-oscar-martinez/src/webbt_ws/install/kobuki_ros_interfaces/local/lib/python3.10/dist-packages/kobuki_ros_interfaces-1.0.0-py3.10.egg-info/SOURCES.txt
[3.486s] -- Up-to-date symlink: /home/omartinez/2023-tfg-oscar-martinez/src/webbt_ws/install/kobuki_ros_interfaces/local/lib/python3.10/dist-packages/kobuki_ros_interfaces-1.0.0-py3.10.egg-info/dependency_links.txt
[3.486s] -- Up-to-date symlink: /home/omartinez/2023-tfg-oscar-martinez/src/webbt_ws/install/kobuki_ros_interfaces/local/lib/python3.10/dist-packages/kobuki_ros_interfaces-1.0.0-py3.10.egg-info/top_level.txt
[3.487s] -- Up-to-date symlink: /home/omartinez/2023-tfg-oscar-martinez/src/webbt_ws/install/kobuki_ros_interfaces/local/lib/python3.10/dist-packages/kobuki_ros_interfaces/__init__.py
[3.487s] -- Up-to-date symlink: /home/omartinez/2023-tfg-oscar-martinez/src/webbt_ws/install/kobuki_ros_interfaces/local/lib/python3.10/dist-packages/kobuki_ros_interfaces/_kobuki_ros_interfaces_s.ep.rosidl_typesupport_c.c
[3.488s] -- Up-to-date symlink: /home/omartinez/2023-tfg-oscar-martinez/src/webbt_ws/install/kobuki_ros_interfaces/local/lib/python3.10/dist-packages/kobuki_ros_interfaces/_kobuki_ros_interfaces_s.ep.rosidl_typesupport_fastrtps_c.c
[3.489s] -- Up-to-date symlink: /home/omartinez/2023-tfg-oscar-martinez/src/webbt_ws/install/kobuki_ros_interfaces/local/lib/python3.10/dist-packages/kobuki_ros_interfaces/_kobuki_ros_interfaces_s.ep.rosidl_typesupport_introspection_c.c
[3.489s] -- Up-to-date symlink: /home/omartinez/2023-tfg-oscar-martinez/src/webbt_ws/install/kobuki_ros_interfaces/local/lib/python3.10/dist-packages/kobuki_ros_interfaces/action/__init__.py
[3.489s] -- Up-to-date symlink: /home/omartinez/2023-tfg-oscar-martinez/src/webbt_ws/install/kobuki_ros_interfaces/local/lib/python3.10/dist-packages/kobuki_ros_interfaces/action/_auto_docking.py
[3.489s] -- Up-to-date symlink: /home/omartinez/2023-tfg-oscar-martinez/src/webbt_ws/install/kobuki_ros_interfaces/local/lib/python3.10/dist-packages/kobuki_ros_interfaces/action/_auto_docking_s.c
[3.489s] -- Up-to-date symlink: /home/omartinez/2023-tfg-oscar-martinez/src/webbt_ws/install/kobuki_ros_interfaces/local/lib/python3.10/dist-packages/kobuki_ros_interfaces/kobuki_ros_interfaces_s__rosidl_typesupport_c.cpython-310-x86_64-linux-gnu.so
[3.490s] -- Up-to-date symlink: /home/omartinez/2023-tfg-oscar-martinez/src/webbt_ws/install/kobuki_ros_interfaces/local/lib/python3.10/dist-packages/kobuki_ros_interfaces/kobuki_ros_interfaces_s__rosidl_typesupport_fastrtps_c.cpython-310-x86_64-linux-gnu.so
[3.490s] -- Up-to-date symlink: /home/omartinez/2023-tfg-oscar-martinez/src/webbt_ws/install/kobuki_ros_interfaces/local/lib/python3.10/dist-packages/kobuki_ros_interfaces/kobuki_ros_interfaces_s__rosidl_typesupport_introspection_c.cpython-310-x86_64-linux-gnu.so
[3.491s] -- Up-to-date symlink: /home/omartinez/2023-tfg-oscar-martinez/src/webbt_ws/install/kobuki_ros_interfaces/local/lib/python3.10/dist-packages/kobuki_ros_interfaces/libkobuki_ros_interfaces__rosidl_generator_py.so
[3.491s] -- Up-to-date symlink: /home/omartinez/2023-tfg-oscar-martinez/src/webbt_ws/install/kobuki_ros_interfaces/local/lib/python3.10/dist-packages/kobuki_ros_interfaces/msg/__init__.py
[3.492s] -- Up-to-date symlink: /home/omartinez/2023-tfg-oscar-martinez/src/webbt_ws/install/kobuki_ros_interfaces/local/lib/python3.10/dist-packages/kobuki_ros_interfaces/msg/_bumper_event.py
[3.492s] -- Up-to-date symlink: /home/omartinez/2023-tfg-oscar-martinez/src/webbt_ws/install/kobuki_ros_interfaces/local/lib/python3.10/dist-packages/kobuki_ros_interfaces/msg/_bumper_event_s.c
[3.493s] -- Up-to-date symlink: /home/omartinez/2023-tfg-oscar-martinez/src/webbt_ws/install/kobuki_ros_interfaces/local/lib/python3.10/dist-packages/kobuki_ros_interfaces/msg/_button_event.py
[3.493s] -- Up-to-date symlink: /home/omartinez/2023-tfg-oscar-martinez/src/webbt_ws/install/kobuki_ros_interfaces/local/lib/python3.10/dist-packages/kobuki_ros_interfaces/msg/_button_event_s.c
[3.493s] -- Up-to-date symlink: /home/omartinez/2023-tfg-oscar-martinez/src/webbt_ws/install/kobuki_ros_interfaces/local/lib/python3.10/dist-packages/kobuki_ros_interfaces/msg/_cliff_event.py
[3.494s] -- Up-to-date symlink: /home/omartinez/2023-tfg-oscar-martinez/src/webbt_ws/install/kobuki_ros_interfaces/local/lib/python3.10/dist-packages/kobuki_ros_interfaces/msg/_cliff_event_s.c
[3.494s] -- Up-to-date symlink: /home/omartinez/2023-tfg-oscar-martinez/src/webbt_ws/install/kobuki_ros_interfaces/local/lib/python3.10/dist-packages/kobuki_ros_interfaces/msg/_controller_info.py
[3.495s] -- Up-to-date symlink: /home/omartinez/2023-tfg-oscar-martinez/src/webbt_ws/install/kobuki_ros_interfaces/local/lib/python3.10/dist-packages/kobuki_ros_interfaces/msg/_controller_info_s.c
[3.495s] -- Up-to-date symlink: /home/omartinez/2023-tfg-oscar-martinez/src/webbt_ws/install/kobuki_ros_interfaces/local/lib/python3.10/dist-packages/kobuki_ros_interfaces/msg/_digital_input_event.py
[3.495s] -- Up-to-date symlink: /home/omartinez/2023-tfg-oscar-martinez/src/webbt_ws/install/kobuki_ros_interfaces/local/lib/python3.10/dist-packages/kobuki_ros_interfaces/msg/_digital_input_event_s.c
[3.496s] -- Up-to-date symlink: /home/omartinez/2023-tfg-oscar-martinez/src/webbt_ws/install/kobuki_ros_interfaces/local/lib/python3.10/dist-packages/kobuki_ros_interfaces/msg/_digital_output.py
[3.496s] -- Up-to-date symlink: /home/omartinez/2023-tfg-oscar-martinez/src/webbt_ws/install/kobuki_ros_interfaces/local/lib/python3.10/dist-packages/kobuki_ros_interfaces/msg/_digital_output_s.c
[3.497s] -- Up-to-date symlink: /home/omartinez/2023-tfg-oscar-martinez/src/webbt_ws/install/kobuki_ros_interfaces/local/lib/python3.10/dist-packages/kobuki_ros_interfaces/msg/_dock_infra_red.py
[3.497s] -- Up-to-date symlink: /home/omartinez/2023-tfg-oscar-martinez/src/webbt_ws/install/kobuki_ros_interfaces/local/lib/python3.10/dist-packages/kobuki_ros_interfaces/msg/_dock_infra_red_s.c
[3.498s] -- Up-to-date symlink: /home/omartinez/2023-tfg-oscar-martinez/src/webbt_ws/install/kobuki_ros_interfaces/local/lib/python3.10/dist-packages/kobuki_ros_interfaces/msg/_external_power.py
[3.498s] -- Up-to-date symlink: /home/omartinez/2023-tfg-oscar-martinez/src/webbt_ws/install/kobuki_ros_interfaces/local/lib/python3.10/dist-packages/kobuki_ros_interfaces/msg/_external_power_s.c
[3.499s] -- Up-to-date symlink: /home/omartinez/2023-tfg-oscar-martinez/src/webbt_ws/install/kobuki_ros_interfaces/local/lib/python3.10/dist-packages/kobuki_ros_interfaces/msg/_keyboard_input.py
[3.503s] -- Up-to-date symlink: /home/omartinez/2023-tfg-oscar-martinez/src/webbt_ws/install/kobuki_ros_interfaces/local/lib/python3.10/dist-packages/kobuki_ros_interfaces/msg/_keyboard_input_s.c
[3.504s] -- Up-to-date symlink: /home/omartinez/2023-tfg-oscar-martinez/src/webbt_ws/install/kobuki_ros_interfaces/local/lib/python3.10/dist-packages/kobuki_ros_interfaces/msg/_led.py
[3.504s] -- Up-to-date symlink: /home/omartinez/2023-tfg-oscar-martinez/src/webbt_ws/install/kobuki_ros_interfaces/local/lib/python3.10/dist-packages/kobuki_ros_interfaces/msg/_led_s.c
[3.504s] -- Up-to-date symlink: /home/omartinez/2023-tfg-oscar-martinez/src/webbt_ws/install/kobuki_ros_interfaces/local/lib/python3.10/dist-packages/kobuki_ros_interfaces/msg/_motor_power.py
[3.505s] -- Up-to-date symlink: /home/omartinez/2023-tfg-oscar-martinez/src/webbt_ws/install/kobuki_ros_interfaces/local/lib/python3.10/dist-packages/kobuki_ros_interfaces/msg/_motor_power_s.c
[3.505s] -- Up-to-date symlink: /home/omartinez/2023-tfg-oscar-martinez/src/webbt_ws/install/kobuki_ros_interfaces/local/lib/python3.10/dist-packages/kobuki_ros_interfaces/msg/_power_system_event.py
[3.505s] -- Up-to-date symlink: /home/omartinez/2023-tfg-oscar-martinez/src/webbt_ws/install/kobuki_ros_interfaces/local/lib/python3.10/dist-packages/kobuki_ros_interfaces/msg/_power_system_event_s.c
[3.506s] -- Up-to-date symlink: /home/omartinez/2023-tfg-oscar-martinez/src/webbt_ws/install/kobuki_ros_interfaces/local/lib/python3.10/dist-packages/kobuki_ros_interfaces/msg/_robot_state_event.py
[3.506s] -- Up-to-date symlink: /home/omartinez/2023-tfg-oscar-martinez/src/webbt_ws/install/kobuki_ros_interfaces/local/lib/python3.10/dist-packages/kobuki_ros_interfaces/msg/_robot_state_event_s.c
[3.507s] -- Up-to-date symlink: /home/omartinez/2023-tfg-oscar-martinez/src/webbt_ws/install/kobuki_ros_interfaces/local/lib/python3.10/dist-packages/kobuki_ros_interfaces/msg/_scan_angle.py
[3.507s] -- Up-to-date symlink: /home/omartinez/2023-tfg-oscar-martinez/src/webbt_ws/install/kobuki_ros_interfaces/local/lib/python3.10/dist-packages/kobuki_ros_interfaces/msg/_scan_angle_s.c
[3.508s] -- Up-to-date symlink: /home/omartinez/2023-tfg-oscar-martinez/src/webbt_ws/install/kobuki_ros_interfaces/local/lib/python3.10/dist-packages/kobuki_ros_interfaces/msg/_sensor_state.py
[3.508s] -- Up-to-date symlink: /home/omartinez/2023-tfg-oscar-martinez/src/webbt_ws/install/kobuki_ros_interfaces/local/lib/python3.10/dist-packages/kobuki_ros_interfaces/msg/_sensor_state_s.c
[3.508s] -- Up-to-date symlink: /home/omartinez/2023-tfg-oscar-martinez/src/webbt_ws/install/kobuki_ros_interfaces/local/lib/python3.10/dist-packages/kobuki_ros_interfaces/msg/_sound.py
[3.509s] -- Up-to-date symlink: /home/omartinez/2023-tfg-oscar-martinez/src/webbt_ws/install/kobuki_ros_interfaces/local/lib/python3.10/dist-packages/kobuki_ros_interfaces/msg/_sound_s.c
[3.509s] -- Up-to-date symlink: /home/omartinez/2023-tfg-oscar-martinez/src/webbt_ws/install/kobuki_ros_interfaces/local/lib/python3.10/dist-packages/kobuki_ros_interfaces/msg/_version_info.py
[3.510s] -- Up-to-date symlink: /home/omartinez/2023-tfg-oscar-martinez/src/webbt_ws/install/kobuki_ros_interfaces/local/lib/python3.10/dist-packages/kobuki_ros_interfaces/msg/_version_info_s.c
[3.510s] -- Up-to-date symlink: /home/omartinez/2023-tfg-oscar-martinez/src/webbt_ws/install/kobuki_ros_interfaces/local/lib/python3.10/dist-packages/kobuki_ros_interfaces/msg/_wheel_drop_event.py
[3.510s] -- Up-to-date symlink: /home/omartinez/2023-tfg-oscar-martinez/src/webbt_ws/install/kobuki_ros_interfaces/local/lib/python3.10/dist-packages/kobuki_ros_interfaces/msg/_wheel_drop_event_s.c
[3.511s] -- Up-to-date symlink: /home/omartinez/2023-tfg-oscar-martinez/src/webbt_ws/install/kobuki_ros_interfaces/local/lib/python3.10/dist-packages/kobuki_ros_interfaces/kobuki_ros_interfaces_s__rosidl_typesupport_fastrtps_c.cpython-310-x86_64-linux-gnu.so
[3.511s] -- Up-to-date symlink: /home/omartinez/2023-tfg-oscar-martinez/src/webbt_ws/install/kobuki_ros_interfaces/local/lib/python3.10/dist-packages/kobuki_ros_interfaces/kobuki_ros_interfaces_s__rosidl_typesupport_introspection_c.cpython-310-x86_64-linux-gnu.so
[3.512s] -- Up-to-date symlink: /home/omartinez/2023-tfg-oscar-martinez/src/webbt_ws/install/kobuki_ros_interfaces/local/lib/python3.10/dist-packages/kobuki_ros_interfaces/kobuki_ros_interfaces_s__rosidl_typesupport_c.cpython-310-x86_64-linux-gnu.so
[3.512s] -- Up-to-date symlink: /home/omartinez/2023-tfg-oscar-martinez/src/webbt_ws/install/kobuki_ros_interfaces/share/kobuki_ros_interfaces/msg/BumperEvent.idl
[3.512s] -- Up-to-date symlink: /home/omartinez/2023-tfg-oscar-martinez/src/webbt_ws/install/kobuki_ros_interfaces/share/kobuki_ros_interfaces/msg/CliffEvent.idl
[3.513s] -- Up-to-date symlink: /home/omartinez/2023-tfg-oscar-martinez/src/webbt_ws/install/kobuki_ros_interfaces/share/kobuki_ros_interfaces/msg/DigitalOutput.idl
[3.514s] -- Up-to-date symlink: /home/omartinez/2023-tfg-oscar-martinez/src/webbt_ws/install/kobuki_ros_interfaces/share/kobuki_ros_interfaces/msg/ExternalPower.idl
[3.515s] -- Up-to-date symlink: /home/omartinez/2023-tfg-oscar-martinez/src/webbt_ws/install/kobuki_ros_interfaces/share/kobuki_ros_interfaces/msg/Led.idl
[3.531s] -- Up-to-date symlink: /home/omartinez/2023-tfg-oscar-martinez/src/webbt_ws/install/kobuki_ros_interfaces/share/kobuki_ros_interfaces/msg/PowerSystemEvent.idl
[3.532s] -- Up-to-date symlink: /home/omartinez/2023-tfg-oscar-martinez/src/webbt_ws/install/kobuki_ros_interfaces/share/kobuki_ros_interfaces/msg/SensorState.idl
[3.532s] -- Up-to-date symlink: /home/omartinez/2023-tfg-oscar-martinez/src/webbt_ws/install/kobuki_ros_interfaces/share/kobuki_ros_interfaces/msg/VersionInfo.idl
[3.532s] -- Up-to-date symlink: /home/omartinez/2023-tfg-oscar-martinez/src/webbt_ws/install/kobuki_ros_interfaces/share/kobuki_ros_interfaces/msg/ControllerInfo.idl
[3.533s] -- Up-to-date symlink: /home/omartinez/2023-tfg-oscar-martinez/src/webbt_ws/install/kobuki_ros_interfaces/share/kobuki_ros_interfaces/msg/ButtonEvent.idl
[3.533s] -- Up-to-date symlink: /home/omartinez/2023-tfg-oscar-martinez/src/webbt_ws/install/kobuki_ros_interfaces/share/kobuki_ros_interfaces/msg/DigitalInputEvent.idl
[3.534s] -- Up-to-date symlink: /home/omartinez/2023-tfg-oscar-martinez/src/webbt_ws/install/kobuki_ros_interfaces/share/kobuki_ros_interfaces/msg/DockInfraRed.idl
[3.534s] -- Up-to-date symlink: /home/omartinez/2023-tfg-oscar-martinez/src/webbt_ws/install/kobuki_ros_interfaces/share/kobuki_ros_interfaces/msg/KeyboardInput.idl
[3.535s] -- Up-to-date symlink: /home/omartinez/2023-tfg-oscar-martinez/src/webbt_ws/install/kobuki_ros_interfaces/share/kobuki_ros_interfaces/msg/MotorPower.idl
[3.535s] -- Up-to-date symlink: /home/omartinez/2023-tfg-oscar-martinez/src/webbt_ws/install/kobuki_ros_interfaces/share/kobuki_ros_interfaces/msg/RobotStateEvent.idl
[3.535s] -- Up-to-date symlink: /home/omartinez/2023-tfg-oscar-martinez/src/webbt_ws/install/kobuki_ros_interfaces/share/kobuki_ros_interfaces/msg/Sound.idl
[3.536s] -- Up-to-date symlink: /home/omartinez/2023-tfg-oscar-martinez/src/webbt_ws/install/kobuki_ros_interfaces/share/kobuki_ros_interfaces/msg/ScanAngle.idl
[3.536s] -- Up-to-date symlink: /home/omartinez/2023-tfg-oscar-martinez/src/webbt_ws/install/kobuki_ros_interfaces/share/kobuki_ros_interfaces/msg/WheelDropEvent.idl
[3.536s] -- Up-to-date symlink: /home/omartinez/2023-tfg-oscar-martinez/src/webbt_ws/install/kobuki_ros_interfaces/share/kobuki_ros_interfaces/action/AutoDocking.idl
[3.537s] -- Up-to-date symlink: /home/omartinez/2023-tfg-oscar-martinez/src/webbt_ws/install/kobuki_ros_interfaces/share/kobuki_ros_interfaces/msg/BumperEvent.msg
[3.537s] -- Up-to-date symlink: /home/omartinez/2023-tfg-oscar-martinez/src/webbt_ws/install/kobuki_ros_interfaces/share/kobuki_ros_interfaces/msg/CliffEvent.msg
[3.537s] -- Up-to-date symlink: /home/omartinez/2023-tfg-oscar-martinez/src/webbt_ws/install/kobuki_ros_interfaces/share/kobuki_ros_interfaces/msg/DigitalOutput.msg
[3.537s] -- Up-to-date symlink: /home/omartinez/2023-tfg-oscar-martinez/src/webbt_ws/install/kobuki_ros_interfaces/share/kobuki_ros_interfaces/msg/ExternalPower.msg
[3.538s] -- Up-to-date symlink: /home/omartinez/2023-tfg-oscar-martinez/src/webbt_ws/install/kobuki_ros_interfaces/share/kobuki_ros_interfaces/msg/Led.msg
[3.538s] -- Up-to-date symlink: /home/omartinez/2023-tfg-oscar-martinez/src/webbt_ws/install/kobuki_ros_interfaces/share/kobuki_ros_interfaces/msg/PowerSystemEvent.msg
[3.538s] -- Up-to-date symlink: /home/omartinez/2023-tfg-oscar-martinez/src/webbt_ws/install/kobuki_ros_interfaces/share/kobuki_ros_interfaces/msg/SensorState.msg
[3.539s] -- Up-to-date symlink: /home/omartinez/2023-tfg-oscar-martinez/src/webbt_ws/install/kobuki_ros_interfaces/share/kobuki_ros_interfaces/msg/VersionInfo.msg
[3.539s] -- Up-to-date symlink: /home/omartinez/2023-tfg-oscar-martinez/src/webbt_ws/install/kobuki_ros_interfaces/share/kobuki_ros_interfaces/msg/ControllerInfo.msg
[3.539s] -- Up-to-date symlink: /home/omartinez/2023-tfg-oscar-martinez/src/webbt_ws/install/kobuki_ros_interfaces/share/kobuki_ros_interfaces/msg/ButtonEvent.msg
[3.539s] -- Up-to-date symlink: /home/omartinez/2023-tfg-oscar-martinez/src/webbt_ws/install/kobuki_ros_interfaces/share/kobuki_ros_interfaces/msg/DigitalInputEvent.msg
[3.540s] -- Up-to-date symlink: /home/omartinez/2023-tfg-oscar-martinez/src/webbt_ws/install/kobuki_ros_interfaces/share/kobuki_ros_interfaces/msg/DockInfraRed.msg
[3.540s] -- Up-to-date symlink: /home/omartinez/2023-tfg-oscar-martinez/src/webbt_ws/install/kobuki_ros_interfaces/share/kobuki_ros_interfaces/msg/KeyboardInput.msg
[3.540s] -- Up-to-date symlink: /home/omartinez/2023-tfg-oscar-martinez/src/webbt_ws/install/kobuki_ros_interfaces/share/kobuki_ros_interfaces/msg/MotorPower.msg
[3.540s] -- Up-to-date symlink: /home/omartinez/2023-tfg-oscar-martinez/src/webbt_ws/install/kobuki_ros_interfaces/share/kobuki_ros_interfaces/msg/RobotStateEvent.msg
[3.540s] -- Up-to-date symlink: /home/omartinez/2023-tfg-oscar-martinez/src/webbt_ws/install/kobuki_ros_interfaces/share/kobuki_ros_interfaces/msg/Sound.msg
[3.541s] -- Up-to-date symlink: /home/omartinez/2023-tfg-oscar-martinez/src/webbt_ws/install/kobuki_ros_interfaces/share/kobuki_ros_interfaces/msg/ScanAngle.msg
[3.541s] -- Up-to-date symlink: /home/omartinez/2023-tfg-oscar-martinez/src/webbt_ws/install/kobuki_ros_interfaces/share/kobuki_ros_interfaces/msg/WheelDropEvent.msg
[3.541s] -- Up-to-date symlink: /home/omartinez/2023-tfg-oscar-martinez/src/webbt_ws/install/kobuki_ros_interfaces/share/kobuki_ros_interfaces/action/AutoDocking.action
[3.541s] -- Up-to-date symlink: /home/omartinez/2023-tfg-oscar-martinez/src/webbt_ws/install/kobuki_ros_interfaces/share/ament_index/resource_index/package_run_dependencies/kobuki_ros_interfaces
[3.559s] -- Up-to-date symlink: /home/omartinez/2023-tfg-oscar-martinez/src/webbt_ws/install/kobuki_ros_interfaces/share/ament_index/resource_index/parent_prefix_path/kobuki_ros_interfaces
[3.559s] -- Up-to-date symlink: /home/omartinez/2023-tfg-oscar-martinez/src/webbt_ws/install/kobuki_ros_interfaces/share/kobuki_ros_interfaces/environment/ament_prefix_path.sh
[3.559s] -- Up-to-date symlink: /home/omartinez/2023-tfg-oscar-martinez/src/webbt_ws/install/kobuki_ros_interfaces/share/kobuki_ros_interfaces/environment/ament_prefix_path.dsv
[3.560s] -- Up-to-date symlink: /home/omartinez/2023-tfg-oscar-martinez/src/webbt_ws/install/kobuki_ros_interfaces/share/kobuki_ros_interfaces/environment/path.sh
[3.560s] -- Up-to-date symlink: /home/omartinez/2023-tfg-oscar-martinez/src/webbt_ws/install/kobuki_ros_interfaces/share/kobuki_ros_interfaces/environment/path.dsv
[3.560s] -- Up-to-date symlink: /home/omartinez/2023-tfg-oscar-martinez/src/webbt_ws/install/kobuki_ros_interfaces/share/kobuki_ros_interfaces/local_setup.bash
[3.560s] -- Up-to-date symlink: /home/omartinez/2023-tfg-oscar-martinez/src/webbt_ws/install/kobuki_ros_interfaces/share/kobuki_ros_interfaces/local_setup.sh
[3.560s] -- Up-to-date symlink: /home/omartinez/2023-tfg-oscar-martinez/src/webbt_ws/install/kobuki_ros_interfaces/share/kobuki_ros_interfaces/local_setup.zsh
[3.561s] -- Up-to-date symlink: /home/omartinez/2023-tfg-oscar-martinez/src/webbt_ws/install/kobuki_ros_interfaces/share/kobuki_ros_interfaces/local_setup.dsv
[3.561s] -- Symlinking: /home/omartinez/2023-tfg-oscar-martinez/src/webbt_ws/install/kobuki_ros_interfaces/share/kobuki_ros_interfaces/package.dsv
[3.563s] -- Up-to-date symlink: /home/omartinez/2023-tfg-oscar-martinez/src/webbt_ws/install/kobuki_ros_interfaces/share/ament_index/resource_index/packages/kobuki_ros_interfaces
[3.564s] -- Up-to-date symlink: /home/omartinez/2023-tfg-oscar-martinez/src/webbt_ws/install/kobuki_ros_interfaces/share/kobuki_ros_interfaces/cmake/rosidl_cmake-extras.cmake
[3.564s] -- Up-to-date symlink: /home/omartinez/2023-tfg-oscar-martinez/src/webbt_ws/install/kobuki_ros_interfaces/share/kobuki_ros_interfaces/cmake/ament_cmake_export_dependencies-extras.cmake
[3.564s] -- Up-to-date symlink: /home/omartinez/2023-tfg-oscar-martinez/src/webbt_ws/install/kobuki_ros_interfaces/share/kobuki_ros_interfaces/cmake/ament_cmake_export_include_directories-extras.cmake
[3.564s] -- Up-to-date symlink: /home/omartinez/2023-tfg-oscar-martinez/src/webbt_ws/install/kobuki_ros_interfaces/share/kobuki_ros_interfaces/cmake/ament_cmake_export_libraries-extras.cmake
[3.565s] -- Up-to-date symlink: /home/omartinez/2023-tfg-oscar-martinez/src/webbt_ws/install/kobuki_ros_interfaces/share/kobuki_ros_interfaces/cmake/ament_cmake_export_targets-extras.cmake
[3.565s] -- Up-to-date symlink: /home/omartinez/2023-tfg-oscar-martinez/src/webbt_ws/install/kobuki_ros_interfaces/share/kobuki_ros_interfaces/cmake/rosidl_cmake_export_typesupport_targets-extras.cmake
[3.565s] -- Up-to-date symlink: /home/omartinez/2023-tfg-oscar-martinez/src/webbt_ws/install/kobuki_ros_interfaces/share/kobuki_ros_interfaces/cmake/rosidl_cmake_export_typesupport_libraries-extras.cmake
[3.565s] -- Up-to-date symlink: /home/omartinez/2023-tfg-oscar-martinez/src/webbt_ws/install/kobuki_ros_interfaces/share/kobuki_ros_interfaces/cmake/kobuki_ros_interfacesConfig.cmake
[3.565s] -- Up-to-date symlink: /home/omartinez/2023-tfg-oscar-martinez/src/webbt_ws/install/kobuki_ros_interfaces/share/kobuki_ros_interfaces/cmake/kobuki_ros_interfacesConfig-version.cmake
[3.566s] -- Up-to-date symlink: /home/omartinez/2023-tfg-oscar-martinez/src/webbt_ws/install/kobuki_ros_interfaces/share/kobuki_ros_interfaces/package.xml
[3.566s] -- Up-to-date: /home/omartinez/2023-tfg-oscar-martinez/src/webbt_ws/install/kobuki_ros_interfaces/lib/libkobuki_ros_interfaces__rosidl_generator_c.so
[3.567s] -- Up-to-date: /home/omartinez/2023-tfg-oscar-martinez/src/webbt_ws/install/kobuki_ros_interfaces/lib/libkobuki_ros_interfaces__rosidl_typesupport_fastrtps_c.so
[3.567s] -- Up-to-date: /home/omartinez/2023-tfg-oscar-martinez/src/webbt_ws/install/kobuki_ros_interfaces/lib/libkobuki_ros_interfaces__rosidl_typesupport_fastrtps_cpp.so
[3.567s] -- Up-to-date: /home/omartinez/2023-tfg-oscar-martinez/src/webbt_ws/install/kobuki_ros_interfaces/lib/libkobuki_ros_interfaces__rosidl_typesupport_introspection_c.so
[3.568s] -- Up-to-date: /home/omartinez/2023-tfg-oscar-martinez/src/webbt_ws/install/kobuki_ros_interfaces/lib/libkobuki_ros_interfaces__rosidl_typesupport_c.so
[3.568s] -- Up-to-date: /home/omartinez/2023-tfg-oscar-martinez/src/webbt_ws/install/kobuki_ros_interfaces/lib/libkobuki_ros_interfaces__rosidl_typesupport_introspection_cpp.so
[3.568s] -- Up-to-date: /home/omartinez/2023-tfg-oscar-martinez/src/webbt_ws/install/kobuki_ros_interfaces/lib/libkobuki_ros_interfaces__rosidl_typesupport_cpp.so
[3.635s] Listing '/home/omartinez/2023-tfg-oscar-martinez/src/webbt_ws/install/kobuki_ros_interfaces/local/lib/python3.10/dist-packages/kobuki_ros_interfaces'...
[3.635s] Listing '/home/omartinez/2023-tfg-oscar-martinez/src/webbt_ws/install/kobuki_ros_interfaces/local/lib/python3.10/dist-packages/kobuki_ros_interfaces/action'...
[3.635s] Listing '/home/omartinez/2023-tfg-oscar-martinez/src/webbt_ws/install/kobuki_ros_interfaces/local/lib/python3.10/dist-packages/kobuki_ros_interfaces/msg'...
[3.636s] -- Up-to-date: /home/omartinez/2023-tfg-oscar-martinez/src/webbt_ws/install/kobuki_ros_interfaces/lib/libkobuki_ros_interfaces__rosidl_generator_py.so
[3.636s] -- Up-to-date: /home/omartinez/2023-tfg-oscar-martinez/src/webbt_ws/install/kobuki_ros_interfaces/share/kobuki_ros_interfaces/cmake/export_kobuki_ros_interfaces__rosidl_generator_cExport.cmake
[3.636s] -- Up-to-date: /home/omartinez/2023-tfg-oscar-martinez/src/webbt_ws/install/kobuki_ros_interfaces/share/kobuki_ros_interfaces/cmake/export_kobuki_ros_interfaces__rosidl_generator_cExport-noconfig.cmake
[3.636s] -- Up-to-date: /home/omartinez/2023-tfg-oscar-martinez/src/webbt_ws/install/kobuki_ros_interfaces/share/kobuki_ros_interfaces/cmake/export_kobuki_ros_interfaces__rosidl_typesupport_fastrtps_cExport.cmake
[3.637s] -- Up-to-date: /home/omartinez/2023-tfg-oscar-martinez/src/webbt_ws/install/kobuki_ros_interfaces/share/kobuki_ros_interfaces/cmake/export_kobuki_ros_interfaces__rosidl_typesupport_fastrtps_cExport-noconfig.cmake
[3.637s] -- Up-to-date: /home/omartinez/2023-tfg-oscar-martinez/src/webbt_ws/install/kobuki_ros_interfaces/share/kobuki_ros_interfaces/cmake/export_kobuki_ros_interfaces__rosidl_generator_cppExport.cmake
[3.637s] -- Up-to-date: /home/omartinez/2023-tfg-oscar-martinez/src/webbt_ws/install/kobuki_ros_interfaces/share/kobuki_ros_interfaces/cmake/export_kobuki_ros_interfaces__rosidl_typesupport_fastrtps_cppExport.cmake
[3.638s] -- Up-to-date: /home/omartinez/2023-tfg-oscar-martinez/src/webbt_ws/install/kobuki_ros_interfaces/share/kobuki_ros_interfaces/cmake/export_kobuki_ros_interfaces__rosidl_typesupport_fastrtps_cppExport-noconfig.cmake
[3.638s] -- Up-to-date: /home/omartinez/2023-tfg-oscar-martinez/src/webbt_ws/install/kobuki_ros_interfaces/share/kobuki_ros_interfaces/cmake/kobuki_ros_interfaces__rosidl_typesupport_introspection_cExport.cmake
[3.638s] -- Up-to-date: /home/omartinez/2023-tfg-oscar-martinez/src/webbt_ws/install/kobuki_ros_interfaces/share/kobuki_ros_interfaces/cmake/kobuki_ros_interfaces__rosidl_typesupport_introspection_cExport-noconfig.cmake
[3.639s] -- Up-to-date: /home/omartinez/2023-tfg-oscar-martinez/src/webbt_ws/install/kobuki_ros_interfaces/share/kobuki_ros_interfaces/cmake/kobuki_ros_interfaces__rosidl_typesupport_cExport.cmake
[3.639s] -- Up-to-date: /home/omartinez/2023-tfg-oscar-martinez/src/webbt_ws/install/kobuki_ros_interfaces/share/kobuki_ros_interfaces/cmake/kobuki_ros_interfaces__rosidl_typesupport_cExport-noconfig.cmake
[3.639s] -- Up-to-date: /home/omartinez/2023-tfg-oscar-martinez/src/webbt_ws/install/kobuki_ros_interfaces/share/kobuki_ros_interfaces/cmake/kobuki_ros_interfaces__rosidl_typesupport_introspection_cppExport.cmake
[3.639s] -- Up-to-date: /home/omartinez/2023-tfg-oscar-martinez/src/webbt_ws/install/kobuki_ros_interfaces/share/kobuki_ros_interfaces/cmake/kobuki_ros_interfaces__rosidl_typesupport_introspection_cppExport-noconfig.cmake
[3.639s] -- Up-to-date: /home/omartinez/2023-tfg-oscar-martinez/src/webbt_ws/install/kobuki_ros_interfaces/share/kobuki_ros_interfaces/cmake/kobuki_ros_interfaces__rosidl_typesupport_cppExport.cmake
[3.640s] -- Up-to-date: /home/omartinez/2023-tfg-oscar-martinez/src/webbt_ws/install/kobuki_ros_interfaces/share/kobuki_ros_interfaces/cmake/kobuki_ros_interfaces__rosidl_typesupport_cppExport-noconfig.cmake
[3.640s] -- Up-to-date: /home/omartinez/2023-tfg-oscar-martinez/src/webbt_ws/install/kobuki_ros_interfaces/share/kobuki_ros_interfaces/cmake/export_kobuki_ros_interfaces__rosidl_generator_pyExport.cmake
[3.640s] -- Up-to-date: /home/omartinez/2023-tfg-oscar-martinez/src/webbt_ws/install/kobuki_ros_interfaces/share/kobuki_ros_interfaces/cmake/export_kobuki_ros_interfaces__rosidl_generator_pyExport-noconfig.cmake
[3.707s] Invoked command in '/home/omartinez/2023-tfg-oscar-martinez/src/webbt_ws/build/kobuki_ros_interfaces' returned '0': CMAKE_PREFIX_PATH=${CMAKE_PREFIX_PATH}:/home/omartinez/2023-tfg-oscar-martinez/src/webbt_ws/install/py_trees_ros_viewer:/home/omartinez/2023-tfg-oscar-martinez/src/webbt_ws/install/py_trees_ros_tutorials:/home/omartinez/2023-tfg-oscar-martinez/src/webbt_ws/install/client_demo:/home/omartinez/2023-tfg-oscar-martinez/src/webbt_ws/install/py_gardener:/home/omartinez/2023-tfg-oscar-martinez/src/webbt_ws/install/btpy:/home/omartinez/ws/smartloc_ws/install/webots_sim:/opt/ros/humble /usr/bin/cmake --install /home/omartinez/2023-tfg-oscar-martinez/src/webbt_ws/build/kobuki_ros_interfaces
