[0.000000] (-) TimerEvent: {}
[0.000233] (-) JobUnselected: {'identifier': 'aws_robomaker_bookstore_world'}
[0.000320] (-) JobUnselected: {'identifier': 'aws_robomaker_racetrack_world'}
[0.000478] (-) JobUnselected: {'identifier': 'aws_robomaker_small_house_world'}
[0.000624] (-) JobUnselected: {'identifier': 'aws_robomaker_small_warehouse_world'}
[0.000793] (-) JobUnselected: {'identifier': 'ir_robots'}
[0.000896] (-) JobUnselected: {'identifier': 'kobuki_bumper2pc'}
[0.000948] (-) JobUnselected: {'identifier': 'kobuki_description'}
[0.000992] (-) JobUnselected: {'identifier': 'kobuki_keyop'}
[0.001034] (-) JobUnselected: {'identifier': 'kobuki_random_walker'}
[0.001077] (-) JobUnselected: {'identifier': 'kobuki_ros'}
[0.001119] (-) JobUnselected: {'identifier': 'kobuki_ros_interfaces'}
[0.001161] (-) JobUnselected: {'identifier': 'kobuki_safety_controller'}
[0.001211] (-) JobUnselected: {'identifier': 'laser_filters'}
[0.001257] (-) JobUnselected: {'identifier': 'pal_gripper'}
[0.001300] (-) JobUnselected: {'identifier': 'pal_gripper_controller_configuration'}
[0.001343] (-) JobUnselected: {'identifier': 'pal_gripper_description'}
[0.001386] (-) JobUnselected: {'identifier': 'py_gardener'}
[0.001434] (-) JobUnselected: {'identifier': 'py_trees_ros_tutorials'}
[0.001478] (-) JobUnselected: {'identifier': 'py_trees_ros_viewer'}
[0.001521] (-) JobUnselected: {'identifier': 'rplidar_ros'}
[0.001570] (-) JobUnselected: {'identifier': 'sophus'}
[0.001619] (-) JobUnselected: {'identifier': 'tiago_bringup'}
[0.001664] (-) JobUnselected: {'identifier': 'tiago_controller_configuration'}
[0.001715] (-) JobUnselected: {'identifier': 'tiago_description'}
[0.001761] (-) JobUnselected: {'identifier': 'tiago_robot'}
[0.001801] (-) EventReactorShutdown: {}
