[3.688s] Invoking command in '/home/omartinez/2023-tfg-oscar-martinez/src/webbt_ws/build/py_trees_ros_tutorials': PYTHONPATH=/home/omartinez/2023-tfg-oscar-martinez/src/webbt_ws/build/py_trees_ros_tutorials/prefix_override:/home/omartinez/2023-tfg-oscar-martinez/src/webbt_ws/install/py_trees_ros_tutorials/lib/python3.10/site-packages:${PYTHONPATH} /usr/bin/python3 setup.py develop --editable --build-directory /home/omartinez/2023-tfg-oscar-martinez/src/webbt_ws/build/py_trees_ros_tutorials/build --no-deps install_data
[6.272s] running develop
[6.272s] /home/omartinez/2023-tfg-oscar-martinez/src/webbt_ws/build/py_trees_ros_tutorials/setup.py:5: DeprecationWarning: The distutils package is deprecated and slated for removal in Python 3.12. Use setuptools or check PEP 632 for potential alternatives
[6.272s]   from distutils import log
[6.937s] redirecting scripts
[6.937s]   from: /home/omartinez/2023-tfg-oscar-martinez/src/webbt_ws/install/py_trees_ros_tutorials/bin
[6.937s]     to: /home/omartinez/2023-tfg-oscar-martinez/src/webbt_ws/install/py_trees_ros_tutorials/lib/py_trees_ros_tutorials
[6.938s] running egg_info
[6.938s] writing py_trees_ros_tutorials.egg-info/PKG-INFO
[6.938s] writing dependency_links to py_trees_ros_tutorials.egg-info/dependency_links.txt
[6.938s] writing entry points to py_trees_ros_tutorials.egg-info/entry_points.txt
[6.938s] writing top-level names to py_trees_ros_tutorials.egg-info/top_level.txt
[6.939s] reading manifest file 'py_trees_ros_tutorials.egg-info/SOURCES.txt'
[6.940s] writing manifest file 'py_trees_ros_tutorials.egg-info/SOURCES.txt'
[7.314s] running build_ext
[7.314s] Creating /home/omartinez/2023-tfg-oscar-martinez/src/webbt_ws/install/py_trees_ros_tutorials/lib/python3.10/site-packages/py-trees-ros-tutorials.egg-link (link to .)
[7.321s] Installing mock-battery script to /home/omartinez/2023-tfg-oscar-martinez/src/webbt_ws/install/py_trees_ros_tutorials/lib/py_trees_ros_tutorials
[7.322s] Installing mock-dashboard script to /home/omartinez/2023-tfg-oscar-martinez/src/webbt_ws/install/py_trees_ros_tutorials/lib/py_trees_ros_tutorials
[7.323s] Installing mock-dock-client script to /home/omartinez/2023-tfg-oscar-martinez/src/webbt_ws/install/py_trees_ros_tutorials/lib/py_trees_ros_tutorials
[7.323s] Installing mock-docking-controller script to /home/omartinez/2023-tfg-oscar-martinez/src/webbt_ws/install/py_trees_ros_tutorials/lib/py_trees_ros_tutorials
[7.324s] Installing mock-led-strip script to /home/omartinez/2023-tfg-oscar-martinez/src/webbt_ws/install/py_trees_ros_tutorials/lib/py_trees_ros_tutorials
[7.325s] Installing mock-move-base script to /home/omartinez/2023-tfg-oscar-martinez/src/webbt_ws/install/py_trees_ros_tutorials/lib/py_trees_ros_tutorials
[7.326s] Installing mock-move-base-client script to /home/omartinez/2023-tfg-oscar-martinez/src/webbt_ws/install/py_trees_ros_tutorials/lib/py_trees_ros_tutorials
[7.326s] Installing mock-rotate-client script to /home/omartinez/2023-tfg-oscar-martinez/src/webbt_ws/install/py_trees_ros_tutorials/lib/py_trees_ros_tutorials
[7.327s] Installing mock-rotation-controller script to /home/omartinez/2023-tfg-oscar-martinez/src/webbt_ws/install/py_trees_ros_tutorials/lib/py_trees_ros_tutorials
[7.327s] Installing mock-safety-sensors script to /home/omartinez/2023-tfg-oscar-martinez/src/webbt_ws/install/py_trees_ros_tutorials/lib/py_trees_ros_tutorials
[7.328s] Installing tree-action-clients script to /home/omartinez/2023-tfg-oscar-martinez/src/webbt_ws/install/py_trees_ros_tutorials/lib/py_trees_ros_tutorials
[7.328s] Installing tree-battery-check script to /home/omartinez/2023-tfg-oscar-martinez/src/webbt_ws/install/py_trees_ros_tutorials/lib/py_trees_ros_tutorials
[7.329s] Installing tree-context-switching script to /home/omartinez/2023-tfg-oscar-martinez/src/webbt_ws/install/py_trees_ros_tutorials/lib/py_trees_ros_tutorials
[7.329s] Installing tree-data-gathering script to /home/omartinez/2023-tfg-oscar-martinez/src/webbt_ws/install/py_trees_ros_tutorials/lib/py_trees_ros_tutorials
[7.330s] Installing tree-docking-cancelling-failing script to /home/omartinez/2023-tfg-oscar-martinez/src/webbt_ws/install/py_trees_ros_tutorials/lib/py_trees_ros_tutorials
[7.330s] Installing tree-dynamic-application-loading script to /home/omartinez/2023-tfg-oscar-martinez/src/webbt_ws/install/py_trees_ros_tutorials/lib/py_trees_ros_tutorials
[7.330s] 
[7.331s] Installed /home/omartinez/2023-tfg-oscar-martinez/src/webbt_ws/build/py_trees_ros_tutorials
[7.331s] running install_data
[7.516s] Invoked command in '/home/omartinez/2023-tfg-oscar-martinez/src/webbt_ws/build/py_trees_ros_tutorials' returned '0': PYTHONPATH=/home/omartinez/2023-tfg-oscar-martinez/src/webbt_ws/build/py_trees_ros_tutorials/prefix_override:/home/omartinez/2023-tfg-oscar-martinez/src/webbt_ws/install/py_trees_ros_tutorials/lib/python3.10/site-packages:${PYTHONPATH} /usr/bin/python3 setup.py develop --editable --build-directory /home/omartinez/2023-tfg-oscar-martinez/src/webbt_ws/build/py_trees_ros_tutorials/build --no-deps install_data
