[0.117s] Invoking command in '/home/omartinez/2023-tfg-oscar-martinez/src/webbt_ws/build/rplidar_ros': CMAKE_PREFIX_PATH=${CMAKE_PREFIX_PATH}:/home/omartinez/2023-tfg-oscar-martinez/src/webbt_ws/install/py_trees_ros_viewer:/home/omartinez/2023-tfg-oscar-martinez/src/webbt_ws/install/py_trees_ros_tutorials:/home/omartinez/2023-tfg-oscar-martinez/src/webbt_ws/install/client_demo:/home/omartinez/2023-tfg-oscar-martinez/src/webbt_ws/install/py_gardener:/home/omartinez/2023-tfg-oscar-martinez/src/webbt_ws/install/btpy:/home/omartinez/ws/smartloc_ws/install/webots_sim:/opt/ros/humble /usr/bin/cmake --build /home/omartinez/2023-tfg-oscar-martinez/src/webbt_ws/build/rplidar_ros -- -j8 -l8
[0.365s] [ 77%] Built target rplidar_composition_node
[0.603s] [100%] Built target rplidar_composition
[0.691s] Invoked command in '/home/omartinez/2023-tfg-oscar-martinez/src/webbt_ws/build/rplidar_ros' returned '0': CMAKE_PREFIX_PATH=${CMAKE_PREFIX_PATH}:/home/omartinez/2023-tfg-oscar-martinez/src/webbt_ws/install/py_trees_ros_viewer:/home/omartinez/2023-tfg-oscar-martinez/src/webbt_ws/install/py_trees_ros_tutorials:/home/omartinez/2023-tfg-oscar-martinez/src/webbt_ws/install/client_demo:/home/omartinez/2023-tfg-oscar-martinez/src/webbt_ws/install/py_gardener:/home/omartinez/2023-tfg-oscar-martinez/src/webbt_ws/install/btpy:/home/omartinez/ws/smartloc_ws/install/webots_sim:/opt/ros/humble /usr/bin/cmake --build /home/omartinez/2023-tfg-oscar-martinez/src/webbt_ws/build/rplidar_ros -- -j8 -l8
[0.918s] Invoking command in '/home/omartinez/2023-tfg-oscar-martinez/src/webbt_ws/build/rplidar_ros': CMAKE_PREFIX_PATH=${CMAKE_PREFIX_PATH}:/home/omartinez/2023-tfg-oscar-martinez/src/webbt_ws/install/py_trees_ros_viewer:/home/omartinez/2023-tfg-oscar-martinez/src/webbt_ws/install/py_trees_ros_tutorials:/home/omartinez/2023-tfg-oscar-martinez/src/webbt_ws/install/client_demo:/home/omartinez/2023-tfg-oscar-martinez/src/webbt_ws/install/py_gardener:/home/omartinez/2023-tfg-oscar-martinez/src/webbt_ws/install/btpy:/home/omartinez/ws/smartloc_ws/install/webots_sim:/opt/ros/humble /usr/bin/cmake --install /home/omartinez/2023-tfg-oscar-martinez/src/webbt_ws/build/rplidar_ros
[0.941s] -- Install configuration: ""
[0.943s] -- Execute custom install script
[0.944s] -- Up-to-date symlink: /home/omartinez/2023-tfg-oscar-martinez/src/webbt_ws/install/rplidar_ros/lib/rplidar_ros/rplidar_composition
[0.945s] -- Up-to-date symlink: /home/omartinez/2023-tfg-oscar-martinez/src/webbt_ws/install/rplidar_ros/share/rplidar_ros/launch/rplidar.launch.py
[0.946s] -- Up-to-date symlink: /home/omartinez/2023-tfg-oscar-martinez/src/webbt_ws/install/rplidar_ros/share/rplidar_ros/launch/rplidar_a3.launch.py
[0.946s] -- Up-to-date symlink: /home/omartinez/2023-tfg-oscar-martinez/src/webbt_ws/install/rplidar_ros/share/rplidar_ros/launch/rplidar_s1.launch.py
[0.947s] -- Up-to-date symlink: /home/omartinez/2023-tfg-oscar-martinez/src/webbt_ws/install/rplidar_ros/share/rplidar_ros/launch/rplidar_s1_tcp.launch.py
[0.947s] -- Up-to-date symlink: /home/omartinez/2023-tfg-oscar-martinez/src/webbt_ws/install/rplidar_ros/share/rplidar_ros/launch/test_rplidar_a3.launch.py
[0.947s] -- Up-to-date symlink: /home/omartinez/2023-tfg-oscar-martinez/src/webbt_ws/install/rplidar_ros/share/rplidar_ros/launch/view_rplidar.launch.py
[0.948s] -- Up-to-date symlink: /home/omartinez/2023-tfg-oscar-martinez/src/webbt_ws/install/rplidar_ros/share/rplidar_ros/launch/view_rplidar_a3.launch.py
[0.948s] -- Up-to-date symlink: /home/omartinez/2023-tfg-oscar-martinez/src/webbt_ws/install/rplidar_ros/share/rplidar_ros/launch/view_rplidar_s1.launch.py
[0.948s] -- Up-to-date symlink: /home/omartinez/2023-tfg-oscar-martinez/src/webbt_ws/install/rplidar_ros/share/rplidar_ros/launch/view_rplidar_s1_tcp.launch.py
[0.949s] -- Up-to-date symlink: /home/omartinez/2023-tfg-oscar-martinez/src/webbt_ws/install/rplidar_ros/share/rplidar_ros/rviz/rplidar.rviz
[0.949s] -- Up-to-date symlink: /home/omartinez/2023-tfg-oscar-martinez/src/webbt_ws/install/rplidar_ros/lib/librplidar_composition_node.so
[0.950s] -- Up-to-date symlink: /home/omartinez/2023-tfg-oscar-martinez/src/webbt_ws/install/rplidar_ros/include/rplidar_node.hpp
[0.950s] -- Up-to-date symlink: /home/omartinez/2023-tfg-oscar-martinez/src/webbt_ws/install/rplidar_ros/include/visibility.h
[0.951s] -- Up-to-date symlink: /home/omartinez/2023-tfg-oscar-martinez/src/webbt_ws/install/rplidar_ros/lib/rplidar_ros/rplidar_composition
[0.952s] -- Up-to-date symlink: /home/omartinez/2023-tfg-oscar-martinez/src/webbt_ws/install/rplidar_ros/share/ament_index/resource_index/package_run_dependencies/rplidar_ros
[0.952s] -- Up-to-date symlink: /home/omartinez/2023-tfg-oscar-martinez/src/webbt_ws/install/rplidar_ros/share/ament_index/resource_index/parent_prefix_path/rplidar_ros
[0.953s] -- Up-to-date symlink: /home/omartinez/2023-tfg-oscar-martinez/src/webbt_ws/install/rplidar_ros/share/rplidar_ros/environment/ament_prefix_path.sh
[0.953s] -- Up-to-date symlink: /home/omartinez/2023-tfg-oscar-martinez/src/webbt_ws/install/rplidar_ros/share/rplidar_ros/environment/ament_prefix_path.dsv
[0.953s] -- Up-to-date symlink: /home/omartinez/2023-tfg-oscar-martinez/src/webbt_ws/install/rplidar_ros/share/rplidar_ros/environment/path.sh
[0.954s] -- Up-to-date symlink: /home/omartinez/2023-tfg-oscar-martinez/src/webbt_ws/install/rplidar_ros/share/rplidar_ros/environment/path.dsv
[0.954s] -- Up-to-date symlink: /home/omartinez/2023-tfg-oscar-martinez/src/webbt_ws/install/rplidar_ros/share/rplidar_ros/local_setup.bash
[0.955s] -- Up-to-date symlink: /home/omartinez/2023-tfg-oscar-martinez/src/webbt_ws/install/rplidar_ros/share/rplidar_ros/local_setup.sh
[0.955s] -- Up-to-date symlink: /home/omartinez/2023-tfg-oscar-martinez/src/webbt_ws/install/rplidar_ros/share/rplidar_ros/local_setup.zsh
[0.956s] -- Up-to-date symlink: /home/omartinez/2023-tfg-oscar-martinez/src/webbt_ws/install/rplidar_ros/share/rplidar_ros/local_setup.dsv
[0.956s] -- Symlinking: /home/omartinez/2023-tfg-oscar-martinez/src/webbt_ws/install/rplidar_ros/share/rplidar_ros/package.dsv
[0.987s] -- Up-to-date symlink: /home/omartinez/2023-tfg-oscar-martinez/src/webbt_ws/install/rplidar_ros/share/ament_index/resource_index/packages/rplidar_ros
[0.987s] -- Up-to-date symlink: /home/omartinez/2023-tfg-oscar-martinez/src/webbt_ws/install/rplidar_ros/share/ament_index/resource_index/rclcpp_components/rplidar_ros
[0.988s] -- Up-to-date symlink: /home/omartinez/2023-tfg-oscar-martinez/src/webbt_ws/install/rplidar_ros/share/rplidar_ros/cmake/ament_cmake_export_dependencies-extras.cmake
[0.988s] -- Up-to-date symlink: /home/omartinez/2023-tfg-oscar-martinez/src/webbt_ws/install/rplidar_ros/share/rplidar_ros/cmake/ament_cmake_export_include_directories-extras.cmake
[0.989s] -- Up-to-date symlink: /home/omartinez/2023-tfg-oscar-martinez/src/webbt_ws/install/rplidar_ros/share/rplidar_ros/cmake/rplidar_rosConfig.cmake
[0.989s] -- Up-to-date symlink: /home/omartinez/2023-tfg-oscar-martinez/src/webbt_ws/install/rplidar_ros/share/rplidar_ros/cmake/rplidar_rosConfig-version.cmake
[0.990s] -- Up-to-date symlink: /home/omartinez/2023-tfg-oscar-martinez/src/webbt_ws/install/rplidar_ros/share/rplidar_ros/package.xml
[1.031s] Invoked command in '/home/omartinez/2023-tfg-oscar-martinez/src/webbt_ws/build/rplidar_ros' returned '0': CMAKE_PREFIX_PATH=${CMAKE_PREFIX_PATH}:/home/omartinez/2023-tfg-oscar-martinez/src/webbt_ws/install/py_trees_ros_viewer:/home/omartinez/2023-tfg-oscar-martinez/src/webbt_ws/install/py_trees_ros_tutorials:/home/omartinez/2023-tfg-oscar-martinez/src/webbt_ws/install/client_demo:/home/omartinez/2023-tfg-oscar-martinez/src/webbt_ws/install/py_gardener:/home/omartinez/2023-tfg-oscar-martinez/src/webbt_ws/install/btpy:/home/omartinez/ws/smartloc_ws/install/webots_sim:/opt/ros/humble /usr/bin/cmake --install /home/omartinez/2023-tfg-oscar-martinez/src/webbt_ws/build/rplidar_ros
