[0.000000] (-) TimerEvent: {}
[0.000143] (-) JobUnselected: {'identifier': 'aws_robomaker_bookstore_world'}
[0.000198] (-) JobUnselected: {'identifier': 'aws_robomaker_racetrack_world'}
[0.000245] (-) JobUnselected: {'identifier': 'aws_robomaker_small_house_world'}
[0.000290] (-) JobUnselected: {'identifier': 'aws_robomaker_small_warehouse_world'}
[0.000334] (-) JobUnselected: {'identifier': 'ir_robots'}
[0.000379] (-) JobUnselected: {'identifier': 'kobuki_bumper2pc'}
[0.000424] (-) JobUnselected: {'identifier': 'kobuki_description'}
[0.000476] (-) JobUnselected: {'identifier': 'kobuki_keyop'}
[0.000520] (-) JobUnselected: {'identifier': 'kobuki_random_walker'}
[0.000565] (-) JobUnselected: {'identifier': 'kobuki_ros'}
[0.000620] (-) JobUnselected: {'identifier': 'kobuki_ros_interfaces'}
[0.000662] (-) JobUnselected: {'identifier': 'kobuki_safety_controller'}
[0.000704] (-) JobUnselected: {'identifier': 'laser_filters'}
[0.000745] (-) JobUnselected: {'identifier': 'pal_gripper'}
[0.000786] (-) JobUnselected: {'identifier': 'pal_gripper_controller_configuration'}
[0.000828] (-) JobUnselected: {'identifier': 'pal_gripper_description'}
[0.000869] (-) JobUnselected: {'identifier': 'py_gardener'}
[0.000911] (-) JobUnselected: {'identifier': 'py_trees_ros_tutorials'}
[0.000952] (-) JobUnselected: {'identifier': 'py_trees_ros_viewer'}
[0.000994] (-) JobUnselected: {'identifier': 'rplidar_ros'}
[0.001036] (-) JobUnselected: {'identifier': 'sophus'}
[0.001078] (-) JobUnselected: {'identifier': 'tiago_bringup'}
[0.001119] (-) JobUnselected: {'identifier': 'tiago_controller_configuration'}
[0.001164] (-) JobUnselected: {'identifier': 'tiago_description'}
[0.001205] (-) JobUnselected: {'identifier': 'tiago_robot'}
[0.001247] (-) EventReactorShutdown: {}
