[1.039s] Invoking command in '/home/omartinez/2023-tfg-oscar-martinez/src/webbt_ws/build/btpy': PYTHONPATH=/home/omartinez/2023-tfg-oscar-martinez/src/webbt_ws/build/btpy/prefix_override:/home/omartinez/2023-tfg-oscar-martinez/src/webbt_ws/install/btpy/lib/python3.10/site-packages:${PYTHONPATH} /usr/bin/python3 setup.py develop --editable --build-directory /home/omartinez/2023-tfg-oscar-martinez/src/webbt_ws/build/btpy/build --no-deps install_data
[1.442s] running develop
[1.745s] running egg_info
[1.746s] writing btpy.egg-info/PKG-INFO
[1.746s] writing dependency_links to btpy.egg-info/dependency_links.txt
[1.747s] writing entry points to btpy.egg-info/entry_points.txt
[1.747s] writing requirements to btpy.egg-info/requires.txt
[1.747s] writing top-level names to btpy.egg-info/top_level.txt
[1.749s] reading manifest file 'btpy.egg-info/SOURCES.txt'
[1.750s] writing manifest file 'btpy.egg-info/SOURCES.txt'
[1.788s] running build_ext
[1.788s] Creating /home/omartinez/2023-tfg-oscar-martinez/src/webbt_ws/install/btpy/lib/python3.10/site-packages/btpy.egg-link (link to .)
[1.790s] Installing translator script to /home/omartinez/2023-tfg-oscar-martinez/src/webbt_ws/install/btpy/lib/btpy
[1.790s] 
[1.790s] Installed /home/omartinez/2023-tfg-oscar-martinez/src/webbt_ws/build/btpy
[1.790s] running install_data
[1.791s] creating /home/omartinez/2023-tfg-oscar-martinez/src/webbt_ws/install/btpy/share/btpy/btpy
[1.791s] copying btpy/parser.py -> /home/omartinez/2023-tfg-oscar-martinez/src/webbt_ws/install/btpy/share/btpy/btpy
[1.791s] copying btpy/translator.py -> /home/omartinez/2023-tfg-oscar-martinez/src/webbt_ws/install/btpy/share/btpy/btpy
[1.831s] Invoked command in '/home/omartinez/2023-tfg-oscar-martinez/src/webbt_ws/build/btpy' returned '0': PYTHONPATH=/home/omartinez/2023-tfg-oscar-martinez/src/webbt_ws/build/btpy/prefix_override:/home/omartinez/2023-tfg-oscar-martinez/src/webbt_ws/install/btpy/lib/python3.10/site-packages:${PYTHONPATH} /usr/bin/python3 setup.py develop --editable --build-directory /home/omartinez/2023-tfg-oscar-martinez/src/webbt_ws/build/btpy/build --no-deps install_data
