[0.089s] Invoking command in '/home/omartinez/2023-tfg-oscar-martinez/src/webbt_ws/build/aws_robomaker_small_warehouse_world': CMAKE_PREFIX_PATH=${CMAKE_PREFIX_PATH}:/home/omartinez/2023-tfg-oscar-martinez/src/webbt_ws/install/py_trees_ros_viewer:/home/omartinez/2023-tfg-oscar-martinez/src/webbt_ws/install/py_trees_ros_tutorials:/home/omartinez/2023-tfg-oscar-martinez/src/webbt_ws/install/btpy:/home/omartinez/ws/smartloc_ws/install/webots_sim:/opt/ros/humble /usr/bin/cmake --build /home/omartinez/2023-tfg-oscar-martinez/src/webbt_ws/build/aws_robomaker_small_warehouse_world -- -j8 -l8
[0.852s] Invoked command in '/home/omartinez/2023-tfg-oscar-martinez/src/webbt_ws/build/aws_robomaker_small_warehouse_world' returned '0': CMAKE_PREFIX_PATH=${CMAKE_PREFIX_PATH}:/home/omartinez/2023-tfg-oscar-martinez/src/webbt_ws/install/py_trees_ros_viewer:/home/omartinez/2023-tfg-oscar-martinez/src/webbt_ws/install/py_trees_ros_tutorials:/home/omartinez/2023-tfg-oscar-martinez/src/webbt_ws/install/btpy:/home/omartinez/ws/smartloc_ws/install/webots_sim:/opt/ros/humble /usr/bin/cmake --build /home/omartinez/2023-tfg-oscar-martinez/src/webbt_ws/build/aws_robomaker_small_warehouse_world -- -j8 -l8
[0.950s] Invoking command in '/home/omartinez/2023-tfg-oscar-martinez/src/webbt_ws/build/aws_robomaker_small_warehouse_world': CMAKE_PREFIX_PATH=${CMAKE_PREFIX_PATH}:/home/omartinez/2023-tfg-oscar-martinez/src/webbt_ws/install/py_trees_ros_viewer:/home/omartinez/2023-tfg-oscar-martinez/src/webbt_ws/install/py_trees_ros_tutorials:/home/omartinez/2023-tfg-oscar-martinez/src/webbt_ws/install/btpy:/home/omartinez/ws/smartloc_ws/install/webots_sim:/opt/ros/humble /usr/bin/cmake --install /home/omartinez/2023-tfg-oscar-martinez/src/webbt_ws/build/aws_robomaker_small_warehouse_world
[1.048s] -- Install configuration: ""
[1.050s] -- Execute custom install script
[1.066s] -- Up-to-date symlink: /home/omartinez/2023-tfg-oscar-martinez/src/webbt_ws/install/aws_robomaker_small_warehouse_world/share/aws_robomaker_small_warehouse_world/launch/no_roof_small_warehouse.launch.py
[1.070s] -- Up-to-date symlink: /home/omartinez/2023-tfg-oscar-martinez/src/webbt_ws/install/aws_robomaker_small_warehouse_world/share/aws_robomaker_small_warehouse_world/launch/small_warehouse.launch.py
[1.071s] -- Up-to-date symlink: /home/omartinez/2023-tfg-oscar-martinez/src/webbt_ws/install/aws_robomaker_small_warehouse_world/share/aws_robomaker_small_warehouse_world/models/.DS_Store
[1.071s] -- Up-to-date symlink: /home/omartinez/2023-tfg-oscar-martinez/src/webbt_ws/install/aws_robomaker_small_warehouse_world/share/aws_robomaker_small_warehouse_world/models/aws_robomaker_warehouse_Bucket_01/.DS_Store
[1.072s] -- Up-to-date symlink: /home/omartinez/2023-tfg-oscar-martinez/src/webbt_ws/install/aws_robomaker_small_warehouse_world/share/aws_robomaker_small_warehouse_world/models/aws_robomaker_warehouse_Bucket_01/materials/.DS_Store
[1.073s] -- Up-to-date symlink: /home/omartinez/2023-tfg-oscar-martinez/src/webbt_ws/install/aws_robomaker_small_warehouse_world/share/aws_robomaker_small_warehouse_world/models/aws_robomaker_warehouse_Bucket_01/materials/textures/aws_robomaker_warehouse_Bucket_01.png
[1.075s] -- Up-to-date symlink: /home/omartinez/2023-tfg-oscar-martinez/src/webbt_ws/install/aws_robomaker_small_warehouse_world/share/aws_robomaker_small_warehouse_world/models/aws_robomaker_warehouse_Bucket_01/meshes/aws_robomaker_warehouse_Bucket_01_collision.DAE
[1.075s] -- Up-to-date symlink: /home/omartinez/2023-tfg-oscar-martinez/src/webbt_ws/install/aws_robomaker_small_warehouse_world/share/aws_robomaker_small_warehouse_world/models/aws_robomaker_warehouse_Bucket_01/meshes/aws_robomaker_warehouse_Bucket_01_visual.DAE
[1.076s] -- Up-to-date symlink: /home/omartinez/2023-tfg-oscar-martinez/src/webbt_ws/install/aws_robomaker_small_warehouse_world/share/aws_robomaker_small_warehouse_world/models/aws_robomaker_warehouse_Bucket_01/model.config
[1.076s] -- Up-to-date symlink: /home/omartinez/2023-tfg-oscar-martinez/src/webbt_ws/install/aws_robomaker_small_warehouse_world/share/aws_robomaker_small_warehouse_world/models/aws_robomaker_warehouse_Bucket_01/model.sdf
[1.077s] -- Up-to-date symlink: /home/omartinez/2023-tfg-oscar-martinez/src/webbt_ws/install/aws_robomaker_small_warehouse_world/share/aws_robomaker_small_warehouse_world/models/aws_robomaker_warehouse_ClutteringA_01/.DS_Store
[1.077s] -- Up-to-date symlink: /home/omartinez/2023-tfg-oscar-martinez/src/webbt_ws/install/aws_robomaker_small_warehouse_world/share/aws_robomaker_small_warehouse_world/models/aws_robomaker_warehouse_ClutteringA_01/materials/.DS_Store
[1.078s] -- Up-to-date symlink: /home/omartinez/2023-tfg-oscar-martinez/src/webbt_ws/install/aws_robomaker_small_warehouse_world/share/aws_robomaker_small_warehouse_world/models/aws_robomaker_warehouse_ClutteringA_01/materials/textures/.DS_Store
[1.078s] -- Up-to-date symlink: /home/omartinez/2023-tfg-oscar-martinez/src/webbt_ws/install/aws_robomaker_small_warehouse_world/share/aws_robomaker_small_warehouse_world/models/aws_robomaker_warehouse_ClutteringA_01/materials/textures/aws_robomaker_warehouse_ClutteringA_01.png
[1.079s] -- Up-to-date symlink: /home/omartinez/2023-tfg-oscar-martinez/src/webbt_ws/install/aws_robomaker_small_warehouse_world/share/aws_robomaker_small_warehouse_world/models/aws_robomaker_warehouse_ClutteringA_01/materials/textures/aws_robomaker_warehouse_ClutteringA_02.png
[1.079s] -- Up-to-date symlink: /home/omartinez/2023-tfg-oscar-martinez/src/webbt_ws/install/aws_robomaker_small_warehouse_world/share/aws_robomaker_small_warehouse_world/models/aws_robomaker_warehouse_ClutteringA_01/materials/textures/aws_robomaker_warehouse_ClutteringA_03.png
[1.080s] -- Up-to-date symlink: /home/omartinez/2023-tfg-oscar-martinez/src/webbt_ws/install/aws_robomaker_small_warehouse_world/share/aws_robomaker_small_warehouse_world/models/aws_robomaker_warehouse_ClutteringA_01/meshes/aws_robomaker_warehouse_ClutteringA_01_collision.DAE
[1.080s] -- Up-to-date symlink: /home/omartinez/2023-tfg-oscar-martinez/src/webbt_ws/install/aws_robomaker_small_warehouse_world/share/aws_robomaker_small_warehouse_world/models/aws_robomaker_warehouse_ClutteringA_01/meshes/aws_robomaker_warehouse_ClutteringA_01_visual.DAE
[1.081s] -- Up-to-date symlink: /home/omartinez/2023-tfg-oscar-martinez/src/webbt_ws/install/aws_robomaker_small_warehouse_world/share/aws_robomaker_small_warehouse_world/models/aws_robomaker_warehouse_ClutteringA_01/model.config
[1.081s] -- Up-to-date symlink: /home/omartinez/2023-tfg-oscar-martinez/src/webbt_ws/install/aws_robomaker_small_warehouse_world/share/aws_robomaker_small_warehouse_world/models/aws_robomaker_warehouse_ClutteringA_01/model.sdf
[1.081s] -- Up-to-date symlink: /home/omartinez/2023-tfg-oscar-martinez/src/webbt_ws/install/aws_robomaker_small_warehouse_world/share/aws_robomaker_small_warehouse_world/models/aws_robomaker_warehouse_ClutteringC_01/materials/textures/aws_robomaker_warehouse_ClutteringC_01.png
[1.082s] -- Up-to-date symlink: /home/omartinez/2023-tfg-oscar-martinez/src/webbt_ws/install/aws_robomaker_small_warehouse_world/share/aws_robomaker_small_warehouse_world/models/aws_robomaker_warehouse_ClutteringC_01/materials/textures/aws_robomaker_warehouse_ClutteringC_02.png
[1.082s] -- Up-to-date symlink: /home/omartinez/2023-tfg-oscar-martinez/src/webbt_ws/install/aws_robomaker_small_warehouse_world/share/aws_robomaker_small_warehouse_world/models/aws_robomaker_warehouse_ClutteringC_01/meshes/aws_robomaker_warehouse_ClutteringC_01_collision.DAE
[1.082s] -- Up-to-date symlink: /home/omartinez/2023-tfg-oscar-martinez/src/webbt_ws/install/aws_robomaker_small_warehouse_world/share/aws_robomaker_small_warehouse_world/models/aws_robomaker_warehouse_ClutteringC_01/meshes/aws_robomaker_warehouse_ClutteringC_01_visual.DAE
[1.083s] -- Up-to-date symlink: /home/omartinez/2023-tfg-oscar-martinez/src/webbt_ws/install/aws_robomaker_small_warehouse_world/share/aws_robomaker_small_warehouse_world/models/aws_robomaker_warehouse_ClutteringC_01/model.config
[1.084s] -- Up-to-date symlink: /home/omartinez/2023-tfg-oscar-martinez/src/webbt_ws/install/aws_robomaker_small_warehouse_world/share/aws_robomaker_small_warehouse_world/models/aws_robomaker_warehouse_ClutteringC_01/model.sdf
[1.085s] -- Up-to-date symlink: /home/omartinez/2023-tfg-oscar-martinez/src/webbt_ws/install/aws_robomaker_small_warehouse_world/share/aws_robomaker_small_warehouse_world/models/aws_robomaker_warehouse_ClutteringD_01/materials/textures/aws_robomaker_warehouse_ClutteringD_01.png
[1.085s] -- Up-to-date symlink: /home/omartinez/2023-tfg-oscar-martinez/src/webbt_ws/install/aws_robomaker_small_warehouse_world/share/aws_robomaker_small_warehouse_world/models/aws_robomaker_warehouse_ClutteringD_01/materials/textures/aws_robomaker_warehouse_ClutteringD_02.png
[1.086s] -- Up-to-date symlink: /home/omartinez/2023-tfg-oscar-martinez/src/webbt_ws/install/aws_robomaker_small_warehouse_world/share/aws_robomaker_small_warehouse_world/models/aws_robomaker_warehouse_ClutteringD_01/meshes/aws_robomaker_warehouse_ClutteringD_01_collision.DAE
[1.087s] -- Up-to-date symlink: /home/omartinez/2023-tfg-oscar-martinez/src/webbt_ws/install/aws_robomaker_small_warehouse_world/share/aws_robomaker_small_warehouse_world/models/aws_robomaker_warehouse_ClutteringD_01/meshes/aws_robomaker_warehouse_ClutteringD_01_visual.DAE
[1.112s] -- Up-to-date symlink: /home/omartinez/2023-tfg-oscar-martinez/src/webbt_ws/install/aws_robomaker_small_warehouse_world/share/aws_robomaker_small_warehouse_world/models/aws_robomaker_warehouse_ClutteringD_01/model.config
[1.118s] -- Up-to-date symlink: /home/omartinez/2023-tfg-oscar-martinez/src/webbt_ws/install/aws_robomaker_small_warehouse_world/share/aws_robomaker_small_warehouse_world/models/aws_robomaker_warehouse_ClutteringD_01/model.sdf
[1.119s] -- Up-to-date symlink: /home/omartinez/2023-tfg-oscar-martinez/src/webbt_ws/install/aws_robomaker_small_warehouse_world/share/aws_robomaker_small_warehouse_world/models/aws_robomaker_warehouse_DeskC_01/materials/.DS_Store
[1.119s] -- Up-to-date symlink: /home/omartinez/2023-tfg-oscar-martinez/src/webbt_ws/install/aws_robomaker_small_warehouse_world/share/aws_robomaker_small_warehouse_world/models/aws_robomaker_warehouse_DeskC_01/materials/textures/aws_robomaker_warehouse_DeskC_01.png
[1.120s] -- Up-to-date symlink: /home/omartinez/2023-tfg-oscar-martinez/src/webbt_ws/install/aws_robomaker_small_warehouse_world/share/aws_robomaker_small_warehouse_world/models/aws_robomaker_warehouse_DeskC_01/materials/textures/aws_robomaker_warehouse_DeskC_02.png
[1.140s] -- Up-to-date symlink: /home/omartinez/2023-tfg-oscar-martinez/src/webbt_ws/install/aws_robomaker_small_warehouse_world/share/aws_robomaker_small_warehouse_world/models/aws_robomaker_warehouse_DeskC_01/materials/textures/aws_robomaker_warehouse_DeskC_03.png
[1.147s] -- Up-to-date symlink: /home/omartinez/2023-tfg-oscar-martinez/src/webbt_ws/install/aws_robomaker_small_warehouse_world/share/aws_robomaker_small_warehouse_world/models/aws_robomaker_warehouse_DeskC_01/materials/textures/aws_robomaker_warehouse_DeskC_03.psd
[1.148s] -- Up-to-date symlink: /home/omartinez/2023-tfg-oscar-martinez/src/webbt_ws/install/aws_robomaker_small_warehouse_world/share/aws_robomaker_small_warehouse_world/models/aws_robomaker_warehouse_DeskC_01/materials/textures/aws_robomaker_warehouse_DeskC_04.png
[1.149s] -- Up-to-date symlink: /home/omartinez/2023-tfg-oscar-martinez/src/webbt_ws/install/aws_robomaker_small_warehouse_world/share/aws_robomaker_small_warehouse_world/models/aws_robomaker_warehouse_DeskC_01/meshes/aws_robomaker_warehouse_DeskC_01_collision.DAE
[1.150s] -- Up-to-date symlink: /home/omartinez/2023-tfg-oscar-martinez/src/webbt_ws/install/aws_robomaker_small_warehouse_world/share/aws_robomaker_small_warehouse_world/models/aws_robomaker_warehouse_DeskC_01/meshes/aws_robomaker_warehouse_DeskC_01_visual.DAE
[1.150s] -- Up-to-date symlink: /home/omartinez/2023-tfg-oscar-martinez/src/webbt_ws/install/aws_robomaker_small_warehouse_world/share/aws_robomaker_small_warehouse_world/models/aws_robomaker_warehouse_DeskC_01/model.config
[1.152s] -- Up-to-date symlink: /home/omartinez/2023-tfg-oscar-martinez/src/webbt_ws/install/aws_robomaker_small_warehouse_world/share/aws_robomaker_small_warehouse_world/models/aws_robomaker_warehouse_DeskC_01/model.sdf
[1.153s] -- Up-to-date symlink: /home/omartinez/2023-tfg-oscar-martinez/src/webbt_ws/install/aws_robomaker_small_warehouse_world/share/aws_robomaker_small_warehouse_world/models/aws_robomaker_warehouse_GroundB_01/materials/textures/aws_robomaker_warehouse_GroundB_01.png
[1.154s] -- Up-to-date symlink: /home/omartinez/2023-tfg-oscar-martinez/src/webbt_ws/install/aws_robomaker_small_warehouse_world/share/aws_robomaker_small_warehouse_world/models/aws_robomaker_warehouse_GroundB_01/materials/textures/aws_robomaker_warehouse_GroundB_02.png
[1.155s] -- Up-to-date symlink: /home/omartinez/2023-tfg-oscar-martinez/src/webbt_ws/install/aws_robomaker_small_warehouse_world/share/aws_robomaker_small_warehouse_world/models/aws_robomaker_warehouse_GroundB_01/meshes/aws_robomaker_warehouse_GroundB_01_collision.DAE
[1.159s] -- Up-to-date symlink: /home/omartinez/2023-tfg-oscar-martinez/src/webbt_ws/install/aws_robomaker_small_warehouse_world/share/aws_robomaker_small_warehouse_world/models/aws_robomaker_warehouse_GroundB_01/meshes/aws_robomaker_warehouse_GroundB_01_visual.DAE
[1.160s] -- Up-to-date symlink: /home/omartinez/2023-tfg-oscar-martinez/src/webbt_ws/install/aws_robomaker_small_warehouse_world/share/aws_robomaker_small_warehouse_world/models/aws_robomaker_warehouse_GroundB_01/model.config
[1.168s] -- Up-to-date symlink: /home/omartinez/2023-tfg-oscar-martinez/src/webbt_ws/install/aws_robomaker_small_warehouse_world/share/aws_robomaker_small_warehouse_world/models/aws_robomaker_warehouse_GroundB_01/model.sdf
[1.169s] -- Up-to-date symlink: /home/omartinez/2023-tfg-oscar-martinez/src/webbt_ws/install/aws_robomaker_small_warehouse_world/share/aws_robomaker_small_warehouse_world/models/aws_robomaker_warehouse_Lamp_01/materials/textures/aws_robomaker_warehouse_Lamp_01.png
[1.170s] -- Up-to-date symlink: /home/omartinez/2023-tfg-oscar-martinez/src/webbt_ws/install/aws_robomaker_small_warehouse_world/share/aws_robomaker_small_warehouse_world/models/aws_robomaker_warehouse_Lamp_01/meshes/aws_robomaker_warehouse_Lamp_01_collision.DAE
[1.171s] -- Up-to-date symlink: /home/omartinez/2023-tfg-oscar-martinez/src/webbt_ws/install/aws_robomaker_small_warehouse_world/share/aws_robomaker_small_warehouse_world/models/aws_robomaker_warehouse_Lamp_01/meshes/aws_robomaker_warehouse_Lamp_01_visual.DAE
[1.172s] -- Up-to-date symlink: /home/omartinez/2023-tfg-oscar-martinez/src/webbt_ws/install/aws_robomaker_small_warehouse_world/share/aws_robomaker_small_warehouse_world/models/aws_robomaker_warehouse_Lamp_01/model.config
[1.173s] -- Up-to-date symlink: /home/omartinez/2023-tfg-oscar-martinez/src/webbt_ws/install/aws_robomaker_small_warehouse_world/share/aws_robomaker_small_warehouse_world/models/aws_robomaker_warehouse_Lamp_01/model.sdf
[1.173s] -- Up-to-date symlink: /home/omartinez/2023-tfg-oscar-martinez/src/webbt_ws/install/aws_robomaker_small_warehouse_world/share/aws_robomaker_small_warehouse_world/models/aws_robomaker_warehouse_PalletJackB_01/.DS_Store
[1.179s] -- Up-to-date symlink: /home/omartinez/2023-tfg-oscar-martinez/src/webbt_ws/install/aws_robomaker_small_warehouse_world/share/aws_robomaker_small_warehouse_world/models/aws_robomaker_warehouse_PalletJackB_01/materials/.DS_Store
[1.192s] -- Up-to-date symlink: /home/omartinez/2023-tfg-oscar-martinez/src/webbt_ws/install/aws_robomaker_small_warehouse_world/share/aws_robomaker_small_warehouse_world/models/aws_robomaker_warehouse_PalletJackB_01/materials/textures/aws_robomaker_warehouse_PalletJackB_01.png
[1.194s] -- Up-to-date symlink: /home/omartinez/2023-tfg-oscar-martinez/src/webbt_ws/install/aws_robomaker_small_warehouse_world/share/aws_robomaker_small_warehouse_world/models/aws_robomaker_warehouse_PalletJackB_01/materials/textures/aws_robomaker_warehouse_PalletJackB_02.png
[1.195s] -- Up-to-date symlink: /home/omartinez/2023-tfg-oscar-martinez/src/webbt_ws/install/aws_robomaker_small_warehouse_world/share/aws_robomaker_small_warehouse_world/models/aws_robomaker_warehouse_PalletJackB_01/meshes/aws_robomaker_warehouse_PalletJackB_01_collision.DAE
[1.195s] -- Up-to-date symlink: /home/omartinez/2023-tfg-oscar-martinez/src/webbt_ws/install/aws_robomaker_small_warehouse_world/share/aws_robomaker_small_warehouse_world/models/aws_robomaker_warehouse_PalletJackB_01/meshes/aws_robomaker_warehouse_PalletJackB_01_visual.DAE
[1.196s] -- Up-to-date symlink: /home/omartinez/2023-tfg-oscar-martinez/src/webbt_ws/install/aws_robomaker_small_warehouse_world/share/aws_robomaker_small_warehouse_world/models/aws_robomaker_warehouse_PalletJackB_01/model.config
[1.197s] -- Up-to-date symlink: /home/omartinez/2023-tfg-oscar-martinez/src/webbt_ws/install/aws_robomaker_small_warehouse_world/share/aws_robomaker_small_warehouse_world/models/aws_robomaker_warehouse_PalletJackB_01/model.sdf
[1.198s] -- Up-to-date symlink: /home/omartinez/2023-tfg-oscar-martinez/src/webbt_ws/install/aws_robomaker_small_warehouse_world/share/aws_robomaker_small_warehouse_world/models/aws_robomaker_warehouse_RoofB_01/materials/textures/aws_robomaker_warehouse_RoofB_01.png
[1.204s] -- Up-to-date symlink: /home/omartinez/2023-tfg-oscar-martinez/src/webbt_ws/install/aws_robomaker_small_warehouse_world/share/aws_robomaker_small_warehouse_world/models/aws_robomaker_warehouse_RoofB_01/meshes/aws_robomaker_warehouse_RoofB_01_collision.DAE
[1.205s] -- Up-to-date symlink: /home/omartinez/2023-tfg-oscar-martinez/src/webbt_ws/install/aws_robomaker_small_warehouse_world/share/aws_robomaker_small_warehouse_world/models/aws_robomaker_warehouse_RoofB_01/meshes/aws_robomaker_warehouse_RoofB_01_visual.DAE
[1.205s] -- Up-to-date symlink: /home/omartinez/2023-tfg-oscar-martinez/src/webbt_ws/install/aws_robomaker_small_warehouse_world/share/aws_robomaker_small_warehouse_world/models/aws_robomaker_warehouse_RoofB_01/model.config
[1.206s] -- Up-to-date symlink: /home/omartinez/2023-tfg-oscar-martinez/src/webbt_ws/install/aws_robomaker_small_warehouse_world/share/aws_robomaker_small_warehouse_world/models/aws_robomaker_warehouse_RoofB_01/model.sdf
[1.207s] -- Up-to-date symlink: /home/omartinez/2023-tfg-oscar-martinez/src/webbt_ws/install/aws_robomaker_small_warehouse_world/share/aws_robomaker_small_warehouse_world/models/aws_robomaker_warehouse_ShelfD_01/materials/textures/aws_robomaker_warehouse_ShelfD_01.png
[1.207s] -- Up-to-date symlink: /home/omartinez/2023-tfg-oscar-martinez/src/webbt_ws/install/aws_robomaker_small_warehouse_world/share/aws_robomaker_small_warehouse_world/models/aws_robomaker_warehouse_ShelfD_01/materials/textures/aws_robomaker_warehouse_ShelfD_02.png
[1.216s] -- Up-to-date symlink: /home/omartinez/2023-tfg-oscar-martinez/src/webbt_ws/install/aws_robomaker_small_warehouse_world/share/aws_robomaker_small_warehouse_world/models/aws_robomaker_warehouse_ShelfD_01/materials/textures/aws_robomaker_warehouse_ShelfD_03.png
[1.217s] -- Up-to-date symlink: /home/omartinez/2023-tfg-oscar-martinez/src/webbt_ws/install/aws_robomaker_small_warehouse_world/share/aws_robomaker_small_warehouse_world/models/aws_robomaker_warehouse_ShelfD_01/materials/textures/aws_robomaker_warehouse_ShelfD_04.png
[1.217s] -- Up-to-date symlink: /home/omartinez/2023-tfg-oscar-martinez/src/webbt_ws/install/aws_robomaker_small_warehouse_world/share/aws_robomaker_small_warehouse_world/models/aws_robomaker_warehouse_ShelfD_01/meshes/aws_robomaker_warehouse_ShelfD_01_collision.DAE
[1.238s] -- Up-to-date symlink: /home/omartinez/2023-tfg-oscar-martinez/src/webbt_ws/install/aws_robomaker_small_warehouse_world/share/aws_robomaker_small_warehouse_world/models/aws_robomaker_warehouse_ShelfD_01/meshes/aws_robomaker_warehouse_ShelfD_01_visual.DAE
[1.245s] -- Up-to-date symlink: /home/omartinez/2023-tfg-oscar-martinez/src/webbt_ws/install/aws_robomaker_small_warehouse_world/share/aws_robomaker_small_warehouse_world/models/aws_robomaker_warehouse_ShelfD_01/model.config
[1.248s] -- Up-to-date symlink: /home/omartinez/2023-tfg-oscar-martinez/src/webbt_ws/install/aws_robomaker_small_warehouse_world/share/aws_robomaker_small_warehouse_world/models/aws_robomaker_warehouse_ShelfD_01/model.sdf
[1.249s] -- Up-to-date symlink: /home/omartinez/2023-tfg-oscar-martinez/src/webbt_ws/install/aws_robomaker_small_warehouse_world/share/aws_robomaker_small_warehouse_world/models/aws_robomaker_warehouse_ShelfE_01/.DS_Store
[1.250s] -- Up-to-date symlink: /home/omartinez/2023-tfg-oscar-martinez/src/webbt_ws/install/aws_robomaker_small_warehouse_world/share/aws_robomaker_small_warehouse_world/models/aws_robomaker_warehouse_ShelfE_01/materials/.DS_Store
[1.252s] -- Up-to-date symlink: /home/omartinez/2023-tfg-oscar-martinez/src/webbt_ws/install/aws_robomaker_small_warehouse_world/share/aws_robomaker_small_warehouse_world/models/aws_robomaker_warehouse_ShelfE_01/materials/textures/aws_robomaker_warehouse_ShelfE_01.png
[1.254s] -- Up-to-date symlink: /home/omartinez/2023-tfg-oscar-martinez/src/webbt_ws/install/aws_robomaker_small_warehouse_world/share/aws_robomaker_small_warehouse_world/models/aws_robomaker_warehouse_ShelfE_01/materials/textures/aws_robomaker_warehouse_ShelfE_02.png
[1.256s] -- Up-to-date symlink: /home/omartinez/2023-tfg-oscar-martinez/src/webbt_ws/install/aws_robomaker_small_warehouse_world/share/aws_robomaker_small_warehouse_world/models/aws_robomaker_warehouse_ShelfE_01/materials/textures/aws_robomaker_warehouse_ShelfE_03.png
[1.257s] -- Up-to-date symlink: /home/omartinez/2023-tfg-oscar-martinez/src/webbt_ws/install/aws_robomaker_small_warehouse_world/share/aws_robomaker_small_warehouse_world/models/aws_robomaker_warehouse_ShelfE_01/materials/textures/aws_robomaker_warehouse_ShelfE_04.png
[1.259s] -- Up-to-date symlink: /home/omartinez/2023-tfg-oscar-martinez/src/webbt_ws/install/aws_robomaker_small_warehouse_world/share/aws_robomaker_small_warehouse_world/models/aws_robomaker_warehouse_ShelfE_01/meshes/aws_robomaker_warehouse_ShelfE_01_collision.DAE
[1.260s] -- Up-to-date symlink: /home/omartinez/2023-tfg-oscar-martinez/src/webbt_ws/install/aws_robomaker_small_warehouse_world/share/aws_robomaker_small_warehouse_world/models/aws_robomaker_warehouse_ShelfE_01/meshes/aws_robomaker_warehouse_ShelfE_01_visual.DAE
[1.261s] -- Up-to-date symlink: /home/omartinez/2023-tfg-oscar-martinez/src/webbt_ws/install/aws_robomaker_small_warehouse_world/share/aws_robomaker_small_warehouse_world/models/aws_robomaker_warehouse_ShelfE_01/model.config
[1.262s] -- Up-to-date symlink: /home/omartinez/2023-tfg-oscar-martinez/src/webbt_ws/install/aws_robomaker_small_warehouse_world/share/aws_robomaker_small_warehouse_world/models/aws_robomaker_warehouse_ShelfE_01/model.sdf
[1.262s] -- Up-to-date symlink: /home/omartinez/2023-tfg-oscar-martinez/src/webbt_ws/install/aws_robomaker_small_warehouse_world/share/aws_robomaker_small_warehouse_world/models/aws_robomaker_warehouse_ShelfF_01/materials/textures/aws_robomaker_warehouse_ShelfF_01.png
[1.263s] -- Up-to-date symlink: /home/omartinez/2023-tfg-oscar-martinez/src/webbt_ws/install/aws_robomaker_small_warehouse_world/share/aws_robomaker_small_warehouse_world/models/aws_robomaker_warehouse_ShelfF_01/materials/textures/aws_robomaker_warehouse_ShelfF_02.png
[1.263s] -- Up-to-date symlink: /home/omartinez/2023-tfg-oscar-martinez/src/webbt_ws/install/aws_robomaker_small_warehouse_world/share/aws_robomaker_small_warehouse_world/models/aws_robomaker_warehouse_ShelfF_01/materials/textures/aws_robomaker_warehouse_ShelfF_03.png
[1.265s] -- Up-to-date symlink: /home/omartinez/2023-tfg-oscar-martinez/src/webbt_ws/install/aws_robomaker_small_warehouse_world/share/aws_robomaker_small_warehouse_world/models/aws_robomaker_warehouse_ShelfF_01/meshes/aws_robomaker_warehouse_ShelfF_01_collision.DAE
[1.284s] -- Up-to-date symlink: /home/omartinez/2023-tfg-oscar-martinez/src/webbt_ws/install/aws_robomaker_small_warehouse_world/share/aws_robomaker_small_warehouse_world/models/aws_robomaker_warehouse_ShelfF_01/meshes/aws_robomaker_warehouse_ShelfF_01_visual.DAE
[1.285s] -- Up-to-date symlink: /home/omartinez/2023-tfg-oscar-martinez/src/webbt_ws/install/aws_robomaker_small_warehouse_world/share/aws_robomaker_small_warehouse_world/models/aws_robomaker_warehouse_ShelfF_01/model.config
[1.286s] -- Up-to-date symlink: /home/omartinez/2023-tfg-oscar-martinez/src/webbt_ws/install/aws_robomaker_small_warehouse_world/share/aws_robomaker_small_warehouse_world/models/aws_robomaker_warehouse_ShelfF_01/model.sdf
[1.286s] -- Up-to-date symlink: /home/omartinez/2023-tfg-oscar-martinez/src/webbt_ws/install/aws_robomaker_small_warehouse_world/share/aws_robomaker_small_warehouse_world/models/aws_robomaker_warehouse_TrashCanC_01/materials/textures/aws_robomaker_warehouse_TrashCanC_01.png
[1.287s] -- Up-to-date symlink: /home/omartinez/2023-tfg-oscar-martinez/src/webbt_ws/install/aws_robomaker_small_warehouse_world/share/aws_robomaker_small_warehouse_world/models/aws_robomaker_warehouse_TrashCanC_01/meshes/aws_robomaker_warehouse_TrashCanC_01_collision.DAE
[1.292s] -- Up-to-date symlink: /home/omartinez/2023-tfg-oscar-martinez/src/webbt_ws/install/aws_robomaker_small_warehouse_world/share/aws_robomaker_small_warehouse_world/models/aws_robomaker_warehouse_TrashCanC_01/meshes/aws_robomaker_warehouse_TrashCanC_01_visual.DAE
[1.292s] -- Up-to-date symlink: /home/omartinez/2023-tfg-oscar-martinez/src/webbt_ws/install/aws_robomaker_small_warehouse_world/share/aws_robomaker_small_warehouse_world/models/aws_robomaker_warehouse_TrashCanC_01/model.config
[1.293s] -- Up-to-date symlink: /home/omartinez/2023-tfg-oscar-martinez/src/webbt_ws/install/aws_robomaker_small_warehouse_world/share/aws_robomaker_small_warehouse_world/models/aws_robomaker_warehouse_TrashCanC_01/model.sdf
[1.294s] -- Up-to-date symlink: /home/omartinez/2023-tfg-oscar-martinez/src/webbt_ws/install/aws_robomaker_small_warehouse_world/share/aws_robomaker_small_warehouse_world/models/aws_robomaker_warehouse_WallB_01/materials/textures/aws_robomaker_warehouse_WallB_01.png
[1.294s] -- Up-to-date symlink: /home/omartinez/2023-tfg-oscar-martinez/src/webbt_ws/install/aws_robomaker_small_warehouse_world/share/aws_robomaker_small_warehouse_world/models/aws_robomaker_warehouse_WallB_01/meshes/aws_robomaker_warehouse_WallB_01_collision.DAE
[1.295s] -- Up-to-date symlink: /home/omartinez/2023-tfg-oscar-martinez/src/webbt_ws/install/aws_robomaker_small_warehouse_world/share/aws_robomaker_small_warehouse_world/models/aws_robomaker_warehouse_WallB_01/meshes/aws_robomaker_warehouse_WallB_01_visual.DAE
[1.296s] -- Up-to-date symlink: /home/omartinez/2023-tfg-oscar-martinez/src/webbt_ws/install/aws_robomaker_small_warehouse_world/share/aws_robomaker_small_warehouse_world/models/aws_robomaker_warehouse_WallB_01/model.config
[1.302s] -- Up-to-date symlink: /home/omartinez/2023-tfg-oscar-martinez/src/webbt_ws/install/aws_robomaker_small_warehouse_world/share/aws_robomaker_small_warehouse_world/models/aws_robomaker_warehouse_WallB_01/model.sdf
[1.304s] -- Up-to-date symlink: /home/omartinez/2023-tfg-oscar-martinez/src/webbt_ws/install/aws_robomaker_small_warehouse_world/share/aws_robomaker_small_warehouse_world/worlds/no_roof_small_warehouse/no_roof_small_warehouse.world
[1.305s] -- Up-to-date symlink: /home/omartinez/2023-tfg-oscar-martinez/src/webbt_ws/install/aws_robomaker_small_warehouse_world/share/aws_robomaker_small_warehouse_world/worlds/small_warehouse/small_warehouse.world
[1.310s] -- Up-to-date symlink: /home/omartinez/2023-tfg-oscar-martinez/src/webbt_ws/install/aws_robomaker_small_warehouse_world/share/aws_robomaker_small_warehouse_world/maps/.DS_Store
[1.311s] -- Up-to-date symlink: /home/omartinez/2023-tfg-oscar-martinez/src/webbt_ws/install/aws_robomaker_small_warehouse_world/share/aws_robomaker_small_warehouse_world/maps/002/map.pgm
[1.311s] -- Up-to-date symlink: /home/omartinez/2023-tfg-oscar-martinez/src/webbt_ws/install/aws_robomaker_small_warehouse_world/share/aws_robomaker_small_warehouse_world/maps/002/map.yaml
[1.389s] -- Up-to-date symlink: /home/omartinez/2023-tfg-oscar-martinez/src/webbt_ws/install/aws_robomaker_small_warehouse_world/share/aws_robomaker_small_warehouse_world/maps/005/map.pgm
[1.390s] -- Up-to-date symlink: /home/omartinez/2023-tfg-oscar-martinez/src/webbt_ws/install/aws_robomaker_small_warehouse_world/share/aws_robomaker_small_warehouse_world/maps/005/map.yaml
[1.390s] -- Up-to-date symlink: /home/omartinez/2023-tfg-oscar-martinez/src/webbt_ws/install/aws_robomaker_small_warehouse_world/share/aws_robomaker_small_warehouse_world/maps/005/map_rotated.pgm
[1.391s] -- Up-to-date symlink: /home/omartinez/2023-tfg-oscar-martinez/src/webbt_ws/install/aws_robomaker_small_warehouse_world/share/aws_robomaker_small_warehouse_world/maps/005/map_rotated.png
[1.391s] -- Up-to-date symlink: /home/omartinez/2023-tfg-oscar-martinez/src/webbt_ws/install/aws_robomaker_small_warehouse_world/share/aws_robomaker_small_warehouse_world/rviz/basic_data.rviz
[1.392s] -- Up-to-date symlink: /home/omartinez/2023-tfg-oscar-martinez/src/webbt_ws/install/aws_robomaker_small_warehouse_world/share/aws_robomaker_small_warehouse_world/environment/aws_robomaker_small_warehouse_world.dsv
[1.392s] -- Up-to-date symlink: /home/omartinez/2023-tfg-oscar-martinez/src/webbt_ws/install/aws_robomaker_small_warehouse_world/share/ament_index/resource_index/package_run_dependencies/aws_robomaker_small_warehouse_world
[1.394s] -- Up-to-date symlink: /home/omartinez/2023-tfg-oscar-martinez/src/webbt_ws/install/aws_robomaker_small_warehouse_world/share/ament_index/resource_index/parent_prefix_path/aws_robomaker_small_warehouse_world
[1.394s] -- Up-to-date symlink: /home/omartinez/2023-tfg-oscar-martinez/src/webbt_ws/install/aws_robomaker_small_warehouse_world/share/aws_robomaker_small_warehouse_world/environment/ament_prefix_path.sh
[1.396s] -- Up-to-date symlink: /home/omartinez/2023-tfg-oscar-martinez/src/webbt_ws/install/aws_robomaker_small_warehouse_world/share/aws_robomaker_small_warehouse_world/environment/ament_prefix_path.dsv
[1.397s] -- Up-to-date symlink: /home/omartinez/2023-tfg-oscar-martinez/src/webbt_ws/install/aws_robomaker_small_warehouse_world/share/aws_robomaker_small_warehouse_world/environment/path.sh
[1.398s] -- Up-to-date symlink: /home/omartinez/2023-tfg-oscar-martinez/src/webbt_ws/install/aws_robomaker_small_warehouse_world/share/aws_robomaker_small_warehouse_world/environment/path.dsv
[1.398s] -- Up-to-date symlink: /home/omartinez/2023-tfg-oscar-martinez/src/webbt_ws/install/aws_robomaker_small_warehouse_world/share/aws_robomaker_small_warehouse_world/local_setup.bash
[1.398s] -- Up-to-date symlink: /home/omartinez/2023-tfg-oscar-martinez/src/webbt_ws/install/aws_robomaker_small_warehouse_world/share/aws_robomaker_small_warehouse_world/local_setup.sh
[1.398s] -- Up-to-date symlink: /home/omartinez/2023-tfg-oscar-martinez/src/webbt_ws/install/aws_robomaker_small_warehouse_world/share/aws_robomaker_small_warehouse_world/local_setup.zsh
[1.398s] -- Up-to-date symlink: /home/omartinez/2023-tfg-oscar-martinez/src/webbt_ws/install/aws_robomaker_small_warehouse_world/share/aws_robomaker_small_warehouse_world/local_setup.dsv
[1.399s] -- Symlinking: /home/omartinez/2023-tfg-oscar-martinez/src/webbt_ws/install/aws_robomaker_small_warehouse_world/share/aws_robomaker_small_warehouse_world/package.dsv
[1.438s] -- Up-to-date symlink: /home/omartinez/2023-tfg-oscar-martinez/src/webbt_ws/install/aws_robomaker_small_warehouse_world/share/ament_index/resource_index/packages/aws_robomaker_small_warehouse_world
[1.439s] -- Up-to-date symlink: /home/omartinez/2023-tfg-oscar-martinez/src/webbt_ws/install/aws_robomaker_small_warehouse_world/share/aws_robomaker_small_warehouse_world/cmake/ament_cmake_export_dependencies-extras.cmake
[1.439s] -- Up-to-date symlink: /home/omartinez/2023-tfg-oscar-martinez/src/webbt_ws/install/aws_robomaker_small_warehouse_world/share/aws_robomaker_small_warehouse_world/cmake/aws_robomaker_small_warehouse_worldConfig.cmake
[1.440s] -- Up-to-date symlink: /home/omartinez/2023-tfg-oscar-martinez/src/webbt_ws/install/aws_robomaker_small_warehouse_world/share/aws_robomaker_small_warehouse_world/cmake/aws_robomaker_small_warehouse_worldConfig-version.cmake
[1.440s] -- Up-to-date symlink: /home/omartinez/2023-tfg-oscar-martinez/src/webbt_ws/install/aws_robomaker_small_warehouse_world/share/aws_robomaker_small_warehouse_world/package.xml
[1.560s] Invoked command in '/home/omartinez/2023-tfg-oscar-martinez/src/webbt_ws/build/aws_robomaker_small_warehouse_world' returned '0': CMAKE_PREFIX_PATH=${CMAKE_PREFIX_PATH}:/home/omartinez/2023-tfg-oscar-martinez/src/webbt_ws/install/py_trees_ros_viewer:/home/omartinez/2023-tfg-oscar-martinez/src/webbt_ws/install/py_trees_ros_tutorials:/home/omartinez/2023-tfg-oscar-martinez/src/webbt_ws/install/btpy:/home/omartinez/ws/smartloc_ws/install/webots_sim:/opt/ros/humble /usr/bin/cmake --install /home/omartinez/2023-tfg-oscar-martinez/src/webbt_ws/build/aws_robomaker_small_warehouse_world
