[0.292s] Invoking command in '/home/omartinez/2023-tfg-oscar-martinez/src/webbt_ws/build/tiago_description': CMAKE_PREFIX_PATH=/home/omartinez/2023-tfg-oscar-martinez/src/webbt_ws/install/tiago_controller_configuration:/home/omartinez/2023-tfg-oscar-martinez/src/webbt_ws/install/pal_gripper_description:/home/omartinez/2023-tfg-oscar-martinez/src/webbt_ws/install/pal_gripper_controller_configuration:/home/omartinez/2023-tfg-oscar-martinez/src/webbt_ws/install/tiago_robot:/home/omartinez/2023-tfg-oscar-martinez/src/webbt_ws/install/tiago_bringup:/home/omartinez/2023-tfg-oscar-martinez/src/webbt_ws/install/tiago_description:/home/omartinez/2023-tfg-oscar-martinez/src/webbt_ws/install/sophus:/home/omartinez/2023-tfg-oscar-martinez/src/webbt_ws/install/rplidar_ros:/home/omartinez/2023-tfg-oscar-martinez/src/webbt_ws/install/pal_gripper:/home/omartinez/2023-tfg-oscar-martinez/src/webbt_ws/install/laser_filters:/home/omartinez/2023-tfg-oscar-martinez/src/webbt_ws/install/kobuki_ros:/home/omartinez/2023-tfg-oscar-martinez/src/webbt_ws/install/kobuki_safety_controller:/home/omartinez/2023-tfg-oscar-martinez/src/webbt_ws/install/kobuki_random_walker:/home/omartinez/2023-tfg-oscar-martinez/src/webbt_ws/install/kobuki_keyop:/home/omartinez/2023-tfg-oscar-martinez/src/webbt_ws/install/kobuki_bumper2pc:/home/omartinez/2023-tfg-oscar-martinez/src/webbt_ws/install/kobuki_ros_interfaces:/home/omartinez/2023-tfg-oscar-martinez/src/webbt_ws/install/kobuki_description:/home/omartinez/2023-tfg-oscar-martinez/src/webbt_ws/install/ir_robots:/home/omartinez/2023-tfg-oscar-martinez/src/webbt_ws/install/aws_robomaker_small_warehouse_world:/home/omartinez/2023-tfg-oscar-martinez/src/webbt_ws/install/aws_robomaker_small_house_world:/home/omartinez/2023-tfg-oscar-martinez/src/webbt_ws/install/aws_robomaker_racetrack_world:/home/omartinez/2023-tfg-oscar-martinez/src/webbt_ws/install/aws_robomaker_bookstore_world:/home/omartinez/ws/smartloc_ws/install/turtlebot4_simulator:/home/omartinez/ws/smartloc_ws/install/turtlebot4_ignition_bringup:/home/omartinez/ws/smartloc_ws/install/turtlebot4_node:/home/omartinez/ws/smartloc_ws/install/turtlebot4_navigation:/home/omartinez/ws/smartloc_ws/install/turtlebot4_ignition_toolbox:/home/omartinez/ws/smartloc_ws/install/turtlebot4_msgs:/home/omartinez/ws/smartloc_ws/install/turtlebot4_ignition_gui_plugins:/home/omartinez/ws/smartloc_ws/install/turtlebot4_description:/home/omartinez/ws/smartloc_ws/install/smartpredict_bridge:/home/omartinez/ws/smartloc_ws/install/smartloc_sim:/home/omartinez/ws/smartloc_ws/install/rfid_sensor_plugin:/home/omartinez/ws/smartloc_ws/install/position_calculator:/home/omartinez/ws/smartloc_ws/install/custom_interfaces:/home/omartinez/2023-tfg-oscar-martinez/src/webbt_ws/install/py_trees_ros_viewer:/home/omartinez/2023-tfg-oscar-martinez/src/webbt_ws/install/py_trees_ros_tutorials:/home/omartinez/2023-tfg-oscar-martinez/src/webbt_ws/install/btpy:/home/omartinez/ws/smartloc_ws/install/webots_sim:/opt/ros/humble /usr/bin/cmake --build /home/omartinez/2023-tfg-oscar-martinez/src/webbt_ws/build/tiago_description -- -j8 -l8
[0.682s] Built target ament_cmake_python_symlink_tiago_description
[1.934s] running egg_info
[1.936s] writing tiago_description.egg-info/PKG-INFO
[1.936s] writing dependency_links to tiago_description.egg-info/dependency_links.txt
[1.937s] writing top-level names to tiago_description.egg-info/top_level.txt
[1.942s] reading manifest file 'tiago_description.egg-info/SOURCES.txt'
[1.944s] writing manifest file 'tiago_description.egg-info/SOURCES.txt'
[2.005s] Built target ament_cmake_python_build_tiago_description_egg
[2.035s] Invoked command in '/home/omartinez/2023-tfg-oscar-martinez/src/webbt_ws/build/tiago_description' returned '0': CMAKE_PREFIX_PATH=/home/omartinez/2023-tfg-oscar-martinez/src/webbt_ws/install/tiago_controller_configuration:/home/omartinez/2023-tfg-oscar-martinez/src/webbt_ws/install/pal_gripper_description:/home/omartinez/2023-tfg-oscar-martinez/src/webbt_ws/install/pal_gripper_controller_configuration:/home/omartinez/2023-tfg-oscar-martinez/src/webbt_ws/install/tiago_robot:/home/omartinez/2023-tfg-oscar-martinez/src/webbt_ws/install/tiago_bringup:/home/omartinez/2023-tfg-oscar-martinez/src/webbt_ws/install/tiago_description:/home/omartinez/2023-tfg-oscar-martinez/src/webbt_ws/install/sophus:/home/omartinez/2023-tfg-oscar-martinez/src/webbt_ws/install/rplidar_ros:/home/omartinez/2023-tfg-oscar-martinez/src/webbt_ws/install/pal_gripper:/home/omartinez/2023-tfg-oscar-martinez/src/webbt_ws/install/laser_filters:/home/omartinez/2023-tfg-oscar-martinez/src/webbt_ws/install/kobuki_ros:/home/omartinez/2023-tfg-oscar-martinez/src/webbt_ws/install/kobuki_safety_controller:/home/omartinez/2023-tfg-oscar-martinez/src/webbt_ws/install/kobuki_random_walker:/home/omartinez/2023-tfg-oscar-martinez/src/webbt_ws/install/kobuki_keyop:/home/omartinez/2023-tfg-oscar-martinez/src/webbt_ws/install/kobuki_bumper2pc:/home/omartinez/2023-tfg-oscar-martinez/src/webbt_ws/install/kobuki_ros_interfaces:/home/omartinez/2023-tfg-oscar-martinez/src/webbt_ws/install/kobuki_description:/home/omartinez/2023-tfg-oscar-martinez/src/webbt_ws/install/ir_robots:/home/omartinez/2023-tfg-oscar-martinez/src/webbt_ws/install/aws_robomaker_small_warehouse_world:/home/omartinez/2023-tfg-oscar-martinez/src/webbt_ws/install/aws_robomaker_small_house_world:/home/omartinez/2023-tfg-oscar-martinez/src/webbt_ws/install/aws_robomaker_racetrack_world:/home/omartinez/2023-tfg-oscar-martinez/src/webbt_ws/install/aws_robomaker_bookstore_world:/home/omartinez/ws/smartloc_ws/install/turtlebot4_simulator:/home/omartinez/ws/smartloc_ws/install/turtlebot4_ignition_bringup:/home/omartinez/ws/smartloc_ws/install/turtlebot4_node:/home/omartinez/ws/smartloc_ws/install/turtlebot4_navigation:/home/omartinez/ws/smartloc_ws/install/turtlebot4_ignition_toolbox:/home/omartinez/ws/smartloc_ws/install/turtlebot4_msgs:/home/omartinez/ws/smartloc_ws/install/turtlebot4_ignition_gui_plugins:/home/omartinez/ws/smartloc_ws/install/turtlebot4_description:/home/omartinez/ws/smartloc_ws/install/smartpredict_bridge:/home/omartinez/ws/smartloc_ws/install/smartloc_sim:/home/omartinez/ws/smartloc_ws/install/rfid_sensor_plugin:/home/omartinez/ws/smartloc_ws/install/position_calculator:/home/omartinez/ws/smartloc_ws/install/custom_interfaces:/home/omartinez/2023-tfg-oscar-martinez/src/webbt_ws/install/py_trees_ros_viewer:/home/omartinez/2023-tfg-oscar-martinez/src/webbt_ws/install/py_trees_ros_tutorials:/home/omartinez/2023-tfg-oscar-martinez/src/webbt_ws/install/btpy:/home/omartinez/ws/smartloc_ws/install/webots_sim:/opt/ros/humble /usr/bin/cmake --build /home/omartinez/2023-tfg-oscar-martinez/src/webbt_ws/build/tiago_description -- -j8 -l8
[2.119s] Invoking command in '/home/omartinez/2023-tfg-oscar-martinez/src/webbt_ws/build/tiago_description': CMAKE_PREFIX_PATH=/home/omartinez/2023-tfg-oscar-martinez/src/webbt_ws/install/tiago_controller_configuration:/home/omartinez/2023-tfg-oscar-martinez/src/webbt_ws/install/pal_gripper_description:/home/omartinez/2023-tfg-oscar-martinez/src/webbt_ws/install/pal_gripper_controller_configuration:/home/omartinez/2023-tfg-oscar-martinez/src/webbt_ws/install/tiago_robot:/home/omartinez/2023-tfg-oscar-martinez/src/webbt_ws/install/tiago_bringup:/home/omartinez/2023-tfg-oscar-martinez/src/webbt_ws/install/tiago_description:/home/omartinez/2023-tfg-oscar-martinez/src/webbt_ws/install/sophus:/home/omartinez/2023-tfg-oscar-martinez/src/webbt_ws/install/rplidar_ros:/home/omartinez/2023-tfg-oscar-martinez/src/webbt_ws/install/pal_gripper:/home/omartinez/2023-tfg-oscar-martinez/src/webbt_ws/install/laser_filters:/home/omartinez/2023-tfg-oscar-martinez/src/webbt_ws/install/kobuki_ros:/home/omartinez/2023-tfg-oscar-martinez/src/webbt_ws/install/kobuki_safety_controller:/home/omartinez/2023-tfg-oscar-martinez/src/webbt_ws/install/kobuki_random_walker:/home/omartinez/2023-tfg-oscar-martinez/src/webbt_ws/install/kobuki_keyop:/home/omartinez/2023-tfg-oscar-martinez/src/webbt_ws/install/kobuki_bumper2pc:/home/omartinez/2023-tfg-oscar-martinez/src/webbt_ws/install/kobuki_ros_interfaces:/home/omartinez/2023-tfg-oscar-martinez/src/webbt_ws/install/kobuki_description:/home/omartinez/2023-tfg-oscar-martinez/src/webbt_ws/install/ir_robots:/home/omartinez/2023-tfg-oscar-martinez/src/webbt_ws/install/aws_robomaker_small_warehouse_world:/home/omartinez/2023-tfg-oscar-martinez/src/webbt_ws/install/aws_robomaker_small_house_world:/home/omartinez/2023-tfg-oscar-martinez/src/webbt_ws/install/aws_robomaker_racetrack_world:/home/omartinez/2023-tfg-oscar-martinez/src/webbt_ws/install/aws_robomaker_bookstore_world:/home/omartinez/ws/smartloc_ws/install/turtlebot4_simulator:/home/omartinez/ws/smartloc_ws/install/turtlebot4_ignition_bringup:/home/omartinez/ws/smartloc_ws/install/turtlebot4_node:/home/omartinez/ws/smartloc_ws/install/turtlebot4_navigation:/home/omartinez/ws/smartloc_ws/install/turtlebot4_ignition_toolbox:/home/omartinez/ws/smartloc_ws/install/turtlebot4_msgs:/home/omartinez/ws/smartloc_ws/install/turtlebot4_ignition_gui_plugins:/home/omartinez/ws/smartloc_ws/install/turtlebot4_description:/home/omartinez/ws/smartloc_ws/install/smartpredict_bridge:/home/omartinez/ws/smartloc_ws/install/smartloc_sim:/home/omartinez/ws/smartloc_ws/install/rfid_sensor_plugin:/home/omartinez/ws/smartloc_ws/install/position_calculator:/home/omartinez/ws/smartloc_ws/install/custom_interfaces:/home/omartinez/2023-tfg-oscar-martinez/src/webbt_ws/install/py_trees_ros_viewer:/home/omartinez/2023-tfg-oscar-martinez/src/webbt_ws/install/py_trees_ros_tutorials:/home/omartinez/2023-tfg-oscar-martinez/src/webbt_ws/install/btpy:/home/omartinez/ws/smartloc_ws/install/webots_sim:/opt/ros/humble /usr/bin/cmake --install /home/omartinez/2023-tfg-oscar-martinez/src/webbt_ws/build/tiago_description
[2.144s] -- Install configuration: ""
[2.145s] -- Execute custom install script
[2.146s] -- Up-to-date symlink: /home/omartinez/2023-tfg-oscar-martinez/src/webbt_ws/install/tiago_description/share/tiago_description/environment/pythonpath.sh
[2.148s] -- Up-to-date symlink: /home/omartinez/2023-tfg-oscar-martinez/src/webbt_ws/install/tiago_description/share/tiago_description/environment/pythonpath.dsv
[2.149s] -- Up-to-date symlink: /home/omartinez/2023-tfg-oscar-martinez/src/webbt_ws/install/tiago_description/local/lib/python3.10/dist-packages/tiago_description-4.0.14-py3.10.egg-info/PKG-INFO
[2.150s] -- Up-to-date symlink: /home/omartinez/2023-tfg-oscar-martinez/src/webbt_ws/install/tiago_description/local/lib/python3.10/dist-packages/tiago_description-4.0.14-py3.10.egg-info/SOURCES.txt
[2.151s] -- Up-to-date symlink: /home/omartinez/2023-tfg-oscar-martinez/src/webbt_ws/install/tiago_description/local/lib/python3.10/dist-packages/tiago_description-4.0.14-py3.10.egg-info/dependency_links.txt
[2.152s] -- Up-to-date symlink: /home/omartinez/2023-tfg-oscar-martinez/src/webbt_ws/install/tiago_description/local/lib/python3.10/dist-packages/tiago_description-4.0.14-py3.10.egg-info/top_level.txt
[2.156s] -- Up-to-date symlink: /home/omartinez/2023-tfg-oscar-martinez/src/webbt_ws/install/tiago_description/local/lib/python3.10/dist-packages/tiago_description/__init__.py
[2.156s] -- Up-to-date symlink: /home/omartinez/2023-tfg-oscar-martinez/src/webbt_ws/install/tiago_description/local/lib/python3.10/dist-packages/tiago_description/tiago_launch_utils.py
[2.157s] -- Up-to-date symlink: /home/omartinez/2023-tfg-oscar-martinez/src/webbt_ws/install/tiago_description/share/tiago_description/config/collision/collision_parameters.yaml
[2.158s] -- Up-to-date symlink: /home/omartinez/2023-tfg-oscar-martinez/src/webbt_ws/install/tiago_description/share/tiago_description/gazebo/gazebo.urdf.xacro
[2.159s] -- Up-to-date symlink: /home/omartinez/2023-tfg-oscar-martinez/src/webbt_ws/install/tiago_description/share/tiago_description/launch/robot_state_publisher.launch.py
[2.159s] -- Up-to-date symlink: /home/omartinez/2023-tfg-oscar-martinez/src/webbt_ws/install/tiago_description/share/tiago_description/launch/show.launch.py
[2.160s] -- Up-to-date symlink: /home/omartinez/2023-tfg-oscar-martinez/src/webbt_ws/install/tiago_description/share/tiago_description/Media/materials/scripts/markers.material
[2.160s] -- Up-to-date symlink: /home/omartinez/2023-tfg-oscar-martinez/src/webbt_ws/install/tiago_description/share/tiago_description/Media/materials/textures/aruco-26_8cm.png
[2.161s] -- Up-to-date symlink: /home/omartinez/2023-tfg-oscar-martinez/src/webbt_ws/install/tiago_description/share/tiago_description/Media/materials/textures/aruco-582_8cm.png
[2.161s] -- Up-to-date symlink: /home/omartinez/2023-tfg-oscar-martinez/src/webbt_ws/install/tiago_description/share/tiago_description/Media/materials/textures/pal_logo_1_7cm.jpg
[2.161s] -- Up-to-date symlink: /home/omartinez/2023-tfg-oscar-martinez/src/webbt_ws/install/tiago_description/share/tiago_description/Media/materials/textures/pal_logo_2_7cm.jpg
[2.163s] -- Up-to-date symlink: /home/omartinez/2023-tfg-oscar-martinez/src/webbt_ws/install/tiago_description/share/tiago_description/Media/materials/textures/pal_logo_3_7cm.jpg
[2.164s] -- Up-to-date symlink: /home/omartinez/2023-tfg-oscar-martinez/src/webbt_ws/install/tiago_description/share/tiago_description/meshes/arm/arm_1.stl
[2.165s] -- Up-to-date symlink: /home/omartinez/2023-tfg-oscar-martinez/src/webbt_ws/install/tiago_description/share/tiago_description/meshes/arm/arm_1_collision.dae
[2.165s] -- Up-to-date symlink: /home/omartinez/2023-tfg-oscar-martinez/src/webbt_ws/install/tiago_description/share/tiago_description/meshes/arm/arm_1_color.png
[2.165s] -- Up-to-date symlink: /home/omartinez/2023-tfg-oscar-martinez/src/webbt_ws/install/tiago_description/share/tiago_description/meshes/arm/arm_1_normals.png
[2.166s] -- Up-to-date symlink: /home/omartinez/2023-tfg-oscar-martinez/src/webbt_ws/install/tiago_description/share/tiago_description/meshes/arm/arm_1_specular.png
[2.166s] -- Up-to-date symlink: /home/omartinez/2023-tfg-oscar-martinez/src/webbt_ws/install/tiago_description/share/tiago_description/meshes/arm/arm_2.stl
[2.166s] -- Up-to-date symlink: /home/omartinez/2023-tfg-oscar-martinez/src/webbt_ws/install/tiago_description/share/tiago_description/meshes/arm/arm_2_collision.dae
[2.167s] -- Up-to-date symlink: /home/omartinez/2023-tfg-oscar-martinez/src/webbt_ws/install/tiago_description/share/tiago_description/meshes/arm/arm_2_color.png
[2.168s] -- Up-to-date symlink: /home/omartinez/2023-tfg-oscar-martinez/src/webbt_ws/install/tiago_description/share/tiago_description/meshes/arm/arm_2_normals.png
[2.168s] -- Up-to-date symlink: /home/omartinez/2023-tfg-oscar-martinez/src/webbt_ws/install/tiago_description/share/tiago_description/meshes/arm/arm_2_specular.png
[2.168s] -- Up-to-date symlink: /home/omartinez/2023-tfg-oscar-martinez/src/webbt_ws/install/tiago_description/share/tiago_description/meshes/arm/arm_3.stl
[2.169s] -- Up-to-date symlink: /home/omartinez/2023-tfg-oscar-martinez/src/webbt_ws/install/tiago_description/share/tiago_description/meshes/arm/arm_3_collision.dae
[2.169s] -- Up-to-date symlink: /home/omartinez/2023-tfg-oscar-martinez/src/webbt_ws/install/tiago_description/share/tiago_description/meshes/arm/arm_3_color.png
[2.169s] -- Up-to-date symlink: /home/omartinez/2023-tfg-oscar-martinez/src/webbt_ws/install/tiago_description/share/tiago_description/meshes/arm/arm_3_normals.png
[2.169s] -- Up-to-date symlink: /home/omartinez/2023-tfg-oscar-martinez/src/webbt_ws/install/tiago_description/share/tiago_description/meshes/arm/arm_3_specular.png
[2.170s] -- Up-to-date symlink: /home/omartinez/2023-tfg-oscar-martinez/src/webbt_ws/install/tiago_description/share/tiago_description/meshes/arm/arm_4.stl
[2.170s] -- Up-to-date symlink: /home/omartinez/2023-tfg-oscar-martinez/src/webbt_ws/install/tiago_description/share/tiago_description/meshes/arm/arm_4_collision.dae
[2.170s] -- Up-to-date symlink: /home/omartinez/2023-tfg-oscar-martinez/src/webbt_ws/install/tiago_description/share/tiago_description/meshes/arm/arm_4_collision.stl
[2.171s] -- Up-to-date symlink: /home/omartinez/2023-tfg-oscar-martinez/src/webbt_ws/install/tiago_description/share/tiago_description/meshes/arm/arm_4_color.png
[2.173s] -- Up-to-date symlink: /home/omartinez/2023-tfg-oscar-martinez/src/webbt_ws/install/tiago_description/share/tiago_description/meshes/arm/arm_4_normals.png
[2.173s] -- Up-to-date symlink: /home/omartinez/2023-tfg-oscar-martinez/src/webbt_ws/install/tiago_description/share/tiago_description/meshes/arm/arm_4_specular.png
[2.174s] -- Up-to-date symlink: /home/omartinez/2023-tfg-oscar-martinez/src/webbt_ws/install/tiago_description/share/tiago_description/meshes/arm/arm_5-wrist-2010.stl
[2.174s] -- Up-to-date symlink: /home/omartinez/2023-tfg-oscar-martinez/src/webbt_ws/install/tiago_description/share/tiago_description/meshes/arm/arm_5-wrist-2017.stl
[2.175s] -- Up-to-date symlink: /home/omartinez/2023-tfg-oscar-martinez/src/webbt_ws/install/tiago_description/share/tiago_description/meshes/arm/arm_5_collision-wrist-2010.dae
[2.175s] -- Up-to-date symlink: /home/omartinez/2023-tfg-oscar-martinez/src/webbt_ws/install/tiago_description/share/tiago_description/meshes/arm/arm_5_collision-wrist-2017.dae
[2.175s] -- Up-to-date symlink: /home/omartinez/2023-tfg-oscar-martinez/src/webbt_ws/install/tiago_description/share/tiago_description/meshes/arm/arm_6-wrist-2010.stl
[2.176s] -- Up-to-date symlink: /home/omartinez/2023-tfg-oscar-martinez/src/webbt_ws/install/tiago_description/share/tiago_description/meshes/arm/arm_6-wrist-2017.stl
[2.176s] -- Up-to-date symlink: /home/omartinez/2023-tfg-oscar-martinez/src/webbt_ws/install/tiago_description/share/tiago_description/meshes/arm/arm_6_collision-wrist-2010.dae
[2.177s] -- Up-to-date symlink: /home/omartinez/2023-tfg-oscar-martinez/src/webbt_ws/install/tiago_description/share/tiago_description/meshes/arm/arm_6_collision-wrist-2017.dae
[2.177s] -- Up-to-date symlink: /home/omartinez/2023-tfg-oscar-martinez/src/webbt_ws/install/tiago_description/share/tiago_description/meshes/arm/arm_6_color.png
[2.178s] -- Up-to-date symlink: /home/omartinez/2023-tfg-oscar-martinez/src/webbt_ws/install/tiago_description/share/tiago_description/meshes/arm/arm_6_normals.png
[2.178s] -- Up-to-date symlink: /home/omartinez/2023-tfg-oscar-martinez/src/webbt_ws/install/tiago_description/share/tiago_description/meshes/arm/arm_6_specular.png
[2.179s] -- Up-to-date symlink: /home/omartinez/2023-tfg-oscar-martinez/src/webbt_ws/install/tiago_description/share/tiago_description/meshes/head/head_1.stl
[2.179s] -- Up-to-date symlink: /home/omartinez/2023-tfg-oscar-martinez/src/webbt_ws/install/tiago_description/share/tiago_description/meshes/head/head_1_collision.dae
[2.180s] -- Up-to-date symlink: /home/omartinez/2023-tfg-oscar-martinez/src/webbt_ws/install/tiago_description/share/tiago_description/meshes/head/head_2.stl
[2.180s] -- Up-to-date symlink: /home/omartinez/2023-tfg-oscar-martinez/src/webbt_ws/install/tiago_description/share/tiago_description/meshes/head/head_2_collision.dae
[2.181s] -- Up-to-date symlink: /home/omartinez/2023-tfg-oscar-martinez/src/webbt_ws/install/tiago_description/share/tiago_description/meshes/sensors/xtion_pro_live/xtion_pro_live.dae
[2.181s] -- Up-to-date symlink: /home/omartinez/2023-tfg-oscar-martinez/src/webbt_ws/install/tiago_description/share/tiago_description/meshes/sensors/xtion_pro_live/xtion_pro_live.png
[2.182s] -- Up-to-date symlink: /home/omartinez/2023-tfg-oscar-martinez/src/webbt_ws/install/tiago_description/share/tiago_description/meshes/torso/torso_fix.stl
[2.182s] -- Up-to-date symlink: /home/omartinez/2023-tfg-oscar-martinez/src/webbt_ws/install/tiago_description/share/tiago_description/meshes/torso/torso_lift_collision.dae
[2.183s] -- Up-to-date symlink: /home/omartinez/2023-tfg-oscar-martinez/src/webbt_ws/install/tiago_description/share/tiago_description/meshes/torso/torso_lift_collision_core.dae
[2.183s] -- Up-to-date symlink: /home/omartinez/2023-tfg-oscar-martinez/src/webbt_ws/install/tiago_description/share/tiago_description/meshes/torso/torso_lift_collision_neck.dae
[2.184s] -- Up-to-date symlink: /home/omartinez/2023-tfg-oscar-martinez/src/webbt_ws/install/tiago_description/share/tiago_description/meshes/torso/torso_lift_collision_shoulder.dae
[2.184s] -- Up-to-date symlink: /home/omartinez/2023-tfg-oscar-martinez/src/webbt_ws/install/tiago_description/share/tiago_description/meshes/torso/torso_lift_with_arm.stl
[2.184s] -- Up-to-date symlink: /home/omartinez/2023-tfg-oscar-martinez/src/webbt_ws/install/tiago_description/share/tiago_description/meshes/torso/torso_lift_without_arm.stl
[2.185s] -- Up-to-date symlink: /home/omartinez/2023-tfg-oscar-martinez/src/webbt_ws/install/tiago_description/share/tiago_description/robots/tiago.urdf.xacro
[2.185s] -- Up-to-date symlink: /home/omartinez/2023-tfg-oscar-martinez/src/webbt_ws/install/tiago_description/share/tiago_description/ros2_control/ros2_control.urdf.xacro
[2.186s] -- Up-to-date symlink: /home/omartinez/2023-tfg-oscar-martinez/src/webbt_ws/install/tiago_description/share/tiago_description/ros2_control/transmissions.urdf.xacro
[2.187s] -- Up-to-date symlink: /home/omartinez/2023-tfg-oscar-martinez/src/webbt_ws/install/tiago_description/share/tiago_description/urdf/arm/arm.ros2_control.xacro
[2.187s] -- Up-to-date symlink: /home/omartinez/2023-tfg-oscar-martinez/src/webbt_ws/install/tiago_description/share/tiago_description/urdf/arm/arm.urdf.xacro
[2.187s] -- Up-to-date symlink: /home/omartinez/2023-tfg-oscar-martinez/src/webbt_ws/install/tiago_description/share/tiago_description/urdf/arm/wrist.ros2_control.xacro
[2.188s] -- Up-to-date symlink: /home/omartinez/2023-tfg-oscar-martinez/src/webbt_ws/install/tiago_description/share/tiago_description/urdf/arm/wrist.urdf.xacro
[2.188s] -- Up-to-date symlink: /home/omartinez/2023-tfg-oscar-martinez/src/webbt_ws/install/tiago_description/share/tiago_description/urdf/calibration/calibration_constants.urdf.xacro
[2.189s] -- Up-to-date symlink: /home/omartinez/2023-tfg-oscar-martinez/src/webbt_ws/install/tiago_description/share/tiago_description/urdf/calibration/extrinsic_camera_calibration_constants.urdf.xacro
[2.189s] -- Up-to-date symlink: /home/omartinez/2023-tfg-oscar-martinez/src/webbt_ws/install/tiago_description/share/tiago_description/urdf/deg_to_rad.xacro
[2.189s] -- Up-to-date symlink: /home/omartinez/2023-tfg-oscar-martinez/src/webbt_ws/install/tiago_description/share/tiago_description/urdf/end_effector/end_effector.urdf.xacro
[2.190s] -- Up-to-date symlink: /home/omartinez/2023-tfg-oscar-martinez/src/webbt_ws/install/tiago_description/share/tiago_description/urdf/head/head.ros2_control.xacro
[2.190s] -- Up-to-date symlink: /home/omartinez/2023-tfg-oscar-martinez/src/webbt_ws/install/tiago_description/share/tiago_description/urdf/head/head.urdf.xacro
[2.190s] -- Up-to-date symlink: /home/omartinez/2023-tfg-oscar-martinez/src/webbt_ws/install/tiago_description/share/tiago_description/urdf/materials.urdf.xacro
[2.191s] -- Up-to-date symlink: /home/omartinez/2023-tfg-oscar-martinez/src/webbt_ws/install/tiago_description/share/tiago_description/urdf/sensors/ftsensor.gazebo.xacro
[2.191s] -- Up-to-date symlink: /home/omartinez/2023-tfg-oscar-martinez/src/webbt_ws/install/tiago_description/share/tiago_description/urdf/sensors/ftsensor.urdf.xacro
[2.191s] -- Up-to-date symlink: /home/omartinez/2023-tfg-oscar-martinez/src/webbt_ws/install/tiago_description/share/tiago_description/urdf/sensors/openni.gazebo.xacro
[2.193s] -- Up-to-date symlink: /home/omartinez/2023-tfg-oscar-martinez/src/webbt_ws/install/tiago_description/share/tiago_description/urdf/sensors/orbbec_astra.urdf.xacro
[2.193s] -- Up-to-date symlink: /home/omartinez/2023-tfg-oscar-martinez/src/webbt_ws/install/tiago_description/share/tiago_description/urdf/sensors/sensors.ros2_control.xacro
[2.193s] -- Up-to-date symlink: /home/omartinez/2023-tfg-oscar-martinez/src/webbt_ws/install/tiago_description/share/tiago_description/urdf/sensors/xtion_pro_live.urdf.xacro
[2.194s] -- Up-to-date symlink: /home/omartinez/2023-tfg-oscar-martinez/src/webbt_ws/install/tiago_description/share/tiago_description/urdf/torso/torso.ros2_control.xacro
[2.194s] -- Up-to-date symlink: /home/omartinez/2023-tfg-oscar-martinez/src/webbt_ws/install/tiago_description/share/tiago_description/urdf/torso/torso.urdf.xacro
[2.195s] -- Up-to-date symlink: /home/omartinez/2023-tfg-oscar-martinez/src/webbt_ws/install/tiago_description/share/ament_index/resource_index/package_run_dependencies/tiago_description
[2.195s] -- Up-to-date symlink: /home/omartinez/2023-tfg-oscar-martinez/src/webbt_ws/install/tiago_description/share/ament_index/resource_index/parent_prefix_path/tiago_description
[2.195s] -- Up-to-date symlink: /home/omartinez/2023-tfg-oscar-martinez/src/webbt_ws/install/tiago_description/share/tiago_description/environment/ament_prefix_path.sh
[2.196s] -- Up-to-date symlink: /home/omartinez/2023-tfg-oscar-martinez/src/webbt_ws/install/tiago_description/share/tiago_description/environment/ament_prefix_path.dsv
[2.196s] -- Up-to-date symlink: /home/omartinez/2023-tfg-oscar-martinez/src/webbt_ws/install/tiago_description/share/tiago_description/environment/path.sh
[2.197s] -- Up-to-date symlink: /home/omartinez/2023-tfg-oscar-martinez/src/webbt_ws/install/tiago_description/share/tiago_description/environment/path.dsv
[2.197s] -- Up-to-date symlink: /home/omartinez/2023-tfg-oscar-martinez/src/webbt_ws/install/tiago_description/share/tiago_description/local_setup.bash
[2.197s] -- Up-to-date symlink: /home/omartinez/2023-tfg-oscar-martinez/src/webbt_ws/install/tiago_description/share/tiago_description/local_setup.sh
[2.197s] -- Up-to-date symlink: /home/omartinez/2023-tfg-oscar-martinez/src/webbt_ws/install/tiago_description/share/tiago_description/local_setup.zsh
[2.198s] -- Up-to-date symlink: /home/omartinez/2023-tfg-oscar-martinez/src/webbt_ws/install/tiago_description/share/tiago_description/local_setup.dsv
[2.198s] -- Symlinking: /home/omartinez/2023-tfg-oscar-martinez/src/webbt_ws/install/tiago_description/share/tiago_description/package.dsv
[2.218s] -- Up-to-date symlink: /home/omartinez/2023-tfg-oscar-martinez/src/webbt_ws/install/tiago_description/share/ament_index/resource_index/packages/tiago_description
[2.218s] -- Up-to-date symlink: /home/omartinez/2023-tfg-oscar-martinez/src/webbt_ws/install/tiago_description/share/tiago_description/cmake/tiago_descriptionConfig.cmake
[2.219s] -- Up-to-date symlink: /home/omartinez/2023-tfg-oscar-martinez/src/webbt_ws/install/tiago_description/share/tiago_description/cmake/tiago_descriptionConfig-version.cmake
[2.219s] -- Up-to-date symlink: /home/omartinez/2023-tfg-oscar-martinez/src/webbt_ws/install/tiago_description/share/tiago_description/package.xml
[2.322s] Listing '/home/omartinez/2023-tfg-oscar-martinez/src/webbt_ws/install/tiago_description/local/lib/python3.10/dist-packages/tiago_description'...
[2.341s] Invoked command in '/home/omartinez/2023-tfg-oscar-martinez/src/webbt_ws/build/tiago_description' returned '0': CMAKE_PREFIX_PATH=/home/omartinez/2023-tfg-oscar-martinez/src/webbt_ws/install/tiago_controller_configuration:/home/omartinez/2023-tfg-oscar-martinez/src/webbt_ws/install/pal_gripper_description:/home/omartinez/2023-tfg-oscar-martinez/src/webbt_ws/install/pal_gripper_controller_configuration:/home/omartinez/2023-tfg-oscar-martinez/src/webbt_ws/install/tiago_robot:/home/omartinez/2023-tfg-oscar-martinez/src/webbt_ws/install/tiago_bringup:/home/omartinez/2023-tfg-oscar-martinez/src/webbt_ws/install/tiago_description:/home/omartinez/2023-tfg-oscar-martinez/src/webbt_ws/install/sophus:/home/omartinez/2023-tfg-oscar-martinez/src/webbt_ws/install/rplidar_ros:/home/omartinez/2023-tfg-oscar-martinez/src/webbt_ws/install/pal_gripper:/home/omartinez/2023-tfg-oscar-martinez/src/webbt_ws/install/laser_filters:/home/omartinez/2023-tfg-oscar-martinez/src/webbt_ws/install/kobuki_ros:/home/omartinez/2023-tfg-oscar-martinez/src/webbt_ws/install/kobuki_safety_controller:/home/omartinez/2023-tfg-oscar-martinez/src/webbt_ws/install/kobuki_random_walker:/home/omartinez/2023-tfg-oscar-martinez/src/webbt_ws/install/kobuki_keyop:/home/omartinez/2023-tfg-oscar-martinez/src/webbt_ws/install/kobuki_bumper2pc:/home/omartinez/2023-tfg-oscar-martinez/src/webbt_ws/install/kobuki_ros_interfaces:/home/omartinez/2023-tfg-oscar-martinez/src/webbt_ws/install/kobuki_description:/home/omartinez/2023-tfg-oscar-martinez/src/webbt_ws/install/ir_robots:/home/omartinez/2023-tfg-oscar-martinez/src/webbt_ws/install/aws_robomaker_small_warehouse_world:/home/omartinez/2023-tfg-oscar-martinez/src/webbt_ws/install/aws_robomaker_small_house_world:/home/omartinez/2023-tfg-oscar-martinez/src/webbt_ws/install/aws_robomaker_racetrack_world:/home/omartinez/2023-tfg-oscar-martinez/src/webbt_ws/install/aws_robomaker_bookstore_world:/home/omartinez/ws/smartloc_ws/install/turtlebot4_simulator:/home/omartinez/ws/smartloc_ws/install/turtlebot4_ignition_bringup:/home/omartinez/ws/smartloc_ws/install/turtlebot4_node:/home/omartinez/ws/smartloc_ws/install/turtlebot4_navigation:/home/omartinez/ws/smartloc_ws/install/turtlebot4_ignition_toolbox:/home/omartinez/ws/smartloc_ws/install/turtlebot4_msgs:/home/omartinez/ws/smartloc_ws/install/turtlebot4_ignition_gui_plugins:/home/omartinez/ws/smartloc_ws/install/turtlebot4_description:/home/omartinez/ws/smartloc_ws/install/smartpredict_bridge:/home/omartinez/ws/smartloc_ws/install/smartloc_sim:/home/omartinez/ws/smartloc_ws/install/rfid_sensor_plugin:/home/omartinez/ws/smartloc_ws/install/position_calculator:/home/omartinez/ws/smartloc_ws/install/custom_interfaces:/home/omartinez/2023-tfg-oscar-martinez/src/webbt_ws/install/py_trees_ros_viewer:/home/omartinez/2023-tfg-oscar-martinez/src/webbt_ws/install/py_trees_ros_tutorials:/home/omartinez/2023-tfg-oscar-martinez/src/webbt_ws/install/btpy:/home/omartinez/ws/smartloc_ws/install/webots_sim:/opt/ros/humble /usr/bin/cmake --install /home/omartinez/2023-tfg-oscar-martinez/src/webbt_ws/build/tiago_description
