[0.284s] Invoking command in '/home/omartinez/2023-tfg-oscar-martinez/src/webbt_ws/build/rplidar_ros': CMAKE_PREFIX_PATH=${CMAKE_PREFIX_PATH}:/home/omartinez/ws/smartloc_ws/install/webots_sim:/opt/ros/humble /usr/bin/cmake --build /home/omartinez/2023-tfg-oscar-martinez/src/webbt_ws/build/rplidar_ros -- -j8 -l8
[0.461s] -- Found ament_cmake_auto: 1.3.5 (/opt/ros/humble/share/ament_cmake_auto/cmake)
[1.124s] -- Found Python3: /usr/bin/python3.10 (found version "3.10.12") found components: Interpreter 
[1.687s] -- Override CMake install command with custom implementation using symlinks instead of copying resources
[1.737s] -- Found ament_cmake_ros: 0.10.0 (/opt/ros/humble/share/ament_cmake_ros/cmake)
[2.241s] -- Found rosidl_generator_c: 3.1.4 (/opt/ros/humble/share/rosidl_generator_c/cmake)
[2.258s] -- Found rosidl_adapter: 3.1.4 (/opt/ros/humble/share/rosidl_adapter/cmake)
[2.345s] -- Found rosidl_generator_cpp: 3.1.4 (/opt/ros/humble/share/rosidl_generator_cpp/cmake)
[2.390s] -- Using all available rosidl_typesupport_c: rosidl_typesupport_fastrtps_c;rosidl_typesupport_introspection_c
[2.531s] -- Using all available rosidl_typesupport_cpp: rosidl_typesupport_fastrtps_cpp;rosidl_typesupport_introspection_cpp
[3.066s] -- Found rmw_implementation_cmake: 6.1.1 (/opt/ros/humble/share/rmw_implementation_cmake/cmake)
[3.093s] -- Found rmw_cyclonedds_cpp: 1.3.4 (/opt/ros/humble/share/rmw_cyclonedds_cpp/cmake)
[3.449s] -- Using RMW implementation 'rmw_cyclonedds_cpp' as default
[6.465s] -- Configuring done
[6.558s] -- Generating done
[6.573s] -- Build files have been written to: /home/omartinez/2023-tfg-oscar-martinez/src/webbt_ws/build/rplidar_ros
[6.705s] [35m[1mConsolidate compiler generated dependencies of target rplidar_composition_node[0m
[6.785s] [ 77%] Built target rplidar_composition_node
[6.818s] [35m[1mConsolidate compiler generated dependencies of target rplidar_composition[0m
[6.890s] [100%] Built target rplidar_composition
[6.945s] Invoked command in '/home/omartinez/2023-tfg-oscar-martinez/src/webbt_ws/build/rplidar_ros' returned '0': CMAKE_PREFIX_PATH=${CMAKE_PREFIX_PATH}:/home/omartinez/ws/smartloc_ws/install/webots_sim:/opt/ros/humble /usr/bin/cmake --build /home/omartinez/2023-tfg-oscar-martinez/src/webbt_ws/build/rplidar_ros -- -j8 -l8
[7.408s] Invoking command in '/home/omartinez/2023-tfg-oscar-martinez/src/webbt_ws/build/rplidar_ros': CMAKE_PREFIX_PATH=${CMAKE_PREFIX_PATH}:/home/omartinez/ws/smartloc_ws/install/webots_sim:/opt/ros/humble /usr/bin/cmake --install /home/omartinez/2023-tfg-oscar-martinez/src/webbt_ws/build/rplidar_ros
[7.428s] -- Install configuration: ""
[7.432s] -- Execute custom install script
[7.434s] -- Up-to-date symlink: /home/omartinez/2023-tfg-oscar-martinez/src/webbt_ws/install/rplidar_ros/lib/rplidar_ros/rplidar_composition
[7.435s] -- Up-to-date symlink: /home/omartinez/2023-tfg-oscar-martinez/src/webbt_ws/install/rplidar_ros/share/rplidar_ros/launch/rplidar.launch.py
[7.436s] -- Up-to-date symlink: /home/omartinez/2023-tfg-oscar-martinez/src/webbt_ws/install/rplidar_ros/share/rplidar_ros/launch/rplidar_a3.launch.py
[7.437s] -- Up-to-date symlink: /home/omartinez/2023-tfg-oscar-martinez/src/webbt_ws/install/rplidar_ros/share/rplidar_ros/launch/rplidar_s1.launch.py
[7.438s] -- Up-to-date symlink: /home/omartinez/2023-tfg-oscar-martinez/src/webbt_ws/install/rplidar_ros/share/rplidar_ros/launch/rplidar_s1_tcp.launch.py
[7.439s] -- Up-to-date symlink: /home/omartinez/2023-tfg-oscar-martinez/src/webbt_ws/install/rplidar_ros/share/rplidar_ros/launch/test_rplidar_a3.launch.py
[7.440s] -- Up-to-date symlink: /home/omartinez/2023-tfg-oscar-martinez/src/webbt_ws/install/rplidar_ros/share/rplidar_ros/launch/view_rplidar.launch.py
[7.441s] -- Up-to-date symlink: /home/omartinez/2023-tfg-oscar-martinez/src/webbt_ws/install/rplidar_ros/share/rplidar_ros/launch/view_rplidar_a3.launch.py
[7.442s] -- Up-to-date symlink: /home/omartinez/2023-tfg-oscar-martinez/src/webbt_ws/install/rplidar_ros/share/rplidar_ros/launch/view_rplidar_s1.launch.py
[7.443s] -- Up-to-date symlink: /home/omartinez/2023-tfg-oscar-martinez/src/webbt_ws/install/rplidar_ros/share/rplidar_ros/launch/view_rplidar_s1_tcp.launch.py
[7.444s] -- Up-to-date symlink: /home/omartinez/2023-tfg-oscar-martinez/src/webbt_ws/install/rplidar_ros/share/rplidar_ros/rviz/rplidar.rviz
[7.445s] -- Up-to-date symlink: /home/omartinez/2023-tfg-oscar-martinez/src/webbt_ws/install/rplidar_ros/lib/librplidar_composition_node.so
[7.448s] -- Up-to-date symlink: /home/omartinez/2023-tfg-oscar-martinez/src/webbt_ws/install/rplidar_ros/include/rplidar_node.hpp
[7.449s] -- Up-to-date symlink: /home/omartinez/2023-tfg-oscar-martinez/src/webbt_ws/install/rplidar_ros/include/visibility.h
[7.450s] -- Up-to-date symlink: /home/omartinez/2023-tfg-oscar-martinez/src/webbt_ws/install/rplidar_ros/lib/rplidar_ros/rplidar_composition
[7.451s] -- Up-to-date symlink: /home/omartinez/2023-tfg-oscar-martinez/src/webbt_ws/install/rplidar_ros/share/ament_index/resource_index/package_run_dependencies/rplidar_ros
[7.452s] -- Up-to-date symlink: /home/omartinez/2023-tfg-oscar-martinez/src/webbt_ws/install/rplidar_ros/share/ament_index/resource_index/parent_prefix_path/rplidar_ros
[7.452s] -- Up-to-date symlink: /home/omartinez/2023-tfg-oscar-martinez/src/webbt_ws/install/rplidar_ros/share/rplidar_ros/environment/ament_prefix_path.sh
[7.453s] -- Up-to-date symlink: /home/omartinez/2023-tfg-oscar-martinez/src/webbt_ws/install/rplidar_ros/share/rplidar_ros/environment/ament_prefix_path.dsv
[7.453s] -- Up-to-date symlink: /home/omartinez/2023-tfg-oscar-martinez/src/webbt_ws/install/rplidar_ros/share/rplidar_ros/environment/path.sh
[7.454s] -- Up-to-date symlink: /home/omartinez/2023-tfg-oscar-martinez/src/webbt_ws/install/rplidar_ros/share/rplidar_ros/environment/path.dsv
[7.454s] -- Up-to-date symlink: /home/omartinez/2023-tfg-oscar-martinez/src/webbt_ws/install/rplidar_ros/share/rplidar_ros/local_setup.bash
[7.455s] -- Up-to-date symlink: /home/omartinez/2023-tfg-oscar-martinez/src/webbt_ws/install/rplidar_ros/share/rplidar_ros/local_setup.sh
[7.455s] -- Up-to-date symlink: /home/omartinez/2023-tfg-oscar-martinez/src/webbt_ws/install/rplidar_ros/share/rplidar_ros/local_setup.zsh
[7.455s] -- Up-to-date symlink: /home/omartinez/2023-tfg-oscar-martinez/src/webbt_ws/install/rplidar_ros/share/rplidar_ros/local_setup.dsv
[7.456s] -- Symlinking: /home/omartinez/2023-tfg-oscar-martinez/src/webbt_ws/install/rplidar_ros/share/rplidar_ros/package.dsv
[7.480s] -- Up-to-date symlink: /home/omartinez/2023-tfg-oscar-martinez/src/webbt_ws/install/rplidar_ros/share/ament_index/resource_index/packages/rplidar_ros
[7.480s] -- Up-to-date symlink: /home/omartinez/2023-tfg-oscar-martinez/src/webbt_ws/install/rplidar_ros/share/ament_index/resource_index/rclcpp_components/rplidar_ros
[7.481s] -- Up-to-date symlink: /home/omartinez/2023-tfg-oscar-martinez/src/webbt_ws/install/rplidar_ros/share/rplidar_ros/cmake/ament_cmake_export_dependencies-extras.cmake
[7.481s] -- Up-to-date symlink: /home/omartinez/2023-tfg-oscar-martinez/src/webbt_ws/install/rplidar_ros/share/rplidar_ros/cmake/ament_cmake_export_include_directories-extras.cmake
[7.482s] -- Up-to-date symlink: /home/omartinez/2023-tfg-oscar-martinez/src/webbt_ws/install/rplidar_ros/share/rplidar_ros/cmake/rplidar_rosConfig.cmake
[7.482s] -- Up-to-date symlink: /home/omartinez/2023-tfg-oscar-martinez/src/webbt_ws/install/rplidar_ros/share/rplidar_ros/cmake/rplidar_rosConfig-version.cmake
[7.483s] -- Up-to-date symlink: /home/omartinez/2023-tfg-oscar-martinez/src/webbt_ws/install/rplidar_ros/share/rplidar_ros/package.xml
[7.496s] Invoked command in '/home/omartinez/2023-tfg-oscar-martinez/src/webbt_ws/build/rplidar_ros' returned '0': CMAKE_PREFIX_PATH=${CMAKE_PREFIX_PATH}:/home/omartinez/ws/smartloc_ws/install/webots_sim:/opt/ros/humble /usr/bin/cmake --install /home/omartinez/2023-tfg-oscar-martinez/src/webbt_ws/build/rplidar_ros
