[1.075s] Invoking command in '/home/omartinez/2023-tfg-oscar-martinez/src/webbt_ws/build/btpy': PYTHONPATH=/home/omartinez/2023-tfg-oscar-martinez/src/webbt_ws/build/btpy/prefix_override:/home/omartinez/2023-tfg-oscar-martinez/src/webbt_ws/install/btpy/lib/python3.10/site-packages:${PYTHONPATH} /usr/bin/python3 setup.py develop --editable --build-directory /home/omartinez/2023-tfg-oscar-martinez/src/webbt_ws/build/btpy/build --no-deps install_data
[1.458s] running develop
[1.749s] running egg_info
[1.750s] writing btpy.egg-info/PKG-INFO
[1.750s] writing dependency_links to btpy.egg-info/dependency_links.txt
[1.750s] writing entry points to btpy.egg-info/entry_points.txt
[1.750s] writing requirements to btpy.egg-info/requires.txt
[1.751s] writing top-level names to btpy.egg-info/top_level.txt
[1.753s] reading manifest file 'btpy.egg-info/SOURCES.txt'
[1.754s] writing manifest file 'btpy.egg-info/SOURCES.txt'
[1.790s] running build_ext
[1.790s] Creating /home/omartinez/2023-tfg-oscar-martinez/src/webbt_ws/install/btpy/lib/python3.10/site-packages/btpy.egg-link (link to .)
[1.792s] Installing translator script to /home/omartinez/2023-tfg-oscar-martinez/src/webbt_ws/install/btpy/lib/btpy
[1.792s] 
[1.792s] Installed /home/omartinez/2023-tfg-oscar-martinez/src/webbt_ws/build/btpy
[1.792s] running install_data
[1.792s] copying launch/demo.launch.py -> /home/omartinez/2023-tfg-oscar-martinez/src/webbt_ws/install/btpy/share/btpy/launch
[1.793s] copying resource/tree.xml -> /home/omartinez/2023-tfg-oscar-martinez/src/webbt_ws/install/btpy/share/btpy/resource
[1.793s] copying resource/final_tree.xml -> /home/omartinez/2023-tfg-oscar-martinez/src/webbt_ws/install/btpy/share/btpy/resource
[1.834s] Invoked command in '/home/omartinez/2023-tfg-oscar-martinez/src/webbt_ws/build/btpy' returned '0': PYTHONPATH=/home/omartinez/2023-tfg-oscar-martinez/src/webbt_ws/build/btpy/prefix_override:/home/omartinez/2023-tfg-oscar-martinez/src/webbt_ws/install/btpy/lib/python3.10/site-packages:${PYTHONPATH} /usr/bin/python3 setup.py develop --editable --build-directory /home/omartinez/2023-tfg-oscar-martinez/src/webbt_ws/build/btpy/build --no-deps install_data
