[0.437s] DEBUG:colcon:Command line arguments: ['/usr/bin/colcon', 'build', '--symlink-install']
[0.437s] DEBUG:colcon:Parsed command line arguments: Namespace(log_base=None, log_level=None, verb_name='build', build_base='build', install_base='install', merge_install=False, symlink_install=True, test_result_base=None, continue_on_error=False, executor='parallel', parallel_workers=8, event_handlers=None, ignore_user_meta=False, metas=['./colcon.meta'], base_paths=['.'], packages_ignore=None, packages_ignore_regex=None, paths=None, packages_up_to=None, packages_up_to_regex=None, packages_above=None, packages_above_and_dependencies=None, packages_above_depth=None, packages_select_by_dep=None, packages_skip_by_dep=None, packages_skip_up_to=None, packages_select_build_failed=False, packages_skip_build_finished=False, packages_select_test_failures=False, packages_skip_test_passed=False, packages_select=None, packages_skip=None, packages_select_regex=None, packages_skip_regex=None, packages_start=None, packages_end=None, allow_overriding=[], cmake_args=None, cmake_target=None, cmake_target_skip_unavailable=False, cmake_clean_cache=False, cmake_clean_first=False, cmake_force_configure=False, ament_cmake_args=None, catkin_cmake_args=None, catkin_skip_building_tests=False, verb_parser=<colcon_defaults.argument_parser.defaults.DefaultArgumentsDecorator object at 0x7f9601457160>, verb_extension=<colcon_core.verb.build.BuildVerb object at 0x7f9601e47c40>, main=<bound method BuildVerb.main of <colcon_core.verb.build.BuildVerb object at 0x7f9601e47c40>>)
[0.464s] Level 1:colcon.colcon_core.package_discovery:discover_packages(colcon_meta) check parameters
[0.464s] Level 1:colcon.colcon_core.package_discovery:discover_packages(recursive) check parameters
[0.465s] Level 1:colcon.colcon_core.package_discovery:discover_packages(ignore) check parameters
[0.465s] Level 1:colcon.colcon_core.package_discovery:discover_packages(path) check parameters
[0.465s] Level 1:colcon.colcon_core.package_discovery:discover_packages(colcon_meta) discover
[0.465s] Level 1:colcon.colcon_core.package_discovery:discover_packages(recursive) discover
[0.465s] INFO:colcon.colcon_core.package_discovery:Crawling recursively for packages in '/home/omartinez/2023-tfg-oscar-martinez/src/webbt_ws'
[0.465s] Level 1:colcon.colcon_core.package_identification:_identify(.) by extensions ['ignore', 'ignore_ament_install']
[0.465s] Level 1:colcon.colcon_core.package_identification:_identify(.) by extension 'ignore'
[0.465s] Level 1:colcon.colcon_core.package_identification:_identify(.) by extension 'ignore_ament_install'
[0.465s] Level 1:colcon.colcon_core.package_identification:_identify(.) by extensions ['colcon_pkg']
[0.465s] Level 1:colcon.colcon_core.package_identification:_identify(.) by extension 'colcon_pkg'
[0.465s] Level 1:colcon.colcon_core.package_identification:_identify(.) by extensions ['colcon_meta']
[0.466s] Level 1:colcon.colcon_core.package_identification:_identify(.) by extension 'colcon_meta'
[0.466s] Level 1:colcon.colcon_core.package_identification:_identify(.) by extensions ['ros']
[0.466s] Level 1:colcon.colcon_core.package_identification:_identify(.) by extension 'ros'
[0.477s] Level 1:colcon.colcon_core.package_identification:_identify(.) by extensions ['cmake', 'python']
[0.478s] Level 1:colcon.colcon_core.package_identification:_identify(.) by extension 'cmake'
[0.478s] Level 1:colcon.colcon_core.package_identification:_identify(.) by extension 'python'
[0.478s] Level 1:colcon.colcon_core.package_identification:_identify(.) by extensions ['python_setup_py']
[0.478s] Level 1:colcon.colcon_core.package_identification:_identify(.) by extension 'python_setup_py'
[0.478s] Level 1:colcon.colcon_core.package_identification:_identify(build) by extensions ['ignore', 'ignore_ament_install']
[0.478s] Level 1:colcon.colcon_core.package_identification:_identify(build) by extension 'ignore'
[0.478s] Level 1:colcon.colcon_core.package_identification:_identify(build) ignored
[0.478s] Level 1:colcon.colcon_core.package_identification:_identify(install) by extensions ['ignore', 'ignore_ament_install']
[0.478s] Level 1:colcon.colcon_core.package_identification:_identify(install) by extension 'ignore'
[0.478s] Level 1:colcon.colcon_core.package_identification:_identify(install) ignored
[0.478s] Level 1:colcon.colcon_core.package_identification:_identify(log) by extensions ['ignore', 'ignore_ament_install']
[0.478s] Level 1:colcon.colcon_core.package_identification:_identify(log) by extension 'ignore'
[0.479s] Level 1:colcon.colcon_core.package_identification:_identify(log) ignored
[0.479s] Level 1:colcon.colcon_core.package_identification:_identify(src) by extensions ['ignore', 'ignore_ament_install']
[0.479s] Level 1:colcon.colcon_core.package_identification:_identify(src) by extension 'ignore'
[0.479s] Level 1:colcon.colcon_core.package_identification:_identify(src) by extension 'ignore_ament_install'
[0.479s] Level 1:colcon.colcon_core.package_identification:_identify(src) by extensions ['colcon_pkg']
[0.479s] Level 1:colcon.colcon_core.package_identification:_identify(src) by extension 'colcon_pkg'
[0.479s] Level 1:colcon.colcon_core.package_identification:_identify(src) by extensions ['colcon_meta']
[0.479s] Level 1:colcon.colcon_core.package_identification:_identify(src) by extension 'colcon_meta'
[0.479s] Level 1:colcon.colcon_core.package_identification:_identify(src) by extensions ['ros']
[0.479s] Level 1:colcon.colcon_core.package_identification:_identify(src) by extension 'ros'
[0.479s] Level 1:colcon.colcon_core.package_identification:_identify(src) by extensions ['cmake', 'python']
[0.479s] Level 1:colcon.colcon_core.package_identification:_identify(src) by extension 'cmake'
[0.479s] Level 1:colcon.colcon_core.package_identification:_identify(src) by extension 'python'
[0.479s] Level 1:colcon.colcon_core.package_identification:_identify(src) by extensions ['python_setup_py']
[0.479s] Level 1:colcon.colcon_core.package_identification:_identify(src) by extension 'python_setup_py'
[0.479s] Level 1:colcon.colcon_core.package_identification:_identify(src/btpy) by extensions ['ignore', 'ignore_ament_install']
[0.479s] Level 1:colcon.colcon_core.package_identification:_identify(src/btpy) by extension 'ignore'
[0.480s] Level 1:colcon.colcon_core.package_identification:_identify(src/btpy) by extension 'ignore_ament_install'
[0.480s] Level 1:colcon.colcon_core.package_identification:_identify(src/btpy) by extensions ['colcon_pkg']
[0.480s] Level 1:colcon.colcon_core.package_identification:_identify(src/btpy) by extension 'colcon_pkg'
[0.480s] Level 1:colcon.colcon_core.package_identification:_identify(src/btpy) by extensions ['colcon_meta']
[0.480s] Level 1:colcon.colcon_core.package_identification:_identify(src/btpy) by extension 'colcon_meta'
[0.480s] Level 1:colcon.colcon_core.package_identification:_identify(src/btpy) by extensions ['ros']
[0.480s] Level 1:colcon.colcon_core.package_identification:_identify(src/btpy) by extension 'ros'
[0.483s] DEBUG:colcon.colcon_core.package_identification:Package 'src/btpy' with type 'ros.ament_python' and name 'btpy'
[0.483s] Level 1:colcon.colcon_core.package_identification:_identify(src/py_trees_ros_tutorials) by extensions ['ignore', 'ignore_ament_install']
[0.483s] Level 1:colcon.colcon_core.package_identification:_identify(src/py_trees_ros_tutorials) by extension 'ignore'
[0.484s] Level 1:colcon.colcon_core.package_identification:_identify(src/py_trees_ros_tutorials) by extension 'ignore_ament_install'
[0.484s] Level 1:colcon.colcon_core.package_identification:_identify(src/py_trees_ros_tutorials) by extensions ['colcon_pkg']
[0.484s] Level 1:colcon.colcon_core.package_identification:_identify(src/py_trees_ros_tutorials) by extension 'colcon_pkg'
[0.484s] Level 1:colcon.colcon_core.package_identification:_identify(src/py_trees_ros_tutorials) by extensions ['colcon_meta']
[0.484s] Level 1:colcon.colcon_core.package_identification:_identify(src/py_trees_ros_tutorials) by extension 'colcon_meta'
[0.484s] Level 1:colcon.colcon_core.package_identification:_identify(src/py_trees_ros_tutorials) by extensions ['ros']
[0.484s] Level 1:colcon.colcon_core.package_identification:_identify(src/py_trees_ros_tutorials) by extension 'ros'
[0.486s] DEBUG:colcon.colcon_core.package_identification:Package 'src/py_trees_ros_tutorials' with type 'ros.ament_python' and name 'py_trees_ros_tutorials'
[0.486s] Level 1:colcon.colcon_core.package_discovery:discover_packages(recursive) using defaults
[0.486s] Level 1:colcon.colcon_core.package_discovery:discover_packages(ignore) discover
[0.486s] Level 1:colcon.colcon_core.package_discovery:discover_packages(ignore) using defaults
[0.486s] Level 1:colcon.colcon_core.package_discovery:discover_packages(path) discover
[0.486s] Level 1:colcon.colcon_core.package_discovery:discover_packages(path) using defaults
[0.514s] Level 1:colcon.colcon_core.package_discovery:discover_packages(prefix_path) check parameters
[0.514s] Level 1:colcon.colcon_core.package_discovery:discover_packages(prefix_path) discover
[0.518s] DEBUG:colcon.colcon_installed_package_information.package_discovery:Found 16 installed packages in /home/omartinez/ws/smartloc_ws/install
[0.522s] DEBUG:colcon.colcon_installed_package_information.package_discovery:Found 500 installed packages in /opt/ros/humble
[0.525s] Level 1:colcon.colcon_core.package_discovery:discover_packages(prefix_path) using defaults
[0.629s] Level 5:colcon.colcon_core.verb:set package 'btpy' build argument 'cmake_args' from command line to 'None'
[0.629s] Level 5:colcon.colcon_core.verb:set package 'btpy' build argument 'cmake_target' from command line to 'None'
[0.629s] Level 5:colcon.colcon_core.verb:set package 'btpy' build argument 'cmake_target_skip_unavailable' from command line to 'False'
[0.629s] Level 5:colcon.colcon_core.verb:set package 'btpy' build argument 'cmake_clean_cache' from command line to 'False'
[0.629s] Level 5:colcon.colcon_core.verb:set package 'btpy' build argument 'cmake_clean_first' from command line to 'False'
[0.629s] Level 5:colcon.colcon_core.verb:set package 'btpy' build argument 'cmake_force_configure' from command line to 'False'
[0.629s] Level 5:colcon.colcon_core.verb:set package 'btpy' build argument 'ament_cmake_args' from command line to 'None'
[0.629s] Level 5:colcon.colcon_core.verb:set package 'btpy' build argument 'catkin_cmake_args' from command line to 'None'
[0.629s] Level 5:colcon.colcon_core.verb:set package 'btpy' build argument 'catkin_skip_building_tests' from command line to 'False'
[0.629s] DEBUG:colcon.colcon_core.verb:Building package 'btpy' with the following arguments: {'ament_cmake_args': None, 'build_base': '/home/omartinez/2023-tfg-oscar-martinez/src/webbt_ws/build/btpy', 'catkin_cmake_args': None, 'catkin_skip_building_tests': False, 'cmake_args': None, 'cmake_clean_cache': False, 'cmake_clean_first': False, 'cmake_force_configure': False, 'cmake_target': None, 'cmake_target_skip_unavailable': False, 'install_base': '/home/omartinez/2023-tfg-oscar-martinez/src/webbt_ws/install/btpy', 'merge_install': False, 'path': '/home/omartinez/2023-tfg-oscar-martinez/src/webbt_ws/src/btpy', 'symlink_install': True, 'test_result_base': None}
[0.630s] Level 5:colcon.colcon_core.verb:set package 'py_trees_ros_tutorials' build argument 'cmake_args' from command line to 'None'
[0.631s] Level 5:colcon.colcon_core.verb:set package 'py_trees_ros_tutorials' build argument 'cmake_target' from command line to 'None'
[0.631s] Level 5:colcon.colcon_core.verb:set package 'py_trees_ros_tutorials' build argument 'cmake_target_skip_unavailable' from command line to 'False'
[0.631s] Level 5:colcon.colcon_core.verb:set package 'py_trees_ros_tutorials' build argument 'cmake_clean_cache' from command line to 'False'
[0.631s] Level 5:colcon.colcon_core.verb:set package 'py_trees_ros_tutorials' build argument 'cmake_clean_first' from command line to 'False'
[0.631s] Level 5:colcon.colcon_core.verb:set package 'py_trees_ros_tutorials' build argument 'cmake_force_configure' from command line to 'False'
[0.631s] Level 5:colcon.colcon_core.verb:set package 'py_trees_ros_tutorials' build argument 'ament_cmake_args' from command line to 'None'
[0.631s] Level 5:colcon.colcon_core.verb:set package 'py_trees_ros_tutorials' build argument 'catkin_cmake_args' from command line to 'None'
[0.631s] Level 5:colcon.colcon_core.verb:set package 'py_trees_ros_tutorials' build argument 'catkin_skip_building_tests' from command line to 'False'
[0.631s] DEBUG:colcon.colcon_core.verb:Building package 'py_trees_ros_tutorials' with the following arguments: {'ament_cmake_args': None, 'build_base': '/home/omartinez/2023-tfg-oscar-martinez/src/webbt_ws/build/py_trees_ros_tutorials', 'catkin_cmake_args': None, 'catkin_skip_building_tests': False, 'cmake_args': None, 'cmake_clean_cache': False, 'cmake_clean_first': False, 'cmake_force_configure': False, 'cmake_target': None, 'cmake_target_skip_unavailable': False, 'install_base': '/home/omartinez/2023-tfg-oscar-martinez/src/webbt_ws/install/py_trees_ros_tutorials', 'merge_install': False, 'path': '/home/omartinez/2023-tfg-oscar-martinez/src/webbt_ws/src/py_trees_ros_tutorials', 'symlink_install': True, 'test_result_base': None}
[0.632s] INFO:colcon.colcon_core.executor:Executing jobs using 'parallel' executor
[0.635s] DEBUG:colcon.colcon_parallel_executor.executor.parallel:run_until_complete
[0.635s] INFO:colcon.colcon_ros.task.ament_python.build:Building ROS package in '/home/omartinez/2023-tfg-oscar-martinez/src/webbt_ws/src/btpy' with build type 'ament_python'
[0.635s] Level 1:colcon.colcon_core.shell:create_environment_hook('btpy', 'ament_prefix_path')
[0.641s] INFO:colcon.colcon_core.plugin_system:Skipping extension 'colcon_core.shell.bat': Not used on non-Windows systems
[0.641s] INFO:colcon.colcon_core.shell:Creating environment hook '/home/omartinez/2023-tfg-oscar-martinez/src/webbt_ws/install/btpy/share/btpy/hook/ament_prefix_path.ps1'
[0.641s] INFO:colcon.colcon_core.shell:Creating environment descriptor '/home/omartinez/2023-tfg-oscar-martinez/src/webbt_ws/install/btpy/share/btpy/hook/ament_prefix_path.dsv'
[0.642s] INFO:colcon.colcon_core.shell:Creating environment hook '/home/omartinez/2023-tfg-oscar-martinez/src/webbt_ws/install/btpy/share/btpy/hook/ament_prefix_path.sh'
[0.644s] INFO:colcon.colcon_core.shell:Skip shell extension 'powershell' for command environment: Not usable outside of PowerShell
[0.644s] DEBUG:colcon.colcon_core.shell:Skip shell extension 'dsv' for command environment
[0.651s] INFO:colcon.colcon_ros.task.ament_python.build:Building ROS package in '/home/omartinez/2023-tfg-oscar-martinez/src/webbt_ws/src/py_trees_ros_tutorials' with build type 'ament_python'
[0.652s] Level 1:colcon.colcon_core.shell:create_environment_hook('py_trees_ros_tutorials', 'ament_prefix_path')
[0.653s] INFO:colcon.colcon_core.shell:Creating environment hook '/home/omartinez/2023-tfg-oscar-martinez/src/webbt_ws/install/py_trees_ros_tutorials/share/py_trees_ros_tutorials/hook/ament_prefix_path.ps1'
[0.654s] INFO:colcon.colcon_core.shell:Creating environment descriptor '/home/omartinez/2023-tfg-oscar-martinez/src/webbt_ws/install/py_trees_ros_tutorials/share/py_trees_ros_tutorials/hook/ament_prefix_path.dsv'
[0.655s] INFO:colcon.colcon_core.shell:Creating environment hook '/home/omartinez/2023-tfg-oscar-martinez/src/webbt_ws/install/py_trees_ros_tutorials/share/py_trees_ros_tutorials/hook/ament_prefix_path.sh'
[0.657s] INFO:colcon.colcon_core.shell:Skip shell extension 'powershell' for command environment: Not usable outside of PowerShell
[0.657s] DEBUG:colcon.colcon_core.shell:Skip shell extension 'dsv' for command environment
[1.020s] INFO:colcon.colcon_core.task.python.build:Building Python package in '/home/omartinez/2023-tfg-oscar-martinez/src/webbt_ws/src/btpy'
[1.021s] INFO:colcon.colcon_core.shell:Skip shell extension 'powershell' for command environment: Not usable outside of PowerShell
[1.022s] DEBUG:colcon.colcon_core.shell:Skip shell extension 'dsv' for command environment
[1.422s] INFO:colcon.colcon_core.task.python.build:Building Python package in '/home/omartinez/2023-tfg-oscar-martinez/src/webbt_ws/src/py_trees_ros_tutorials'
[1.424s] INFO:colcon.colcon_core.shell:Skip shell extension 'powershell' for command environment: Not usable outside of PowerShell
[1.424s] DEBUG:colcon.colcon_core.shell:Skip shell extension 'dsv' for command environment
[2.016s] DEBUG:colcon.colcon_core.event_handler.log_command:Invoking command in '/home/omartinez/2023-tfg-oscar-martinez/src/webbt_ws/build/btpy': PYTHONPATH=/home/omartinez/2023-tfg-oscar-martinez/src/webbt_ws/build/btpy/prefix_override:/home/omartinez/2023-tfg-oscar-martinez/src/webbt_ws/install/btpy/lib/python3.10/site-packages:${PYTHONPATH} /usr/bin/python3 setup.py develop --editable --build-directory /home/omartinez/2023-tfg-oscar-martinez/src/webbt_ws/build/btpy/build --no-deps install_data
[2.022s] DEBUG:colcon.colcon_core.event_handler.log_command:Invoking command in '/home/omartinez/2023-tfg-oscar-martinez/src/webbt_ws/build/py_trees_ros_tutorials': PYTHONPATH=/home/omartinez/2023-tfg-oscar-martinez/src/webbt_ws/build/py_trees_ros_tutorials/prefix_override:/home/omartinez/2023-tfg-oscar-martinez/src/webbt_ws/install/py_trees_ros_tutorials/lib/python3.10/site-packages:${PYTHONPATH} /usr/bin/python3 setup.py develop --editable --build-directory /home/omartinez/2023-tfg-oscar-martinez/src/webbt_ws/build/py_trees_ros_tutorials/build --no-deps install_data
[2.872s] Level 1:colcon.colcon_core.shell:create_environment_hook('btpy', 'pythonpath_develop')
[2.875s] INFO:colcon.colcon_core.shell:Creating environment hook '/home/omartinez/2023-tfg-oscar-martinez/src/webbt_ws/build/btpy/share/btpy/hook/pythonpath_develop.ps1'
[2.875s] DEBUG:colcon.colcon_core.event_handler.log_command:Invoked command in '/home/omartinez/2023-tfg-oscar-martinez/src/webbt_ws/build/btpy' returned '0': PYTHONPATH=/home/omartinez/2023-tfg-oscar-martinez/src/webbt_ws/build/btpy/prefix_override:/home/omartinez/2023-tfg-oscar-martinez/src/webbt_ws/install/btpy/lib/python3.10/site-packages:${PYTHONPATH} /usr/bin/python3 setup.py develop --editable --build-directory /home/omartinez/2023-tfg-oscar-martinez/src/webbt_ws/build/btpy/build --no-deps install_data
[2.876s] INFO:colcon.colcon_core.shell:Creating environment descriptor '/home/omartinez/2023-tfg-oscar-martinez/src/webbt_ws/build/btpy/share/btpy/hook/pythonpath_develop.dsv'
[2.877s] INFO:colcon.colcon_core.shell:Creating environment hook '/home/omartinez/2023-tfg-oscar-martinez/src/webbt_ws/build/btpy/share/btpy/hook/pythonpath_develop.sh'
[2.883s] Level 1:colcon.colcon_core.environment:checking '/home/omartinez/2023-tfg-oscar-martinez/src/webbt_ws/install/btpy' for CMake module files
[2.883s] Level 1:colcon.colcon_core.environment:checking '/home/omartinez/2023-tfg-oscar-martinez/src/webbt_ws/install/btpy' for CMake config files
[2.884s] Level 1:colcon.colcon_core.environment:checking '/home/omartinez/2023-tfg-oscar-martinez/src/webbt_ws/install/btpy/lib'
[2.884s] Level 1:colcon.colcon_core.environment:checking '/home/omartinez/2023-tfg-oscar-martinez/src/webbt_ws/install/btpy/bin'
[2.884s] Level 1:colcon.colcon_core.environment:checking '/home/omartinez/2023-tfg-oscar-martinez/src/webbt_ws/install/btpy/lib/pkgconfig/btpy.pc'
[2.885s] Level 1:colcon.colcon_core.environment:checking '/home/omartinez/2023-tfg-oscar-martinez/src/webbt_ws/install/btpy/lib/python3.10/site-packages'
[2.885s] Level 1:colcon.colcon_core.shell:create_environment_hook('btpy', 'pythonpath')
[2.886s] INFO:colcon.colcon_core.shell:Creating environment hook '/home/omartinez/2023-tfg-oscar-martinez/src/webbt_ws/install/btpy/share/btpy/hook/pythonpath.ps1'
[2.887s] INFO:colcon.colcon_core.shell:Creating environment descriptor '/home/omartinez/2023-tfg-oscar-martinez/src/webbt_ws/install/btpy/share/btpy/hook/pythonpath.dsv'
[2.887s] INFO:colcon.colcon_core.shell:Creating environment hook '/home/omartinez/2023-tfg-oscar-martinez/src/webbt_ws/install/btpy/share/btpy/hook/pythonpath.sh'
[2.888s] Level 1:colcon.colcon_core.environment:checking '/home/omartinez/2023-tfg-oscar-martinez/src/webbt_ws/install/btpy/bin'
[2.888s] Level 1:colcon.colcon_core.environment:create_environment_scripts_only(btpy)
[2.889s] INFO:colcon.colcon_core.shell:Creating package script '/home/omartinez/2023-tfg-oscar-martinez/src/webbt_ws/install/btpy/share/btpy/package.ps1'
[2.890s] INFO:colcon.colcon_core.shell:Creating package descriptor '/home/omartinez/2023-tfg-oscar-martinez/src/webbt_ws/install/btpy/share/btpy/package.dsv'
[2.891s] INFO:colcon.colcon_core.shell:Creating package script '/home/omartinez/2023-tfg-oscar-martinez/src/webbt_ws/install/btpy/share/btpy/package.sh'
[2.891s] INFO:colcon.colcon_core.shell:Creating package script '/home/omartinez/2023-tfg-oscar-martinez/src/webbt_ws/install/btpy/share/btpy/package.bash'
[2.892s] INFO:colcon.colcon_core.shell:Creating package script '/home/omartinez/2023-tfg-oscar-martinez/src/webbt_ws/install/btpy/share/btpy/package.zsh'
[2.893s] Level 1:colcon.colcon_core.environment:create_file_with_runtime_dependencies(/home/omartinez/2023-tfg-oscar-martinez/src/webbt_ws/install/btpy/share/colcon-core/packages/btpy)
[2.894s] Level 1:colcon.colcon_core.shell:create_environment_hook('py_trees_ros_tutorials', 'pythonpath_develop')
[2.896s] INFO:colcon.colcon_core.shell:Creating environment hook '/home/omartinez/2023-tfg-oscar-martinez/src/webbt_ws/build/py_trees_ros_tutorials/share/py_trees_ros_tutorials/hook/pythonpath_develop.ps1'
[2.897s] DEBUG:colcon.colcon_core.event_handler.log_command:Invoked command in '/home/omartinez/2023-tfg-oscar-martinez/src/webbt_ws/build/py_trees_ros_tutorials' returned '0': PYTHONPATH=/home/omartinez/2023-tfg-oscar-martinez/src/webbt_ws/build/py_trees_ros_tutorials/prefix_override:/home/omartinez/2023-tfg-oscar-martinez/src/webbt_ws/install/py_trees_ros_tutorials/lib/python3.10/site-packages:${PYTHONPATH} /usr/bin/python3 setup.py develop --editable --build-directory /home/omartinez/2023-tfg-oscar-martinez/src/webbt_ws/build/py_trees_ros_tutorials/build --no-deps install_data
[2.897s] INFO:colcon.colcon_core.shell:Creating environment descriptor '/home/omartinez/2023-tfg-oscar-martinez/src/webbt_ws/build/py_trees_ros_tutorials/share/py_trees_ros_tutorials/hook/pythonpath_develop.dsv'
[2.898s] INFO:colcon.colcon_core.shell:Creating environment hook '/home/omartinez/2023-tfg-oscar-martinez/src/webbt_ws/build/py_trees_ros_tutorials/share/py_trees_ros_tutorials/hook/pythonpath_develop.sh'
[2.901s] Level 1:colcon.colcon_core.environment:checking '/home/omartinez/2023-tfg-oscar-martinez/src/webbt_ws/install/py_trees_ros_tutorials' for CMake module files
[2.901s] Level 1:colcon.colcon_core.environment:checking '/home/omartinez/2023-tfg-oscar-martinez/src/webbt_ws/install/py_trees_ros_tutorials' for CMake config files
[2.902s] Level 1:colcon.colcon_core.environment:checking '/home/omartinez/2023-tfg-oscar-martinez/src/webbt_ws/install/py_trees_ros_tutorials/lib'
[2.902s] Level 1:colcon.colcon_core.environment:checking '/home/omartinez/2023-tfg-oscar-martinez/src/webbt_ws/install/py_trees_ros_tutorials/bin'
[2.902s] Level 1:colcon.colcon_core.environment:checking '/home/omartinez/2023-tfg-oscar-martinez/src/webbt_ws/install/py_trees_ros_tutorials/lib/pkgconfig/py_trees_ros_tutorials.pc'
[2.903s] Level 1:colcon.colcon_core.environment:checking '/home/omartinez/2023-tfg-oscar-martinez/src/webbt_ws/install/py_trees_ros_tutorials/lib/python3.10/site-packages'
[2.903s] Level 1:colcon.colcon_core.shell:create_environment_hook('py_trees_ros_tutorials', 'pythonpath')
[2.904s] INFO:colcon.colcon_core.shell:Creating environment hook '/home/omartinez/2023-tfg-oscar-martinez/src/webbt_ws/install/py_trees_ros_tutorials/share/py_trees_ros_tutorials/hook/pythonpath.ps1'
[2.905s] INFO:colcon.colcon_core.shell:Creating environment descriptor '/home/omartinez/2023-tfg-oscar-martinez/src/webbt_ws/install/py_trees_ros_tutorials/share/py_trees_ros_tutorials/hook/pythonpath.dsv'
[2.905s] INFO:colcon.colcon_core.shell:Creating environment hook '/home/omartinez/2023-tfg-oscar-martinez/src/webbt_ws/install/py_trees_ros_tutorials/share/py_trees_ros_tutorials/hook/pythonpath.sh'
[2.906s] Level 1:colcon.colcon_core.environment:checking '/home/omartinez/2023-tfg-oscar-martinez/src/webbt_ws/install/py_trees_ros_tutorials/bin'
[2.906s] Level 1:colcon.colcon_core.environment:create_environment_scripts_only(py_trees_ros_tutorials)
[2.907s] INFO:colcon.colcon_core.shell:Creating package script '/home/omartinez/2023-tfg-oscar-martinez/src/webbt_ws/install/py_trees_ros_tutorials/share/py_trees_ros_tutorials/package.ps1'
[2.908s] INFO:colcon.colcon_core.shell:Creating package descriptor '/home/omartinez/2023-tfg-oscar-martinez/src/webbt_ws/install/py_trees_ros_tutorials/share/py_trees_ros_tutorials/package.dsv'
[2.908s] INFO:colcon.colcon_core.shell:Creating package script '/home/omartinez/2023-tfg-oscar-martinez/src/webbt_ws/install/py_trees_ros_tutorials/share/py_trees_ros_tutorials/package.sh'
[2.909s] INFO:colcon.colcon_core.shell:Creating package script '/home/omartinez/2023-tfg-oscar-martinez/src/webbt_ws/install/py_trees_ros_tutorials/share/py_trees_ros_tutorials/package.bash'
[2.909s] INFO:colcon.colcon_core.shell:Creating package script '/home/omartinez/2023-tfg-oscar-martinez/src/webbt_ws/install/py_trees_ros_tutorials/share/py_trees_ros_tutorials/package.zsh'
[2.910s] Level 1:colcon.colcon_core.environment:create_file_with_runtime_dependencies(/home/omartinez/2023-tfg-oscar-martinez/src/webbt_ws/install/py_trees_ros_tutorials/share/colcon-core/packages/py_trees_ros_tutorials)
[2.910s] DEBUG:colcon.colcon_parallel_executor.executor.parallel:closing loop
[2.911s] DEBUG:colcon.colcon_parallel_executor.executor.parallel:loop closed
[2.911s] DEBUG:colcon.colcon_parallel_executor.executor.parallel:run_until_complete finished with '0'
[2.911s] DEBUG:colcon.colcon_core.event_reactor:joining thread
[2.917s] INFO:colcon.colcon_core.plugin_system:Skipping extension 'colcon_notification.desktop_notification.terminal_notifier': Not used on non-Darwin systems
[2.917s] INFO:colcon.colcon_core.plugin_system:Skipping extension 'colcon_notification.desktop_notification.win32': Not used on non-Windows systems
[2.917s] INFO:colcon.colcon_notification.desktop_notification:Sending desktop notification using 'notify2'
[2.929s] DEBUG:colcon.colcon_core.event_reactor:joined thread
[2.932s] INFO:colcon.colcon_core.shell:Creating prefix script '/home/omartinez/2023-tfg-oscar-martinez/src/webbt_ws/install/local_setup.ps1'
[2.933s] INFO:colcon.colcon_core.shell:Creating prefix util module '/home/omartinez/2023-tfg-oscar-martinez/src/webbt_ws/install/_local_setup_util_ps1.py'
[2.935s] INFO:colcon.colcon_core.shell:Creating prefix chain script '/home/omartinez/2023-tfg-oscar-martinez/src/webbt_ws/install/setup.ps1'
[2.938s] INFO:colcon.colcon_core.shell:Creating prefix script '/home/omartinez/2023-tfg-oscar-martinez/src/webbt_ws/install/local_setup.sh'
[2.938s] INFO:colcon.colcon_core.shell:Creating prefix util module '/home/omartinez/2023-tfg-oscar-martinez/src/webbt_ws/install/_local_setup_util_sh.py'
[2.939s] INFO:colcon.colcon_core.shell:Creating prefix chain script '/home/omartinez/2023-tfg-oscar-martinez/src/webbt_ws/install/setup.sh'
[2.942s] INFO:colcon.colcon_core.shell:Creating prefix script '/home/omartinez/2023-tfg-oscar-martinez/src/webbt_ws/install/local_setup.bash'
[2.942s] INFO:colcon.colcon_core.shell:Creating prefix chain script '/home/omartinez/2023-tfg-oscar-martinez/src/webbt_ws/install/setup.bash'
[2.944s] INFO:colcon.colcon_core.shell:Creating prefix script '/home/omartinez/2023-tfg-oscar-martinez/src/webbt_ws/install/local_setup.zsh'
[2.945s] INFO:colcon.colcon_core.shell:Creating prefix chain script '/home/omartinez/2023-tfg-oscar-martinez/src/webbt_ws/install/setup.zsh'
