-- Found ament_cmake_ros: 0.10.0 (/opt/ros/humble/share/ament_cmake_ros/cmake)
-- Found Python3: /usr/bin/python3.10 (found version "3.10.12") found components: Interpreter 
-- Override CMake install command with custom implementation using symlinks instead of copying resources
-- Found ecl_build: 1.0.3 (/opt/ros/humble/share/ecl_build/cmake)
-- Found geometry_msgs: 4.2.3 (/opt/ros/humble/share/geometry_msgs/cmake)
-- Found rosidl_generator_c: 3.1.4 (/opt/ros/humble/share/rosidl_generator_c/cmake)
-- Found rosidl_adapter: 3.1.4 (/opt/ros/humble/share/rosidl_adapter/cmake)
-- Found rosidl_generator_cpp: 3.1.4 (/opt/ros/humble/share/rosidl_generator_cpp/cmake)
-- Using all available rosidl_typesupport_c: rosidl_typesupport_fastrtps_c;rosidl_typesupport_introspection_c
-- Using all available rosidl_typesupport_cpp: rosidl_typesupport_fastrtps_cpp;rosidl_typesupport_introspection_cpp
-- Found kobuki_ros_interfaces: 1.0.0 (/home/omartinez/2023-tfg-oscar-martinez/src/webbt_ws/install/kobuki_ros_interfaces/share/kobuki_ros_interfaces/cmake)
-- Found rclcpp: 16.0.4 (/opt/ros/humble/share/rclcpp/cmake)
-- Found rmw_implementation_cmake: 6.1.1 (/opt/ros/humble/share/rmw_implementation_cmake/cmake)
-- Found rmw_cyclonedds_cpp: 1.3.4 (/opt/ros/humble/share/rmw_cyclonedds_cpp/cmake)
-- Using RMW implementation 'rmw_cyclonedds_cpp' as default
-- Found rclcpp_components: 16.0.4 (/opt/ros/humble/share/rclcpp_components/cmake)
-- Configuring done
-- Generating done
-- Build files have been written to: /home/omartinez/2023-tfg-oscar-martinez/src/webbt_ws/build/kobuki_keyop
[35m[1mConsolidate compiler generated dependencies of target kobuki_keyop[0m
[35m[1mConsolidate compiler generated dependencies of target kobuki_keyop_node[0m
[ 25%] [32mBuilding CXX object CMakeFiles/kobuki_keyop.dir/src/keyop.cpp.o[0m
[ 50%] [32mBuilding CXX object CMakeFiles/kobuki_keyop_node.dir/rclcpp_components/node_main_kobuki_keyop_node.cpp.o[0m
[ 75%] [32m[1mLinking CXX executable kobuki_keyop_node[0m
[ 75%] Built target kobuki_keyop_node
[100%] [32m[1mLinking CXX shared library libkobuki_keyop.so[0m
[100%] Built target kobuki_keyop
-- Install configuration: ""
-- Execute custom install script
-- Up-to-date symlink: /home/omartinez/2023-tfg-oscar-martinez/src/webbt_ws/install/kobuki_keyop/lib/kobuki_keyop/kobuki_keyop_node
-- Up-to-date symlink: /home/omartinez/2023-tfg-oscar-martinez/src/webbt_ws/install/kobuki_keyop/lib/libkobuki_keyop.so
-- Up-to-date symlink: /home/omartinez/2023-tfg-oscar-martinez/src/webbt_ws/install/kobuki_keyop/include/kobuki_keyop/keyop.hpp
-- Up-to-date symlink: /home/omartinez/2023-tfg-oscar-martinez/src/webbt_ws/install/kobuki_keyop/share/kobuki_keyop/config/keyop_params.yaml
-- Up-to-date symlink: /home/omartinez/2023-tfg-oscar-martinez/src/webbt_ws/install/kobuki_keyop/share/ament_index/resource_index/package_run_dependencies/kobuki_keyop
-- Up-to-date symlink: /home/omartinez/2023-tfg-oscar-martinez/src/webbt_ws/install/kobuki_keyop/share/ament_index/resource_index/parent_prefix_path/kobuki_keyop
-- Up-to-date symlink: /home/omartinez/2023-tfg-oscar-martinez/src/webbt_ws/install/kobuki_keyop/share/kobuki_keyop/environment/ament_prefix_path.sh
-- Up-to-date symlink: /home/omartinez/2023-tfg-oscar-martinez/src/webbt_ws/install/kobuki_keyop/share/kobuki_keyop/environment/ament_prefix_path.dsv
-- Up-to-date symlink: /home/omartinez/2023-tfg-oscar-martinez/src/webbt_ws/install/kobuki_keyop/share/kobuki_keyop/environment/path.sh
-- Up-to-date symlink: /home/omartinez/2023-tfg-oscar-martinez/src/webbt_ws/install/kobuki_keyop/share/kobuki_keyop/environment/path.dsv
-- Up-to-date symlink: /home/omartinez/2023-tfg-oscar-martinez/src/webbt_ws/install/kobuki_keyop/share/kobuki_keyop/local_setup.bash
-- Up-to-date symlink: /home/omartinez/2023-tfg-oscar-martinez/src/webbt_ws/install/kobuki_keyop/share/kobuki_keyop/local_setup.sh
-- Up-to-date symlink: /home/omartinez/2023-tfg-oscar-martinez/src/webbt_ws/install/kobuki_keyop/share/kobuki_keyop/local_setup.zsh
-- Up-to-date symlink: /home/omartinez/2023-tfg-oscar-martinez/src/webbt_ws/install/kobuki_keyop/share/kobuki_keyop/local_setup.dsv
-- Symlinking: /home/omartinez/2023-tfg-oscar-martinez/src/webbt_ws/install/kobuki_keyop/share/kobuki_keyop/package.dsv
-- Up-to-date symlink: /home/omartinez/2023-tfg-oscar-martinez/src/webbt_ws/install/kobuki_keyop/share/ament_index/resource_index/packages/kobuki_keyop
-- Up-to-date symlink: /home/omartinez/2023-tfg-oscar-martinez/src/webbt_ws/install/kobuki_keyop/share/ament_index/resource_index/rclcpp_components/kobuki_keyop
-- Up-to-date symlink: /home/omartinez/2023-tfg-oscar-martinez/src/webbt_ws/install/kobuki_keyop/share/kobuki_keyop/cmake/kobuki_keyopConfig.cmake
-- Up-to-date symlink: /home/omartinez/2023-tfg-oscar-martinez/src/webbt_ws/install/kobuki_keyop/share/kobuki_keyop/cmake/kobuki_keyopConfig-version.cmake
-- Up-to-date symlink: /home/omartinez/2023-tfg-oscar-martinez/src/webbt_ws/install/kobuki_keyop/share/kobuki_keyop/package.xml
