[1.134s] Invoking command in '/home/omartinez/2023-tfg-oscar-martinez/src/webbt_ws/build/btpy': PYTHONPATH=/home/omartinez/2023-tfg-oscar-martinez/src/webbt_ws/build/btpy/prefix_override:/home/omartinez/2023-tfg-oscar-martinez/src/webbt_ws/install/btpy/lib/python3.10/site-packages:${PYTHONPATH} /usr/bin/python3 setup.py develop --editable --build-directory /home/omartinez/2023-tfg-oscar-martinez/src/webbt_ws/build/btpy/build --no-deps install_data
[1.535s] running develop
[1.848s] running egg_info
[1.848s] writing btpy.egg-info/PKG-INFO
[1.848s] writing dependency_links to btpy.egg-info/dependency_links.txt
[1.848s] writing entry points to btpy.egg-info/entry_points.txt
[1.849s] writing requirements to btpy.egg-info/requires.txt
[1.849s] writing top-level names to btpy.egg-info/top_level.txt
[1.851s] reading manifest file 'btpy.egg-info/SOURCES.txt'
[1.853s] writing manifest file 'btpy.egg-info/SOURCES.txt'
[1.891s] running build_ext
[1.892s] Creating /home/omartinez/2023-tfg-oscar-martinez/src/webbt_ws/install/btpy/lib/python3.10/site-packages/btpy.egg-link (link to .)
[1.893s] Installing translator script to /home/omartinez/2023-tfg-oscar-martinez/src/webbt_ws/install/btpy/lib/btpy
[1.894s] 
[1.894s] Installed /home/omartinez/2023-tfg-oscar-martinez/src/webbt_ws/build/btpy
[1.894s] running install_data
[1.894s] copying launch/demo.launch.py -> /home/omartinez/2023-tfg-oscar-martinez/src/webbt_ws/install/btpy/share/btpy/launch
[1.895s] creating /home/omartinez/2023-tfg-oscar-martinez/src/webbt_ws/install/btpy/share/btpy/resource
[1.895s] error: can't copy 'resource/tree.xml.urdf': doesn't exist or not a regular file
[1.932s] Invoked command in '/home/omartinez/2023-tfg-oscar-martinez/src/webbt_ws/build/btpy' returned '1': PYTHONPATH=/home/omartinez/2023-tfg-oscar-martinez/src/webbt_ws/build/btpy/prefix_override:/home/omartinez/2023-tfg-oscar-martinez/src/webbt_ws/install/btpy/lib/python3.10/site-packages:${PYTHONPATH} /usr/bin/python3 setup.py develop --editable --build-directory /home/omartinez/2023-tfg-oscar-martinez/src/webbt_ws/build/btpy/build --no-deps install_data
