running develop
running egg_info
creating btpy.egg-info
writing btpy.egg-info/PKG-INFO
writing dependency_links to btpy.egg-info/dependency_links.txt
writing entry points to btpy.egg-info/entry_points.txt
writing requirements to btpy.egg-info/requires.txt
writing top-level names to btpy.egg-info/top_level.txt
writing manifest file 'btpy.egg-info/SOURCES.txt'
reading manifest file 'btpy.egg-info/SOURCES.txt'
writing manifest file 'btpy.egg-info/SOURCES.txt'
running build_ext
Creating /home/omartinez/2023-tfg-oscar-martinez/src/webbt_ws/install/btpy/lib/python3.10/site-packages/btpy.egg-link (link to .)
Installing tree_batter_check script to /home/omartinez/2023-tfg-oscar-martinez/src/webbt_ws/install/btpy/lib/btpy

Installed /home/omartinez/2023-tfg-oscar-martinez/src/webbt_ws/build/btpy
running install_data
creating /home/omartinez/2023-tfg-oscar-martinez/src/webbt_ws/install/btpy/share/ament_index
creating /home/omartinez/2023-tfg-oscar-martinez/src/webbt_ws/install/btpy/share/ament_index/resource_index
creating /home/omartinez/2023-tfg-oscar-martinez/src/webbt_ws/install/btpy/share/ament_index/resource_index/packages
copying resource/btpy -> /home/omartinez/2023-tfg-oscar-martinez/src/webbt_ws/install/btpy/share/ament_index/resource_index/packages
copying package.xml -> /home/omartinez/2023-tfg-oscar-martinez/src/webbt_ws/install/btpy/share/btpy
