[1.379s] Invoking command in '/home/omartinez/2023-tfg-oscar-martinez/src/webbt_ws/build/btpy': PYTHONPATH=/home/omartinez/2023-tfg-oscar-martinez/src/webbt_ws/build/btpy/prefix_override:/home/omartinez/2023-tfg-oscar-martinez/src/webbt_ws/install/btpy/lib/python3.10/site-packages:${PYTHONPATH} /usr/bin/python3 setup.py develop --editable --build-directory /home/omartinez/2023-tfg-oscar-martinez/src/webbt_ws/build/btpy/build --no-deps install_data
[1.772s] /usr/lib/python3/dist-packages/setuptools/dist.py:723: UserWarning: Usage of dash-separated 'script-dir' will not be supported in future versions. Please use the underscore name 'script_dir' instead
[1.772s]   warnings.warn(
[1.810s] running develop
[1.810s] /usr/lib/python3/dist-packages/setuptools/command/easy_install.py:158: EasyInstallDeprecationWarning: easy_install command is deprecated. Use build and pip and other standards-based tools.
[1.811s]   warnings.warn(
[1.812s] /usr/lib/python3/dist-packages/setuptools/command/install.py:34: SetuptoolsDeprecationWarning: setup.py install is deprecated. Use build and pip and other standards-based tools.
[1.812s]   warnings.warn(
[1.928s] /usr/lib/python3/dist-packages/pkg_resources/__init__.py:116: PkgResourcesDeprecationWarning: 1.16.0-unknown is an invalid version and will not be supported in a future release
[1.928s]   warnings.warn(
[1.928s] /usr/lib/python3/dist-packages/pkg_resources/__init__.py:116: PkgResourcesDeprecationWarning: 1.1build1 is an invalid version and will not be supported in a future release
[1.928s]   warnings.warn(
[1.929s] /usr/lib/python3/dist-packages/pkg_resources/__init__.py:116: PkgResourcesDeprecationWarning: 0.1.43ubuntu1 is an invalid version and will not be supported in a future release
[1.929s]   warnings.warn(
[1.929s] /usr/lib/python3/dist-packages/pkg_resources/__init__.py:116: PkgResourcesDeprecationWarning: 1.12.1-git20200711.33e2d80-dfsg1-0.6 is an invalid version and will not be supported in a future release
[1.929s]   warnings.warn(
[2.141s] running egg_info
[2.141s] creating btpy.egg-info
[2.142s] writing btpy.egg-info/PKG-INFO
[2.142s] writing dependency_links to btpy.egg-info/dependency_links.txt
[2.142s] writing entry points to btpy.egg-info/entry_points.txt
[2.142s] writing requirements to btpy.egg-info/requires.txt
[2.143s] writing top-level names to btpy.egg-info/top_level.txt
[2.143s] writing manifest file 'btpy.egg-info/SOURCES.txt'
[2.146s] reading manifest file 'btpy.egg-info/SOURCES.txt'
[2.147s] writing manifest file 'btpy.egg-info/SOURCES.txt'
[2.188s] running build_ext
[2.188s] Creating /home/omartinez/2023-tfg-oscar-martinez/src/webbt_ws/install/btpy/lib/python3.10/site-packages/btpy.egg-link (link to .)
[2.189s] Installing tree_batter_check script to /home/omartinez/2023-tfg-oscar-martinez/src/webbt_ws/install/btpy/lib/btpy
[2.190s] 
[2.191s] Installed /home/omartinez/2023-tfg-oscar-martinez/src/webbt_ws/build/btpy
[2.191s] running install_data
[2.191s] creating /home/omartinez/2023-tfg-oscar-martinez/src/webbt_ws/install/btpy/share/ament_index
[2.191s] creating /home/omartinez/2023-tfg-oscar-martinez/src/webbt_ws/install/btpy/share/ament_index/resource_index
[2.191s] creating /home/omartinez/2023-tfg-oscar-martinez/src/webbt_ws/install/btpy/share/ament_index/resource_index/packages
[2.192s] copying resource/btpy -> /home/omartinez/2023-tfg-oscar-martinez/src/webbt_ws/install/btpy/share/ament_index/resource_index/packages
[2.192s] copying package.xml -> /home/omartinez/2023-tfg-oscar-martinez/src/webbt_ws/install/btpy/share/btpy
[2.238s] Invoked command in '/home/omartinez/2023-tfg-oscar-martinez/src/webbt_ws/build/btpy' returned '0': PYTHONPATH=/home/omartinez/2023-tfg-oscar-martinez/src/webbt_ws/build/btpy/prefix_override:/home/omartinez/2023-tfg-oscar-martinez/src/webbt_ws/install/btpy/lib/python3.10/site-packages:${PYTHONPATH} /usr/bin/python3 setup.py develop --editable --build-directory /home/omartinez/2023-tfg-oscar-martinez/src/webbt_ws/build/btpy/build --no-deps install_data
