[0.000000] (-) TimerEvent: {}
[0.000314] (-) JobUnselected: {'identifier': 'aws_robomaker_bookstore_world'}
[0.000402] (-) JobUnselected: {'identifier': 'aws_robomaker_racetrack_world'}
[0.000554] (-) JobUnselected: {'identifier': 'aws_robomaker_small_house_world'}
[0.000600] (-) JobUnselected: {'identifier': 'aws_robomaker_small_warehouse_world'}
[0.000674] (-) JobUnselected: {'identifier': 'ir_robots'}
[0.000821] (-) JobUnselected: {'identifier': 'kobuki_bumper2pc'}
[0.000979] (-) JobUnselected: {'identifier': 'kobuki_description'}
[0.001045] (-) JobUnselected: {'identifier': 'kobuki_keyop'}
[0.001095] (-) JobUnselected: {'identifier': 'kobuki_random_walker'}
[0.001131] (-) JobUnselected: {'identifier': 'kobuki_ros'}
[0.001163] (-) JobUnselected: {'identifier': 'kobuki_ros_interfaces'}
[0.001197] (-) JobUnselected: {'identifier': 'kobuki_safety_controller'}
[0.001248] (-) JobUnselected: {'identifier': 'laser_filters'}
[0.001282] (-) JobUnselected: {'identifier': 'pal_gripper'}
[0.001318] (-) JobUnselected: {'identifier': 'pal_gripper_controller_configuration'}
[0.001337] (-) JobUnselected: {'identifier': 'pal_gripper_description'}
[0.001355] (-) JobUnselected: {'identifier': 'py_gardener'}
[0.001387] (-) JobUnselected: {'identifier': 'py_trees_ros_tutorials'}
[0.001405] (-) JobUnselected: {'identifier': 'py_trees_ros_viewer'}
[0.001423] (-) JobUnselected: {'identifier': 'rplidar_ros'}
[0.001441] (-) JobUnselected: {'identifier': 'sophus'}
[0.001459] (-) JobUnselected: {'identifier': 'tiago_bringup'}
[0.001477] (-) JobUnselected: {'identifier': 'tiago_controller_configuration'}
[0.001495] (-) JobUnselected: {'identifier': 'tiago_description'}
[0.001513] (-) JobUnselected: {'identifier': 'tiago_robot'}
[0.001531] (-) EventReactorShutdown: {}
