[2.125s] Invoking command in '/home/omartinez/2023-tfg-oscar-martinez/src/webbt_ws/build/py_trees_ros_viewer': PYTHONPATH=/home/omartinez/2023-tfg-oscar-martinez/src/webbt_ws/build/py_trees_ros_viewer/prefix_override:/home/omartinez/2023-tfg-oscar-martinez/src/webbt_ws/install/py_trees_ros_viewer/lib/python3.10/site-packages:${PYTHONPATH} /usr/bin/python3 setup.py develop --editable --build-directory /home/omartinez/2023-tfg-oscar-martinez/src/webbt_ws/build/py_trees_ros_viewer/build --no-deps install_data
[2.153s] /home/omartinez/2023-tfg-oscar-martinez/src/webbt_ws/build/py_trees_ros_viewer/setup.py:5: DeprecationWarning: The distutils package is deprecated and slated for removal in Python 3.12. Use setuptools or check PEP 632 for potential alternatives
[2.153s]   from distutils import log
[2.641s] running develop
[3.008s] running egg_info
[3.008s] creating py_trees_ros_viewer.egg-info
[3.008s] writing py_trees_ros_viewer.egg-info/PKG-INFO
[3.009s] writing dependency_links to py_trees_ros_viewer.egg-info/dependency_links.txt
[3.009s] writing entry points to py_trees_ros_viewer.egg-info/entry_points.txt
[3.009s] writing top-level names to py_trees_ros_viewer.egg-info/top_level.txt
[3.010s] writing manifest file 'py_trees_ros_viewer.egg-info/SOURCES.txt'
[3.012s] reading manifest file 'py_trees_ros_viewer.egg-info/SOURCES.txt'
[3.014s] writing manifest file 'py_trees_ros_viewer.egg-info/SOURCES.txt'
[3.066s] running build_ext
[3.067s] Creating /home/omartinez/2023-tfg-oscar-martinez/src/webbt_ws/install/py_trees_ros_viewer/lib/python3.10/site-packages/py-trees-ros-viewer.egg-link (link to .)
[3.068s] Installing py-trees-tree-viewer script to /home/omartinez/2023-tfg-oscar-martinez/src/webbt_ws/install/py_trees_ros_viewer/bin
[3.068s] 
[3.068s] Installed /home/omartinez/2023-tfg-oscar-martinez/src/webbt_ws/build/py_trees_ros_viewer
[3.069s] running install_data
[3.069s] copying package.xml -> /home/omartinez/2023-tfg-oscar-martinez/src/webbt_ws/install/py_trees_ros_viewer/share/py_trees_ros_viewer
[3.150s] Invoked command in '/home/omartinez/2023-tfg-oscar-martinez/src/webbt_ws/build/py_trees_ros_viewer' returned '0': PYTHONPATH=/home/omartinez/2023-tfg-oscar-martinez/src/webbt_ws/build/py_trees_ros_viewer/prefix_override:/home/omartinez/2023-tfg-oscar-martinez/src/webbt_ws/install/py_trees_ros_viewer/lib/python3.10/site-packages:${PYTHONPATH} /usr/bin/python3 setup.py develop --editable --build-directory /home/omartinez/2023-tfg-oscar-martinez/src/webbt_ws/build/py_trees_ros_viewer/build --no-deps install_data
