[1.341s] Invoking command in '/home/omartinez/2023-tfg-oscar-martinez/src/webbt_ws/build/py_gardener': PYTHONPATH=/home/omartinez/2023-tfg-oscar-martinez/src/webbt_ws/build/py_gardener/prefix_override:/home/omartinez/2023-tfg-oscar-martinez/src/webbt_ws/install/py_gardener/lib/python3.10/site-packages:${PYTHONPATH} /usr/bin/python3 setup.py develop --editable --build-directory /home/omartinez/2023-tfg-oscar-martinez/src/webbt_ws/build/py_gardener/build --no-deps install_data
[1.861s] running develop
[2.382s] running egg_info
[2.382s] creating py_gardener.egg-info
[2.382s] writing py_gardener.egg-info/PKG-INFO
[2.383s] writing dependency_links to py_gardener.egg-info/dependency_links.txt
[2.383s] writing entry points to py_gardener.egg-info/entry_points.txt
[2.384s] writing requirements to py_gardener.egg-info/requires.txt
[2.384s] writing top-level names to py_gardener.egg-info/top_level.txt
[2.384s] writing manifest file 'py_gardener.egg-info/SOURCES.txt'
[2.388s] reading manifest file 'py_gardener.egg-info/SOURCES.txt'
[2.389s] writing manifest file 'py_gardener.egg-info/SOURCES.txt'
[2.454s] running build_ext
[2.454s] Creating /home/omartinez/2023-tfg-oscar-martinez/src/webbt_ws/install/py_gardener/lib/python3.10/site-packages/py-gardener.egg-link (link to .)
[2.455s] Installing translator script to /home/omartinez/2023-tfg-oscar-martinez/src/webbt_ws/install/py_gardener/lib/btpy
[2.455s] 
[2.456s] Installed /home/omartinez/2023-tfg-oscar-martinez/src/webbt_ws/build/py_gardener
[2.456s] running install_data
[2.456s] creating /home/omartinez/2023-tfg-oscar-martinez/src/webbt_ws/install/py_gardener/share/ament_index
[2.456s] creating /home/omartinez/2023-tfg-oscar-martinez/src/webbt_ws/install/py_gardener/share/ament_index/resource_index
[2.456s] creating /home/omartinez/2023-tfg-oscar-martinez/src/webbt_ws/install/py_gardener/share/ament_index/resource_index/packages
[2.457s] copying resource/py_gardener -> /home/omartinez/2023-tfg-oscar-martinez/src/webbt_ws/install/py_gardener/share/ament_index/resource_index/packages
[2.457s] copying package.xml -> /home/omartinez/2023-tfg-oscar-martinez/src/webbt_ws/install/py_gardener/share/py_gardener
[2.457s] creating /home/omartinez/2023-tfg-oscar-martinez/src/webbt_ws/install/py_gardener/share/py_gardener/launch
[2.457s] copying launch/demo.launch.py -> /home/omartinez/2023-tfg-oscar-martinez/src/webbt_ws/install/py_gardener/share/py_gardener/launch
[2.458s] creating /home/omartinez/2023-tfg-oscar-martinez/src/webbt_ws/install/py_gardener/share/py_gardener/resource
[2.458s] copying resource/tree.xml -> /home/omartinez/2023-tfg-oscar-martinez/src/webbt_ws/install/py_gardener/share/py_gardener/resource
[2.458s] copying resource/final_tree.xml -> /home/omartinez/2023-tfg-oscar-martinez/src/webbt_ws/install/py_gardener/share/py_gardener/resource
[2.458s] creating /home/omartinez/2023-tfg-oscar-martinez/src/webbt_ws/install/py_gardener/share/py_gardener/py_gardener
[2.459s] copying py_gardener/parser.py -> /home/omartinez/2023-tfg-oscar-martinez/src/webbt_ws/install/py_gardener/share/py_gardener/py_gardener
[2.459s] copying py_gardener/translator.py -> /home/omartinez/2023-tfg-oscar-martinez/src/webbt_ws/install/py_gardener/share/py_gardener/py_gardener
[2.459s] copying py_gardener/hal.py -> /home/omartinez/2023-tfg-oscar-martinez/src/webbt_ws/install/py_gardener/share/py_gardener/py_gardener
[2.459s] creating /home/omartinez/2023-tfg-oscar-martinez/src/webbt_ws/install/py_gardener/share/py_gardener/actions
[2.459s] copying actions/Move.py -> /home/omartinez/2023-tfg-oscar-martinez/src/webbt_ws/install/py_gardener/share/py_gardener/actions
[2.459s] copying actions/Turn.py -> /home/omartinez/2023-tfg-oscar-martinez/src/webbt_ws/install/py_gardener/share/py_gardener/actions
[2.460s] copying actions/CheckObstacle.py -> /home/omartinez/2023-tfg-oscar-martinez/src/webbt_ws/install/py_gardener/share/py_gardener/actions
[2.508s] Invoked command in '/home/omartinez/2023-tfg-oscar-martinez/src/webbt_ws/build/py_gardener' returned '0': PYTHONPATH=/home/omartinez/2023-tfg-oscar-martinez/src/webbt_ws/build/py_gardener/prefix_override:/home/omartinez/2023-tfg-oscar-martinez/src/webbt_ws/install/py_gardener/lib/python3.10/site-packages:${PYTHONPATH} /usr/bin/python3 setup.py develop --editable --build-directory /home/omartinez/2023-tfg-oscar-martinez/src/webbt_ws/build/py_gardener/build --no-deps install_data
