[3.023s] Invoking command in '/home/omartinez/2023-tfg-oscar-martinez/src/webbt_ws/build/py_trees_ros_tutorials': PYTHONPATH=/home/omartinez/2023-tfg-oscar-martinez/src/webbt_ws/build/py_trees_ros_tutorials/prefix_override:/home/omartinez/2023-tfg-oscar-martinez/src/webbt_ws/install/py_trees_ros_tutorials/lib/python3.10/site-packages:${PYTHONPATH} /usr/bin/python3 setup.py develop --editable --build-directory /home/omartinez/2023-tfg-oscar-martinez/src/webbt_ws/build/py_trees_ros_tutorials/build --no-deps install_data
[3.076s] /home/omartinez/2023-tfg-oscar-martinez/src/webbt_ws/build/py_trees_ros_tutorials/setup.py:5: DeprecationWarning: The distutils package is deprecated and slated for removal in Python 3.12. Use setuptools or check PEP 632 for potential alternatives
[3.076s]   from distutils import log
[3.933s] running develop
[4.577s] redirecting scripts
[4.583s]   from: /home/omartinez/2023-tfg-oscar-martinez/src/webbt_ws/install/py_trees_ros_tutorials/bin
[4.584s]     to: /home/omartinez/2023-tfg-oscar-martinez/src/webbt_ws/install/py_trees_ros_tutorials/lib/py_trees_ros_tutorials
[4.584s] running egg_info
[4.584s] writing py_trees_ros_tutorials.egg-info/PKG-INFO
[4.585s] writing dependency_links to py_trees_ros_tutorials.egg-info/dependency_links.txt
[4.585s] writing entry points to py_trees_ros_tutorials.egg-info/entry_points.txt
[4.585s] writing top-level names to py_trees_ros_tutorials.egg-info/top_level.txt
[4.585s] reading manifest file 'py_trees_ros_tutorials.egg-info/SOURCES.txt'
[4.587s] writing manifest file 'py_trees_ros_tutorials.egg-info/SOURCES.txt'
[4.662s] running build_ext
[4.663s] Creating /home/omartinez/2023-tfg-oscar-martinez/src/webbt_ws/install/py_trees_ros_tutorials/lib/python3.10/site-packages/py-trees-ros-tutorials.egg-link (link to .)
[4.663s] Installing mock-battery script to /home/omartinez/2023-tfg-oscar-martinez/src/webbt_ws/install/py_trees_ros_tutorials/lib/py_trees_ros_tutorials
[4.663s] Installing mock-dashboard script to /home/omartinez/2023-tfg-oscar-martinez/src/webbt_ws/install/py_trees_ros_tutorials/lib/py_trees_ros_tutorials
[4.663s] Installing mock-dock-client script to /home/omartinez/2023-tfg-oscar-martinez/src/webbt_ws/install/py_trees_ros_tutorials/lib/py_trees_ros_tutorials
[4.663s] Installing mock-docking-controller script to /home/omartinez/2023-tfg-oscar-martinez/src/webbt_ws/install/py_trees_ros_tutorials/lib/py_trees_ros_tutorials
[4.664s] Installing mock-led-strip script to /home/omartinez/2023-tfg-oscar-martinez/src/webbt_ws/install/py_trees_ros_tutorials/lib/py_trees_ros_tutorials
[4.664s] Installing mock-move-base script to /home/omartinez/2023-tfg-oscar-martinez/src/webbt_ws/install/py_trees_ros_tutorials/lib/py_trees_ros_tutorials
[4.664s] Installing mock-move-base-client script to /home/omartinez/2023-tfg-oscar-martinez/src/webbt_ws/install/py_trees_ros_tutorials/lib/py_trees_ros_tutorials
[4.664s] Installing mock-rotate-client script to /home/omartinez/2023-tfg-oscar-martinez/src/webbt_ws/install/py_trees_ros_tutorials/lib/py_trees_ros_tutorials
[4.667s] Installing mock-rotation-controller script to /home/omartinez/2023-tfg-oscar-martinez/src/webbt_ws/install/py_trees_ros_tutorials/lib/py_trees_ros_tutorials
[4.667s] Installing mock-safety-sensors script to /home/omartinez/2023-tfg-oscar-martinez/src/webbt_ws/install/py_trees_ros_tutorials/lib/py_trees_ros_tutorials
[4.667s] Installing tree-action-clients script to /home/omartinez/2023-tfg-oscar-martinez/src/webbt_ws/install/py_trees_ros_tutorials/lib/py_trees_ros_tutorials
[4.667s] Installing tree-battery-check script to /home/omartinez/2023-tfg-oscar-martinez/src/webbt_ws/install/py_trees_ros_tutorials/lib/py_trees_ros_tutorials
[4.667s] Installing tree-context-switching script to /home/omartinez/2023-tfg-oscar-martinez/src/webbt_ws/install/py_trees_ros_tutorials/lib/py_trees_ros_tutorials
[4.669s] Installing tree-data-gathering script to /home/omartinez/2023-tfg-oscar-martinez/src/webbt_ws/install/py_trees_ros_tutorials/lib/py_trees_ros_tutorials
[4.669s] Installing tree-docking-cancelling-failing script to /home/omartinez/2023-tfg-oscar-martinez/src/webbt_ws/install/py_trees_ros_tutorials/lib/py_trees_ros_tutorials
[4.669s] Installing tree-dynamic-application-loading script to /home/omartinez/2023-tfg-oscar-martinez/src/webbt_ws/install/py_trees_ros_tutorials/lib/py_trees_ros_tutorials
[4.670s] 
[4.670s] Installed /home/omartinez/2023-tfg-oscar-martinez/src/webbt_ws/build/py_trees_ros_tutorials
[4.670s] running install_data
[4.776s] Invoked command in '/home/omartinez/2023-tfg-oscar-martinez/src/webbt_ws/build/py_trees_ros_tutorials' returned '0': PYTHONPATH=/home/omartinez/2023-tfg-oscar-martinez/src/webbt_ws/build/py_trees_ros_tutorials/prefix_override:/home/omartinez/2023-tfg-oscar-martinez/src/webbt_ws/install/py_trees_ros_tutorials/lib/python3.10/site-packages:${PYTHONPATH} /usr/bin/python3 setup.py develop --editable --build-directory /home/omartinez/2023-tfg-oscar-martinez/src/webbt_ws/build/py_trees_ros_tutorials/build --no-deps install_data
