[0.336s] Invoking command in '/home/omartinez/2023-tfg-oscar-martinez/src/webbt_ws/build/tiago_bringup': AMENT_PREFIX_PATH=/home/omartinez/2023-tfg-oscar-martinez/src/webbt_ws/install/tiago_description:/home/omartinez/2023-tfg-oscar-martinez/src/webbt_ws/install/tiago_controller_configuration:/home/omartinez/2023-tfg-oscar-martinez/src/webbt_ws/install/pal_gripper_description:/home/omartinez/2023-tfg-oscar-martinez/src/webbt_ws/install/pal_gripper_controller_configuration:${AMENT_PREFIX_PATH} CMAKE_PREFIX_PATH=/home/omartinez/2023-tfg-oscar-martinez/src/webbt_ws/install/tiago_description:/home/omartinez/2023-tfg-oscar-martinez/src/webbt_ws/install/tiago_controller_configuration:/home/omartinez/2023-tfg-oscar-martinez/src/webbt_ws/install/pal_gripper_description:/home/omartinez/2023-tfg-oscar-martinez/src/webbt_ws/install/pal_gripper_controller_configuration:/home/omartinez/ws/smartloc_ws/install/turtlebot4_simulator:/home/omartinez/ws/smartloc_ws/install/turtlebot4_ignition_bringup:/home/omartinez/ws/smartloc_ws/install/turtlebot4_node:/home/omartinez/ws/smartloc_ws/install/turtlebot4_navigation:/home/omartinez/ws/smartloc_ws/install/turtlebot4_ignition_toolbox:/home/omartinez/ws/smartloc_ws/install/turtlebot4_msgs:/home/omartinez/ws/smartloc_ws/install/turtlebot4_ignition_gui_plugins:/home/omartinez/ws/smartloc_ws/install/turtlebot4_description:/home/omartinez/ws/smartloc_ws/install/smartpredict_bridge:/home/omartinez/ws/smartloc_ws/install/smartloc_sim:/home/omartinez/ws/smartloc_ws/install/rfid_sensor_plugin:/home/omartinez/ws/smartloc_ws/install/position_calculator:/home/omartinez/ws/smartloc_ws/install/custom_interfaces:/home/omartinez/ws/smartloc_ws/install/webots_sim:/opt/ros/humble PYTHONPATH=/home/omartinez/2023-tfg-oscar-martinez/src/webbt_ws/install/tiago_description/local/lib/python3.10/dist-packages:${PYTHONPATH} /usr/bin/cmake --build /home/omartinez/2023-tfg-oscar-martinez/src/webbt_ws/build/tiago_bringup -- -j8 -l8
[0.446s] -- Found ament_cmake_auto: 1.3.5 (/opt/ros/humble/share/ament_cmake_auto/cmake)
[1.086s] -- Found Python3: /usr/bin/python3.10 (found version "3.10.12") found components: Interpreter 
[1.622s] -- Override CMake install command with custom implementation using symlinks instead of copying resources
[2.098s] -- Found ament_lint_auto: 0.12.6 (/opt/ros/humble/share/ament_lint_auto/cmake)
[2.201s] -- Added test 'copyright' to check source files copyright and LICENSE
[2.265s] -- Added test 'flake8' to check Python code syntax and style conventions
[2.271s] -- Added test 'lint_cmake' to check CMake code style
[2.273s] -- Added test 'pep257' to check Python code against some of the docstring style conventions in PEP 257
[2.308s] -- Added test 'xmllint' to check XML markup files
[2.317s] -- Configuring done
[2.344s] -- Generating done
[2.350s] -- Build files have been written to: /home/omartinez/2023-tfg-oscar-martinez/src/webbt_ws/build/tiago_bringup
[2.608s] Invoked command in '/home/omartinez/2023-tfg-oscar-martinez/src/webbt_ws/build/tiago_bringup' returned '0': AMENT_PREFIX_PATH=/home/omartinez/2023-tfg-oscar-martinez/src/webbt_ws/install/tiago_description:/home/omartinez/2023-tfg-oscar-martinez/src/webbt_ws/install/tiago_controller_configuration:/home/omartinez/2023-tfg-oscar-martinez/src/webbt_ws/install/pal_gripper_description:/home/omartinez/2023-tfg-oscar-martinez/src/webbt_ws/install/pal_gripper_controller_configuration:${AMENT_PREFIX_PATH} CMAKE_PREFIX_PATH=/home/omartinez/2023-tfg-oscar-martinez/src/webbt_ws/install/tiago_description:/home/omartinez/2023-tfg-oscar-martinez/src/webbt_ws/install/tiago_controller_configuration:/home/omartinez/2023-tfg-oscar-martinez/src/webbt_ws/install/pal_gripper_description:/home/omartinez/2023-tfg-oscar-martinez/src/webbt_ws/install/pal_gripper_controller_configuration:/home/omartinez/ws/smartloc_ws/install/turtlebot4_simulator:/home/omartinez/ws/smartloc_ws/install/turtlebot4_ignition_bringup:/home/omartinez/ws/smartloc_ws/install/turtlebot4_node:/home/omartinez/ws/smartloc_ws/install/turtlebot4_navigation:/home/omartinez/ws/smartloc_ws/install/turtlebot4_ignition_toolbox:/home/omartinez/ws/smartloc_ws/install/turtlebot4_msgs:/home/omartinez/ws/smartloc_ws/install/turtlebot4_ignition_gui_plugins:/home/omartinez/ws/smartloc_ws/install/turtlebot4_description:/home/omartinez/ws/smartloc_ws/install/smartpredict_bridge:/home/omartinez/ws/smartloc_ws/install/smartloc_sim:/home/omartinez/ws/smartloc_ws/install/rfid_sensor_plugin:/home/omartinez/ws/smartloc_ws/install/position_calculator:/home/omartinez/ws/smartloc_ws/install/custom_interfaces:/home/omartinez/ws/smartloc_ws/install/webots_sim:/opt/ros/humble PYTHONPATH=/home/omartinez/2023-tfg-oscar-martinez/src/webbt_ws/install/tiago_description/local/lib/python3.10/dist-packages:${PYTHONPATH} /usr/bin/cmake --build /home/omartinez/2023-tfg-oscar-martinez/src/webbt_ws/build/tiago_bringup -- -j8 -l8
[2.963s] Invoking command in '/home/omartinez/2023-tfg-oscar-martinez/src/webbt_ws/build/tiago_bringup': AMENT_PREFIX_PATH=/home/omartinez/2023-tfg-oscar-martinez/src/webbt_ws/install/tiago_description:/home/omartinez/2023-tfg-oscar-martinez/src/webbt_ws/install/tiago_controller_configuration:/home/omartinez/2023-tfg-oscar-martinez/src/webbt_ws/install/pal_gripper_description:/home/omartinez/2023-tfg-oscar-martinez/src/webbt_ws/install/pal_gripper_controller_configuration:${AMENT_PREFIX_PATH} CMAKE_PREFIX_PATH=/home/omartinez/2023-tfg-oscar-martinez/src/webbt_ws/install/tiago_description:/home/omartinez/2023-tfg-oscar-martinez/src/webbt_ws/install/tiago_controller_configuration:/home/omartinez/2023-tfg-oscar-martinez/src/webbt_ws/install/pal_gripper_description:/home/omartinez/2023-tfg-oscar-martinez/src/webbt_ws/install/pal_gripper_controller_configuration:/home/omartinez/ws/smartloc_ws/install/turtlebot4_simulator:/home/omartinez/ws/smartloc_ws/install/turtlebot4_ignition_bringup:/home/omartinez/ws/smartloc_ws/install/turtlebot4_node:/home/omartinez/ws/smartloc_ws/install/turtlebot4_navigation:/home/omartinez/ws/smartloc_ws/install/turtlebot4_ignition_toolbox:/home/omartinez/ws/smartloc_ws/install/turtlebot4_msgs:/home/omartinez/ws/smartloc_ws/install/turtlebot4_ignition_gui_plugins:/home/omartinez/ws/smartloc_ws/install/turtlebot4_description:/home/omartinez/ws/smartloc_ws/install/smartpredict_bridge:/home/omartinez/ws/smartloc_ws/install/smartloc_sim:/home/omartinez/ws/smartloc_ws/install/rfid_sensor_plugin:/home/omartinez/ws/smartloc_ws/install/position_calculator:/home/omartinez/ws/smartloc_ws/install/custom_interfaces:/home/omartinez/ws/smartloc_ws/install/webots_sim:/opt/ros/humble PYTHONPATH=/home/omartinez/2023-tfg-oscar-martinez/src/webbt_ws/install/tiago_description/local/lib/python3.10/dist-packages:${PYTHONPATH} /usr/bin/cmake --install /home/omartinez/2023-tfg-oscar-martinez/src/webbt_ws/build/tiago_bringup
[3.014s] -- Install configuration: ""
[3.015s] -- Execute custom install script
[3.015s] -- Up-to-date symlink: /home/omartinez/2023-tfg-oscar-martinez/src/webbt_ws/install/tiago_bringup/lib/tiago_bringup/regen_em_file.py
[3.022s] -- Up-to-date symlink: /home/omartinez/2023-tfg-oscar-martinez/src/webbt_ws/install/tiago_bringup/share/tiago_bringup/config/approach_planner/approach_planner.yaml.em
[3.023s] -- Up-to-date symlink: /home/omartinez/2023-tfg-oscar-martinez/src/webbt_ws/install/tiago_bringup/share/tiago_bringup/config/approach_planner/approach_planner_no-arm.yaml
[3.023s] -- Up-to-date symlink: /home/omartinez/2023-tfg-oscar-martinez/src/webbt_ws/install/tiago_bringup/share/tiago_bringup/config/approach_planner/approach_planner_no-end-effector.yaml
[3.024s] -- Up-to-date symlink: /home/omartinez/2023-tfg-oscar-martinez/src/webbt_ws/install/tiago_bringup/share/tiago_bringup/config/approach_planner/approach_planner_no-end-effector_schunk-ft.yaml
[3.024s] -- Up-to-date symlink: /home/omartinez/2023-tfg-oscar-martinez/src/webbt_ws/install/tiago_bringup/share/tiago_bringup/config/approach_planner/approach_planner_pal-gripper.yaml
[3.024s] -- Up-to-date symlink: /home/omartinez/2023-tfg-oscar-martinez/src/webbt_ws/install/tiago_bringup/share/tiago_bringup/config/approach_planner/approach_planner_pal-gripper_schunk-ft.yaml
[3.025s] -- Up-to-date symlink: /home/omartinez/2023-tfg-oscar-martinez/src/webbt_ws/install/tiago_bringup/share/tiago_bringup/config/approach_planner/approach_planner_pal-hey5.yaml
[3.025s] -- Up-to-date symlink: /home/omartinez/2023-tfg-oscar-martinez/src/webbt_ws/install/tiago_bringup/share/tiago_bringup/config/approach_planner/approach_planner_pal-hey5_schunk-ft.yaml
[3.036s] -- Up-to-date symlink: /home/omartinez/2023-tfg-oscar-martinez/src/webbt_ws/install/tiago_bringup/share/tiago_bringup/config/dynamic_footprint_arm.yaml
[3.037s] -- Up-to-date symlink: /home/omartinez/2023-tfg-oscar-martinez/src/webbt_ws/install/tiago_bringup/share/tiago_bringup/config/dynamic_footprint_arm_pal-gripper.yaml
[3.037s] -- Up-to-date symlink: /home/omartinez/2023-tfg-oscar-martinez/src/webbt_ws/install/tiago_bringup/share/tiago_bringup/config/dynamic_footprint_arm_pal-hey5.yaml
[3.038s] -- Up-to-date symlink: /home/omartinez/2023-tfg-oscar-martinez/src/webbt_ws/install/tiago_bringup/share/tiago_bringup/config/dynamic_footprint_no-arm.yaml
[3.038s] -- Up-to-date symlink: /home/omartinez/2023-tfg-oscar-martinez/src/webbt_ws/install/tiago_bringup/share/tiago_bringup/config/dynamixel_head.yaml
[3.038s] -- Up-to-date symlink: /home/omartinez/2023-tfg-oscar-martinez/src/webbt_ws/install/tiago_bringup/share/tiago_bringup/config/joy_teleop/joy_config.yaml
[3.039s] -- Up-to-date symlink: /home/omartinez/2023-tfg-oscar-martinez/src/webbt_ws/install/tiago_bringup/share/tiago_bringup/config/joy_teleop/joy_teleop.yaml.em
[3.039s] -- Up-to-date symlink: /home/omartinez/2023-tfg-oscar-martinez/src/webbt_ws/install/tiago_bringup/share/tiago_bringup/config/joy_teleop/joy_teleop_no-arm.yaml
[3.039s] -- Up-to-date symlink: /home/omartinez/2023-tfg-oscar-martinez/src/webbt_ws/install/tiago_bringup/share/tiago_bringup/config/joy_teleop/joy_teleop_no-end-effector.yaml
[3.040s] -- Up-to-date symlink: /home/omartinez/2023-tfg-oscar-martinez/src/webbt_ws/install/tiago_bringup/share/tiago_bringup/config/joy_teleop/joy_teleop_no-end-effector_schunk-ft.yaml
[3.041s] -- Up-to-date symlink: /home/omartinez/2023-tfg-oscar-martinez/src/webbt_ws/install/tiago_bringup/share/tiago_bringup/config/joy_teleop/joy_teleop_pal-gripper.yaml
[3.041s] -- Up-to-date symlink: /home/omartinez/2023-tfg-oscar-martinez/src/webbt_ws/install/tiago_bringup/share/tiago_bringup/config/joy_teleop/joy_teleop_pal-gripper_schunk-ft.yaml
[3.042s] -- Up-to-date symlink: /home/omartinez/2023-tfg-oscar-martinez/src/webbt_ws/install/tiago_bringup/share/tiago_bringup/config/joy_teleop/joy_teleop_pal-hey5.yaml
[3.043s] -- Up-to-date symlink: /home/omartinez/2023-tfg-oscar-martinez/src/webbt_ws/install/tiago_bringup/share/tiago_bringup/config/joy_teleop/joy_teleop_pal-hey5_schunk-ft.yaml
[3.044s] -- Up-to-date symlink: /home/omartinez/2023-tfg-oscar-martinez/src/webbt_ws/install/tiago_bringup/share/tiago_bringup/config/motions/tiago_motions.yaml.em
[3.045s] -- Up-to-date symlink: /home/omartinez/2023-tfg-oscar-martinez/src/webbt_ws/install/tiago_bringup/share/tiago_bringup/config/motions/tiago_motions_no-arm.yaml
[3.045s] -- Up-to-date symlink: /home/omartinez/2023-tfg-oscar-martinez/src/webbt_ws/install/tiago_bringup/share/tiago_bringup/config/motions/tiago_motions_no-end-effector.yaml
[3.045s] -- Up-to-date symlink: /home/omartinez/2023-tfg-oscar-martinez/src/webbt_ws/install/tiago_bringup/share/tiago_bringup/config/motions/tiago_motions_no-end-effector_schunk-ft.yaml
[3.045s] -- Up-to-date symlink: /home/omartinez/2023-tfg-oscar-martinez/src/webbt_ws/install/tiago_bringup/share/tiago_bringup/config/motions/tiago_motions_pal-gripper.yaml
[3.045s] -- Up-to-date symlink: /home/omartinez/2023-tfg-oscar-martinez/src/webbt_ws/install/tiago_bringup/share/tiago_bringup/config/motions/tiago_motions_pal-gripper_schunk-ft.yaml
[3.046s] -- Up-to-date symlink: /home/omartinez/2023-tfg-oscar-martinez/src/webbt_ws/install/tiago_bringup/share/tiago_bringup/config/motions/tiago_motions_pal-hey5.yaml
[3.046s] -- Up-to-date symlink: /home/omartinez/2023-tfg-oscar-martinez/src/webbt_ws/install/tiago_bringup/share/tiago_bringup/config/motions/tiago_motions_pal-hey5_schunk-ft.yaml
[3.046s] -- Up-to-date symlink: /home/omartinez/2023-tfg-oscar-martinez/src/webbt_ws/install/tiago_bringup/share/tiago_bringup/config/sensor_to_cloud/sonar_to_cloud.yaml
[3.055s] -- Up-to-date symlink: /home/omartinez/2023-tfg-oscar-martinez/src/webbt_ws/install/tiago_bringup/share/tiago_bringup/config/tiago.rviz
[3.064s] -- Up-to-date symlink: /home/omartinez/2023-tfg-oscar-martinez/src/webbt_ws/install/tiago_bringup/share/tiago_bringup/config/tiago_hardware/tiago_hardware.yaml.em
[3.065s] -- Up-to-date symlink: /home/omartinez/2023-tfg-oscar-martinez/src/webbt_ws/install/tiago_bringup/share/tiago_bringup/config/tiago_hardware/tiago_hardware_no-arm.yaml
[3.065s] -- Up-to-date symlink: /home/omartinez/2023-tfg-oscar-martinez/src/webbt_ws/install/tiago_bringup/share/tiago_bringup/config/tiago_hardware/tiago_hardware_no-end-effector.yaml
[3.065s] -- Up-to-date symlink: /home/omartinez/2023-tfg-oscar-martinez/src/webbt_ws/install/tiago_bringup/share/tiago_bringup/config/tiago_hardware/tiago_hardware_no-end-effector_schunk-ft.yaml
[3.066s] -- Up-to-date symlink: /home/omartinez/2023-tfg-oscar-martinez/src/webbt_ws/install/tiago_bringup/share/tiago_bringup/config/tiago_hardware/tiago_hardware_pal-gripper.yaml
[3.066s] -- Up-to-date symlink: /home/omartinez/2023-tfg-oscar-martinez/src/webbt_ws/install/tiago_bringup/share/tiago_bringup/config/tiago_hardware/tiago_hardware_pal-gripper_schunk-ft.yaml
[3.066s] -- Up-to-date symlink: /home/omartinez/2023-tfg-oscar-martinez/src/webbt_ws/install/tiago_bringup/share/tiago_bringup/config/tiago_hardware/tiago_hardware_pal-hey5.yaml
[3.066s] -- Up-to-date symlink: /home/omartinez/2023-tfg-oscar-martinez/src/webbt_ws/install/tiago_bringup/share/tiago_bringup/config/tiago_hardware/tiago_hardware_pal-hey5_schunk-ft.yaml
[3.067s] -- Up-to-date symlink: /home/omartinez/2023-tfg-oscar-martinez/src/webbt_ws/install/tiago_bringup/share/tiago_bringup/config/tiago_soften_values.yaml
[3.067s] -- Up-to-date symlink: /home/omartinez/2023-tfg-oscar-martinez/src/webbt_ws/install/tiago_bringup/share/tiago_bringup/config/twist_mux/joystick.yaml
[3.067s] -- Up-to-date symlink: /home/omartinez/2023-tfg-oscar-martinez/src/webbt_ws/install/tiago_bringup/share/tiago_bringup/config/twist_mux/twist_mux_locks.yaml
[3.067s] -- Up-to-date symlink: /home/omartinez/2023-tfg-oscar-martinez/src/webbt_ws/install/tiago_bringup/share/tiago_bringup/config/twist_mux/twist_mux_topics.yaml
[3.068s] -- Up-to-date symlink: /home/omartinez/2023-tfg-oscar-martinez/src/webbt_ws/install/tiago_bringup/share/tiago_bringup/launch/joystick_teleop.launch.py
[3.068s] -- Up-to-date symlink: /home/omartinez/2023-tfg-oscar-martinez/src/webbt_ws/install/tiago_bringup/share/tiago_bringup/launch/tiago_bringup.launch.py
[3.068s] -- Up-to-date symlink: /home/omartinez/2023-tfg-oscar-martinez/src/webbt_ws/install/tiago_bringup/share/tiago_bringup/launch/tiago_play_motion2.launch.py
[3.068s] -- Up-to-date symlink: /home/omartinez/2023-tfg-oscar-martinez/src/webbt_ws/install/tiago_bringup/share/tiago_bringup/launch/twist_mux.launch.py
[3.069s] -- Up-to-date symlink: /home/omartinez/2023-tfg-oscar-martinez/src/webbt_ws/install/tiago_bringup/share/ament_index/resource_index/package_run_dependencies/tiago_bringup
[3.069s] -- Up-to-date symlink: /home/omartinez/2023-tfg-oscar-martinez/src/webbt_ws/install/tiago_bringup/share/ament_index/resource_index/parent_prefix_path/tiago_bringup
[3.069s] -- Up-to-date symlink: /home/omartinez/2023-tfg-oscar-martinez/src/webbt_ws/install/tiago_bringup/share/tiago_bringup/environment/ament_prefix_path.sh
[3.069s] -- Up-to-date symlink: /home/omartinez/2023-tfg-oscar-martinez/src/webbt_ws/install/tiago_bringup/share/tiago_bringup/environment/ament_prefix_path.dsv
[3.070s] -- Up-to-date symlink: /home/omartinez/2023-tfg-oscar-martinez/src/webbt_ws/install/tiago_bringup/share/tiago_bringup/environment/path.sh
[3.070s] -- Up-to-date symlink: /home/omartinez/2023-tfg-oscar-martinez/src/webbt_ws/install/tiago_bringup/share/tiago_bringup/environment/path.dsv
[3.070s] -- Up-to-date symlink: /home/omartinez/2023-tfg-oscar-martinez/src/webbt_ws/install/tiago_bringup/share/tiago_bringup/local_setup.bash
[3.070s] -- Up-to-date symlink: /home/omartinez/2023-tfg-oscar-martinez/src/webbt_ws/install/tiago_bringup/share/tiago_bringup/local_setup.sh
[3.070s] -- Up-to-date symlink: /home/omartinez/2023-tfg-oscar-martinez/src/webbt_ws/install/tiago_bringup/share/tiago_bringup/local_setup.zsh
[3.071s] -- Up-to-date symlink: /home/omartinez/2023-tfg-oscar-martinez/src/webbt_ws/install/tiago_bringup/share/tiago_bringup/local_setup.dsv
[3.071s] -- Symlinking: /home/omartinez/2023-tfg-oscar-martinez/src/webbt_ws/install/tiago_bringup/share/tiago_bringup/package.dsv
[3.125s] -- Up-to-date symlink: /home/omartinez/2023-tfg-oscar-martinez/src/webbt_ws/install/tiago_bringup/share/ament_index/resource_index/packages/tiago_bringup
[3.126s] -- Up-to-date symlink: /home/omartinez/2023-tfg-oscar-martinez/src/webbt_ws/install/tiago_bringup/share/tiago_bringup/cmake/tiago_bringupConfig.cmake
[3.126s] -- Up-to-date symlink: /home/omartinez/2023-tfg-oscar-martinez/src/webbt_ws/install/tiago_bringup/share/tiago_bringup/cmake/tiago_bringupConfig-version.cmake
[3.126s] -- Up-to-date symlink: /home/omartinez/2023-tfg-oscar-martinez/src/webbt_ws/install/tiago_bringup/share/tiago_bringup/package.xml
[3.186s] Invoked command in '/home/omartinez/2023-tfg-oscar-martinez/src/webbt_ws/build/tiago_bringup' returned '0': AMENT_PREFIX_PATH=/home/omartinez/2023-tfg-oscar-martinez/src/webbt_ws/install/tiago_description:/home/omartinez/2023-tfg-oscar-martinez/src/webbt_ws/install/tiago_controller_configuration:/home/omartinez/2023-tfg-oscar-martinez/src/webbt_ws/install/pal_gripper_description:/home/omartinez/2023-tfg-oscar-martinez/src/webbt_ws/install/pal_gripper_controller_configuration:${AMENT_PREFIX_PATH} CMAKE_PREFIX_PATH=/home/omartinez/2023-tfg-oscar-martinez/src/webbt_ws/install/tiago_description:/home/omartinez/2023-tfg-oscar-martinez/src/webbt_ws/install/tiago_controller_configuration:/home/omartinez/2023-tfg-oscar-martinez/src/webbt_ws/install/pal_gripper_description:/home/omartinez/2023-tfg-oscar-martinez/src/webbt_ws/install/pal_gripper_controller_configuration:/home/omartinez/ws/smartloc_ws/install/turtlebot4_simulator:/home/omartinez/ws/smartloc_ws/install/turtlebot4_ignition_bringup:/home/omartinez/ws/smartloc_ws/install/turtlebot4_node:/home/omartinez/ws/smartloc_ws/install/turtlebot4_navigation:/home/omartinez/ws/smartloc_ws/install/turtlebot4_ignition_toolbox:/home/omartinez/ws/smartloc_ws/install/turtlebot4_msgs:/home/omartinez/ws/smartloc_ws/install/turtlebot4_ignition_gui_plugins:/home/omartinez/ws/smartloc_ws/install/turtlebot4_description:/home/omartinez/ws/smartloc_ws/install/smartpredict_bridge:/home/omartinez/ws/smartloc_ws/install/smartloc_sim:/home/omartinez/ws/smartloc_ws/install/rfid_sensor_plugin:/home/omartinez/ws/smartloc_ws/install/position_calculator:/home/omartinez/ws/smartloc_ws/install/custom_interfaces:/home/omartinez/ws/smartloc_ws/install/webots_sim:/opt/ros/humble PYTHONPATH=/home/omartinez/2023-tfg-oscar-martinez/src/webbt_ws/install/tiago_description/local/lib/python3.10/dist-packages:${PYTHONPATH} /usr/bin/cmake --install /home/omartinez/2023-tfg-oscar-martinez/src/webbt_ws/build/tiago_bringup
