-- Install configuration: ""
-- Execute custom install script
-- Up-to-date symlink: /home/omartinez/2023-tfg-oscar-martinez/src/webbt_ws/install/pal_gripper_controller_configuration/share/pal_gripper_controller_configuration/config/current_limit_controllers.yaml
-- Up-to-date symlink: /home/omartinez/2023-tfg-oscar-martinez/src/webbt_ws/install/pal_gripper_controller_configuration/share/pal_gripper_controller_configuration/config/current_limit_controllers_left.yaml
-- Up-to-date symlink: /home/omartinez/2023-tfg-oscar-martinez/src/webbt_ws/install/pal_gripper_controller_configuration/share/pal_gripper_controller_configuration/config/current_limit_controllers_right.yaml
-- Up-to-date symlink: /home/omartinez/2023-tfg-oscar-martinez/src/webbt_ws/install/pal_gripper_controller_configuration/share/pal_gripper_controller_configuration/config/gripper_controller.yaml
-- Up-to-date symlink: /home/omartinez/2023-tfg-oscar-martinez/src/webbt_ws/install/pal_gripper_controller_configuration/share/pal_gripper_controller_configuration/config/joint_trajectory_controllers.yaml
-- Up-to-date symlink: /home/omartinez/2023-tfg-oscar-martinez/src/webbt_ws/install/pal_gripper_controller_configuration/share/pal_gripper_controller_configuration/config/pids.yaml
-- Up-to-date symlink: /home/omartinez/2023-tfg-oscar-martinez/src/webbt_ws/install/pal_gripper_controller_configuration/share/pal_gripper_controller_configuration/launch/current_limit_controllers.launch
-- Up-to-date symlink: /home/omartinez/2023-tfg-oscar-martinez/src/webbt_ws/install/pal_gripper_controller_configuration/share/pal_gripper_controller_configuration/launch/gripper_controller.launch
-- Up-to-date symlink: /home/omartinez/2023-tfg-oscar-martinez/src/webbt_ws/install/pal_gripper_controller_configuration/share/ament_index/resource_index/package_run_dependencies/pal_gripper_controller_configuration
-- Up-to-date symlink: /home/omartinez/2023-tfg-oscar-martinez/src/webbt_ws/install/pal_gripper_controller_configuration/share/ament_index/resource_index/parent_prefix_path/pal_gripper_controller_configuration
-- Up-to-date symlink: /home/omartinez/2023-tfg-oscar-martinez/src/webbt_ws/install/pal_gripper_controller_configuration/share/pal_gripper_controller_configuration/environment/ament_prefix_path.sh
-- Up-to-date symlink: /home/omartinez/2023-tfg-oscar-martinez/src/webbt_ws/install/pal_gripper_controller_configuration/share/pal_gripper_controller_configuration/environment/ament_prefix_path.dsv
-- Up-to-date symlink: /home/omartinez/2023-tfg-oscar-martinez/src/webbt_ws/install/pal_gripper_controller_configuration/share/pal_gripper_controller_configuration/environment/path.sh
-- Up-to-date symlink: /home/omartinez/2023-tfg-oscar-martinez/src/webbt_ws/install/pal_gripper_controller_configuration/share/pal_gripper_controller_configuration/environment/path.dsv
-- Up-to-date symlink: /home/omartinez/2023-tfg-oscar-martinez/src/webbt_ws/install/pal_gripper_controller_configuration/share/pal_gripper_controller_configuration/local_setup.bash
-- Up-to-date symlink: /home/omartinez/2023-tfg-oscar-martinez/src/webbt_ws/install/pal_gripper_controller_configuration/share/pal_gripper_controller_configuration/local_setup.sh
-- Up-to-date symlink: /home/omartinez/2023-tfg-oscar-martinez/src/webbt_ws/install/pal_gripper_controller_configuration/share/pal_gripper_controller_configuration/local_setup.zsh
-- Up-to-date symlink: /home/omartinez/2023-tfg-oscar-martinez/src/webbt_ws/install/pal_gripper_controller_configuration/share/pal_gripper_controller_configuration/local_setup.dsv
-- Symlinking: /home/omartinez/2023-tfg-oscar-martinez/src/webbt_ws/install/pal_gripper_controller_configuration/share/pal_gripper_controller_configuration/package.dsv
-- Up-to-date symlink: /home/omartinez/2023-tfg-oscar-martinez/src/webbt_ws/install/pal_gripper_controller_configuration/share/ament_index/resource_index/packages/pal_gripper_controller_configuration
-- Up-to-date symlink: /home/omartinez/2023-tfg-oscar-martinez/src/webbt_ws/install/pal_gripper_controller_configuration/share/pal_gripper_controller_configuration/cmake/pal_gripper_controller_configurationConfig.cmake
-- Up-to-date symlink: /home/omartinez/2023-tfg-oscar-martinez/src/webbt_ws/install/pal_gripper_controller_configuration/share/pal_gripper_controller_configuration/cmake/pal_gripper_controller_configurationConfig-version.cmake
-- Up-to-date symlink: /home/omartinez/2023-tfg-oscar-martinez/src/webbt_ws/install/pal_gripper_controller_configuration/share/pal_gripper_controller_configuration/package.xml
