[0.453s] DEBUG:colcon:Command line arguments: ['/usr/bin/colcon', 'build', '--symlink-install', '--packages-select', 'btpy']
[0.454s] DEBUG:colcon:Parsed command line arguments: Namespace(log_base=None, log_level=None, verb_name='build', build_base='build', install_base='install', merge_install=False, symlink_install=True, test_result_base=None, continue_on_error=False, executor='parallel', parallel_workers=8, event_handlers=None, ignore_user_meta=False, metas=['./colcon.meta'], base_paths=['.'], packages_ignore=None, packages_ignore_regex=None, paths=None, packages_up_to=None, packages_up_to_regex=None, packages_above=None, packages_above_and_dependencies=None, packages_above_depth=None, packages_select_by_dep=None, packages_skip_by_dep=None, packages_skip_up_to=None, packages_select_build_failed=False, packages_skip_build_finished=False, packages_select_test_failures=False, packages_skip_test_passed=False, packages_select=['btpy'], packages_skip=None, packages_select_regex=None, packages_skip_regex=None, packages_start=None, packages_end=None, allow_overriding=[], cmake_args=None, cmake_target=None, cmake_target_skip_unavailable=False, cmake_clean_cache=False, cmake_clean_first=False, cmake_force_configure=False, ament_cmake_args=None, catkin_cmake_args=None, catkin_skip_building_tests=False, verb_parser=<colcon_defaults.argument_parser.defaults.DefaultArgumentsDecorator object at 0x7f7172664fa0>, verb_extension=<colcon_core.verb.build.BuildVerb object at 0x7f7172664a30>, main=<bound method BuildVerb.main of <colcon_core.verb.build.BuildVerb object at 0x7f7172664a30>>)
[0.478s] Level 1:colcon.colcon_core.package_discovery:discover_packages(colcon_meta) check parameters
[0.479s] Level 1:colcon.colcon_core.package_discovery:discover_packages(recursive) check parameters
[0.479s] Level 1:colcon.colcon_core.package_discovery:discover_packages(ignore) check parameters
[0.479s] Level 1:colcon.colcon_core.package_discovery:discover_packages(path) check parameters
[0.479s] Level 1:colcon.colcon_core.package_discovery:discover_packages(colcon_meta) discover
[0.479s] Level 1:colcon.colcon_core.package_discovery:discover_packages(recursive) discover
[0.479s] INFO:colcon.colcon_core.package_discovery:Crawling recursively for packages in '/home/omartinez/2023-tfg-oscar-martinez/src/webbt_ws'
[0.479s] Level 1:colcon.colcon_core.package_identification:_identify(.) by extensions ['ignore', 'ignore_ament_install']
[0.479s] Level 1:colcon.colcon_core.package_identification:_identify(.) by extension 'ignore'
[0.479s] Level 1:colcon.colcon_core.package_identification:_identify(.) by extension 'ignore_ament_install'
[0.480s] Level 1:colcon.colcon_core.package_identification:_identify(.) by extensions ['colcon_pkg']
[0.480s] Level 1:colcon.colcon_core.package_identification:_identify(.) by extension 'colcon_pkg'
[0.480s] Level 1:colcon.colcon_core.package_identification:_identify(.) by extensions ['colcon_meta']
[0.480s] Level 1:colcon.colcon_core.package_identification:_identify(.) by extension 'colcon_meta'
[0.480s] Level 1:colcon.colcon_core.package_identification:_identify(.) by extensions ['ros']
[0.480s] Level 1:colcon.colcon_core.package_identification:_identify(.) by extension 'ros'
[0.494s] Level 1:colcon.colcon_core.package_identification:_identify(.) by extensions ['cmake', 'python']
[0.495s] Level 1:colcon.colcon_core.package_identification:_identify(.) by extension 'cmake'
[0.495s] Level 1:colcon.colcon_core.package_identification:_identify(.) by extension 'python'
[0.495s] Level 1:colcon.colcon_core.package_identification:_identify(.) by extensions ['python_setup_py']
[0.495s] Level 1:colcon.colcon_core.package_identification:_identify(.) by extension 'python_setup_py'
[0.495s] Level 1:colcon.colcon_core.package_identification:_identify(build) by extensions ['ignore', 'ignore_ament_install']
[0.495s] Level 1:colcon.colcon_core.package_identification:_identify(build) by extension 'ignore'
[0.495s] Level 1:colcon.colcon_core.package_identification:_identify(build) ignored
[0.496s] Level 1:colcon.colcon_core.package_identification:_identify(install) by extensions ['ignore', 'ignore_ament_install']
[0.496s] Level 1:colcon.colcon_core.package_identification:_identify(install) by extension 'ignore'
[0.496s] Level 1:colcon.colcon_core.package_identification:_identify(install) ignored
[0.496s] Level 1:colcon.colcon_core.package_identification:_identify(log) by extensions ['ignore', 'ignore_ament_install']
[0.496s] Level 1:colcon.colcon_core.package_identification:_identify(log) by extension 'ignore'
[0.496s] Level 1:colcon.colcon_core.package_identification:_identify(log) ignored
[0.496s] Level 1:colcon.colcon_core.package_identification:_identify(src) by extensions ['ignore', 'ignore_ament_install']
[0.496s] Level 1:colcon.colcon_core.package_identification:_identify(src) by extension 'ignore'
[0.496s] Level 1:colcon.colcon_core.package_identification:_identify(src) by extension 'ignore_ament_install'
[0.496s] Level 1:colcon.colcon_core.package_identification:_identify(src) by extensions ['colcon_pkg']
[0.496s] Level 1:colcon.colcon_core.package_identification:_identify(src) by extension 'colcon_pkg'
[0.497s] Level 1:colcon.colcon_core.package_identification:_identify(src) by extensions ['colcon_meta']
[0.497s] Level 1:colcon.colcon_core.package_identification:_identify(src) by extension 'colcon_meta'
[0.497s] Level 1:colcon.colcon_core.package_identification:_identify(src) by extensions ['ros']
[0.497s] Level 1:colcon.colcon_core.package_identification:_identify(src) by extension 'ros'
[0.497s] Level 1:colcon.colcon_core.package_identification:_identify(src) by extensions ['cmake', 'python']
[0.497s] Level 1:colcon.colcon_core.package_identification:_identify(src) by extension 'cmake'
[0.497s] Level 1:colcon.colcon_core.package_identification:_identify(src) by extension 'python'
[0.497s] Level 1:colcon.colcon_core.package_identification:_identify(src) by extensions ['python_setup_py']
[0.497s] Level 1:colcon.colcon_core.package_identification:_identify(src) by extension 'python_setup_py'
[0.497s] Level 1:colcon.colcon_core.package_identification:_identify(src/btpy) by extensions ['ignore', 'ignore_ament_install']
[0.497s] Level 1:colcon.colcon_core.package_identification:_identify(src/btpy) by extension 'ignore'
[0.498s] Level 1:colcon.colcon_core.package_identification:_identify(src/btpy) by extension 'ignore_ament_install'
[0.498s] Level 1:colcon.colcon_core.package_identification:_identify(src/btpy) by extensions ['colcon_pkg']
[0.498s] Level 1:colcon.colcon_core.package_identification:_identify(src/btpy) by extension 'colcon_pkg'
[0.498s] Level 1:colcon.colcon_core.package_identification:_identify(src/btpy) by extensions ['colcon_meta']
[0.498s] Level 1:colcon.colcon_core.package_identification:_identify(src/btpy) by extension 'colcon_meta'
[0.498s] Level 1:colcon.colcon_core.package_identification:_identify(src/btpy) by extensions ['ros']
[0.498s] Level 1:colcon.colcon_core.package_identification:_identify(src/btpy) by extension 'ros'
[0.501s] DEBUG:colcon.colcon_core.package_identification:Package 'src/btpy' with type 'ros.ament_python' and name 'btpy'
[0.501s] Level 1:colcon.colcon_core.package_identification:_identify(src/py_trees_ros_tutorials) by extensions ['ignore', 'ignore_ament_install']
[0.501s] Level 1:colcon.colcon_core.package_identification:_identify(src/py_trees_ros_tutorials) by extension 'ignore'
[0.501s] Level 1:colcon.colcon_core.package_identification:_identify(src/py_trees_ros_tutorials) by extension 'ignore_ament_install'
[0.502s] Level 1:colcon.colcon_core.package_identification:_identify(src/py_trees_ros_tutorials) by extensions ['colcon_pkg']
[0.502s] Level 1:colcon.colcon_core.package_identification:_identify(src/py_trees_ros_tutorials) by extension 'colcon_pkg'
[0.502s] Level 1:colcon.colcon_core.package_identification:_identify(src/py_trees_ros_tutorials) by extensions ['colcon_meta']
[0.502s] Level 1:colcon.colcon_core.package_identification:_identify(src/py_trees_ros_tutorials) by extension 'colcon_meta'
[0.502s] Level 1:colcon.colcon_core.package_identification:_identify(src/py_trees_ros_tutorials) by extensions ['ros']
[0.502s] Level 1:colcon.colcon_core.package_identification:_identify(src/py_trees_ros_tutorials) by extension 'ros'
[0.505s] DEBUG:colcon.colcon_core.package_identification:Package 'src/py_trees_ros_tutorials' with type 'ros.ament_python' and name 'py_trees_ros_tutorials'
[0.505s] Level 1:colcon.colcon_core.package_discovery:discover_packages(recursive) using defaults
[0.506s] Level 1:colcon.colcon_core.package_discovery:discover_packages(ignore) discover
[0.506s] Level 1:colcon.colcon_core.package_discovery:discover_packages(ignore) using defaults
[0.506s] Level 1:colcon.colcon_core.package_discovery:discover_packages(path) discover
[0.506s] Level 1:colcon.colcon_core.package_discovery:discover_packages(path) using defaults
[0.533s] INFO:colcon.colcon_core.package_selection:Skipping not selected package 'py_trees_ros_tutorials' in 'src/py_trees_ros_tutorials'
[0.534s] Level 1:colcon.colcon_core.package_discovery:discover_packages(prefix_path) check parameters
[0.534s] Level 1:colcon.colcon_core.package_discovery:discover_packages(prefix_path) discover
[0.538s] DEBUG:colcon.colcon_installed_package_information.package_discovery:Found 2 installed packages in /home/omartinez/2023-tfg-oscar-martinez/src/webbt_ws/install
[0.539s] DEBUG:colcon.colcon_installed_package_information.package_discovery:Found 16 installed packages in /home/omartinez/ws/smartloc_ws/install
[0.542s] DEBUG:colcon.colcon_installed_package_information.package_discovery:Found 500 installed packages in /opt/ros/humble
[0.545s] Level 1:colcon.colcon_core.package_discovery:discover_packages(prefix_path) using defaults
[0.645s] Level 5:colcon.colcon_core.verb:set package 'btpy' build argument 'cmake_args' from command line to 'None'
[0.645s] Level 5:colcon.colcon_core.verb:set package 'btpy' build argument 'cmake_target' from command line to 'None'
[0.645s] Level 5:colcon.colcon_core.verb:set package 'btpy' build argument 'cmake_target_skip_unavailable' from command line to 'False'
[0.645s] Level 5:colcon.colcon_core.verb:set package 'btpy' build argument 'cmake_clean_cache' from command line to 'False'
[0.645s] Level 5:colcon.colcon_core.verb:set package 'btpy' build argument 'cmake_clean_first' from command line to 'False'
[0.645s] Level 5:colcon.colcon_core.verb:set package 'btpy' build argument 'cmake_force_configure' from command line to 'False'
[0.645s] Level 5:colcon.colcon_core.verb:set package 'btpy' build argument 'ament_cmake_args' from command line to 'None'
[0.645s] Level 5:colcon.colcon_core.verb:set package 'btpy' build argument 'catkin_cmake_args' from command line to 'None'
[0.645s] Level 5:colcon.colcon_core.verb:set package 'btpy' build argument 'catkin_skip_building_tests' from command line to 'False'
[0.645s] DEBUG:colcon.colcon_core.verb:Building package 'btpy' with the following arguments: {'ament_cmake_args': None, 'build_base': '/home/omartinez/2023-tfg-oscar-martinez/src/webbt_ws/build/btpy', 'catkin_cmake_args': None, 'catkin_skip_building_tests': False, 'cmake_args': None, 'cmake_clean_cache': False, 'cmake_clean_first': False, 'cmake_force_configure': False, 'cmake_target': None, 'cmake_target_skip_unavailable': False, 'install_base': '/home/omartinez/2023-tfg-oscar-martinez/src/webbt_ws/install/btpy', 'merge_install': False, 'path': '/home/omartinez/2023-tfg-oscar-martinez/src/webbt_ws/src/btpy', 'symlink_install': True, 'test_result_base': None}
[0.647s] INFO:colcon.colcon_core.executor:Executing jobs using 'parallel' executor
[0.651s] DEBUG:colcon.colcon_parallel_executor.executor.parallel:run_until_complete
[0.651s] INFO:colcon.colcon_ros.task.ament_python.build:Building ROS package in '/home/omartinez/2023-tfg-oscar-martinez/src/webbt_ws/src/btpy' with build type 'ament_python'
[0.651s] Level 1:colcon.colcon_core.shell:create_environment_hook('btpy', 'ament_prefix_path')
[0.656s] INFO:colcon.colcon_core.plugin_system:Skipping extension 'colcon_core.shell.bat': Not used on non-Windows systems
[0.656s] INFO:colcon.colcon_core.shell:Creating environment hook '/home/omartinez/2023-tfg-oscar-martinez/src/webbt_ws/install/btpy/share/btpy/hook/ament_prefix_path.ps1'
[0.657s] INFO:colcon.colcon_core.shell:Creating environment descriptor '/home/omartinez/2023-tfg-oscar-martinez/src/webbt_ws/install/btpy/share/btpy/hook/ament_prefix_path.dsv'
[0.657s] INFO:colcon.colcon_core.shell:Creating environment hook '/home/omartinez/2023-tfg-oscar-martinez/src/webbt_ws/install/btpy/share/btpy/hook/ament_prefix_path.sh'
[0.659s] INFO:colcon.colcon_core.shell:Skip shell extension 'powershell' for command environment: Not usable outside of PowerShell
[0.659s] DEBUG:colcon.colcon_core.shell:Skip shell extension 'dsv' for command environment
[1.059s] INFO:colcon.colcon_core.task.python.build:Building Python package in '/home/omartinez/2023-tfg-oscar-martinez/src/webbt_ws/src/btpy'
[1.061s] INFO:colcon.colcon_core.shell:Skip shell extension 'powershell' for command environment: Not usable outside of PowerShell
[1.061s] DEBUG:colcon.colcon_core.shell:Skip shell extension 'dsv' for command environment
[1.721s] DEBUG:colcon.colcon_core.event_handler.log_command:Invoking command in '/home/omartinez/2023-tfg-oscar-martinez/src/webbt_ws/build/btpy': PYTHONPATH=/home/omartinez/2023-tfg-oscar-martinez/src/webbt_ws/build/btpy/prefix_override:/home/omartinez/2023-tfg-oscar-martinez/src/webbt_ws/install/btpy/lib/python3.10/site-packages:${PYTHONPATH} /usr/bin/python3 setup.py develop --editable --build-directory /home/omartinez/2023-tfg-oscar-martinez/src/webbt_ws/build/btpy/build --no-deps install_data
[2.470s] Level 1:colcon.colcon_core.shell:create_environment_hook('btpy', 'pythonpath_develop')
[2.472s] INFO:colcon.colcon_core.shell:Creating environment hook '/home/omartinez/2023-tfg-oscar-martinez/src/webbt_ws/build/btpy/share/btpy/hook/pythonpath_develop.ps1'
[2.473s] DEBUG:colcon.colcon_core.event_handler.log_command:Invoked command in '/home/omartinez/2023-tfg-oscar-martinez/src/webbt_ws/build/btpy' returned '0': PYTHONPATH=/home/omartinez/2023-tfg-oscar-martinez/src/webbt_ws/build/btpy/prefix_override:/home/omartinez/2023-tfg-oscar-martinez/src/webbt_ws/install/btpy/lib/python3.10/site-packages:${PYTHONPATH} /usr/bin/python3 setup.py develop --editable --build-directory /home/omartinez/2023-tfg-oscar-martinez/src/webbt_ws/build/btpy/build --no-deps install_data
[2.473s] INFO:colcon.colcon_core.shell:Creating environment descriptor '/home/omartinez/2023-tfg-oscar-martinez/src/webbt_ws/build/btpy/share/btpy/hook/pythonpath_develop.dsv'
[2.473s] INFO:colcon.colcon_core.shell:Creating environment hook '/home/omartinez/2023-tfg-oscar-martinez/src/webbt_ws/build/btpy/share/btpy/hook/pythonpath_develop.sh'
[2.479s] Level 1:colcon.colcon_core.environment:checking '/home/omartinez/2023-tfg-oscar-martinez/src/webbt_ws/install/btpy' for CMake module files
[2.479s] Level 1:colcon.colcon_core.environment:checking '/home/omartinez/2023-tfg-oscar-martinez/src/webbt_ws/install/btpy' for CMake config files
[2.480s] Level 1:colcon.colcon_core.environment:checking '/home/omartinez/2023-tfg-oscar-martinez/src/webbt_ws/install/btpy/lib'
[2.480s] Level 1:colcon.colcon_core.environment:checking '/home/omartinez/2023-tfg-oscar-martinez/src/webbt_ws/install/btpy/bin'
[2.480s] Level 1:colcon.colcon_core.environment:checking '/home/omartinez/2023-tfg-oscar-martinez/src/webbt_ws/install/btpy/lib/pkgconfig/btpy.pc'
[2.481s] Level 1:colcon.colcon_core.environment:checking '/home/omartinez/2023-tfg-oscar-martinez/src/webbt_ws/install/btpy/lib/python3.10/site-packages'
[2.481s] Level 1:colcon.colcon_core.shell:create_environment_hook('btpy', 'pythonpath')
[2.484s] INFO:colcon.colcon_core.shell:Creating environment hook '/home/omartinez/2023-tfg-oscar-martinez/src/webbt_ws/install/btpy/share/btpy/hook/pythonpath.ps1'
[2.484s] INFO:colcon.colcon_core.shell:Creating environment descriptor '/home/omartinez/2023-tfg-oscar-martinez/src/webbt_ws/install/btpy/share/btpy/hook/pythonpath.dsv'
[2.485s] INFO:colcon.colcon_core.shell:Creating environment hook '/home/omartinez/2023-tfg-oscar-martinez/src/webbt_ws/install/btpy/share/btpy/hook/pythonpath.sh'
[2.486s] Level 1:colcon.colcon_core.environment:checking '/home/omartinez/2023-tfg-oscar-martinez/src/webbt_ws/install/btpy/bin'
[2.486s] Level 1:colcon.colcon_core.environment:create_environment_scripts_only(btpy)
[2.489s] INFO:colcon.colcon_core.shell:Creating package script '/home/omartinez/2023-tfg-oscar-martinez/src/webbt_ws/install/btpy/share/btpy/package.ps1'
[2.490s] INFO:colcon.colcon_core.shell:Creating package descriptor '/home/omartinez/2023-tfg-oscar-martinez/src/webbt_ws/install/btpy/share/btpy/package.dsv'
[2.491s] INFO:colcon.colcon_core.shell:Creating package script '/home/omartinez/2023-tfg-oscar-martinez/src/webbt_ws/install/btpy/share/btpy/package.sh'
[2.492s] INFO:colcon.colcon_core.shell:Creating package script '/home/omartinez/2023-tfg-oscar-martinez/src/webbt_ws/install/btpy/share/btpy/package.bash'
[2.493s] INFO:colcon.colcon_core.shell:Creating package script '/home/omartinez/2023-tfg-oscar-martinez/src/webbt_ws/install/btpy/share/btpy/package.zsh'
[2.494s] Level 1:colcon.colcon_core.environment:create_file_with_runtime_dependencies(/home/omartinez/2023-tfg-oscar-martinez/src/webbt_ws/install/btpy/share/colcon-core/packages/btpy)
[2.494s] DEBUG:colcon.colcon_parallel_executor.executor.parallel:closing loop
[2.495s] DEBUG:colcon.colcon_parallel_executor.executor.parallel:loop closed
[2.495s] DEBUG:colcon.colcon_parallel_executor.executor.parallel:run_until_complete finished with '0'
[2.495s] DEBUG:colcon.colcon_core.event_reactor:joining thread
[2.501s] INFO:colcon.colcon_core.plugin_system:Skipping extension 'colcon_notification.desktop_notification.terminal_notifier': Not used on non-Darwin systems
[2.501s] INFO:colcon.colcon_core.plugin_system:Skipping extension 'colcon_notification.desktop_notification.win32': Not used on non-Windows systems
[2.501s] INFO:colcon.colcon_notification.desktop_notification:Sending desktop notification using 'notify2'
[2.513s] DEBUG:colcon.colcon_core.event_reactor:joined thread
[2.515s] INFO:colcon.colcon_core.shell:Creating prefix script '/home/omartinez/2023-tfg-oscar-martinez/src/webbt_ws/install/local_setup.ps1'
[2.516s] INFO:colcon.colcon_core.shell:Creating prefix util module '/home/omartinez/2023-tfg-oscar-martinez/src/webbt_ws/install/_local_setup_util_ps1.py'
[2.517s] INFO:colcon.colcon_core.shell:Creating prefix chain script '/home/omartinez/2023-tfg-oscar-martinez/src/webbt_ws/install/setup.ps1'
[2.520s] INFO:colcon.colcon_core.shell:Creating prefix script '/home/omartinez/2023-tfg-oscar-martinez/src/webbt_ws/install/local_setup.sh'
[2.520s] INFO:colcon.colcon_core.shell:Creating prefix util module '/home/omartinez/2023-tfg-oscar-martinez/src/webbt_ws/install/_local_setup_util_sh.py'
[2.521s] INFO:colcon.colcon_core.shell:Creating prefix chain script '/home/omartinez/2023-tfg-oscar-martinez/src/webbt_ws/install/setup.sh'
[2.523s] INFO:colcon.colcon_core.shell:Creating prefix script '/home/omartinez/2023-tfg-oscar-martinez/src/webbt_ws/install/local_setup.bash'
[2.524s] INFO:colcon.colcon_core.shell:Creating prefix chain script '/home/omartinez/2023-tfg-oscar-martinez/src/webbt_ws/install/setup.bash'
[2.526s] INFO:colcon.colcon_core.shell:Creating prefix script '/home/omartinez/2023-tfg-oscar-martinez/src/webbt_ws/install/local_setup.zsh'
[2.527s] INFO:colcon.colcon_core.shell:Creating prefix chain script '/home/omartinez/2023-tfg-oscar-martinez/src/webbt_ws/install/setup.zsh'
