[0.055s] Invoking command in '/home/omartinez/2023-tfg-oscar-martinez/src/webbt_ws/build/ir_robots': CMAKE_PREFIX_PATH=${CMAKE_PREFIX_PATH}:/home/omartinez/ws/smartloc_ws/install/webots_sim:/opt/ros/humble /usr/bin/cmake --build /home/omartinez/2023-tfg-oscar-martinez/src/webbt_ws/build/ir_robots -- -j8 -l8
[0.104s] -- Found ament_cmake: 1.3.5 (/opt/ros/humble/share/ament_cmake/cmake)
[0.344s] -- Found Python3: /usr/bin/python3.10 (found version "3.10.12") found components: Interpreter 
[0.503s] -- Override CMake install command with custom implementation using symlinks instead of copying resources
[0.524s] -- Found ament_lint_auto: 0.12.6 (/opt/ros/humble/share/ament_lint_auto/cmake)
[0.704s] -- Added test 'copyright' to check source files copyright and LICENSE
[0.734s] -- Added test 'flake8' to check Python code syntax and style conventions
[0.738s] -- Added test 'lint_cmake' to check CMake code style
[0.740s] -- Added test 'pep257' to check Python code against some of the docstring style conventions in PEP 257
[0.759s] -- Added test 'xmllint' to check XML markup files
[0.759s] -- Configuring done
[0.766s] -- Generating done
[0.770s] -- Build files have been written to: /home/omartinez/2023-tfg-oscar-martinez/src/webbt_ws/build/ir_robots
[0.827s] Invoked command in '/home/omartinez/2023-tfg-oscar-martinez/src/webbt_ws/build/ir_robots' returned '0': CMAKE_PREFIX_PATH=${CMAKE_PREFIX_PATH}:/home/omartinez/ws/smartloc_ws/install/webots_sim:/opt/ros/humble /usr/bin/cmake --build /home/omartinez/2023-tfg-oscar-martinez/src/webbt_ws/build/ir_robots -- -j8 -l8
[0.888s] Invoking command in '/home/omartinez/2023-tfg-oscar-martinez/src/webbt_ws/build/ir_robots': CMAKE_PREFIX_PATH=${CMAKE_PREFIX_PATH}:/home/omartinez/ws/smartloc_ws/install/webots_sim:/opt/ros/humble /usr/bin/cmake --install /home/omartinez/2023-tfg-oscar-martinez/src/webbt_ws/build/ir_robots
[0.922s] -- Install configuration: ""
[0.925s] -- Execute custom install script
[0.927s] -- Up-to-date symlink: /home/omartinez/2023-tfg-oscar-martinez/src/webbt_ws/install/ir_robots/share/ir_robots/launch/dependencies/keepzone.launch.py
[0.932s] -- Up-to-date symlink: /home/omartinez/2023-tfg-oscar-martinez/src/webbt_ws/install/ir_robots/share/ir_robots/launch/dependencies/navigation_launch.py
[0.932s] -- Up-to-date symlink: /home/omartinez/2023-tfg-oscar-martinez/src/webbt_ws/install/ir_robots/share/ir_robots/launch/dependencies/robot_spawn.launch.py
[0.933s] -- Up-to-date symlink: /home/omartinez/2023-tfg-oscar-martinez/src/webbt_ws/install/ir_robots/share/ir_robots/launch/kobuki.launch.py
[0.933s] -- Up-to-date symlink: /home/omartinez/2023-tfg-oscar-martinez/src/webbt_ws/install/ir_robots/share/ir_robots/launch/navigation.launch.py
[0.933s] -- Up-to-date symlink: /home/omartinez/2023-tfg-oscar-martinez/src/webbt_ws/install/ir_robots/share/ir_robots/launch/simulation.launch.py
[0.933s] -- Up-to-date symlink: /home/omartinez/2023-tfg-oscar-martinez/src/webbt_ws/install/ir_robots/share/ir_robots/config/params.yaml
[0.933s] -- Up-to-date symlink: /home/omartinez/2023-tfg-oscar-martinez/src/webbt_ws/install/ir_robots/share/ir_robots/params/footprint_filter.yaml
[0.934s] -- Up-to-date symlink: /home/omartinez/2023-tfg-oscar-martinez/src/webbt_ws/install/ir_robots/share/ir_robots/params/keepout_params.yaml
[0.934s] -- Up-to-date symlink: /home/omartinez/2023-tfg-oscar-martinez/src/webbt_ws/install/ir_robots/share/ir_robots/params/kobuki_nav_params_real.yaml
[0.934s] -- Up-to-date symlink: /home/omartinez/2023-tfg-oscar-martinez/src/webbt_ws/install/ir_robots/share/ir_robots/params/kobuki_nav_params_sim.yaml
[0.934s] -- Up-to-date symlink: /home/omartinez/2023-tfg-oscar-martinez/src/webbt_ws/install/ir_robots/share/ir_robots/params/kobuki_node_params.yaml
[0.934s] -- Up-to-date symlink: /home/omartinez/2023-tfg-oscar-martinez/src/webbt_ws/install/ir_robots/share/ir_robots/params/mapper_params_online_async.yaml
[0.935s] -- Up-to-date symlink: /home/omartinez/2023-tfg-oscar-martinez/src/webbt_ws/install/ir_robots/share/ir_robots/params/tiago_nav_params_real.yaml
[0.935s] -- Up-to-date symlink: /home/omartinez/2023-tfg-oscar-martinez/src/webbt_ws/install/ir_robots/share/ir_robots/params/tiago_nav_params_sim.yaml
[0.935s] -- Up-to-date symlink: /home/omartinez/2023-tfg-oscar-martinez/src/webbt_ws/install/ir_robots/share/ir_robots/maps/aws_bookstore.pgm
[0.935s] -- Up-to-date symlink: /home/omartinez/2023-tfg-oscar-martinez/src/webbt_ws/install/ir_robots/share/ir_robots/maps/aws_bookstore.yaml
[0.935s] -- Up-to-date symlink: /home/omartinez/2023-tfg-oscar-martinez/src/webbt_ws/install/ir_robots/share/ir_robots/maps/aws_hospital.pgm
[0.936s] -- Up-to-date symlink: /home/omartinez/2023-tfg-oscar-martinez/src/webbt_ws/install/ir_robots/share/ir_robots/maps/aws_hospital.yaml
[0.936s] -- Up-to-date symlink: /home/omartinez/2023-tfg-oscar-martinez/src/webbt_ws/install/ir_robots/share/ir_robots/maps/aws_house.pgm
[0.936s] -- Up-to-date symlink: /home/omartinez/2023-tfg-oscar-martinez/src/webbt_ws/install/ir_robots/share/ir_robots/maps/aws_house.yaml
[0.936s] -- Up-to-date symlink: /home/omartinez/2023-tfg-oscar-martinez/src/webbt_ws/install/ir_robots/share/ir_robots/maps/aws_house_keep.pgm
[0.940s] -- Up-to-date symlink: /home/omartinez/2023-tfg-oscar-martinez/src/webbt_ws/install/ir_robots/share/ir_robots/maps/aws_house_keep.yaml
[0.940s] -- Up-to-date symlink: /home/omartinez/2023-tfg-oscar-martinez/src/webbt_ws/install/ir_robots/share/ir_robots/maps/aws_warehouse.pgm
[0.940s] -- Up-to-date symlink: /home/omartinez/2023-tfg-oscar-martinez/src/webbt_ws/install/ir_robots/share/ir_robots/maps/aws_warehouse.yaml
[0.941s] -- Up-to-date symlink: /home/omartinez/2023-tfg-oscar-martinez/src/webbt_ws/install/ir_robots/share/ir_robots/worlds/GrannyAnnie.world
[0.941s] -- Up-to-date symlink: /home/omartinez/2023-tfg-oscar-martinez/src/webbt_ws/install/ir_robots/share/ir_robots/worlds/RoCKIn@Home.sdf
[0.941s] -- Up-to-date symlink: /home/omartinez/2023-tfg-oscar-martinez/src/webbt_ws/install/ir_robots/share/ir_robots/worlds/models/circuitoMontmelo/materials/scripts/asphalt.material
[0.942s] -- Up-to-date symlink: /home/omartinez/2023-tfg-oscar-martinez/src/webbt_ws/install/ir_robots/share/ir_robots/worlds/models/circuitoMontmelo/materials/textures/tarmac.png
[0.943s] -- Up-to-date symlink: /home/omartinez/2023-tfg-oscar-martinez/src/webbt_ws/install/ir_robots/share/ir_robots/worlds/models/circuitoMontmelo/model.config
[0.943s] -- Up-to-date symlink: /home/omartinez/2023-tfg-oscar-martinez/src/webbt_ws/install/ir_robots/share/ir_robots/worlds/models/circuitoMontmelo/model.sdf
[0.944s] -- Up-to-date symlink: /home/omartinez/2023-tfg-oscar-martinez/src/webbt_ws/install/ir_robots/share/ir_robots/worlds/models/paredesMontmelo/model.config
[0.944s] -- Up-to-date symlink: /home/omartinez/2023-tfg-oscar-martinez/src/webbt_ws/install/ir_robots/share/ir_robots/worlds/models/paredesMontmelo/model.sdf
[0.944s] -- Up-to-date symlink: /home/omartinez/2023-tfg-oscar-martinez/src/webbt_ws/install/ir_robots/share/ir_robots/worlds/montmelo.world
[0.944s] -- Up-to-date symlink: /home/omartinez/2023-tfg-oscar-martinez/src/webbt_ws/install/ir_robots/share/ir_robots/worlds/robocuplab.world
[0.944s] -- Up-to-date symlink: /home/omartinez/2023-tfg-oscar-martinez/src/webbt_ws/install/ir_robots/share/ir_robots/worlds/robocupspl.world
[0.945s] -- Up-to-date symlink: /home/omartinez/2023-tfg-oscar-martinez/src/webbt_ws/install/ir_robots/share/ament_index/resource_index/package_run_dependencies/ir_robots
[0.945s] -- Up-to-date symlink: /home/omartinez/2023-tfg-oscar-martinez/src/webbt_ws/install/ir_robots/share/ament_index/resource_index/parent_prefix_path/ir_robots
[0.945s] -- Up-to-date symlink: /home/omartinez/2023-tfg-oscar-martinez/src/webbt_ws/install/ir_robots/share/ir_robots/environment/ament_prefix_path.sh
[0.945s] -- Up-to-date symlink: /home/omartinez/2023-tfg-oscar-martinez/src/webbt_ws/install/ir_robots/share/ir_robots/environment/ament_prefix_path.dsv
[0.945s] -- Up-to-date symlink: /home/omartinez/2023-tfg-oscar-martinez/src/webbt_ws/install/ir_robots/share/ir_robots/environment/path.sh
[0.946s] -- Up-to-date symlink: /home/omartinez/2023-tfg-oscar-martinez/src/webbt_ws/install/ir_robots/share/ir_robots/environment/path.dsv
[0.946s] -- Up-to-date symlink: /home/omartinez/2023-tfg-oscar-martinez/src/webbt_ws/install/ir_robots/share/ir_robots/local_setup.bash
[0.946s] -- Up-to-date symlink: /home/omartinez/2023-tfg-oscar-martinez/src/webbt_ws/install/ir_robots/share/ir_robots/local_setup.sh
[0.946s] -- Up-to-date symlink: /home/omartinez/2023-tfg-oscar-martinez/src/webbt_ws/install/ir_robots/share/ir_robots/local_setup.zsh
[0.947s] -- Up-to-date symlink: /home/omartinez/2023-tfg-oscar-martinez/src/webbt_ws/install/ir_robots/share/ir_robots/local_setup.dsv
[0.947s] -- Symlinking: /home/omartinez/2023-tfg-oscar-martinez/src/webbt_ws/install/ir_robots/share/ir_robots/package.dsv
[0.963s] -- Up-to-date symlink: /home/omartinez/2023-tfg-oscar-martinez/src/webbt_ws/install/ir_robots/share/ament_index/resource_index/packages/ir_robots
[0.964s] -- Up-to-date symlink: /home/omartinez/2023-tfg-oscar-martinez/src/webbt_ws/install/ir_robots/share/ir_robots/cmake/ir_robotsConfig.cmake
[0.965s] -- Up-to-date symlink: /home/omartinez/2023-tfg-oscar-martinez/src/webbt_ws/install/ir_robots/share/ir_robots/cmake/ir_robotsConfig-version.cmake
[0.966s] -- Up-to-date symlink: /home/omartinez/2023-tfg-oscar-martinez/src/webbt_ws/install/ir_robots/share/ir_robots/package.xml
[0.983s] Invoked command in '/home/omartinez/2023-tfg-oscar-martinez/src/webbt_ws/build/ir_robots' returned '0': CMAKE_PREFIX_PATH=${CMAKE_PREFIX_PATH}:/home/omartinez/ws/smartloc_ws/install/webots_sim:/opt/ros/humble /usr/bin/cmake --install /home/omartinez/2023-tfg-oscar-martinez/src/webbt_ws/build/ir_robots
