[0.123s] Invoking command in '/home/omartinez/2023-tfg-oscar-martinez/src/webbt_ws/build/sophus': CMAKE_PREFIX_PATH=${CMAKE_PREFIX_PATH}:/home/omartinez/2023-tfg-oscar-martinez/src/webbt_ws/install/py_trees_ros_viewer:/home/omartinez/2023-tfg-oscar-martinez/src/webbt_ws/install/py_trees_ros_tutorials:/home/omartinez/2023-tfg-oscar-martinez/src/webbt_ws/install/btpy:/home/omartinez/ws/smartloc_ws/install/webots_sim:/opt/ros/humble /usr/bin/cmake --build /home/omartinez/2023-tfg-oscar-martinez/src/webbt_ws/build/sophus -- -j8 -l8
[0.259s] [35m[1mConsolidate compiler generated dependencies of target test_common[0m
[0.294s] [35m[1mConsolidate compiler generated dependencies of target test_se2[0m
[0.299s] [35m[1mConsolidate compiler generated dependencies of target test_rxso2[0m
[0.305s] [35m[1mConsolidate compiler generated dependencies of target test_so2[0m
[0.308s] [35m[1mConsolidate compiler generated dependencies of target test_se3[0m
[0.345s] [35m[1mConsolidate compiler generated dependencies of target test_sim2[0m
[0.351s] [35m[1mConsolidate compiler generated dependencies of target test_so3[0m
[0.366s] [35m[1mConsolidate compiler generated dependencies of target test_rxso3[0m
[0.403s] [  8%] Built target test_common
[0.464s] [ 16%] Built target test_se2
[0.483s] [ 25%] Built target test_se3
[0.492s] [ 33%] Built target test_so2
[0.506s] [ 41%] Built target test_rxso2
[0.539s] [ 50%] Built target test_rxso3
[0.577s] [ 62%] Built target test_sim2
[0.580s] [ 66%] Built target test_so3
[0.580s] [35m[1mConsolidate compiler generated dependencies of target test_geometry[0m
[0.580s] [35m[1mConsolidate compiler generated dependencies of target test_velocities[0m
[0.580s] [35m[1mConsolidate compiler generated dependencies of target test_sim3[0m
[0.581s] [35m[1mConsolidate compiler generated dependencies of target HelloSO3[0m
[0.629s] [ 75%] Built target test_velocities
[0.664s] [ 83%] Built target test_geometry
[0.712s] [ 91%] Built target test_sim3
[0.721s] [100%] Built target HelloSO3
[0.795s] Invoked command in '/home/omartinez/2023-tfg-oscar-martinez/src/webbt_ws/build/sophus' returned '0': CMAKE_PREFIX_PATH=${CMAKE_PREFIX_PATH}:/home/omartinez/2023-tfg-oscar-martinez/src/webbt_ws/install/py_trees_ros_viewer:/home/omartinez/2023-tfg-oscar-martinez/src/webbt_ws/install/py_trees_ros_tutorials:/home/omartinez/2023-tfg-oscar-martinez/src/webbt_ws/install/btpy:/home/omartinez/ws/smartloc_ws/install/webots_sim:/opt/ros/humble /usr/bin/cmake --build /home/omartinez/2023-tfg-oscar-martinez/src/webbt_ws/build/sophus -- -j8 -l8
[1.070s] Invoking command in '/home/omartinez/2023-tfg-oscar-martinez/src/webbt_ws/build/sophus': CMAKE_PREFIX_PATH=${CMAKE_PREFIX_PATH}:/home/omartinez/2023-tfg-oscar-martinez/src/webbt_ws/install/py_trees_ros_viewer:/home/omartinez/2023-tfg-oscar-martinez/src/webbt_ws/install/py_trees_ros_tutorials:/home/omartinez/2023-tfg-oscar-martinez/src/webbt_ws/install/btpy:/home/omartinez/ws/smartloc_ws/install/webots_sim:/opt/ros/humble /usr/bin/cmake --install /home/omartinez/2023-tfg-oscar-martinez/src/webbt_ws/build/sophus
[1.096s] -- Install configuration: "Release"
[1.096s] -- Up-to-date: /home/omartinez/2023-tfg-oscar-martinez/src/webbt_ws/install/sophus/share/sophus/cmake/SophusTargets.cmake
[1.097s] -- Up-to-date: /home/omartinez/2023-tfg-oscar-martinez/src/webbt_ws/install/sophus/share/sophus/cmake/SophusConfig.cmake
[1.097s] -- Up-to-date: /home/omartinez/2023-tfg-oscar-martinez/src/webbt_ws/install/sophus/share/sophus/cmake/SophusConfigVersion.cmake
[1.098s] -- Up-to-date: /home/omartinez/2023-tfg-oscar-martinez/src/webbt_ws/install/sophus/include/sophus/average.hpp
[1.098s] -- Up-to-date: /home/omartinez/2023-tfg-oscar-martinez/src/webbt_ws/install/sophus/include/sophus/common.hpp
[1.098s] -- Up-to-date: /home/omartinez/2023-tfg-oscar-martinez/src/webbt_ws/install/sophus/include/sophus/geometry.hpp
[1.098s] -- Up-to-date: /home/omartinez/2023-tfg-oscar-martinez/src/webbt_ws/install/sophus/include/sophus/interpolate.hpp
[1.099s] -- Up-to-date: /home/omartinez/2023-tfg-oscar-martinez/src/webbt_ws/install/sophus/include/sophus/interpolate_details.hpp
[1.099s] -- Up-to-date: /home/omartinez/2023-tfg-oscar-martinez/src/webbt_ws/install/sophus/include/sophus/num_diff.hpp
[1.099s] -- Up-to-date: /home/omartinez/2023-tfg-oscar-martinez/src/webbt_ws/install/sophus/include/sophus/rotation_matrix.hpp
[1.099s] -- Up-to-date: /home/omartinez/2023-tfg-oscar-martinez/src/webbt_ws/install/sophus/include/sophus/rxso2.hpp
[1.099s] -- Up-to-date: /home/omartinez/2023-tfg-oscar-martinez/src/webbt_ws/install/sophus/include/sophus/rxso3.hpp
[1.100s] -- Up-to-date: /home/omartinez/2023-tfg-oscar-martinez/src/webbt_ws/install/sophus/include/sophus/se2.hpp
[1.100s] -- Up-to-date: /home/omartinez/2023-tfg-oscar-martinez/src/webbt_ws/install/sophus/include/sophus/se3.hpp
[1.100s] -- Up-to-date: /home/omartinez/2023-tfg-oscar-martinez/src/webbt_ws/install/sophus/include/sophus/sim2.hpp
[1.100s] -- Up-to-date: /home/omartinez/2023-tfg-oscar-martinez/src/webbt_ws/install/sophus/include/sophus/sim3.hpp
[1.100s] -- Up-to-date: /home/omartinez/2023-tfg-oscar-martinez/src/webbt_ws/install/sophus/include/sophus/sim_details.hpp
[1.101s] -- Up-to-date: /home/omartinez/2023-tfg-oscar-martinez/src/webbt_ws/install/sophus/include/sophus/so2.hpp
[1.103s] -- Up-to-date: /home/omartinez/2023-tfg-oscar-martinez/src/webbt_ws/install/sophus/include/sophus/so3.hpp
[1.104s] -- Up-to-date: /home/omartinez/2023-tfg-oscar-martinez/src/webbt_ws/install/sophus/include/sophus/types.hpp
[1.104s] -- Up-to-date: /home/omartinez/2023-tfg-oscar-martinez/src/webbt_ws/install/sophus/include/sophus/velocities.hpp
[1.104s] -- Up-to-date: /home/omartinez/2023-tfg-oscar-martinez/src/webbt_ws/install/sophus/include/sophus/formatstring.hpp
[1.105s] Invoked command in '/home/omartinez/2023-tfg-oscar-martinez/src/webbt_ws/build/sophus' returned '0': CMAKE_PREFIX_PATH=${CMAKE_PREFIX_PATH}:/home/omartinez/2023-tfg-oscar-martinez/src/webbt_ws/install/py_trees_ros_viewer:/home/omartinez/2023-tfg-oscar-martinez/src/webbt_ws/install/py_trees_ros_tutorials:/home/omartinez/2023-tfg-oscar-martinez/src/webbt_ws/install/btpy:/home/omartinez/ws/smartloc_ws/install/webots_sim:/opt/ros/humble /usr/bin/cmake --install /home/omartinez/2023-tfg-oscar-martinez/src/webbt_ws/build/sophus
