[0.000000] (-) TimerEvent: {}
[0.000227] (-) JobUnselected: {'identifier': 'aws_robomaker_bookstore_world'}
[0.000278] (-) JobUnselected: {'identifier': 'aws_robomaker_racetrack_world'}
[0.000305] (-) JobUnselected: {'identifier': 'aws_robomaker_small_house_world'}
[0.000347] (-) JobUnselected: {'identifier': 'aws_robomaker_small_warehouse_world'}
[0.000460] (-) JobUnselected: {'identifier': 'ir_robots'}
[0.000578] (-) JobUnselected: {'identifier': 'kobuki_bumper2pc'}
[0.000657] (-) JobUnselected: {'identifier': 'kobuki_description'}
[0.000705] (-) JobUnselected: {'identifier': 'kobuki_keyop'}
[0.000725] (-) JobUnselected: {'identifier': 'kobuki_random_walker'}
[0.000744] (-) JobUnselected: {'identifier': 'kobuki_ros'}
[0.000762] (-) JobUnselected: {'identifier': 'kobuki_ros_interfaces'}
[0.000781] (-) JobUnselected: {'identifier': 'kobuki_safety_controller'}
[0.000799] (-) JobUnselected: {'identifier': 'laser_filters'}
[0.000846] (-) JobUnselected: {'identifier': 'pal_gripper'}
[0.000864] (-) JobUnselected: {'identifier': 'pal_gripper_controller_configuration'}
[0.000882] (-) JobUnselected: {'identifier': 'pal_gripper_description'}
[0.000900] (-) JobUnselected: {'identifier': 'py_gardener'}
[0.000918] (-) JobUnselected: {'identifier': 'py_trees_ros_tutorials'}
[0.000936] (-) JobUnselected: {'identifier': 'py_trees_ros_viewer'}
[0.000954] (-) JobUnselected: {'identifier': 'rplidar_ros'}
[0.000972] (-) JobUnselected: {'identifier': 'sophus'}
[0.000990] (-) JobUnselected: {'identifier': 'tiago_bringup'}
[0.001007] (-) JobUnselected: {'identifier': 'tiago_controller_configuration'}
[0.001025] (-) JobUnselected: {'identifier': 'tiago_description'}
[0.001043] (-) JobUnselected: {'identifier': 'tiago_robot'}
[0.001061] (-) EventReactorShutdown: {}
