[1.441s] Invoking command in '/home/omartinez/2023-tfg-oscar-martinez/src/webbt_ws/build/py_gardener': PYTHONPATH=/home/omartinez/2023-tfg-oscar-martinez/src/webbt_ws/build/py_gardener/prefix_override:/home/omartinez/2023-tfg-oscar-martinez/src/webbt_ws/install/py_gardener/lib/python3.10/site-packages:${PYTHONPATH} /usr/bin/python3 setup.py develop --editable --build-directory /home/omartinez/2023-tfg-oscar-martinez/src/webbt_ws/build/py_gardener/build --no-deps install_data
[2.016s] running develop
[2.487s] running egg_info
[2.488s] writing py_gardener.egg-info/PKG-INFO
[2.488s] writing dependency_links to py_gardener.egg-info/dependency_links.txt
[2.488s] writing entry points to py_gardener.egg-info/entry_points.txt
[2.488s] writing requirements to py_gardener.egg-info/requires.txt
[2.489s] writing top-level names to py_gardener.egg-info/top_level.txt
[2.492s] reading manifest file 'py_gardener.egg-info/SOURCES.txt'
[2.493s] writing manifest file 'py_gardener.egg-info/SOURCES.txt'
[2.554s] running build_ext
[2.554s] Creating /home/omartinez/2023-tfg-oscar-martinez/src/webbt_ws/install/py_gardener/lib/python3.10/site-packages/py-gardener.egg-link (link to .)
[2.556s] Installing translator script to /home/omartinez/2023-tfg-oscar-martinez/src/webbt_ws/install/py_gardener/lib/py_gardener
[2.557s] 
[2.557s] Installed /home/omartinez/2023-tfg-oscar-martinez/src/webbt_ws/build/py_gardener
[2.557s] running install_data
[2.557s] copying resource/tree.xml -> /home/omartinez/2023-tfg-oscar-martinez/src/webbt_ws/install/py_gardener/share/py_gardener/resource
[2.558s] copying actions/Move.py -> /home/omartinez/2023-tfg-oscar-martinez/src/webbt_ws/install/py_gardener/share/py_gardener/actions
[2.558s] copying actions/CheckObstacle.py -> /home/omartinez/2023-tfg-oscar-martinez/src/webbt_ws/install/py_gardener/share/py_gardener/actions
[2.621s] Invoked command in '/home/omartinez/2023-tfg-oscar-martinez/src/webbt_ws/build/py_gardener' returned '0': PYTHONPATH=/home/omartinez/2023-tfg-oscar-martinez/src/webbt_ws/build/py_gardener/prefix_override:/home/omartinez/2023-tfg-oscar-martinez/src/webbt_ws/install/py_gardener/lib/python3.10/site-packages:${PYTHONPATH} /usr/bin/python3 setup.py develop --editable --build-directory /home/omartinez/2023-tfg-oscar-martinez/src/webbt_ws/build/py_gardener/build --no-deps install_data
