[1.026s] DEBUG:colcon:Command line arguments: ['/usr/bin/colcon', 'list', '-p', '--base-paths', '/home/omartinez/2023-tfg-oscar-martinez']
[1.026s] DEBUG:colcon:Parsed command line arguments: Namespace(log_base=None, log_level=None, verb_name='list', build_base='build', ignore_user_meta=False, metas=['./colcon.meta'], base_paths=['/home/omartinez/2023-tfg-oscar-martinez'], packages_ignore=None, packages_ignore_regex=None, paths=None, packages_up_to=None, packages_up_to_regex=None, packages_above=None, packages_above_and_dependencies=None, packages_above_depth=None, packages_select_by_dep=None, packages_skip_by_dep=None, packages_skip_up_to=None, packages_select_build_failed=False, packages_skip_build_finished=False, packages_select_test_failures=False, packages_skip_test_passed=False, packages_select=None, packages_skip=None, packages_select_regex=None, packages_skip_regex=None, packages_start=None, packages_end=None, allow_overriding=[], topological_order=False, names_only=False, paths_only=True, topological_graph=False, topological_graph_dot=False, topological_graph_density=False, topological_graph_legend=False, topological_graph_dot_cluster=False, topological_graph_dot_include_skipped=False, verb_parser=<colcon_defaults.argument_parser.defaults.DefaultArgumentsDecorator object at 0x7fe84254bd30>, verb_extension=<colcon_package_information.verb.list.ListVerb object at 0x7fe842504b80>, main=<bound method ListVerb.main of <colcon_package_information.verb.list.ListVerb object at 0x7fe842504b80>>)
[1.095s] Level 1:colcon.colcon_core.package_discovery:discover_packages(colcon_meta) check parameters
[1.096s] Level 1:colcon.colcon_core.package_discovery:discover_packages(recursive) check parameters
[1.096s] Level 1:colcon.colcon_core.package_discovery:discover_packages(ignore) check parameters
[1.096s] Level 1:colcon.colcon_core.package_discovery:discover_packages(path) check parameters
[1.096s] Level 1:colcon.colcon_core.package_discovery:discover_packages(recursive) discover
[1.096s] INFO:colcon.colcon_core.package_discovery:Crawling recursively for packages in '/home/omartinez/2023-tfg-oscar-martinez'
[1.096s] Level 1:colcon.colcon_core.package_identification:_identify(/home/omartinez/2023-tfg-oscar-martinez) by extensions ['ignore', 'ignore_ament_install']
[1.097s] Level 1:colcon.colcon_core.package_identification:_identify(/home/omartinez/2023-tfg-oscar-martinez) by extension 'ignore'
[1.097s] Level 1:colcon.colcon_core.package_identification:_identify(/home/omartinez/2023-tfg-oscar-martinez) by extension 'ignore_ament_install'
[1.097s] Level 1:colcon.colcon_core.package_identification:_identify(/home/omartinez/2023-tfg-oscar-martinez) by extensions ['colcon_pkg']
[1.097s] Level 1:colcon.colcon_core.package_identification:_identify(/home/omartinez/2023-tfg-oscar-martinez) by extension 'colcon_pkg'
[1.097s] Level 1:colcon.colcon_core.package_identification:_identify(/home/omartinez/2023-tfg-oscar-martinez) by extensions ['colcon_meta']
[1.097s] Level 1:colcon.colcon_core.package_identification:_identify(/home/omartinez/2023-tfg-oscar-martinez) by extension 'colcon_meta'
[1.097s] Level 1:colcon.colcon_core.package_identification:_identify(/home/omartinez/2023-tfg-oscar-martinez) by extensions ['ros']
[1.098s] Level 1:colcon.colcon_core.package_identification:_identify(/home/omartinez/2023-tfg-oscar-martinez) by extension 'ros'
[1.127s] Level 1:colcon.colcon_core.package_identification:_identify(/home/omartinez/2023-tfg-oscar-martinez) by extensions ['cmake', 'python']
[1.127s] Level 1:colcon.colcon_core.package_identification:_identify(/home/omartinez/2023-tfg-oscar-martinez) by extension 'cmake'
[1.127s] Level 1:colcon.colcon_core.package_identification:_identify(/home/omartinez/2023-tfg-oscar-martinez) by extension 'python'
[1.127s] Level 1:colcon.colcon_core.package_identification:_identify(/home/omartinez/2023-tfg-oscar-martinez) by extensions ['python_setup_py']
[1.127s] Level 1:colcon.colcon_core.package_identification:_identify(/home/omartinez/2023-tfg-oscar-martinez) by extension 'python_setup_py'
[1.127s] Level 1:colcon.colcon_core.package_identification:_identify(/home/omartinez/2023-tfg-oscar-martinez/docs) by extensions ['ignore', 'ignore_ament_install']
[1.128s] Level 1:colcon.colcon_core.package_identification:_identify(/home/omartinez/2023-tfg-oscar-martinez/docs) by extension 'ignore'
[1.128s] Level 1:colcon.colcon_core.package_identification:_identify(/home/omartinez/2023-tfg-oscar-martinez/docs) by extension 'ignore_ament_install'
[1.128s] Level 1:colcon.colcon_core.package_identification:_identify(/home/omartinez/2023-tfg-oscar-martinez/docs) by extensions ['colcon_pkg']
[1.128s] Level 1:colcon.colcon_core.package_identification:_identify(/home/omartinez/2023-tfg-oscar-martinez/docs) by extension 'colcon_pkg'
[1.128s] Level 1:colcon.colcon_core.package_identification:_identify(/home/omartinez/2023-tfg-oscar-martinez/docs) by extensions ['colcon_meta']
[1.128s] Level 1:colcon.colcon_core.package_identification:_identify(/home/omartinez/2023-tfg-oscar-martinez/docs) by extension 'colcon_meta'
[1.128s] Level 1:colcon.colcon_core.package_identification:_identify(/home/omartinez/2023-tfg-oscar-martinez/docs) by extensions ['ros']
[1.128s] Level 1:colcon.colcon_core.package_identification:_identify(/home/omartinez/2023-tfg-oscar-martinez/docs) by extension 'ros'
[1.129s] Level 1:colcon.colcon_core.package_identification:_identify(/home/omartinez/2023-tfg-oscar-martinez/docs) by extensions ['cmake', 'python']
[1.129s] Level 1:colcon.colcon_core.package_identification:_identify(/home/omartinez/2023-tfg-oscar-martinez/docs) by extension 'cmake'
[1.129s] Level 1:colcon.colcon_core.package_identification:_identify(/home/omartinez/2023-tfg-oscar-martinez/docs) by extension 'python'
[1.129s] Level 1:colcon.colcon_core.package_identification:_identify(/home/omartinez/2023-tfg-oscar-martinez/docs) by extensions ['python_setup_py']
[1.129s] Level 1:colcon.colcon_core.package_identification:_identify(/home/omartinez/2023-tfg-oscar-martinez/docs) by extension 'python_setup_py'
[1.129s] Level 1:colcon.colcon_core.package_identification:_identify(/home/omartinez/2023-tfg-oscar-martinez/log) by extensions ['ignore', 'ignore_ament_install']
[1.130s] Level 1:colcon.colcon_core.package_identification:_identify(/home/omartinez/2023-tfg-oscar-martinez/log) by extension 'ignore'
[1.130s] Level 1:colcon.colcon_core.package_identification:_identify(/home/omartinez/2023-tfg-oscar-martinez/log) ignored
[1.130s] Level 1:colcon.colcon_core.package_identification:_identify(/home/omartinez/2023-tfg-oscar-martinez/src) by extensions ['ignore', 'ignore_ament_install']
[1.130s] Level 1:colcon.colcon_core.package_identification:_identify(/home/omartinez/2023-tfg-oscar-martinez/src) by extension 'ignore'
[1.130s] Level 1:colcon.colcon_core.package_identification:_identify(/home/omartinez/2023-tfg-oscar-martinez/src) by extension 'ignore_ament_install'
[1.131s] Level 1:colcon.colcon_core.package_identification:_identify(/home/omartinez/2023-tfg-oscar-martinez/src) by extensions ['colcon_pkg']
[1.131s] Level 1:colcon.colcon_core.package_identification:_identify(/home/omartinez/2023-tfg-oscar-martinez/src) by extension 'colcon_pkg'
[1.131s] Level 1:colcon.colcon_core.package_identification:_identify(/home/omartinez/2023-tfg-oscar-martinez/src) by extensions ['colcon_meta']
[1.131s] Level 1:colcon.colcon_core.package_identification:_identify(/home/omartinez/2023-tfg-oscar-martinez/src) by extension 'colcon_meta'
[1.131s] Level 1:colcon.colcon_core.package_identification:_identify(/home/omartinez/2023-tfg-oscar-martinez/src) by extensions ['ros']
[1.131s] Level 1:colcon.colcon_core.package_identification:_identify(/home/omartinez/2023-tfg-oscar-martinez/src) by extension 'ros'
[1.131s] Level 1:colcon.colcon_core.package_identification:_identify(/home/omartinez/2023-tfg-oscar-martinez/src) by extensions ['cmake', 'python']
[1.131s] Level 1:colcon.colcon_core.package_identification:_identify(/home/omartinez/2023-tfg-oscar-martinez/src) by extension 'cmake'
[1.131s] Level 1:colcon.colcon_core.package_identification:_identify(/home/omartinez/2023-tfg-oscar-martinez/src) by extension 'python'
[1.132s] Level 1:colcon.colcon_core.package_identification:_identify(/home/omartinez/2023-tfg-oscar-martinez/src) by extensions ['python_setup_py']
[1.132s] Level 1:colcon.colcon_core.package_identification:_identify(/home/omartinez/2023-tfg-oscar-martinez/src) by extension 'python_setup_py'
[1.132s] Level 1:colcon.colcon_core.package_identification:_identify(/home/omartinez/2023-tfg-oscar-martinez/src/tests) by extensions ['ignore', 'ignore_ament_install']
[1.132s] Level 1:colcon.colcon_core.package_identification:_identify(/home/omartinez/2023-tfg-oscar-martinez/src/tests) by extension 'ignore'
[1.132s] Level 1:colcon.colcon_core.package_identification:_identify(/home/omartinez/2023-tfg-oscar-martinez/src/tests) by extension 'ignore_ament_install'
[1.133s] Level 1:colcon.colcon_core.package_identification:_identify(/home/omartinez/2023-tfg-oscar-martinez/src/tests) by extensions ['colcon_pkg']
[1.133s] Level 1:colcon.colcon_core.package_identification:_identify(/home/omartinez/2023-tfg-oscar-martinez/src/tests) by extension 'colcon_pkg'
[1.133s] Level 1:colcon.colcon_core.package_identification:_identify(/home/omartinez/2023-tfg-oscar-martinez/src/tests) by extensions ['colcon_meta']
[1.133s] Level 1:colcon.colcon_core.package_identification:_identify(/home/omartinez/2023-tfg-oscar-martinez/src/tests) by extension 'colcon_meta'
[1.133s] Level 1:colcon.colcon_core.package_identification:_identify(/home/omartinez/2023-tfg-oscar-martinez/src/tests) by extensions ['ros']
[1.133s] Level 1:colcon.colcon_core.package_identification:_identify(/home/omartinez/2023-tfg-oscar-martinez/src/tests) by extension 'ros'
[1.133s] Level 1:colcon.colcon_core.package_identification:_identify(/home/omartinez/2023-tfg-oscar-martinez/src/tests) by extensions ['cmake', 'python']
[1.133s] Level 1:colcon.colcon_core.package_identification:_identify(/home/omartinez/2023-tfg-oscar-martinez/src/tests) by extension 'cmake'
[1.133s] Level 1:colcon.colcon_core.package_identification:_identify(/home/omartinez/2023-tfg-oscar-martinez/src/tests) by extension 'python'
[1.134s] Level 1:colcon.colcon_core.package_identification:_identify(/home/omartinez/2023-tfg-oscar-martinez/src/tests) by extensions ['python_setup_py']
[1.134s] Level 1:colcon.colcon_core.package_identification:_identify(/home/omartinez/2023-tfg-oscar-martinez/src/tests) by extension 'python_setup_py'
[1.134s] Level 1:colcon.colcon_core.package_identification:_identify(/home/omartinez/2023-tfg-oscar-martinez/src/webbt_ws) by extensions ['ignore', 'ignore_ament_install']
[1.134s] Level 1:colcon.colcon_core.package_identification:_identify(/home/omartinez/2023-tfg-oscar-martinez/src/webbt_ws) by extension 'ignore'
[1.134s] Level 1:colcon.colcon_core.package_identification:_identify(/home/omartinez/2023-tfg-oscar-martinez/src/webbt_ws) by extension 'ignore_ament_install'
[1.135s] Level 1:colcon.colcon_core.package_identification:_identify(/home/omartinez/2023-tfg-oscar-martinez/src/webbt_ws) by extensions ['colcon_pkg']
[1.135s] Level 1:colcon.colcon_core.package_identification:_identify(/home/omartinez/2023-tfg-oscar-martinez/src/webbt_ws) by extension 'colcon_pkg'
[1.135s] Level 1:colcon.colcon_core.package_identification:_identify(/home/omartinez/2023-tfg-oscar-martinez/src/webbt_ws) by extensions ['colcon_meta']
[1.135s] Level 1:colcon.colcon_core.package_identification:_identify(/home/omartinez/2023-tfg-oscar-martinez/src/webbt_ws) by extension 'colcon_meta'
[1.135s] Level 1:colcon.colcon_core.package_identification:_identify(/home/omartinez/2023-tfg-oscar-martinez/src/webbt_ws) by extensions ['ros']
[1.135s] Level 1:colcon.colcon_core.package_identification:_identify(/home/omartinez/2023-tfg-oscar-martinez/src/webbt_ws) by extension 'ros'
[1.135s] Level 1:colcon.colcon_core.package_identification:_identify(/home/omartinez/2023-tfg-oscar-martinez/src/webbt_ws) by extensions ['cmake', 'python']
[1.135s] Level 1:colcon.colcon_core.package_identification:_identify(/home/omartinez/2023-tfg-oscar-martinez/src/webbt_ws) by extension 'cmake'
[1.136s] Level 1:colcon.colcon_core.package_identification:_identify(/home/omartinez/2023-tfg-oscar-martinez/src/webbt_ws) by extension 'python'
[1.136s] Level 1:colcon.colcon_core.package_identification:_identify(/home/omartinez/2023-tfg-oscar-martinez/src/webbt_ws) by extensions ['python_setup_py']
[1.136s] Level 1:colcon.colcon_core.package_identification:_identify(/home/omartinez/2023-tfg-oscar-martinez/src/webbt_ws) by extension 'python_setup_py'
[1.136s] Level 1:colcon.colcon_core.package_identification:_identify(/home/omartinez/2023-tfg-oscar-martinez/src/webbt_ws/build) by extensions ['ignore', 'ignore_ament_install']
[1.136s] Level 1:colcon.colcon_core.package_identification:_identify(/home/omartinez/2023-tfg-oscar-martinez/src/webbt_ws/build) by extension 'ignore'
[1.136s] Level 1:colcon.colcon_core.package_identification:_identify(/home/omartinez/2023-tfg-oscar-martinez/src/webbt_ws/build) ignored
[1.137s] Level 1:colcon.colcon_core.package_identification:_identify(/home/omartinez/2023-tfg-oscar-martinez/src/webbt_ws/install) by extensions ['ignore', 'ignore_ament_install']
[1.137s] Level 1:colcon.colcon_core.package_identification:_identify(/home/omartinez/2023-tfg-oscar-martinez/src/webbt_ws/install) by extension 'ignore'
[1.137s] Level 1:colcon.colcon_core.package_identification:_identify(/home/omartinez/2023-tfg-oscar-martinez/src/webbt_ws/install) ignored
[1.137s] Level 1:colcon.colcon_core.package_identification:_identify(/home/omartinez/2023-tfg-oscar-martinez/src/webbt_ws/log) by extensions ['ignore', 'ignore_ament_install']
[1.138s] Level 1:colcon.colcon_core.package_identification:_identify(/home/omartinez/2023-tfg-oscar-martinez/src/webbt_ws/log) by extension 'ignore'
[1.138s] Level 1:colcon.colcon_core.package_identification:_identify(/home/omartinez/2023-tfg-oscar-martinez/src/webbt_ws/log) ignored
[1.138s] Level 1:colcon.colcon_core.package_identification:_identify(/home/omartinez/2023-tfg-oscar-martinez/src/webbt_ws/src) by extensions ['ignore', 'ignore_ament_install']
[1.138s] Level 1:colcon.colcon_core.package_identification:_identify(/home/omartinez/2023-tfg-oscar-martinez/src/webbt_ws/src) by extension 'ignore'
[1.138s] Level 1:colcon.colcon_core.package_identification:_identify(/home/omartinez/2023-tfg-oscar-martinez/src/webbt_ws/src) by extension 'ignore_ament_install'
[1.138s] Level 1:colcon.colcon_core.package_identification:_identify(/home/omartinez/2023-tfg-oscar-martinez/src/webbt_ws/src) by extensions ['colcon_pkg']
[1.138s] Level 1:colcon.colcon_core.package_identification:_identify(/home/omartinez/2023-tfg-oscar-martinez/src/webbt_ws/src) by extension 'colcon_pkg'
[1.139s] Level 1:colcon.colcon_core.package_identification:_identify(/home/omartinez/2023-tfg-oscar-martinez/src/webbt_ws/src) by extensions ['colcon_meta']
[1.139s] Level 1:colcon.colcon_core.package_identification:_identify(/home/omartinez/2023-tfg-oscar-martinez/src/webbt_ws/src) by extension 'colcon_meta'
[1.139s] Level 1:colcon.colcon_core.package_identification:_identify(/home/omartinez/2023-tfg-oscar-martinez/src/webbt_ws/src) by extensions ['ros']
[1.139s] Level 1:colcon.colcon_core.package_identification:_identify(/home/omartinez/2023-tfg-oscar-martinez/src/webbt_ws/src) by extension 'ros'
[1.139s] Level 1:colcon.colcon_core.package_identification:_identify(/home/omartinez/2023-tfg-oscar-martinez/src/webbt_ws/src) by extensions ['cmake', 'python']
[1.139s] Level 1:colcon.colcon_core.package_identification:_identify(/home/omartinez/2023-tfg-oscar-martinez/src/webbt_ws/src) by extension 'cmake'
[1.139s] Level 1:colcon.colcon_core.package_identification:_identify(/home/omartinez/2023-tfg-oscar-martinez/src/webbt_ws/src) by extension 'python'
[1.139s] Level 1:colcon.colcon_core.package_identification:_identify(/home/omartinez/2023-tfg-oscar-martinez/src/webbt_ws/src) by extensions ['python_setup_py']
[1.139s] Level 1:colcon.colcon_core.package_identification:_identify(/home/omartinez/2023-tfg-oscar-martinez/src/webbt_ws/src) by extension 'python_setup_py'
[1.140s] Level 1:colcon.colcon_core.package_identification:_identify(/home/omartinez/2023-tfg-oscar-martinez/src/webbt_ws/src/btpy) by extensions ['ignore', 'ignore_ament_install']
[1.140s] Level 1:colcon.colcon_core.package_identification:_identify(/home/omartinez/2023-tfg-oscar-martinez/src/webbt_ws/src/btpy) by extension 'ignore'
[1.140s] Level 1:colcon.colcon_core.package_identification:_identify(/home/omartinez/2023-tfg-oscar-martinez/src/webbt_ws/src/btpy) by extension 'ignore_ament_install'
[1.140s] Level 1:colcon.colcon_core.package_identification:_identify(/home/omartinez/2023-tfg-oscar-martinez/src/webbt_ws/src/btpy) by extensions ['colcon_pkg']
[1.140s] Level 1:colcon.colcon_core.package_identification:_identify(/home/omartinez/2023-tfg-oscar-martinez/src/webbt_ws/src/btpy) by extension 'colcon_pkg'
[1.141s] Level 1:colcon.colcon_core.package_identification:_identify(/home/omartinez/2023-tfg-oscar-martinez/src/webbt_ws/src/btpy) by extensions ['colcon_meta']
[1.141s] Level 1:colcon.colcon_core.package_identification:_identify(/home/omartinez/2023-tfg-oscar-martinez/src/webbt_ws/src/btpy) by extension 'colcon_meta'
[1.141s] Level 1:colcon.colcon_core.package_identification:_identify(/home/omartinez/2023-tfg-oscar-martinez/src/webbt_ws/src/btpy) by extensions ['ros']
[1.141s] Level 1:colcon.colcon_core.package_identification:_identify(/home/omartinez/2023-tfg-oscar-martinez/src/webbt_ws/src/btpy) by extension 'ros'
[1.148s] DEBUG:colcon.colcon_core.package_identification:Package '/home/omartinez/2023-tfg-oscar-martinez/src/webbt_ws/src/btpy' with type 'ros.catkin' and name 'btpy'
[1.148s] Level 1:colcon.colcon_core.package_identification:_identify(/home/omartinez/2023-tfg-oscar-martinez/src/webbt_ws/src/py_trees_ros_tutorials) by extensions ['ignore', 'ignore_ament_install']
[1.148s] Level 1:colcon.colcon_core.package_identification:_identify(/home/omartinez/2023-tfg-oscar-martinez/src/webbt_ws/src/py_trees_ros_tutorials) by extension 'ignore'
[1.148s] Level 1:colcon.colcon_core.package_identification:_identify(/home/omartinez/2023-tfg-oscar-martinez/src/webbt_ws/src/py_trees_ros_tutorials) by extension 'ignore_ament_install'
[1.148s] Level 1:colcon.colcon_core.package_identification:_identify(/home/omartinez/2023-tfg-oscar-martinez/src/webbt_ws/src/py_trees_ros_tutorials) by extensions ['colcon_pkg']
[1.149s] Level 1:colcon.colcon_core.package_identification:_identify(/home/omartinez/2023-tfg-oscar-martinez/src/webbt_ws/src/py_trees_ros_tutorials) by extension 'colcon_pkg'
[1.149s] Level 1:colcon.colcon_core.package_identification:_identify(/home/omartinez/2023-tfg-oscar-martinez/src/webbt_ws/src/py_trees_ros_tutorials) by extensions ['colcon_meta']
[1.149s] Level 1:colcon.colcon_core.package_identification:_identify(/home/omartinez/2023-tfg-oscar-martinez/src/webbt_ws/src/py_trees_ros_tutorials) by extension 'colcon_meta'
[1.149s] Level 1:colcon.colcon_core.package_identification:_identify(/home/omartinez/2023-tfg-oscar-martinez/src/webbt_ws/src/py_trees_ros_tutorials) by extensions ['ros']
[1.149s] Level 1:colcon.colcon_core.package_identification:_identify(/home/omartinez/2023-tfg-oscar-martinez/src/webbt_ws/src/py_trees_ros_tutorials) by extension 'ros'
[1.152s] DEBUG:colcon.colcon_core.package_identification:Package '/home/omartinez/2023-tfg-oscar-martinez/src/webbt_ws/src/py_trees_ros_tutorials' with type 'ros.ament_python' and name 'py_trees_ros_tutorials'
[1.152s] Level 1:colcon.colcon_core.package_discovery:discover_packages(recursive) using defaults
