[0.000000] (-) TimerEvent: {}
[0.000263] (-) JobUnselected: {'identifier': 'aws_robomaker_bookstore_world'}
[0.000355] (-) JobUnselected: {'identifier': 'aws_robomaker_racetrack_world'}
[0.000398] (-) JobUnselected: {'identifier': 'aws_robomaker_small_house_world'}
[0.000537] (-) JobUnselected: {'identifier': 'aws_robomaker_small_warehouse_world'}
[0.000648] (-) JobUnselected: {'identifier': 'ir_robots'}
[0.000804] (-) JobUnselected: {'identifier': 'kobuki_bumper2pc'}
[0.000852] (-) JobUnselected: {'identifier': 'kobuki_description'}
[0.000889] (-) JobUnselected: {'identifier': 'kobuki_keyop'}
[0.000909] (-) JobUnselected: {'identifier': 'kobuki_random_walker'}
[0.000929] (-) JobUnselected: {'identifier': 'kobuki_ros'}
[0.000948] (-) JobUnselected: {'identifier': 'kobuki_ros_interfaces'}
[0.000968] (-) JobUnselected: {'identifier': 'kobuki_safety_controller'}
[0.000986] (-) JobUnselected: {'identifier': 'laser_filters'}
[0.001005] (-) JobUnselected: {'identifier': 'pal_gripper'}
[0.001023] (-) JobUnselected: {'identifier': 'pal_gripper_controller_configuration'}
[0.001041] (-) JobUnselected: {'identifier': 'pal_gripper_description'}
[0.001060] (-) JobUnselected: {'identifier': 'py_gardener'}
[0.001078] (-) JobUnselected: {'identifier': 'py_trees_ros_tutorials'}
[0.001100] (-) JobUnselected: {'identifier': 'py_trees_ros_viewer'}
[0.001120] (-) JobUnselected: {'identifier': 'rplidar_ros'}
[0.001138] (-) JobUnselected: {'identifier': 'sophus'}
[0.001157] (-) JobUnselected: {'identifier': 'tiago_bringup'}
[0.001175] (-) JobUnselected: {'identifier': 'tiago_controller_configuration'}
[0.001193] (-) JobUnselected: {'identifier': 'tiago_description'}
[0.001211] (-) JobUnselected: {'identifier': 'tiago_robot'}
[0.001232] (-) EventReactorShutdown: {}
