[1.045s] Invoking command in '/home/omartinez/2023-tfg-oscar-martinez/src/webbt_ws/build/btpy': PYTHONPATH=/home/omartinez/2023-tfg-oscar-martinez/src/webbt_ws/build/btpy/prefix_override:/home/omartinez/2023-tfg-oscar-martinez/src/webbt_ws/install/btpy/lib/python3.10/site-packages:${PYTHONPATH} /usr/bin/python3 setup.py develop --editable --build-directory /home/omartinez/2023-tfg-oscar-martinez/src/webbt_ws/build/btpy/build --no-deps install_data
[1.453s] running develop
[1.764s] running egg_info
[1.764s] writing btpy.egg-info/PKG-INFO
[1.764s] writing dependency_links to btpy.egg-info/dependency_links.txt
[1.764s] writing entry points to btpy.egg-info/entry_points.txt
[1.764s] writing requirements to btpy.egg-info/requires.txt
[1.764s] writing top-level names to btpy.egg-info/top_level.txt
[1.766s] reading manifest file 'btpy.egg-info/SOURCES.txt'
[1.767s] writing manifest file 'btpy.egg-info/SOURCES.txt'
[1.806s] running build_ext
[1.806s] Creating /home/omartinez/2023-tfg-oscar-martinez/src/webbt_ws/install/btpy/lib/python3.10/site-packages/btpy.egg-link (link to .)
[1.808s] Installing translator script to /home/omartinez/2023-tfg-oscar-martinez/src/webbt_ws/install/btpy/lib/btpy
[1.808s] 
[1.808s] Installed /home/omartinez/2023-tfg-oscar-martinez/src/webbt_ws/build/btpy
[1.809s] running install_data
[1.809s] copying actions/Move.py -> /home/omartinez/2023-tfg-oscar-martinez/src/webbt_ws/install/btpy/share/btpy/actions
[1.809s] copying actions/Turn.py -> /home/omartinez/2023-tfg-oscar-martinez/src/webbt_ws/install/btpy/share/btpy/actions
[1.809s] copying actions/CheckObstacle.py -> /home/omartinez/2023-tfg-oscar-martinez/src/webbt_ws/install/btpy/share/btpy/actions
[1.847s] Invoked command in '/home/omartinez/2023-tfg-oscar-martinez/src/webbt_ws/build/btpy' returned '0': PYTHONPATH=/home/omartinez/2023-tfg-oscar-martinez/src/webbt_ws/build/btpy/prefix_override:/home/omartinez/2023-tfg-oscar-martinez/src/webbt_ws/install/btpy/lib/python3.10/site-packages:${PYTHONPATH} /usr/bin/python3 setup.py develop --editable --build-directory /home/omartinez/2023-tfg-oscar-martinez/src/webbt_ws/build/btpy/build --no-deps install_data
