[2.582s] Invoking command in '/home/omartinez/2023-tfg-oscar-martinez/src/webbt_ws/build/py_gardener': PYTHONPATH=/home/omartinez/2023-tfg-oscar-martinez/src/webbt_ws/build/py_gardener/prefix_override:/home/omartinez/2023-tfg-oscar-martinez/src/webbt_ws/install/py_gardener/lib/python3.10/site-packages:${PYTHONPATH} /usr/bin/python3 setup.py develop --editable --build-directory /home/omartinez/2023-tfg-oscar-martinez/src/webbt_ws/build/py_gardener/build --no-deps install_data
[3.114s] running develop
[3.537s] running egg_info
[3.537s] writing py_gardener.egg-info/PKG-INFO
[3.537s] writing dependency_links to py_gardener.egg-info/dependency_links.txt
[3.538s] writing entry points to py_gardener.egg-info/entry_points.txt
[3.538s] writing requirements to py_gardener.egg-info/requires.txt
[3.538s] writing top-level names to py_gardener.egg-info/top_level.txt
[3.542s] reading manifest file 'py_gardener.egg-info/SOURCES.txt'
[3.542s] writing manifest file 'py_gardener.egg-info/SOURCES.txt'
[3.593s] running build_ext
[3.594s] Creating /home/omartinez/2023-tfg-oscar-martinez/src/webbt_ws/install/py_gardener/lib/python3.10/site-packages/py-gardener.egg-link (link to .)
[3.595s] Installing translator script to /home/omartinez/2023-tfg-oscar-martinez/src/webbt_ws/install/py_gardener/lib/py_gardener
[3.596s] 
[3.596s] Installed /home/omartinez/2023-tfg-oscar-martinez/src/webbt_ws/build/py_gardener
[3.596s] running install_data
[3.596s] copying resource/tree.xml -> /home/omartinez/2023-tfg-oscar-martinez/src/webbt_ws/install/py_gardener/share/py_gardener/resource
[3.597s] copying py_gardener/translator.py -> /home/omartinez/2023-tfg-oscar-martinez/src/webbt_ws/install/py_gardener/share/py_gardener/py_gardener
[3.597s] copying actions/Turn.py -> /home/omartinez/2023-tfg-oscar-martinez/src/webbt_ws/install/py_gardener/share/py_gardener/actions
[3.654s] Invoked command in '/home/omartinez/2023-tfg-oscar-martinez/src/webbt_ws/build/py_gardener' returned '0': PYTHONPATH=/home/omartinez/2023-tfg-oscar-martinez/src/webbt_ws/build/py_gardener/prefix_override:/home/omartinez/2023-tfg-oscar-martinez/src/webbt_ws/install/py_gardener/lib/python3.10/site-packages:${PYTHONPATH} /usr/bin/python3 setup.py develop --editable --build-directory /home/omartinez/2023-tfg-oscar-martinez/src/webbt_ws/build/py_gardener/build --no-deps install_data
