[0.101s] Invoking command in '/home/omartinez/2023-tfg-oscar-martinez/src/webbt_ws/build/aws_robomaker_racetrack_world': CMAKE_PREFIX_PATH=${CMAKE_PREFIX_PATH}:/home/omartinez/2023-tfg-oscar-martinez/src/webbt_ws/install/py_trees_ros_viewer:/home/omartinez/2023-tfg-oscar-martinez/src/webbt_ws/install/py_trees_ros_tutorials:/home/omartinez/2023-tfg-oscar-martinez/src/webbt_ws/install/btpy:/home/omartinez/ws/smartloc_ws/install/webots_sim:/opt/ros/humble /usr/bin/cmake --build /home/omartinez/2023-tfg-oscar-martinez/src/webbt_ws/build/aws_robomaker_racetrack_world -- -j8 -l8
[0.891s] Invoked command in '/home/omartinez/2023-tfg-oscar-martinez/src/webbt_ws/build/aws_robomaker_racetrack_world' returned '0': CMAKE_PREFIX_PATH=${CMAKE_PREFIX_PATH}:/home/omartinez/2023-tfg-oscar-martinez/src/webbt_ws/install/py_trees_ros_viewer:/home/omartinez/2023-tfg-oscar-martinez/src/webbt_ws/install/py_trees_ros_tutorials:/home/omartinez/2023-tfg-oscar-martinez/src/webbt_ws/install/btpy:/home/omartinez/ws/smartloc_ws/install/webots_sim:/opt/ros/humble /usr/bin/cmake --build /home/omartinez/2023-tfg-oscar-martinez/src/webbt_ws/build/aws_robomaker_racetrack_world -- -j8 -l8
[0.970s] Invoking command in '/home/omartinez/2023-tfg-oscar-martinez/src/webbt_ws/build/aws_robomaker_racetrack_world': CMAKE_PREFIX_PATH=${CMAKE_PREFIX_PATH}:/home/omartinez/2023-tfg-oscar-martinez/src/webbt_ws/install/py_trees_ros_viewer:/home/omartinez/2023-tfg-oscar-martinez/src/webbt_ws/install/py_trees_ros_tutorials:/home/omartinez/2023-tfg-oscar-martinez/src/webbt_ws/install/btpy:/home/omartinez/ws/smartloc_ws/install/webots_sim:/opt/ros/humble /usr/bin/cmake --install /home/omartinez/2023-tfg-oscar-martinez/src/webbt_ws/build/aws_robomaker_racetrack_world
[1.035s] -- Install configuration: ""
[1.036s] -- Execute custom install script
[1.036s] -- Up-to-date symlink: /home/omartinez/2023-tfg-oscar-martinez/src/webbt_ws/install/aws_robomaker_racetrack_world/share/aws_robomaker_racetrack_world/launch/racetrack.launch.py
[1.037s] -- Up-to-date symlink: /home/omartinez/2023-tfg-oscar-martinez/src/webbt_ws/install/aws_robomaker_racetrack_world/share/aws_robomaker_racetrack_world/launch/view_racetrack.launch.py
[1.037s] -- Up-to-date symlink: /home/omartinez/2023-tfg-oscar-martinez/src/webbt_ws/install/aws_robomaker_racetrack_world/share/aws_robomaker_racetrack_world/models/aws_robomaker_racetrack_Archway_01/materials/textures/aws_Archway_01.png
[1.037s] -- Up-to-date symlink: /home/omartinez/2023-tfg-oscar-martinez/src/webbt_ws/install/aws_robomaker_racetrack_world/share/aws_robomaker_racetrack_world/models/aws_robomaker_racetrack_Archway_01/meshes/aws_Archway_01_collision.DAE
[1.038s] -- Up-to-date symlink: /home/omartinez/2023-tfg-oscar-martinez/src/webbt_ws/install/aws_robomaker_racetrack_world/share/aws_robomaker_racetrack_world/models/aws_robomaker_racetrack_Archway_01/meshes/aws_Archway_01_visual.DAE
[1.038s] -- Up-to-date symlink: /home/omartinez/2023-tfg-oscar-martinez/src/webbt_ws/install/aws_robomaker_racetrack_world/share/aws_robomaker_racetrack_world/models/aws_robomaker_racetrack_Archway_01/model.config
[1.040s] -- Up-to-date symlink: /home/omartinez/2023-tfg-oscar-martinez/src/webbt_ws/install/aws_robomaker_racetrack_world/share/aws_robomaker_racetrack_world/models/aws_robomaker_racetrack_Archway_01/model.sdf
[1.040s] -- Up-to-date symlink: /home/omartinez/2023-tfg-oscar-martinez/src/webbt_ws/install/aws_robomaker_racetrack_world/share/aws_robomaker_racetrack_world/models/aws_robomaker_racetrack_Billboard_01/materials/textures/aws_Billboard_01.png
[1.041s] -- Up-to-date symlink: /home/omartinez/2023-tfg-oscar-martinez/src/webbt_ws/install/aws_robomaker_racetrack_world/share/aws_robomaker_racetrack_world/models/aws_robomaker_racetrack_Billboard_01/meshes/aws_Billboard_01_collision.DAE
[1.042s] -- Up-to-date symlink: /home/omartinez/2023-tfg-oscar-martinez/src/webbt_ws/install/aws_robomaker_racetrack_world/share/aws_robomaker_racetrack_world/models/aws_robomaker_racetrack_Billboard_01/meshes/aws_Billboard_01_visual.DAE
[1.043s] -- Up-to-date symlink: /home/omartinez/2023-tfg-oscar-martinez/src/webbt_ws/install/aws_robomaker_racetrack_world/share/aws_robomaker_racetrack_world/models/aws_robomaker_racetrack_Billboard_01/model.config
[1.044s] -- Up-to-date symlink: /home/omartinez/2023-tfg-oscar-martinez/src/webbt_ws/install/aws_robomaker_racetrack_world/share/aws_robomaker_racetrack_world/models/aws_robomaker_racetrack_Billboard_01/model.sdf
[1.045s] -- Up-to-date symlink: /home/omartinez/2023-tfg-oscar-martinez/src/webbt_ws/install/aws_robomaker_racetrack_world/share/aws_robomaker_racetrack_world/models/aws_robomaker_racetrack_Column_01/materials/textures/aws_Column_01.png
[1.053s] -- Up-to-date symlink: /home/omartinez/2023-tfg-oscar-martinez/src/webbt_ws/install/aws_robomaker_racetrack_world/share/aws_robomaker_racetrack_world/models/aws_robomaker_racetrack_Column_01/meshes/aws_Column_01_collision.DAE
[1.055s] -- Up-to-date symlink: /home/omartinez/2023-tfg-oscar-martinez/src/webbt_ws/install/aws_robomaker_racetrack_world/share/aws_robomaker_racetrack_world/models/aws_robomaker_racetrack_Column_01/meshes/aws_Column_01_visual.DAE
[1.063s] -- Up-to-date symlink: /home/omartinez/2023-tfg-oscar-martinez/src/webbt_ws/install/aws_robomaker_racetrack_world/share/aws_robomaker_racetrack_world/models/aws_robomaker_racetrack_Column_01/model.config
[1.064s] -- Up-to-date symlink: /home/omartinez/2023-tfg-oscar-martinez/src/webbt_ws/install/aws_robomaker_racetrack_world/share/aws_robomaker_racetrack_world/models/aws_robomaker_racetrack_Column_01/model.sdf
[1.064s] -- Up-to-date symlink: /home/omartinez/2023-tfg-oscar-martinez/src/webbt_ws/install/aws_robomaker_racetrack_world/share/aws_robomaker_racetrack_world/models/aws_robomaker_racetrack_CrashworthBucket_01/materials/textures/aws_CrashworthBucket_01.png
[1.064s] -- Up-to-date symlink: /home/omartinez/2023-tfg-oscar-martinez/src/webbt_ws/install/aws_robomaker_racetrack_world/share/aws_robomaker_racetrack_world/models/aws_robomaker_racetrack_CrashworthBucket_01/meshes/aws_CrashworthBucket_01_collision.DAE
[1.064s] -- Up-to-date symlink: /home/omartinez/2023-tfg-oscar-martinez/src/webbt_ws/install/aws_robomaker_racetrack_world/share/aws_robomaker_racetrack_world/models/aws_robomaker_racetrack_CrashworthBucket_01/meshes/aws_CrashworthBucket_01_visual.DAE
[1.065s] -- Up-to-date symlink: /home/omartinez/2023-tfg-oscar-martinez/src/webbt_ws/install/aws_robomaker_racetrack_world/share/aws_robomaker_racetrack_world/models/aws_robomaker_racetrack_CrashworthBucket_01/model.config
[1.065s] -- Up-to-date symlink: /home/omartinez/2023-tfg-oscar-martinez/src/webbt_ws/install/aws_robomaker_racetrack_world/share/aws_robomaker_racetrack_world/models/aws_robomaker_racetrack_CrashworthBucket_01/model.sdf
[1.065s] -- Up-to-date symlink: /home/omartinez/2023-tfg-oscar-martinez/src/webbt_ws/install/aws_robomaker_racetrack_world/share/aws_robomaker_racetrack_world/models/aws_robomaker_racetrack_FenceMesh_01/materials/textures/aws_FenceMesh_01.png
[1.065s] -- Up-to-date symlink: /home/omartinez/2023-tfg-oscar-martinez/src/webbt_ws/install/aws_robomaker_racetrack_world/share/aws_robomaker_racetrack_world/models/aws_robomaker_racetrack_FenceMesh_01/meshes/aws_FenceMesh_01_collision.DAE
[1.066s] -- Up-to-date symlink: /home/omartinez/2023-tfg-oscar-martinez/src/webbt_ws/install/aws_robomaker_racetrack_world/share/aws_robomaker_racetrack_world/models/aws_robomaker_racetrack_FenceMesh_01/meshes/aws_FenceMesh_01_visual.DAE
[1.066s] -- Up-to-date symlink: /home/omartinez/2023-tfg-oscar-martinez/src/webbt_ws/install/aws_robomaker_racetrack_world/share/aws_robomaker_racetrack_world/models/aws_robomaker_racetrack_FenceMesh_01/model.config
[1.066s] -- Up-to-date symlink: /home/omartinez/2023-tfg-oscar-martinez/src/webbt_ws/install/aws_robomaker_racetrack_world/share/aws_robomaker_racetrack_world/models/aws_robomaker_racetrack_FenceMesh_01/model.sdf
[1.066s] -- Up-to-date symlink: /home/omartinez/2023-tfg-oscar-martinez/src/webbt_ws/install/aws_robomaker_racetrack_world/share/aws_robomaker_racetrack_world/models/aws_robomaker_racetrack_Fence_01/materials/textures/aws_Fence_01.png
[1.067s] -- Up-to-date symlink: /home/omartinez/2023-tfg-oscar-martinez/src/webbt_ws/install/aws_robomaker_racetrack_world/share/aws_robomaker_racetrack_world/models/aws_robomaker_racetrack_Fence_01/meshes/aws_Fence_01_collision.DAE
[1.067s] -- Up-to-date symlink: /home/omartinez/2023-tfg-oscar-martinez/src/webbt_ws/install/aws_robomaker_racetrack_world/share/aws_robomaker_racetrack_world/models/aws_robomaker_racetrack_Fence_01/meshes/aws_Fence_01_visual.DAE
[1.067s] -- Up-to-date symlink: /home/omartinez/2023-tfg-oscar-martinez/src/webbt_ws/install/aws_robomaker_racetrack_world/share/aws_robomaker_racetrack_world/models/aws_robomaker_racetrack_Fence_01/model.config
[1.067s] -- Up-to-date symlink: /home/omartinez/2023-tfg-oscar-martinez/src/webbt_ws/install/aws_robomaker_racetrack_world/share/aws_robomaker_racetrack_world/models/aws_robomaker_racetrack_Fence_01/model.sdf
[1.068s] -- Up-to-date symlink: /home/omartinez/2023-tfg-oscar-martinez/src/webbt_ws/install/aws_robomaker_racetrack_world/share/aws_robomaker_racetrack_world/models/aws_robomaker_racetrack_Fence_02/materials/textures/aws_Fence_02.png
[1.068s] -- Up-to-date symlink: /home/omartinez/2023-tfg-oscar-martinez/src/webbt_ws/install/aws_robomaker_racetrack_world/share/aws_robomaker_racetrack_world/models/aws_robomaker_racetrack_Fence_02/meshes/aws_Fence_02_collision.DAE
[1.068s] -- Up-to-date symlink: /home/omartinez/2023-tfg-oscar-martinez/src/webbt_ws/install/aws_robomaker_racetrack_world/share/aws_robomaker_racetrack_world/models/aws_robomaker_racetrack_Fence_02/meshes/aws_Fence_02_visual.DAE
[1.068s] -- Up-to-date symlink: /home/omartinez/2023-tfg-oscar-martinez/src/webbt_ws/install/aws_robomaker_racetrack_world/share/aws_robomaker_racetrack_world/models/aws_robomaker_racetrack_Fence_02/model.config
[1.068s] -- Up-to-date symlink: /home/omartinez/2023-tfg-oscar-martinez/src/webbt_ws/install/aws_robomaker_racetrack_world/share/aws_robomaker_racetrack_world/models/aws_robomaker_racetrack_Fence_02/model.sdf
[1.069s] -- Up-to-date symlink: /home/omartinez/2023-tfg-oscar-martinez/src/webbt_ws/install/aws_robomaker_racetrack_world/share/aws_robomaker_racetrack_world/models/aws_robomaker_racetrack_Ground_01/materials/textures/aws_GroundN_01.png
[1.070s] -- Up-to-date symlink: /home/omartinez/2023-tfg-oscar-martinez/src/webbt_ws/install/aws_robomaker_racetrack_world/share/aws_robomaker_racetrack_world/models/aws_robomaker_racetrack_Ground_01/materials/textures/aws_Ground_01.png
[1.070s] -- Up-to-date symlink: /home/omartinez/2023-tfg-oscar-martinez/src/webbt_ws/install/aws_robomaker_racetrack_world/share/aws_robomaker_racetrack_world/models/aws_robomaker_racetrack_Ground_01/meshes/aws_Ground_01_collision.DAE
[1.070s] -- Up-to-date symlink: /home/omartinez/2023-tfg-oscar-martinez/src/webbt_ws/install/aws_robomaker_racetrack_world/share/aws_robomaker_racetrack_world/models/aws_robomaker_racetrack_Ground_01/meshes/aws_Ground_01_visual.DAE
[1.070s] -- Up-to-date symlink: /home/omartinez/2023-tfg-oscar-martinez/src/webbt_ws/install/aws_robomaker_racetrack_world/share/aws_robomaker_racetrack_world/models/aws_robomaker_racetrack_Ground_01/model.config
[1.070s] -- Up-to-date symlink: /home/omartinez/2023-tfg-oscar-martinez/src/webbt_ws/install/aws_robomaker_racetrack_world/share/aws_robomaker_racetrack_world/models/aws_robomaker_racetrack_Ground_01/model.sdf
[1.071s] -- Up-to-date symlink: /home/omartinez/2023-tfg-oscar-martinez/src/webbt_ws/install/aws_robomaker_racetrack_world/share/aws_robomaker_racetrack_world/models/aws_robomaker_racetrack_Light_01/materials/textures/aws_Light_01.png
[1.071s] -- Up-to-date symlink: /home/omartinez/2023-tfg-oscar-martinez/src/webbt_ws/install/aws_robomaker_racetrack_world/share/aws_robomaker_racetrack_world/models/aws_robomaker_racetrack_Light_01/meshes/aws_Light_01_collision.DAE
[1.071s] -- Up-to-date symlink: /home/omartinez/2023-tfg-oscar-martinez/src/webbt_ws/install/aws_robomaker_racetrack_world/share/aws_robomaker_racetrack_world/models/aws_robomaker_racetrack_Light_01/meshes/aws_Light_01_visual.DAE
[1.071s] -- Up-to-date symlink: /home/omartinez/2023-tfg-oscar-martinez/src/webbt_ws/install/aws_robomaker_racetrack_world/share/aws_robomaker_racetrack_world/models/aws_robomaker_racetrack_Light_01/model.config
[1.073s] -- Up-to-date symlink: /home/omartinez/2023-tfg-oscar-martinez/src/webbt_ws/install/aws_robomaker_racetrack_world/share/aws_robomaker_racetrack_world/models/aws_robomaker_racetrack_Light_01/model.sdf
[1.074s] -- Up-to-date symlink: /home/omartinez/2023-tfg-oscar-martinez/src/webbt_ws/install/aws_robomaker_racetrack_world/share/aws_robomaker_racetrack_world/models/aws_robomaker_racetrack_RaceStartLight_01/materials/textures/aws_RaceStartLight_01.png
[1.075s] -- Up-to-date symlink: /home/omartinez/2023-tfg-oscar-martinez/src/webbt_ws/install/aws_robomaker_racetrack_world/share/aws_robomaker_racetrack_world/models/aws_robomaker_racetrack_RaceStartLight_01/meshes/aws_RaceStartLight_01_collision.DAE
[1.145s] -- Up-to-date symlink: /home/omartinez/2023-tfg-oscar-martinez/src/webbt_ws/install/aws_robomaker_racetrack_world/share/aws_robomaker_racetrack_world/models/aws_robomaker_racetrack_RaceStartLight_01/meshes/aws_RaceStartLight_01_visual.DAE
[1.145s] -- Up-to-date symlink: /home/omartinez/2023-tfg-oscar-martinez/src/webbt_ws/install/aws_robomaker_racetrack_world/share/aws_robomaker_racetrack_world/models/aws_robomaker_racetrack_RaceStartLight_01/model.config
[1.170s] -- Up-to-date symlink: /home/omartinez/2023-tfg-oscar-martinez/src/webbt_ws/install/aws_robomaker_racetrack_world/share/aws_robomaker_racetrack_world/models/aws_robomaker_racetrack_RaceStartLight_01/model.sdf
[1.171s] -- Up-to-date symlink: /home/omartinez/2023-tfg-oscar-martinez/src/webbt_ws/install/aws_robomaker_racetrack_world/share/aws_robomaker_racetrack_world/models/aws_robomaker_racetrack_StonePier_01/materials/textures/aws_StonePier_01.png
[1.171s] -- Up-to-date symlink: /home/omartinez/2023-tfg-oscar-martinez/src/webbt_ws/install/aws_robomaker_racetrack_world/share/aws_robomaker_racetrack_world/models/aws_robomaker_racetrack_StonePier_01/meshes/aws_StonePier_01_collision.DAE
[1.173s] -- Up-to-date symlink: /home/omartinez/2023-tfg-oscar-martinez/src/webbt_ws/install/aws_robomaker_racetrack_world/share/aws_robomaker_racetrack_world/models/aws_robomaker_racetrack_StonePier_01/meshes/aws_StonePier_01_visual.DAE
[1.173s] -- Up-to-date symlink: /home/omartinez/2023-tfg-oscar-martinez/src/webbt_ws/install/aws_robomaker_racetrack_world/share/aws_robomaker_racetrack_world/models/aws_robomaker_racetrack_StonePier_01/model.config
[1.173s] -- Up-to-date symlink: /home/omartinez/2023-tfg-oscar-martinez/src/webbt_ws/install/aws_robomaker_racetrack_world/share/aws_robomaker_racetrack_world/models/aws_robomaker_racetrack_StonePier_01/model.sdf
[1.174s] -- Up-to-date symlink: /home/omartinez/2023-tfg-oscar-martinez/src/webbt_ws/install/aws_robomaker_racetrack_world/share/aws_robomaker_racetrack_world/models/aws_robomaker_racetrack_StopSign_01/materials/textures/aws_StopSign_01.png
[1.174s] -- Up-to-date symlink: /home/omartinez/2023-tfg-oscar-martinez/src/webbt_ws/install/aws_robomaker_racetrack_world/share/aws_robomaker_racetrack_world/models/aws_robomaker_racetrack_StopSign_01/meshes/aws_StopSign_01_collision.DAE
[1.175s] -- Up-to-date symlink: /home/omartinez/2023-tfg-oscar-martinez/src/webbt_ws/install/aws_robomaker_racetrack_world/share/aws_robomaker_racetrack_world/models/aws_robomaker_racetrack_StopSign_01/meshes/aws_StopSign_01_visual.DAE
[1.175s] -- Up-to-date symlink: /home/omartinez/2023-tfg-oscar-martinez/src/webbt_ws/install/aws_robomaker_racetrack_world/share/aws_robomaker_racetrack_world/models/aws_robomaker_racetrack_StopSign_01/model.config
[1.176s] -- Up-to-date symlink: /home/omartinez/2023-tfg-oscar-martinez/src/webbt_ws/install/aws_robomaker_racetrack_world/share/aws_robomaker_racetrack_world/models/aws_robomaker_racetrack_StopSign_01/model.sdf
[1.177s] -- Up-to-date symlink: /home/omartinez/2023-tfg-oscar-martinez/src/webbt_ws/install/aws_robomaker_racetrack_world/share/aws_robomaker_racetrack_world/models/aws_robomaker_racetrack_Track_01/materials/textures/aws_Track_01.png
[1.177s] -- Up-to-date symlink: /home/omartinez/2023-tfg-oscar-martinez/src/webbt_ws/install/aws_robomaker_racetrack_world/share/aws_robomaker_racetrack_world/models/aws_robomaker_racetrack_Track_01/materials/textures/aws_Track_01A.png
[1.178s] -- Up-to-date symlink: /home/omartinez/2023-tfg-oscar-martinez/src/webbt_ws/install/aws_robomaker_racetrack_world/share/aws_robomaker_racetrack_world/models/aws_robomaker_racetrack_Track_01/meshes/aws_Track_01_collision.DAE
[1.178s] -- Up-to-date symlink: /home/omartinez/2023-tfg-oscar-martinez/src/webbt_ws/install/aws_robomaker_racetrack_world/share/aws_robomaker_racetrack_world/models/aws_robomaker_racetrack_Track_01/meshes/aws_Track_01_visual.DAE
[1.181s] -- Up-to-date symlink: /home/omartinez/2023-tfg-oscar-martinez/src/webbt_ws/install/aws_robomaker_racetrack_world/share/aws_robomaker_racetrack_world/models/aws_robomaker_racetrack_Track_01/model.config
[1.182s] -- Up-to-date symlink: /home/omartinez/2023-tfg-oscar-martinez/src/webbt_ws/install/aws_robomaker_racetrack_world/share/aws_robomaker_racetrack_world/models/aws_robomaker_racetrack_Track_01/model.sdf
[1.183s] -- Up-to-date symlink: /home/omartinez/2023-tfg-oscar-martinez/src/webbt_ws/install/aws_robomaker_racetrack_world/share/aws_robomaker_racetrack_world/models/aws_robomaker_racetrack_Track_02/materials/textures/aws_Track_02.png
[1.187s] -- Up-to-date symlink: /home/omartinez/2023-tfg-oscar-martinez/src/webbt_ws/install/aws_robomaker_racetrack_world/share/aws_robomaker_racetrack_world/models/aws_robomaker_racetrack_Track_02/materials/textures/aws_Track_02B.png
[1.188s] -- Up-to-date symlink: /home/omartinez/2023-tfg-oscar-martinez/src/webbt_ws/install/aws_robomaker_racetrack_world/share/aws_robomaker_racetrack_world/models/aws_robomaker_racetrack_Track_02/meshes/aws_Track_02_collision.DAE
[1.198s] -- Up-to-date symlink: /home/omartinez/2023-tfg-oscar-martinez/src/webbt_ws/install/aws_robomaker_racetrack_world/share/aws_robomaker_racetrack_world/models/aws_robomaker_racetrack_Track_02/meshes/aws_Track_02_visual.DAE
[1.199s] -- Up-to-date symlink: /home/omartinez/2023-tfg-oscar-martinez/src/webbt_ws/install/aws_robomaker_racetrack_world/share/aws_robomaker_racetrack_world/models/aws_robomaker_racetrack_Track_02/model.config
[1.209s] -- Up-to-date symlink: /home/omartinez/2023-tfg-oscar-martinez/src/webbt_ws/install/aws_robomaker_racetrack_world/share/aws_robomaker_racetrack_world/models/aws_robomaker_racetrack_Track_02/model.sdf
[1.211s] -- Up-to-date symlink: /home/omartinez/2023-tfg-oscar-martinez/src/webbt_ws/install/aws_robomaker_racetrack_world/share/aws_robomaker_racetrack_world/models/aws_robomaker_racetrack_Track_03/materials/textures/aws_Track_03.png
[1.211s] -- Up-to-date symlink: /home/omartinez/2023-tfg-oscar-martinez/src/webbt_ws/install/aws_robomaker_racetrack_world/share/aws_robomaker_racetrack_world/models/aws_robomaker_racetrack_Track_03/materials/textures/aws_Track_03B.png
[1.212s] -- Up-to-date symlink: /home/omartinez/2023-tfg-oscar-martinez/src/webbt_ws/install/aws_robomaker_racetrack_world/share/aws_robomaker_racetrack_world/models/aws_robomaker_racetrack_Track_03/meshes/aws_Track_03_collision.DAE
[1.212s] -- Up-to-date symlink: /home/omartinez/2023-tfg-oscar-martinez/src/webbt_ws/install/aws_robomaker_racetrack_world/share/aws_robomaker_racetrack_world/models/aws_robomaker_racetrack_Track_03/meshes/aws_Track_03_visual.DAE
[1.220s] -- Up-to-date symlink: /home/omartinez/2023-tfg-oscar-martinez/src/webbt_ws/install/aws_robomaker_racetrack_world/share/aws_robomaker_racetrack_world/models/aws_robomaker_racetrack_Track_03/model.config
[1.225s] -- Up-to-date symlink: /home/omartinez/2023-tfg-oscar-martinez/src/webbt_ws/install/aws_robomaker_racetrack_world/share/aws_robomaker_racetrack_world/models/aws_robomaker_racetrack_Track_03/model.sdf
[1.228s] -- Up-to-date symlink: /home/omartinez/2023-tfg-oscar-martinez/src/webbt_ws/install/aws_robomaker_racetrack_world/share/aws_robomaker_racetrack_world/models/aws_robomaker_racetrack_Track_04/materials/textures/aws_Track_04.png
[1.230s] -- Up-to-date symlink: /home/omartinez/2023-tfg-oscar-martinez/src/webbt_ws/install/aws_robomaker_racetrack_world/share/aws_robomaker_racetrack_world/models/aws_robomaker_racetrack_Track_04/materials/textures/aws_Track_04B.png
[1.231s] -- Up-to-date symlink: /home/omartinez/2023-tfg-oscar-martinez/src/webbt_ws/install/aws_robomaker_racetrack_world/share/aws_robomaker_racetrack_world/models/aws_robomaker_racetrack_Track_04/meshes/aws_Track_04_collision.DAE
[1.231s] -- Up-to-date symlink: /home/omartinez/2023-tfg-oscar-martinez/src/webbt_ws/install/aws_robomaker_racetrack_world/share/aws_robomaker_racetrack_world/models/aws_robomaker_racetrack_Track_04/meshes/aws_Track_04_visual.DAE
[1.232s] -- Up-to-date symlink: /home/omartinez/2023-tfg-oscar-martinez/src/webbt_ws/install/aws_robomaker_racetrack_world/share/aws_robomaker_racetrack_world/models/aws_robomaker_racetrack_Track_04/model.config
[1.233s] -- Up-to-date symlink: /home/omartinez/2023-tfg-oscar-martinez/src/webbt_ws/install/aws_robomaker_racetrack_world/share/aws_robomaker_racetrack_world/models/aws_robomaker_racetrack_Track_04/model.sdf
[1.234s] -- Up-to-date symlink: /home/omartinez/2023-tfg-oscar-martinez/src/webbt_ws/install/aws_robomaker_racetrack_world/share/aws_robomaker_racetrack_world/models/aws_robomaker_racetrack_Track_05/materials/aws_Track_05.png
[1.235s] -- Up-to-date symlink: /home/omartinez/2023-tfg-oscar-martinez/src/webbt_ws/install/aws_robomaker_racetrack_world/share/aws_robomaker_racetrack_world/models/aws_robomaker_racetrack_Track_05/materials/aws_Track_05B.png
[1.236s] -- Up-to-date symlink: /home/omartinez/2023-tfg-oscar-martinez/src/webbt_ws/install/aws_robomaker_racetrack_world/share/aws_robomaker_racetrack_world/models/aws_robomaker_racetrack_Track_05/materials/aws_Track_05C.png
[1.244s] -- Up-to-date symlink: /home/omartinez/2023-tfg-oscar-martinez/src/webbt_ws/install/aws_robomaker_racetrack_world/share/aws_robomaker_racetrack_world/models/aws_robomaker_racetrack_Track_05/materials/textures/aws_Track_05.png
[1.245s] -- Up-to-date symlink: /home/omartinez/2023-tfg-oscar-martinez/src/webbt_ws/install/aws_robomaker_racetrack_world/share/aws_robomaker_racetrack_world/models/aws_robomaker_racetrack_Track_05/materials/textures/aws_Track_05B.png
[1.246s] -- Up-to-date symlink: /home/omartinez/2023-tfg-oscar-martinez/src/webbt_ws/install/aws_robomaker_racetrack_world/share/aws_robomaker_racetrack_world/models/aws_robomaker_racetrack_Track_05/materials/textures/aws_Track_05C.png
[1.248s] -- Up-to-date symlink: /home/omartinez/2023-tfg-oscar-martinez/src/webbt_ws/install/aws_robomaker_racetrack_world/share/aws_robomaker_racetrack_world/models/aws_robomaker_racetrack_Track_05/meshes/aws_Track_05_collision.DAE
[1.249s] -- Up-to-date symlink: /home/omartinez/2023-tfg-oscar-martinez/src/webbt_ws/install/aws_robomaker_racetrack_world/share/aws_robomaker_racetrack_world/models/aws_robomaker_racetrack_Track_05/meshes/aws_Track_05_visual.DAE
[1.250s] -- Up-to-date symlink: /home/omartinez/2023-tfg-oscar-martinez/src/webbt_ws/install/aws_robomaker_racetrack_world/share/aws_robomaker_racetrack_world/models/aws_robomaker_racetrack_Track_05/model.config
[1.251s] -- Up-to-date symlink: /home/omartinez/2023-tfg-oscar-martinez/src/webbt_ws/install/aws_robomaker_racetrack_world/share/aws_robomaker_racetrack_world/models/aws_robomaker_racetrack_Track_05/model.sdf
[1.252s] -- Up-to-date symlink: /home/omartinez/2023-tfg-oscar-martinez/src/webbt_ws/install/aws_robomaker_racetrack_world/share/aws_robomaker_racetrack_world/models/aws_robomaker_racetrack_Trackline_01/materials/textures/aws_Trackline_01.png
[1.253s] -- Up-to-date symlink: /home/omartinez/2023-tfg-oscar-martinez/src/webbt_ws/install/aws_robomaker_racetrack_world/share/aws_robomaker_racetrack_world/models/aws_robomaker_racetrack_Trackline_01/meshes/aws_Trackline_01_collision.DAE
[1.254s] -- Up-to-date symlink: /home/omartinez/2023-tfg-oscar-martinez/src/webbt_ws/install/aws_robomaker_racetrack_world/share/aws_robomaker_racetrack_world/models/aws_robomaker_racetrack_Trackline_01/meshes/aws_Trackline_01_visual.DAE
[1.260s] -- Up-to-date symlink: /home/omartinez/2023-tfg-oscar-martinez/src/webbt_ws/install/aws_robomaker_racetrack_world/share/aws_robomaker_racetrack_world/models/aws_robomaker_racetrack_Trackline_01/model.config
[1.260s] -- Up-to-date symlink: /home/omartinez/2023-tfg-oscar-martinez/src/webbt_ws/install/aws_robomaker_racetrack_world/share/aws_robomaker_racetrack_world/models/aws_robomaker_racetrack_Trackline_01/model.sdf
[1.261s] -- Up-to-date symlink: /home/omartinez/2023-tfg-oscar-martinez/src/webbt_ws/install/aws_robomaker_racetrack_world/share/aws_robomaker_racetrack_world/models/aws_robomaker_racetrack_TrafficCone_01/materials/textures/aws_TrafficCone_01.png
[1.262s] -- Up-to-date symlink: /home/omartinez/2023-tfg-oscar-martinez/src/webbt_ws/install/aws_robomaker_racetrack_world/share/aws_robomaker_racetrack_world/models/aws_robomaker_racetrack_TrafficCone_01/meshes/aws_TrafficCone_01_coliision.DAE
[1.264s] -- Up-to-date symlink: /home/omartinez/2023-tfg-oscar-martinez/src/webbt_ws/install/aws_robomaker_racetrack_world/share/aws_robomaker_racetrack_world/models/aws_robomaker_racetrack_TrafficCone_01/meshes/aws_TrafficCone_01_visual.DAE
[1.265s] -- Up-to-date symlink: /home/omartinez/2023-tfg-oscar-martinez/src/webbt_ws/install/aws_robomaker_racetrack_world/share/aws_robomaker_racetrack_world/models/aws_robomaker_racetrack_TrafficCone_01/model.config
[1.272s] -- Up-to-date symlink: /home/omartinez/2023-tfg-oscar-martinez/src/webbt_ws/install/aws_robomaker_racetrack_world/share/aws_robomaker_racetrack_world/models/aws_robomaker_racetrack_TrafficCone_01/model.sdf
[1.273s] -- Up-to-date symlink: /home/omartinez/2023-tfg-oscar-martinez/src/webbt_ws/install/aws_robomaker_racetrack_world/share/aws_robomaker_racetrack_world/models/aws_robomaker_racetrack_Wall_01/materials/textures/aws_Wall_01.png
[1.275s] -- Up-to-date symlink: /home/omartinez/2023-tfg-oscar-martinez/src/webbt_ws/install/aws_robomaker_racetrack_world/share/aws_robomaker_racetrack_world/models/aws_robomaker_racetrack_Wall_01/meshes/aws_Wall_01_collision.DAE
[1.276s] -- Up-to-date symlink: /home/omartinez/2023-tfg-oscar-martinez/src/webbt_ws/install/aws_robomaker_racetrack_world/share/aws_robomaker_racetrack_world/models/aws_robomaker_racetrack_Wall_01/meshes/aws_Wall_01_visual.DAE
[1.280s] -- Up-to-date symlink: /home/omartinez/2023-tfg-oscar-martinez/src/webbt_ws/install/aws_robomaker_racetrack_world/share/aws_robomaker_racetrack_world/models/aws_robomaker_racetrack_Wall_01/model.config
[1.282s] -- Up-to-date symlink: /home/omartinez/2023-tfg-oscar-martinez/src/webbt_ws/install/aws_robomaker_racetrack_world/share/aws_robomaker_racetrack_world/models/aws_robomaker_racetrack_Wall_01/model.sdf
[1.288s] -- Up-to-date symlink: /home/omartinez/2023-tfg-oscar-martinez/src/webbt_ws/install/aws_robomaker_racetrack_world/share/aws_robomaker_racetrack_world/worlds/racetrack_day.world
[1.288s] -- Up-to-date symlink: /home/omartinez/2023-tfg-oscar-martinez/src/webbt_ws/install/aws_robomaker_racetrack_world/share/aws_robomaker_racetrack_world/worlds/racetrack_day_empty.world
[1.309s] -- Up-to-date symlink: /home/omartinez/2023-tfg-oscar-martinez/src/webbt_ws/install/aws_robomaker_racetrack_world/share/aws_robomaker_racetrack_world/worlds/racetrack_night.world
[1.309s] -- Up-to-date symlink: /home/omartinez/2023-tfg-oscar-martinez/src/webbt_ws/install/aws_robomaker_racetrack_world/share/ament_index/resource_index/package_run_dependencies/aws_robomaker_racetrack_world
[1.310s] -- Up-to-date symlink: /home/omartinez/2023-tfg-oscar-martinez/src/webbt_ws/install/aws_robomaker_racetrack_world/share/ament_index/resource_index/parent_prefix_path/aws_robomaker_racetrack_world
[1.310s] -- Up-to-date symlink: /home/omartinez/2023-tfg-oscar-martinez/src/webbt_ws/install/aws_robomaker_racetrack_world/share/aws_robomaker_racetrack_world/environment/ament_prefix_path.sh
[1.311s] -- Up-to-date symlink: /home/omartinez/2023-tfg-oscar-martinez/src/webbt_ws/install/aws_robomaker_racetrack_world/share/aws_robomaker_racetrack_world/environment/ament_prefix_path.dsv
[1.311s] -- Up-to-date symlink: /home/omartinez/2023-tfg-oscar-martinez/src/webbt_ws/install/aws_robomaker_racetrack_world/share/aws_robomaker_racetrack_world/environment/path.sh
[1.311s] -- Up-to-date symlink: /home/omartinez/2023-tfg-oscar-martinez/src/webbt_ws/install/aws_robomaker_racetrack_world/share/aws_robomaker_racetrack_world/environment/path.dsv
[1.331s] -- Up-to-date symlink: /home/omartinez/2023-tfg-oscar-martinez/src/webbt_ws/install/aws_robomaker_racetrack_world/share/aws_robomaker_racetrack_world/local_setup.bash
[1.334s] -- Up-to-date symlink: /home/omartinez/2023-tfg-oscar-martinez/src/webbt_ws/install/aws_robomaker_racetrack_world/share/aws_robomaker_racetrack_world/local_setup.sh
[1.337s] -- Up-to-date symlink: /home/omartinez/2023-tfg-oscar-martinez/src/webbt_ws/install/aws_robomaker_racetrack_world/share/aws_robomaker_racetrack_world/local_setup.zsh
[1.340s] -- Up-to-date symlink: /home/omartinez/2023-tfg-oscar-martinez/src/webbt_ws/install/aws_robomaker_racetrack_world/share/aws_robomaker_racetrack_world/local_setup.dsv
[1.404s] -- Symlinking: /home/omartinez/2023-tfg-oscar-martinez/src/webbt_ws/install/aws_robomaker_racetrack_world/share/aws_robomaker_racetrack_world/package.dsv
[1.468s] -- Up-to-date symlink: /home/omartinez/2023-tfg-oscar-martinez/src/webbt_ws/install/aws_robomaker_racetrack_world/share/ament_index/resource_index/packages/aws_robomaker_racetrack_world
[1.468s] -- Up-to-date symlink: /home/omartinez/2023-tfg-oscar-martinez/src/webbt_ws/install/aws_robomaker_racetrack_world/share/aws_robomaker_racetrack_world/cmake/ament_cmake_export_dependencies-extras.cmake
[1.469s] -- Up-to-date symlink: /home/omartinez/2023-tfg-oscar-martinez/src/webbt_ws/install/aws_robomaker_racetrack_world/share/aws_robomaker_racetrack_world/cmake/aws_robomaker_racetrack_worldConfig.cmake
[1.469s] -- Up-to-date symlink: /home/omartinez/2023-tfg-oscar-martinez/src/webbt_ws/install/aws_robomaker_racetrack_world/share/aws_robomaker_racetrack_world/cmake/aws_robomaker_racetrack_worldConfig-version.cmake
[1.469s] -- Up-to-date symlink: /home/omartinez/2023-tfg-oscar-martinez/src/webbt_ws/install/aws_robomaker_racetrack_world/share/aws_robomaker_racetrack_world/package.xml
[1.482s] Invoked command in '/home/omartinez/2023-tfg-oscar-martinez/src/webbt_ws/build/aws_robomaker_racetrack_world' returned '0': CMAKE_PREFIX_PATH=${CMAKE_PREFIX_PATH}:/home/omartinez/2023-tfg-oscar-martinez/src/webbt_ws/install/py_trees_ros_viewer:/home/omartinez/2023-tfg-oscar-martinez/src/webbt_ws/install/py_trees_ros_tutorials:/home/omartinez/2023-tfg-oscar-martinez/src/webbt_ws/install/btpy:/home/omartinez/ws/smartloc_ws/install/webots_sim:/opt/ros/humble /usr/bin/cmake --install /home/omartinez/2023-tfg-oscar-martinez/src/webbt_ws/build/aws_robomaker_racetrack_world
