[0.454s] DEBUG:colcon:Command line arguments: ['/usr/bin/colcon', 'build', '--symlink-install']
[0.454s] DEBUG:colcon:Parsed command line arguments: Namespace(log_base=None, log_level=None, verb_name='build', build_base='build', install_base='install', merge_install=False, symlink_install=True, test_result_base=None, continue_on_error=False, executor='parallel', parallel_workers=8, event_handlers=None, ignore_user_meta=False, metas=['./colcon.meta'], base_paths=['.'], packages_ignore=None, packages_ignore_regex=None, paths=None, packages_up_to=None, packages_up_to_regex=None, packages_above=None, packages_above_and_dependencies=None, packages_above_depth=None, packages_select_by_dep=None, packages_skip_by_dep=None, packages_skip_up_to=None, packages_select_build_failed=False, packages_skip_build_finished=False, packages_select_test_failures=False, packages_skip_test_passed=False, packages_select=None, packages_skip=None, packages_select_regex=None, packages_skip_regex=None, packages_start=None, packages_end=None, allow_overriding=[], cmake_args=None, cmake_target=None, cmake_target_skip_unavailable=False, cmake_clean_cache=False, cmake_clean_first=False, cmake_force_configure=False, ament_cmake_args=None, catkin_cmake_args=None, catkin_skip_building_tests=False, verb_parser=<colcon_defaults.argument_parser.defaults.DefaultArgumentsDecorator object at 0x7ff05d0854e0>, verb_extension=<colcon_core.verb.build.BuildVerb object at 0x7ff05d084f70>, main=<bound method BuildVerb.main of <colcon_core.verb.build.BuildVerb object at 0x7ff05d084f70>>)
[0.480s] Level 1:colcon.colcon_core.package_discovery:discover_packages(colcon_meta) check parameters
[0.480s] Level 1:colcon.colcon_core.package_discovery:discover_packages(recursive) check parameters
[0.480s] Level 1:colcon.colcon_core.package_discovery:discover_packages(ignore) check parameters
[0.480s] Level 1:colcon.colcon_core.package_discovery:discover_packages(path) check parameters
[0.480s] Level 1:colcon.colcon_core.package_discovery:discover_packages(colcon_meta) discover
[0.480s] Level 1:colcon.colcon_core.package_discovery:discover_packages(recursive) discover
[0.480s] INFO:colcon.colcon_core.package_discovery:Crawling recursively for packages in '/home/omartinez/2023-tfg-oscar-martinez/src/webbt_ws'
[0.481s] Level 1:colcon.colcon_core.package_identification:_identify(.) by extensions ['ignore', 'ignore_ament_install']
[0.481s] Level 1:colcon.colcon_core.package_identification:_identify(.) by extension 'ignore'
[0.481s] Level 1:colcon.colcon_core.package_identification:_identify(.) by extension 'ignore_ament_install'
[0.481s] Level 1:colcon.colcon_core.package_identification:_identify(.) by extensions ['colcon_pkg']
[0.481s] Level 1:colcon.colcon_core.package_identification:_identify(.) by extension 'colcon_pkg'
[0.481s] Level 1:colcon.colcon_core.package_identification:_identify(.) by extensions ['colcon_meta']
[0.481s] Level 1:colcon.colcon_core.package_identification:_identify(.) by extension 'colcon_meta'
[0.481s] Level 1:colcon.colcon_core.package_identification:_identify(.) by extensions ['ros']
[0.481s] Level 1:colcon.colcon_core.package_identification:_identify(.) by extension 'ros'
[0.493s] Level 1:colcon.colcon_core.package_identification:_identify(.) by extensions ['cmake', 'python']
[0.493s] Level 1:colcon.colcon_core.package_identification:_identify(.) by extension 'cmake'
[0.493s] Level 1:colcon.colcon_core.package_identification:_identify(.) by extension 'python'
[0.493s] Level 1:colcon.colcon_core.package_identification:_identify(.) by extensions ['python_setup_py']
[0.493s] Level 1:colcon.colcon_core.package_identification:_identify(.) by extension 'python_setup_py'
[0.493s] Level 1:colcon.colcon_core.package_identification:_identify(build) by extensions ['ignore', 'ignore_ament_install']
[0.493s] Level 1:colcon.colcon_core.package_identification:_identify(build) by extension 'ignore'
[0.493s] Level 1:colcon.colcon_core.package_identification:_identify(build) ignored
[0.494s] Level 1:colcon.colcon_core.package_identification:_identify(install) by extensions ['ignore', 'ignore_ament_install']
[0.494s] Level 1:colcon.colcon_core.package_identification:_identify(install) by extension 'ignore'
[0.494s] Level 1:colcon.colcon_core.package_identification:_identify(install) ignored
[0.494s] Level 1:colcon.colcon_core.package_identification:_identify(log) by extensions ['ignore', 'ignore_ament_install']
[0.494s] Level 1:colcon.colcon_core.package_identification:_identify(log) by extension 'ignore'
[0.494s] Level 1:colcon.colcon_core.package_identification:_identify(log) ignored
[0.495s] Level 1:colcon.colcon_core.package_identification:_identify(src) by extensions ['ignore', 'ignore_ament_install']
[0.495s] Level 1:colcon.colcon_core.package_identification:_identify(src) by extension 'ignore'
[0.495s] Level 1:colcon.colcon_core.package_identification:_identify(src) by extension 'ignore_ament_install'
[0.495s] Level 1:colcon.colcon_core.package_identification:_identify(src) by extensions ['colcon_pkg']
[0.495s] Level 1:colcon.colcon_core.package_identification:_identify(src) by extension 'colcon_pkg'
[0.495s] Level 1:colcon.colcon_core.package_identification:_identify(src) by extensions ['colcon_meta']
[0.495s] Level 1:colcon.colcon_core.package_identification:_identify(src) by extension 'colcon_meta'
[0.495s] Level 1:colcon.colcon_core.package_identification:_identify(src) by extensions ['ros']
[0.495s] Level 1:colcon.colcon_core.package_identification:_identify(src) by extension 'ros'
[0.495s] Level 1:colcon.colcon_core.package_identification:_identify(src) by extensions ['cmake', 'python']
[0.495s] Level 1:colcon.colcon_core.package_identification:_identify(src) by extension 'cmake'
[0.496s] Level 1:colcon.colcon_core.package_identification:_identify(src) by extension 'python'
[0.496s] Level 1:colcon.colcon_core.package_identification:_identify(src) by extensions ['python_setup_py']
[0.496s] Level 1:colcon.colcon_core.package_identification:_identify(src) by extension 'python_setup_py'
[0.496s] Level 1:colcon.colcon_core.package_identification:_identify(src/btpy) by extensions ['ignore', 'ignore_ament_install']
[0.496s] Level 1:colcon.colcon_core.package_identification:_identify(src/btpy) by extension 'ignore'
[0.496s] Level 1:colcon.colcon_core.package_identification:_identify(src/btpy) by extension 'ignore_ament_install'
[0.496s] Level 1:colcon.colcon_core.package_identification:_identify(src/btpy) by extensions ['colcon_pkg']
[0.496s] Level 1:colcon.colcon_core.package_identification:_identify(src/btpy) by extension 'colcon_pkg'
[0.496s] Level 1:colcon.colcon_core.package_identification:_identify(src/btpy) by extensions ['colcon_meta']
[0.496s] Level 1:colcon.colcon_core.package_identification:_identify(src/btpy) by extension 'colcon_meta'
[0.496s] Level 1:colcon.colcon_core.package_identification:_identify(src/btpy) by extensions ['ros']
[0.496s] Level 1:colcon.colcon_core.package_identification:_identify(src/btpy) by extension 'ros'
[0.500s] DEBUG:colcon.colcon_core.package_identification:Package 'src/btpy' with type 'ros.ament_python' and name 'btpy'
[0.500s] Level 1:colcon.colcon_core.package_identification:_identify(src/py_trees_ros_tutorials) by extensions ['ignore', 'ignore_ament_install']
[0.500s] Level 1:colcon.colcon_core.package_identification:_identify(src/py_trees_ros_tutorials) by extension 'ignore'
[0.500s] Level 1:colcon.colcon_core.package_identification:_identify(src/py_trees_ros_tutorials) by extension 'ignore_ament_install'
[0.500s] Level 1:colcon.colcon_core.package_identification:_identify(src/py_trees_ros_tutorials) by extensions ['colcon_pkg']
[0.500s] Level 1:colcon.colcon_core.package_identification:_identify(src/py_trees_ros_tutorials) by extension 'colcon_pkg'
[0.500s] Level 1:colcon.colcon_core.package_identification:_identify(src/py_trees_ros_tutorials) by extensions ['colcon_meta']
[0.500s] Level 1:colcon.colcon_core.package_identification:_identify(src/py_trees_ros_tutorials) by extension 'colcon_meta'
[0.500s] Level 1:colcon.colcon_core.package_identification:_identify(src/py_trees_ros_tutorials) by extensions ['ros']
[0.501s] Level 1:colcon.colcon_core.package_identification:_identify(src/py_trees_ros_tutorials) by extension 'ros'
[0.503s] DEBUG:colcon.colcon_core.package_identification:Package 'src/py_trees_ros_tutorials' with type 'ros.ament_python' and name 'py_trees_ros_tutorials'
[0.503s] Level 1:colcon.colcon_core.package_identification:_identify(src/py_trees_ros_viewer) by extensions ['ignore', 'ignore_ament_install']
[0.503s] Level 1:colcon.colcon_core.package_identification:_identify(src/py_trees_ros_viewer) by extension 'ignore'
[0.503s] Level 1:colcon.colcon_core.package_identification:_identify(src/py_trees_ros_viewer) by extension 'ignore_ament_install'
[0.503s] Level 1:colcon.colcon_core.package_identification:_identify(src/py_trees_ros_viewer) by extensions ['colcon_pkg']
[0.504s] Level 1:colcon.colcon_core.package_identification:_identify(src/py_trees_ros_viewer) by extension 'colcon_pkg'
[0.504s] Level 1:colcon.colcon_core.package_identification:_identify(src/py_trees_ros_viewer) by extensions ['colcon_meta']
[0.504s] Level 1:colcon.colcon_core.package_identification:_identify(src/py_trees_ros_viewer) by extension 'colcon_meta'
[0.504s] Level 1:colcon.colcon_core.package_identification:_identify(src/py_trees_ros_viewer) by extensions ['ros']
[0.504s] Level 1:colcon.colcon_core.package_identification:_identify(src/py_trees_ros_viewer) by extension 'ros'
[0.505s] DEBUG:colcon.colcon_core.package_identification:Package 'src/py_trees_ros_viewer' with type 'ros.ament_python' and name 'py_trees_ros_viewer'
[0.505s] Level 1:colcon.colcon_core.package_discovery:discover_packages(recursive) using defaults
[0.505s] Level 1:colcon.colcon_core.package_discovery:discover_packages(ignore) discover
[0.505s] Level 1:colcon.colcon_core.package_discovery:discover_packages(ignore) using defaults
[0.505s] Level 1:colcon.colcon_core.package_discovery:discover_packages(path) discover
[0.505s] Level 1:colcon.colcon_core.package_discovery:discover_packages(path) using defaults
[0.531s] Level 1:colcon.colcon_core.package_discovery:discover_packages(prefix_path) check parameters
[0.531s] Level 1:colcon.colcon_core.package_discovery:discover_packages(prefix_path) discover
[0.534s] DEBUG:colcon.colcon_installed_package_information.package_discovery:Found 3 installed packages in /home/omartinez/2023-tfg-oscar-martinez/src/webbt_ws/install
[0.536s] DEBUG:colcon.colcon_installed_package_information.package_discovery:Found 16 installed packages in /home/omartinez/ws/smartloc_ws/install
[0.539s] DEBUG:colcon.colcon_installed_package_information.package_discovery:Found 500 installed packages in /opt/ros/humble
[0.542s] Level 1:colcon.colcon_core.package_discovery:discover_packages(prefix_path) using defaults
[0.643s] Level 5:colcon.colcon_core.verb:set package 'btpy' build argument 'cmake_args' from command line to 'None'
[0.643s] Level 5:colcon.colcon_core.verb:set package 'btpy' build argument 'cmake_target' from command line to 'None'
[0.643s] Level 5:colcon.colcon_core.verb:set package 'btpy' build argument 'cmake_target_skip_unavailable' from command line to 'False'
[0.643s] Level 5:colcon.colcon_core.verb:set package 'btpy' build argument 'cmake_clean_cache' from command line to 'False'
[0.643s] Level 5:colcon.colcon_core.verb:set package 'btpy' build argument 'cmake_clean_first' from command line to 'False'
[0.643s] Level 5:colcon.colcon_core.verb:set package 'btpy' build argument 'cmake_force_configure' from command line to 'False'
[0.643s] Level 5:colcon.colcon_core.verb:set package 'btpy' build argument 'ament_cmake_args' from command line to 'None'
[0.643s] Level 5:colcon.colcon_core.verb:set package 'btpy' build argument 'catkin_cmake_args' from command line to 'None'
[0.643s] Level 5:colcon.colcon_core.verb:set package 'btpy' build argument 'catkin_skip_building_tests' from command line to 'False'
[0.644s] DEBUG:colcon.colcon_core.verb:Building package 'btpy' with the following arguments: {'ament_cmake_args': None, 'build_base': '/home/omartinez/2023-tfg-oscar-martinez/src/webbt_ws/build/btpy', 'catkin_cmake_args': None, 'catkin_skip_building_tests': False, 'cmake_args': None, 'cmake_clean_cache': False, 'cmake_clean_first': False, 'cmake_force_configure': False, 'cmake_target': None, 'cmake_target_skip_unavailable': False, 'install_base': '/home/omartinez/2023-tfg-oscar-martinez/src/webbt_ws/install/btpy', 'merge_install': False, 'path': '/home/omartinez/2023-tfg-oscar-martinez/src/webbt_ws/src/btpy', 'symlink_install': True, 'test_result_base': None}
[0.645s] Level 5:colcon.colcon_core.verb:set package 'py_trees_ros_tutorials' build argument 'cmake_args' from command line to 'None'
[0.645s] Level 5:colcon.colcon_core.verb:set package 'py_trees_ros_tutorials' build argument 'cmake_target' from command line to 'None'
[0.645s] Level 5:colcon.colcon_core.verb:set package 'py_trees_ros_tutorials' build argument 'cmake_target_skip_unavailable' from command line to 'False'
[0.645s] Level 5:colcon.colcon_core.verb:set package 'py_trees_ros_tutorials' build argument 'cmake_clean_cache' from command line to 'False'
[0.645s] Level 5:colcon.colcon_core.verb:set package 'py_trees_ros_tutorials' build argument 'cmake_clean_first' from command line to 'False'
[0.645s] Level 5:colcon.colcon_core.verb:set package 'py_trees_ros_tutorials' build argument 'cmake_force_configure' from command line to 'False'
[0.645s] Level 5:colcon.colcon_core.verb:set package 'py_trees_ros_tutorials' build argument 'ament_cmake_args' from command line to 'None'
[0.645s] Level 5:colcon.colcon_core.verb:set package 'py_trees_ros_tutorials' build argument 'catkin_cmake_args' from command line to 'None'
[0.645s] Level 5:colcon.colcon_core.verb:set package 'py_trees_ros_tutorials' build argument 'catkin_skip_building_tests' from command line to 'False'
[0.645s] DEBUG:colcon.colcon_core.verb:Building package 'py_trees_ros_tutorials' with the following arguments: {'ament_cmake_args': None, 'build_base': '/home/omartinez/2023-tfg-oscar-martinez/src/webbt_ws/build/py_trees_ros_tutorials', 'catkin_cmake_args': None, 'catkin_skip_building_tests': False, 'cmake_args': None, 'cmake_clean_cache': False, 'cmake_clean_first': False, 'cmake_force_configure': False, 'cmake_target': None, 'cmake_target_skip_unavailable': False, 'install_base': '/home/omartinez/2023-tfg-oscar-martinez/src/webbt_ws/install/py_trees_ros_tutorials', 'merge_install': False, 'path': '/home/omartinez/2023-tfg-oscar-martinez/src/webbt_ws/src/py_trees_ros_tutorials', 'symlink_install': True, 'test_result_base': None}
[0.646s] Level 5:colcon.colcon_core.verb:set package 'py_trees_ros_viewer' build argument 'cmake_args' from command line to 'None'
[0.646s] Level 5:colcon.colcon_core.verb:set package 'py_trees_ros_viewer' build argument 'cmake_target' from command line to 'None'
[0.646s] Level 5:colcon.colcon_core.verb:set package 'py_trees_ros_viewer' build argument 'cmake_target_skip_unavailable' from command line to 'False'
[0.646s] Level 5:colcon.colcon_core.verb:set package 'py_trees_ros_viewer' build argument 'cmake_clean_cache' from command line to 'False'
[0.647s] Level 5:colcon.colcon_core.verb:set package 'py_trees_ros_viewer' build argument 'cmake_clean_first' from command line to 'False'
[0.647s] Level 5:colcon.colcon_core.verb:set package 'py_trees_ros_viewer' build argument 'cmake_force_configure' from command line to 'False'
[0.647s] Level 5:colcon.colcon_core.verb:set package 'py_trees_ros_viewer' build argument 'ament_cmake_args' from command line to 'None'
[0.647s] Level 5:colcon.colcon_core.verb:set package 'py_trees_ros_viewer' build argument 'catkin_cmake_args' from command line to 'None'
[0.647s] Level 5:colcon.colcon_core.verb:set package 'py_trees_ros_viewer' build argument 'catkin_skip_building_tests' from command line to 'False'
[0.647s] DEBUG:colcon.colcon_core.verb:Building package 'py_trees_ros_viewer' with the following arguments: {'ament_cmake_args': None, 'build_base': '/home/omartinez/2023-tfg-oscar-martinez/src/webbt_ws/build/py_trees_ros_viewer', 'catkin_cmake_args': None, 'catkin_skip_building_tests': False, 'cmake_args': None, 'cmake_clean_cache': False, 'cmake_clean_first': False, 'cmake_force_configure': False, 'cmake_target': None, 'cmake_target_skip_unavailable': False, 'install_base': '/home/omartinez/2023-tfg-oscar-martinez/src/webbt_ws/install/py_trees_ros_viewer', 'merge_install': False, 'path': '/home/omartinez/2023-tfg-oscar-martinez/src/webbt_ws/src/py_trees_ros_viewer', 'symlink_install': True, 'test_result_base': None}
[0.648s] INFO:colcon.colcon_core.executor:Executing jobs using 'parallel' executor
[0.651s] DEBUG:colcon.colcon_parallel_executor.executor.parallel:run_until_complete
[0.652s] INFO:colcon.colcon_ros.task.ament_python.build:Building ROS package in '/home/omartinez/2023-tfg-oscar-martinez/src/webbt_ws/src/btpy' with build type 'ament_python'
[0.652s] Level 1:colcon.colcon_core.shell:create_environment_hook('btpy', 'ament_prefix_path')
[0.657s] INFO:colcon.colcon_core.plugin_system:Skipping extension 'colcon_core.shell.bat': Not used on non-Windows systems
[0.657s] INFO:colcon.colcon_core.shell:Creating environment hook '/home/omartinez/2023-tfg-oscar-martinez/src/webbt_ws/install/btpy/share/btpy/hook/ament_prefix_path.ps1'
[0.658s] INFO:colcon.colcon_core.shell:Creating environment descriptor '/home/omartinez/2023-tfg-oscar-martinez/src/webbt_ws/install/btpy/share/btpy/hook/ament_prefix_path.dsv'
[0.659s] INFO:colcon.colcon_core.shell:Creating environment hook '/home/omartinez/2023-tfg-oscar-martinez/src/webbt_ws/install/btpy/share/btpy/hook/ament_prefix_path.sh'
[0.661s] INFO:colcon.colcon_core.shell:Skip shell extension 'powershell' for command environment: Not usable outside of PowerShell
[0.661s] DEBUG:colcon.colcon_core.shell:Skip shell extension 'dsv' for command environment
[0.670s] INFO:colcon.colcon_ros.task.ament_python.build:Building ROS package in '/home/omartinez/2023-tfg-oscar-martinez/src/webbt_ws/src/py_trees_ros_tutorials' with build type 'ament_python'
[0.671s] Level 1:colcon.colcon_core.shell:create_environment_hook('py_trees_ros_tutorials', 'ament_prefix_path')
[0.672s] INFO:colcon.colcon_core.shell:Creating environment hook '/home/omartinez/2023-tfg-oscar-martinez/src/webbt_ws/install/py_trees_ros_tutorials/share/py_trees_ros_tutorials/hook/ament_prefix_path.ps1'
[0.673s] INFO:colcon.colcon_core.shell:Creating environment descriptor '/home/omartinez/2023-tfg-oscar-martinez/src/webbt_ws/install/py_trees_ros_tutorials/share/py_trees_ros_tutorials/hook/ament_prefix_path.dsv'
[0.674s] INFO:colcon.colcon_core.shell:Creating environment hook '/home/omartinez/2023-tfg-oscar-martinez/src/webbt_ws/install/py_trees_ros_tutorials/share/py_trees_ros_tutorials/hook/ament_prefix_path.sh'
[0.675s] INFO:colcon.colcon_core.shell:Skip shell extension 'powershell' for command environment: Not usable outside of PowerShell
[0.675s] DEBUG:colcon.colcon_core.shell:Skip shell extension 'dsv' for command environment
[0.685s] INFO:colcon.colcon_ros.task.ament_python.build:Building ROS package in '/home/omartinez/2023-tfg-oscar-martinez/src/webbt_ws/src/py_trees_ros_viewer' with build type 'ament_python'
[0.685s] Level 1:colcon.colcon_core.shell:create_environment_hook('py_trees_ros_viewer', 'ament_prefix_path')
[0.687s] INFO:colcon.colcon_core.shell:Creating environment hook '/home/omartinez/2023-tfg-oscar-martinez/src/webbt_ws/install/py_trees_ros_viewer/share/py_trees_ros_viewer/hook/ament_prefix_path.ps1'
[0.688s] INFO:colcon.colcon_core.shell:Creating environment descriptor '/home/omartinez/2023-tfg-oscar-martinez/src/webbt_ws/install/py_trees_ros_viewer/share/py_trees_ros_viewer/hook/ament_prefix_path.dsv'
[0.688s] INFO:colcon.colcon_core.shell:Creating environment hook '/home/omartinez/2023-tfg-oscar-martinez/src/webbt_ws/install/py_trees_ros_viewer/share/py_trees_ros_viewer/hook/ament_prefix_path.sh'
[0.690s] INFO:colcon.colcon_core.shell:Skip shell extension 'powershell' for command environment: Not usable outside of PowerShell
[0.690s] DEBUG:colcon.colcon_core.shell:Skip shell extension 'dsv' for command environment
[1.096s] INFO:colcon.colcon_core.task.python.build:Building Python package in '/home/omartinez/2023-tfg-oscar-martinez/src/webbt_ws/src/btpy'
[1.098s] INFO:colcon.colcon_core.shell:Skip shell extension 'powershell' for command environment: Not usable outside of PowerShell
[1.098s] DEBUG:colcon.colcon_core.shell:Skip shell extension 'dsv' for command environment
[1.560s] INFO:colcon.colcon_core.task.python.build:Building Python package in '/home/omartinez/2023-tfg-oscar-martinez/src/webbt_ws/src/py_trees_ros_tutorials'
[1.562s] INFO:colcon.colcon_core.shell:Skip shell extension 'powershell' for command environment: Not usable outside of PowerShell
[1.562s] DEBUG:colcon.colcon_core.shell:Skip shell extension 'dsv' for command environment
[1.988s] WARNING:colcon.colcon_ros.task.ament_python.build:Package 'py_trees_ros_viewer' doesn't explicitly install a marker in the package index (colcon-ros currently does it implicitly but that fallback will be removed in the future)
[1.989s] INFO:colcon.colcon_core.task.python.build:Building Python package in '/home/omartinez/2023-tfg-oscar-martinez/src/webbt_ws/src/py_trees_ros_viewer'
[1.990s] INFO:colcon.colcon_core.shell:Skip shell extension 'powershell' for command environment: Not usable outside of PowerShell
[1.991s] DEBUG:colcon.colcon_core.shell:Skip shell extension 'dsv' for command environment
[2.689s] DEBUG:colcon.colcon_core.event_handler.log_command:Invoking command in '/home/omartinez/2023-tfg-oscar-martinez/src/webbt_ws/build/py_trees_ros_viewer': PYTHONPATH=/home/omartinez/2023-tfg-oscar-martinez/src/webbt_ws/build/py_trees_ros_viewer/prefix_override:/home/omartinez/2023-tfg-oscar-martinez/src/webbt_ws/install/py_trees_ros_viewer/lib/python3.10/site-packages:${PYTHONPATH} /usr/bin/python3 setup.py develop --editable --build-directory /home/omartinez/2023-tfg-oscar-martinez/src/webbt_ws/build/py_trees_ros_viewer/build --no-deps install_data
[2.693s] DEBUG:colcon.colcon_core.event_handler.log_command:Invoking command in '/home/omartinez/2023-tfg-oscar-martinez/src/webbt_ws/build/btpy': PYTHONPATH=/home/omartinez/2023-tfg-oscar-martinez/src/webbt_ws/build/btpy/prefix_override:/home/omartinez/2023-tfg-oscar-martinez/src/webbt_ws/install/btpy/lib/python3.10/site-packages:${PYTHONPATH} /usr/bin/python3 setup.py develop --editable --build-directory /home/omartinez/2023-tfg-oscar-martinez/src/webbt_ws/build/btpy/build --no-deps install_data
[2.715s] DEBUG:colcon.colcon_core.event_handler.log_command:Invoking command in '/home/omartinez/2023-tfg-oscar-martinez/src/webbt_ws/build/py_trees_ros_tutorials': PYTHONPATH=/home/omartinez/2023-tfg-oscar-martinez/src/webbt_ws/build/py_trees_ros_tutorials/prefix_override:/home/omartinez/2023-tfg-oscar-martinez/src/webbt_ws/install/py_trees_ros_tutorials/lib/python3.10/site-packages:${PYTHONPATH} /usr/bin/python3 setup.py develop --editable --build-directory /home/omartinez/2023-tfg-oscar-martinez/src/webbt_ws/build/py_trees_ros_tutorials/build --no-deps install_data
[3.576s] Level 1:colcon.colcon_core.shell:create_environment_hook('py_trees_ros_viewer', 'pythonpath_develop')
[3.579s] INFO:colcon.colcon_core.shell:Creating environment hook '/home/omartinez/2023-tfg-oscar-martinez/src/webbt_ws/build/py_trees_ros_viewer/share/py_trees_ros_viewer/hook/pythonpath_develop.ps1'
[3.580s] DEBUG:colcon.colcon_core.event_handler.log_command:Invoked command in '/home/omartinez/2023-tfg-oscar-martinez/src/webbt_ws/build/py_trees_ros_viewer' returned '0': PYTHONPATH=/home/omartinez/2023-tfg-oscar-martinez/src/webbt_ws/build/py_trees_ros_viewer/prefix_override:/home/omartinez/2023-tfg-oscar-martinez/src/webbt_ws/install/py_trees_ros_viewer/lib/python3.10/site-packages:${PYTHONPATH} /usr/bin/python3 setup.py develop --editable --build-directory /home/omartinez/2023-tfg-oscar-martinez/src/webbt_ws/build/py_trees_ros_viewer/build --no-deps install_data
[3.581s] INFO:colcon.colcon_core.shell:Creating environment descriptor '/home/omartinez/2023-tfg-oscar-martinez/src/webbt_ws/build/py_trees_ros_viewer/share/py_trees_ros_viewer/hook/pythonpath_develop.dsv'
[3.581s] INFO:colcon.colcon_core.shell:Creating environment hook '/home/omartinez/2023-tfg-oscar-martinez/src/webbt_ws/build/py_trees_ros_viewer/share/py_trees_ros_viewer/hook/pythonpath_develop.sh'
[3.592s] Level 1:colcon.colcon_core.environment:checking '/home/omartinez/2023-tfg-oscar-martinez/src/webbt_ws/install/py_trees_ros_viewer' for CMake module files
[3.593s] Level 1:colcon.colcon_core.environment:checking '/home/omartinez/2023-tfg-oscar-martinez/src/webbt_ws/install/py_trees_ros_viewer' for CMake config files
[3.594s] Level 1:colcon.colcon_core.environment:checking '/home/omartinez/2023-tfg-oscar-martinez/src/webbt_ws/install/py_trees_ros_viewer/lib'
[3.595s] Level 1:colcon.colcon_core.environment:checking '/home/omartinez/2023-tfg-oscar-martinez/src/webbt_ws/install/py_trees_ros_viewer/bin'
[3.595s] Level 1:colcon.colcon_core.shell:create_environment_hook('py_trees_ros_viewer', 'path')
[3.598s] INFO:colcon.colcon_core.shell:Creating environment hook '/home/omartinez/2023-tfg-oscar-martinez/src/webbt_ws/install/py_trees_ros_viewer/share/py_trees_ros_viewer/hook/path.ps1'
[3.599s] INFO:colcon.colcon_core.shell:Creating environment descriptor '/home/omartinez/2023-tfg-oscar-martinez/src/webbt_ws/install/py_trees_ros_viewer/share/py_trees_ros_viewer/hook/path.dsv'
[3.599s] INFO:colcon.colcon_core.shell:Creating environment hook '/home/omartinez/2023-tfg-oscar-martinez/src/webbt_ws/install/py_trees_ros_viewer/share/py_trees_ros_viewer/hook/path.sh'
[3.600s] Level 1:colcon.colcon_core.environment:checking '/home/omartinez/2023-tfg-oscar-martinez/src/webbt_ws/install/py_trees_ros_viewer/lib/pkgconfig/py_trees_ros_viewer.pc'
[3.600s] Level 1:colcon.colcon_core.environment:checking '/home/omartinez/2023-tfg-oscar-martinez/src/webbt_ws/install/py_trees_ros_viewer/lib/python3.10/site-packages'
[3.600s] Level 1:colcon.colcon_core.shell:create_environment_hook('py_trees_ros_viewer', 'pythonpath')
[3.603s] INFO:colcon.colcon_core.shell:Creating environment hook '/home/omartinez/2023-tfg-oscar-martinez/src/webbt_ws/install/py_trees_ros_viewer/share/py_trees_ros_viewer/hook/pythonpath.ps1'
[3.603s] INFO:colcon.colcon_core.shell:Creating environment descriptor '/home/omartinez/2023-tfg-oscar-martinez/src/webbt_ws/install/py_trees_ros_viewer/share/py_trees_ros_viewer/hook/pythonpath.dsv'
[3.604s] INFO:colcon.colcon_core.shell:Creating environment hook '/home/omartinez/2023-tfg-oscar-martinez/src/webbt_ws/install/py_trees_ros_viewer/share/py_trees_ros_viewer/hook/pythonpath.sh'
[3.604s] Level 1:colcon.colcon_core.environment:checking '/home/omartinez/2023-tfg-oscar-martinez/src/webbt_ws/install/py_trees_ros_viewer/bin'
[3.604s] Level 1:colcon.colcon_core.shell:create_environment_hook('py_trees_ros_viewer', 'pythonscriptspath')
[3.606s] INFO:colcon.colcon_core.shell:Creating environment hook '/home/omartinez/2023-tfg-oscar-martinez/src/webbt_ws/install/py_trees_ros_viewer/share/py_trees_ros_viewer/hook/pythonscriptspath.ps1'
[3.607s] INFO:colcon.colcon_core.shell:Creating environment descriptor '/home/omartinez/2023-tfg-oscar-martinez/src/webbt_ws/install/py_trees_ros_viewer/share/py_trees_ros_viewer/hook/pythonscriptspath.dsv'
[3.608s] INFO:colcon.colcon_core.shell:Creating environment hook '/home/omartinez/2023-tfg-oscar-martinez/src/webbt_ws/install/py_trees_ros_viewer/share/py_trees_ros_viewer/hook/pythonscriptspath.sh'
[3.608s] Level 1:colcon.colcon_core.environment:create_environment_scripts_only(py_trees_ros_viewer)
[3.610s] INFO:colcon.colcon_core.shell:Creating package script '/home/omartinez/2023-tfg-oscar-martinez/src/webbt_ws/install/py_trees_ros_viewer/share/py_trees_ros_viewer/package.ps1'
[3.611s] INFO:colcon.colcon_core.shell:Creating package descriptor '/home/omartinez/2023-tfg-oscar-martinez/src/webbt_ws/install/py_trees_ros_viewer/share/py_trees_ros_viewer/package.dsv'
[3.612s] INFO:colcon.colcon_core.shell:Creating package script '/home/omartinez/2023-tfg-oscar-martinez/src/webbt_ws/install/py_trees_ros_viewer/share/py_trees_ros_viewer/package.sh'
[3.613s] INFO:colcon.colcon_core.shell:Creating package script '/home/omartinez/2023-tfg-oscar-martinez/src/webbt_ws/install/py_trees_ros_viewer/share/py_trees_ros_viewer/package.bash'
[3.614s] INFO:colcon.colcon_core.shell:Creating package script '/home/omartinez/2023-tfg-oscar-martinez/src/webbt_ws/install/py_trees_ros_viewer/share/py_trees_ros_viewer/package.zsh'
[3.615s] Level 1:colcon.colcon_core.environment:create_file_with_runtime_dependencies(/home/omartinez/2023-tfg-oscar-martinez/src/webbt_ws/install/py_trees_ros_viewer/share/colcon-core/packages/py_trees_ros_viewer)
[3.616s] Level 1:colcon.colcon_core.shell:create_environment_hook('btpy', 'pythonpath_develop')
[3.620s] INFO:colcon.colcon_core.shell:Creating environment hook '/home/omartinez/2023-tfg-oscar-martinez/src/webbt_ws/build/btpy/share/btpy/hook/pythonpath_develop.ps1'
[3.621s] DEBUG:colcon.colcon_core.event_handler.log_command:Invoked command in '/home/omartinez/2023-tfg-oscar-martinez/src/webbt_ws/build/btpy' returned '0': PYTHONPATH=/home/omartinez/2023-tfg-oscar-martinez/src/webbt_ws/build/btpy/prefix_override:/home/omartinez/2023-tfg-oscar-martinez/src/webbt_ws/install/btpy/lib/python3.10/site-packages:${PYTHONPATH} /usr/bin/python3 setup.py develop --editable --build-directory /home/omartinez/2023-tfg-oscar-martinez/src/webbt_ws/build/btpy/build --no-deps install_data
[3.621s] INFO:colcon.colcon_core.shell:Creating environment descriptor '/home/omartinez/2023-tfg-oscar-martinez/src/webbt_ws/build/btpy/share/btpy/hook/pythonpath_develop.dsv'
[3.622s] INFO:colcon.colcon_core.shell:Creating environment hook '/home/omartinez/2023-tfg-oscar-martinez/src/webbt_ws/build/btpy/share/btpy/hook/pythonpath_develop.sh'
[3.625s] Level 1:colcon.colcon_core.environment:checking '/home/omartinez/2023-tfg-oscar-martinez/src/webbt_ws/install/btpy' for CMake module files
[3.625s] Level 1:colcon.colcon_core.environment:checking '/home/omartinez/2023-tfg-oscar-martinez/src/webbt_ws/install/btpy' for CMake config files
[3.626s] Level 1:colcon.colcon_core.environment:checking '/home/omartinez/2023-tfg-oscar-martinez/src/webbt_ws/install/btpy/lib'
[3.626s] Level 1:colcon.colcon_core.environment:checking '/home/omartinez/2023-tfg-oscar-martinez/src/webbt_ws/install/btpy/bin'
[3.626s] Level 1:colcon.colcon_core.environment:checking '/home/omartinez/2023-tfg-oscar-martinez/src/webbt_ws/install/btpy/lib/pkgconfig/btpy.pc'
[3.627s] Level 1:colcon.colcon_core.environment:checking '/home/omartinez/2023-tfg-oscar-martinez/src/webbt_ws/install/btpy/lib/python3.10/site-packages'
[3.627s] Level 1:colcon.colcon_core.shell:create_environment_hook('btpy', 'pythonpath')
[3.629s] INFO:colcon.colcon_core.shell:Creating environment hook '/home/omartinez/2023-tfg-oscar-martinez/src/webbt_ws/install/btpy/share/btpy/hook/pythonpath.ps1'
[3.629s] INFO:colcon.colcon_core.shell:Creating environment descriptor '/home/omartinez/2023-tfg-oscar-martinez/src/webbt_ws/install/btpy/share/btpy/hook/pythonpath.dsv'
[3.629s] INFO:colcon.colcon_core.shell:Creating environment hook '/home/omartinez/2023-tfg-oscar-martinez/src/webbt_ws/install/btpy/share/btpy/hook/pythonpath.sh'
[3.630s] Level 1:colcon.colcon_core.environment:checking '/home/omartinez/2023-tfg-oscar-martinez/src/webbt_ws/install/btpy/bin'
[3.630s] Level 1:colcon.colcon_core.environment:create_environment_scripts_only(btpy)
[3.632s] INFO:colcon.colcon_core.shell:Creating package script '/home/omartinez/2023-tfg-oscar-martinez/src/webbt_ws/install/btpy/share/btpy/package.ps1'
[3.633s] INFO:colcon.colcon_core.shell:Creating package descriptor '/home/omartinez/2023-tfg-oscar-martinez/src/webbt_ws/install/btpy/share/btpy/package.dsv'
[3.633s] INFO:colcon.colcon_core.shell:Creating package script '/home/omartinez/2023-tfg-oscar-martinez/src/webbt_ws/install/btpy/share/btpy/package.sh'
[3.634s] INFO:colcon.colcon_core.shell:Creating package script '/home/omartinez/2023-tfg-oscar-martinez/src/webbt_ws/install/btpy/share/btpy/package.bash'
[3.634s] INFO:colcon.colcon_core.shell:Creating package script '/home/omartinez/2023-tfg-oscar-martinez/src/webbt_ws/install/btpy/share/btpy/package.zsh'
[3.634s] Level 1:colcon.colcon_core.environment:create_file_with_runtime_dependencies(/home/omartinez/2023-tfg-oscar-martinez/src/webbt_ws/install/btpy/share/colcon-core/packages/btpy)
[3.636s] Level 1:colcon.colcon_core.shell:create_environment_hook('py_trees_ros_tutorials', 'pythonpath_develop')
[3.638s] INFO:colcon.colcon_core.shell:Creating environment hook '/home/omartinez/2023-tfg-oscar-martinez/src/webbt_ws/build/py_trees_ros_tutorials/share/py_trees_ros_tutorials/hook/pythonpath_develop.ps1'
[3.638s] INFO:colcon.colcon_core.shell:Creating environment descriptor '/home/omartinez/2023-tfg-oscar-martinez/src/webbt_ws/build/py_trees_ros_tutorials/share/py_trees_ros_tutorials/hook/pythonpath_develop.dsv'
[3.639s] DEBUG:colcon.colcon_core.event_handler.log_command:Invoked command in '/home/omartinez/2023-tfg-oscar-martinez/src/webbt_ws/build/py_trees_ros_tutorials' returned '0': PYTHONPATH=/home/omartinez/2023-tfg-oscar-martinez/src/webbt_ws/build/py_trees_ros_tutorials/prefix_override:/home/omartinez/2023-tfg-oscar-martinez/src/webbt_ws/install/py_trees_ros_tutorials/lib/python3.10/site-packages:${PYTHONPATH} /usr/bin/python3 setup.py develop --editable --build-directory /home/omartinez/2023-tfg-oscar-martinez/src/webbt_ws/build/py_trees_ros_tutorials/build --no-deps install_data
[3.639s] INFO:colcon.colcon_core.shell:Creating environment hook '/home/omartinez/2023-tfg-oscar-martinez/src/webbt_ws/build/py_trees_ros_tutorials/share/py_trees_ros_tutorials/hook/pythonpath_develop.sh'
[3.642s] Level 1:colcon.colcon_core.environment:checking '/home/omartinez/2023-tfg-oscar-martinez/src/webbt_ws/install/py_trees_ros_tutorials' for CMake module files
[3.642s] Level 1:colcon.colcon_core.environment:checking '/home/omartinez/2023-tfg-oscar-martinez/src/webbt_ws/install/py_trees_ros_tutorials' for CMake config files
[3.643s] Level 1:colcon.colcon_core.environment:checking '/home/omartinez/2023-tfg-oscar-martinez/src/webbt_ws/install/py_trees_ros_tutorials/lib'
[3.643s] Level 1:colcon.colcon_core.environment:checking '/home/omartinez/2023-tfg-oscar-martinez/src/webbt_ws/install/py_trees_ros_tutorials/bin'
[3.643s] Level 1:colcon.colcon_core.environment:checking '/home/omartinez/2023-tfg-oscar-martinez/src/webbt_ws/install/py_trees_ros_tutorials/lib/pkgconfig/py_trees_ros_tutorials.pc'
[3.644s] Level 1:colcon.colcon_core.environment:checking '/home/omartinez/2023-tfg-oscar-martinez/src/webbt_ws/install/py_trees_ros_tutorials/lib/python3.10/site-packages'
[3.644s] Level 1:colcon.colcon_core.shell:create_environment_hook('py_trees_ros_tutorials', 'pythonpath')
[3.646s] INFO:colcon.colcon_core.shell:Creating environment hook '/home/omartinez/2023-tfg-oscar-martinez/src/webbt_ws/install/py_trees_ros_tutorials/share/py_trees_ros_tutorials/hook/pythonpath.ps1'
[3.646s] INFO:colcon.colcon_core.shell:Creating environment descriptor '/home/omartinez/2023-tfg-oscar-martinez/src/webbt_ws/install/py_trees_ros_tutorials/share/py_trees_ros_tutorials/hook/pythonpath.dsv'
[3.647s] INFO:colcon.colcon_core.shell:Creating environment hook '/home/omartinez/2023-tfg-oscar-martinez/src/webbt_ws/install/py_trees_ros_tutorials/share/py_trees_ros_tutorials/hook/pythonpath.sh'
[3.647s] Level 1:colcon.colcon_core.environment:checking '/home/omartinez/2023-tfg-oscar-martinez/src/webbt_ws/install/py_trees_ros_tutorials/bin'
[3.647s] Level 1:colcon.colcon_core.environment:create_environment_scripts_only(py_trees_ros_tutorials)
[3.649s] INFO:colcon.colcon_core.shell:Creating package script '/home/omartinez/2023-tfg-oscar-martinez/src/webbt_ws/install/py_trees_ros_tutorials/share/py_trees_ros_tutorials/package.ps1'
[3.650s] INFO:colcon.colcon_core.shell:Creating package descriptor '/home/omartinez/2023-tfg-oscar-martinez/src/webbt_ws/install/py_trees_ros_tutorials/share/py_trees_ros_tutorials/package.dsv'
[3.650s] INFO:colcon.colcon_core.shell:Creating package script '/home/omartinez/2023-tfg-oscar-martinez/src/webbt_ws/install/py_trees_ros_tutorials/share/py_trees_ros_tutorials/package.sh'
[3.651s] INFO:colcon.colcon_core.shell:Creating package script '/home/omartinez/2023-tfg-oscar-martinez/src/webbt_ws/install/py_trees_ros_tutorials/share/py_trees_ros_tutorials/package.bash'
[3.651s] INFO:colcon.colcon_core.shell:Creating package script '/home/omartinez/2023-tfg-oscar-martinez/src/webbt_ws/install/py_trees_ros_tutorials/share/py_trees_ros_tutorials/package.zsh'
[3.652s] Level 1:colcon.colcon_core.environment:create_file_with_runtime_dependencies(/home/omartinez/2023-tfg-oscar-martinez/src/webbt_ws/install/py_trees_ros_tutorials/share/colcon-core/packages/py_trees_ros_tutorials)
[3.652s] DEBUG:colcon.colcon_parallel_executor.executor.parallel:closing loop
[3.652s] DEBUG:colcon.colcon_parallel_executor.executor.parallel:loop closed
[3.652s] DEBUG:colcon.colcon_parallel_executor.executor.parallel:run_until_complete finished with '0'
[3.652s] DEBUG:colcon.colcon_core.event_reactor:joining thread
[3.661s] INFO:colcon.colcon_core.plugin_system:Skipping extension 'colcon_notification.desktop_notification.terminal_notifier': Not used on non-Darwin systems
[3.661s] INFO:colcon.colcon_core.plugin_system:Skipping extension 'colcon_notification.desktop_notification.win32': Not used on non-Windows systems
[3.661s] INFO:colcon.colcon_notification.desktop_notification:Sending desktop notification using 'notify2'
[3.676s] DEBUG:colcon.colcon_core.event_reactor:joined thread
[3.679s] INFO:colcon.colcon_core.shell:Creating prefix script '/home/omartinez/2023-tfg-oscar-martinez/src/webbt_ws/install/local_setup.ps1'
[3.681s] INFO:colcon.colcon_core.shell:Creating prefix util module '/home/omartinez/2023-tfg-oscar-martinez/src/webbt_ws/install/_local_setup_util_ps1.py'
[3.683s] INFO:colcon.colcon_core.shell:Creating prefix chain script '/home/omartinez/2023-tfg-oscar-martinez/src/webbt_ws/install/setup.ps1'
[3.686s] INFO:colcon.colcon_core.shell:Creating prefix script '/home/omartinez/2023-tfg-oscar-martinez/src/webbt_ws/install/local_setup.sh'
[3.687s] INFO:colcon.colcon_core.shell:Creating prefix util module '/home/omartinez/2023-tfg-oscar-martinez/src/webbt_ws/install/_local_setup_util_sh.py'
[3.687s] INFO:colcon.colcon_core.shell:Creating prefix chain script '/home/omartinez/2023-tfg-oscar-martinez/src/webbt_ws/install/setup.sh'
[3.690s] INFO:colcon.colcon_core.shell:Creating prefix script '/home/omartinez/2023-tfg-oscar-martinez/src/webbt_ws/install/local_setup.bash'
[3.691s] INFO:colcon.colcon_core.shell:Creating prefix chain script '/home/omartinez/2023-tfg-oscar-martinez/src/webbt_ws/install/setup.bash'
[3.693s] INFO:colcon.colcon_core.shell:Creating prefix script '/home/omartinez/2023-tfg-oscar-martinez/src/webbt_ws/install/local_setup.zsh'
[3.694s] INFO:colcon.colcon_core.shell:Creating prefix chain script '/home/omartinez/2023-tfg-oscar-martinez/src/webbt_ws/install/setup.zsh'
