[0.221s] Invoking command in '/home/omartinez/2023-tfg-oscar-martinez/src/webbt_ws/build/kobuki_bumper2pc': AMENT_PREFIX_PATH=/home/omartinez/2023-tfg-oscar-martinez/src/webbt_ws/install/kobuki_ros_interfaces:${AMENT_PREFIX_PATH} CMAKE_PREFIX_PATH=/home/omartinez/2023-tfg-oscar-martinez/src/webbt_ws/install/kobuki_ros_interfaces:/home/omartinez/ws/smartloc_ws/install/turtlebot4_simulator:/home/omartinez/ws/smartloc_ws/install/turtlebot4_ignition_bringup:/home/omartinez/ws/smartloc_ws/install/turtlebot4_node:/home/omartinez/ws/smartloc_ws/install/turtlebot4_navigation:/home/omartinez/ws/smartloc_ws/install/turtlebot4_ignition_toolbox:/home/omartinez/ws/smartloc_ws/install/turtlebot4_msgs:/home/omartinez/ws/smartloc_ws/install/turtlebot4_ignition_gui_plugins:/home/omartinez/ws/smartloc_ws/install/turtlebot4_description:/home/omartinez/ws/smartloc_ws/install/smartpredict_bridge:/home/omartinez/ws/smartloc_ws/install/smartloc_sim:/home/omartinez/ws/smartloc_ws/install/rfid_sensor_plugin:/home/omartinez/ws/smartloc_ws/install/position_calculator:/home/omartinez/ws/smartloc_ws/install/custom_interfaces:/home/omartinez/ws/smartloc_ws/install/webots_sim:/opt/ros/humble LD_LIBRARY_PATH=/home/omartinez/2023-tfg-oscar-martinez/src/webbt_ws/install/kobuki_ros_interfaces/lib:/home/omartinez/ws/smartloc_ws/install/turtlebot4_msgs/lib:/home/omartinez/ws/smartloc_ws/install/smartloc_sim/lib:/home/omartinez/ws/smartloc_ws/install/rfid_sensor_plugin/lib:/home/omartinez/ws/smartloc_ws/install/custom_interfaces/lib:/usr/lib/x86_64-linux-gnu/gazebo-11/plugins:/opt/ros/humble/opt/rviz_ogre_vendor/lib:/opt/ros/humble/lib/x86_64-linux-gnu:/opt/ros/humble/lib:/usr/share/gazebo/../../lib/x86_64-linux-gnu/gazebo-11/plugins PYTHONPATH=/home/omartinez/2023-tfg-oscar-martinez/src/webbt_ws/install/kobuki_ros_interfaces/local/lib/python3.10/dist-packages:${PYTHONPATH} /usr/bin/cmake /home/omartinez/2023-tfg-oscar-martinez/src/webbt_ws/src/ThirdParty/kobuki_ros/kobuki_bumper2pc -DAMENT_CMAKE_SYMLINK_INSTALL=1 -DCMAKE_INSTALL_PREFIX=/home/omartinez/2023-tfg-oscar-martinez/src/webbt_ws/install/kobuki_bumper2pc
[0.526s] -- The C compiler identification is GNU 11.3.0
[0.958s] -- The CXX compiler identification is GNU 11.3.0
[0.991s] -- Detecting C compiler ABI info
[1.439s] -- Detecting C compiler ABI info - done
[1.465s] -- Check for working C compiler: /usr/bin/cc - skipped
[1.466s] -- Detecting C compile features
[1.468s] -- Detecting C compile features - done
[1.482s] -- Detecting CXX compiler ABI info
[1.793s] -- Detecting CXX compiler ABI info - done
[1.839s] -- Check for working CXX compiler: /usr/bin/c++ - skipped
[1.840s] -- Detecting CXX compile features
[1.842s] -- Detecting CXX compile features - done
[1.866s] -- Found ament_cmake_ros: 0.10.0 (/opt/ros/humble/share/ament_cmake_ros/cmake)
[2.657s] -- Found Python3: /usr/bin/python3.10 (found version "3.10.6") found components: Interpreter 
[3.020s] -- Override CMake install command with custom implementation using symlinks instead of copying resources
[3.178s] -- Found kobuki_ros_interfaces: 1.0.0 (/home/omartinez/2023-tfg-oscar-martinez/src/webbt_ws/install/kobuki_ros_interfaces/share/kobuki_ros_interfaces/cmake)
[3.452s] -- Found rosidl_generator_c: 3.1.4 (/opt/ros/humble/share/rosidl_generator_c/cmake)
[3.515s] -- Found rosidl_adapter: 3.1.4 (/opt/ros/humble/share/rosidl_adapter/cmake)
[3.588s] -- Found rosidl_generator_cpp: 3.1.4 (/opt/ros/humble/share/rosidl_generator_cpp/cmake)
[3.664s] -- Using all available rosidl_typesupport_c: rosidl_typesupport_fastrtps_c;rosidl_typesupport_introspection_c
[3.747s] -- Using all available rosidl_typesupport_cpp: rosidl_typesupport_fastrtps_cpp;rosidl_typesupport_introspection_cpp
[4.521s] -- Found rcl_interfaces: 1.2.1 (/opt/ros/humble/share/rcl_interfaces/cmake)
[4.685s] -- Found rclcpp: 16.0.4 (/opt/ros/humble/share/rclcpp/cmake)
[4.936s] -- Found rmw_implementation_cmake: 6.1.1 (/opt/ros/humble/share/rmw_implementation_cmake/cmake)
[4.950s] -- Found rmw_cyclonedds_cpp: 1.3.4 (/opt/ros/humble/share/rmw_cyclonedds_cpp/cmake)
[5.188s] -- Using RMW implementation 'rmw_cyclonedds_cpp' as default
[5.268s] -- Looking for pthread.h
[5.586s] -- Looking for pthread.h - found
[5.588s] -- Performing Test CMAKE_HAVE_LIBC_PTHREAD
[6.013s] -- Performing Test CMAKE_HAVE_LIBC_PTHREAD - Success
[6.016s] -- Found Threads: TRUE  
[6.672s] -- Found rclcpp_components: 16.0.4 (/opt/ros/humble/share/rclcpp_components/cmake)
[7.066s] -- Found sensor_msgs: 4.2.3 (/opt/ros/humble/share/sensor_msgs/cmake)
[8.209s] -- Configuring done
[8.333s] -- Generating done
[8.338s] -- Build files have been written to: /home/omartinez/2023-tfg-oscar-martinez/src/webbt_ws/build/kobuki_bumper2pc
[8.411s] Invoked command in '/home/omartinez/2023-tfg-oscar-martinez/src/webbt_ws/build/kobuki_bumper2pc' returned '0': AMENT_PREFIX_PATH=/home/omartinez/2023-tfg-oscar-martinez/src/webbt_ws/install/kobuki_ros_interfaces:${AMENT_PREFIX_PATH} CMAKE_PREFIX_PATH=/home/omartinez/2023-tfg-oscar-martinez/src/webbt_ws/install/kobuki_ros_interfaces:/home/omartinez/ws/smartloc_ws/install/turtlebot4_simulator:/home/omartinez/ws/smartloc_ws/install/turtlebot4_ignition_bringup:/home/omartinez/ws/smartloc_ws/install/turtlebot4_node:/home/omartinez/ws/smartloc_ws/install/turtlebot4_navigation:/home/omartinez/ws/smartloc_ws/install/turtlebot4_ignition_toolbox:/home/omartinez/ws/smartloc_ws/install/turtlebot4_msgs:/home/omartinez/ws/smartloc_ws/install/turtlebot4_ignition_gui_plugins:/home/omartinez/ws/smartloc_ws/install/turtlebot4_description:/home/omartinez/ws/smartloc_ws/install/smartpredict_bridge:/home/omartinez/ws/smartloc_ws/install/smartloc_sim:/home/omartinez/ws/smartloc_ws/install/rfid_sensor_plugin:/home/omartinez/ws/smartloc_ws/install/position_calculator:/home/omartinez/ws/smartloc_ws/install/custom_interfaces:/home/omartinez/ws/smartloc_ws/install/webots_sim:/opt/ros/humble LD_LIBRARY_PATH=/home/omartinez/2023-tfg-oscar-martinez/src/webbt_ws/install/kobuki_ros_interfaces/lib:/home/omartinez/ws/smartloc_ws/install/turtlebot4_msgs/lib:/home/omartinez/ws/smartloc_ws/install/smartloc_sim/lib:/home/omartinez/ws/smartloc_ws/install/rfid_sensor_plugin/lib:/home/omartinez/ws/smartloc_ws/install/custom_interfaces/lib:/usr/lib/x86_64-linux-gnu/gazebo-11/plugins:/opt/ros/humble/opt/rviz_ogre_vendor/lib:/opt/ros/humble/lib/x86_64-linux-gnu:/opt/ros/humble/lib:/usr/share/gazebo/../../lib/x86_64-linux-gnu/gazebo-11/plugins PYTHONPATH=/home/omartinez/2023-tfg-oscar-martinez/src/webbt_ws/install/kobuki_ros_interfaces/local/lib/python3.10/dist-packages:${PYTHONPATH} /usr/bin/cmake /home/omartinez/2023-tfg-oscar-martinez/src/webbt_ws/src/ThirdParty/kobuki_ros/kobuki_bumper2pc -DAMENT_CMAKE_SYMLINK_INSTALL=1 -DCMAKE_INSTALL_PREFIX=/home/omartinez/2023-tfg-oscar-martinez/src/webbt_ws/install/kobuki_bumper2pc
[8.412s] Invoking command in '/home/omartinez/2023-tfg-oscar-martinez/src/webbt_ws/build/kobuki_bumper2pc': AMENT_PREFIX_PATH=/home/omartinez/2023-tfg-oscar-martinez/src/webbt_ws/install/kobuki_ros_interfaces:${AMENT_PREFIX_PATH} CMAKE_PREFIX_PATH=/home/omartinez/2023-tfg-oscar-martinez/src/webbt_ws/install/kobuki_ros_interfaces:/home/omartinez/ws/smartloc_ws/install/turtlebot4_simulator:/home/omartinez/ws/smartloc_ws/install/turtlebot4_ignition_bringup:/home/omartinez/ws/smartloc_ws/install/turtlebot4_node:/home/omartinez/ws/smartloc_ws/install/turtlebot4_navigation:/home/omartinez/ws/smartloc_ws/install/turtlebot4_ignition_toolbox:/home/omartinez/ws/smartloc_ws/install/turtlebot4_msgs:/home/omartinez/ws/smartloc_ws/install/turtlebot4_ignition_gui_plugins:/home/omartinez/ws/smartloc_ws/install/turtlebot4_description:/home/omartinez/ws/smartloc_ws/install/smartpredict_bridge:/home/omartinez/ws/smartloc_ws/install/smartloc_sim:/home/omartinez/ws/smartloc_ws/install/rfid_sensor_plugin:/home/omartinez/ws/smartloc_ws/install/position_calculator:/home/omartinez/ws/smartloc_ws/install/custom_interfaces:/home/omartinez/ws/smartloc_ws/install/webots_sim:/opt/ros/humble LD_LIBRARY_PATH=/home/omartinez/2023-tfg-oscar-martinez/src/webbt_ws/install/kobuki_ros_interfaces/lib:/home/omartinez/ws/smartloc_ws/install/turtlebot4_msgs/lib:/home/omartinez/ws/smartloc_ws/install/smartloc_sim/lib:/home/omartinez/ws/smartloc_ws/install/rfid_sensor_plugin/lib:/home/omartinez/ws/smartloc_ws/install/custom_interfaces/lib:/usr/lib/x86_64-linux-gnu/gazebo-11/plugins:/opt/ros/humble/opt/rviz_ogre_vendor/lib:/opt/ros/humble/lib/x86_64-linux-gnu:/opt/ros/humble/lib:/usr/share/gazebo/../../lib/x86_64-linux-gnu/gazebo-11/plugins PYTHONPATH=/home/omartinez/2023-tfg-oscar-martinez/src/webbt_ws/install/kobuki_ros_interfaces/local/lib/python3.10/dist-packages:${PYTHONPATH} /usr/bin/cmake --build /home/omartinez/2023-tfg-oscar-martinez/src/webbt_ws/build/kobuki_bumper2pc -- -j8 -l8
[8.775s] [ 25%] [32mBuilding CXX object CMakeFiles/kobuki_bumper2pc.dir/src/kobuki_bumper2pc.cpp.o[0m
[52.929s] [ 50%] [32m[1mLinking CXX shared library libkobuki_bumper2pc.so[0m
[56.384s] [ 50%] Built target kobuki_bumper2pc
[56.528s] [ 75%] [32mBuilding CXX object CMakeFiles/kobuki_bumper2pc_node.dir/rclcpp_components/node_main_kobuki_bumper2pc_node.cpp.o[0m
[68.587s] [100%] [32m[1mLinking CXX executable kobuki_bumper2pc_node[0m
[69.119s] [100%] Built target kobuki_bumper2pc_node
[69.183s] Invoked command in '/home/omartinez/2023-tfg-oscar-martinez/src/webbt_ws/build/kobuki_bumper2pc' returned '0': AMENT_PREFIX_PATH=/home/omartinez/2023-tfg-oscar-martinez/src/webbt_ws/install/kobuki_ros_interfaces:${AMENT_PREFIX_PATH} CMAKE_PREFIX_PATH=/home/omartinez/2023-tfg-oscar-martinez/src/webbt_ws/install/kobuki_ros_interfaces:/home/omartinez/ws/smartloc_ws/install/turtlebot4_simulator:/home/omartinez/ws/smartloc_ws/install/turtlebot4_ignition_bringup:/home/omartinez/ws/smartloc_ws/install/turtlebot4_node:/home/omartinez/ws/smartloc_ws/install/turtlebot4_navigation:/home/omartinez/ws/smartloc_ws/install/turtlebot4_ignition_toolbox:/home/omartinez/ws/smartloc_ws/install/turtlebot4_msgs:/home/omartinez/ws/smartloc_ws/install/turtlebot4_ignition_gui_plugins:/home/omartinez/ws/smartloc_ws/install/turtlebot4_description:/home/omartinez/ws/smartloc_ws/install/smartpredict_bridge:/home/omartinez/ws/smartloc_ws/install/smartloc_sim:/home/omartinez/ws/smartloc_ws/install/rfid_sensor_plugin:/home/omartinez/ws/smartloc_ws/install/position_calculator:/home/omartinez/ws/smartloc_ws/install/custom_interfaces:/home/omartinez/ws/smartloc_ws/install/webots_sim:/opt/ros/humble LD_LIBRARY_PATH=/home/omartinez/2023-tfg-oscar-martinez/src/webbt_ws/install/kobuki_ros_interfaces/lib:/home/omartinez/ws/smartloc_ws/install/turtlebot4_msgs/lib:/home/omartinez/ws/smartloc_ws/install/smartloc_sim/lib:/home/omartinez/ws/smartloc_ws/install/rfid_sensor_plugin/lib:/home/omartinez/ws/smartloc_ws/install/custom_interfaces/lib:/usr/lib/x86_64-linux-gnu/gazebo-11/plugins:/opt/ros/humble/opt/rviz_ogre_vendor/lib:/opt/ros/humble/lib/x86_64-linux-gnu:/opt/ros/humble/lib:/usr/share/gazebo/../../lib/x86_64-linux-gnu/gazebo-11/plugins PYTHONPATH=/home/omartinez/2023-tfg-oscar-martinez/src/webbt_ws/install/kobuki_ros_interfaces/local/lib/python3.10/dist-packages:${PYTHONPATH} /usr/bin/cmake --build /home/omartinez/2023-tfg-oscar-martinez/src/webbt_ws/build/kobuki_bumper2pc -- -j8 -l8
[69.520s] Invoking command in '/home/omartinez/2023-tfg-oscar-martinez/src/webbt_ws/build/kobuki_bumper2pc': AMENT_PREFIX_PATH=/home/omartinez/2023-tfg-oscar-martinez/src/webbt_ws/install/kobuki_ros_interfaces:${AMENT_PREFIX_PATH} CMAKE_PREFIX_PATH=/home/omartinez/2023-tfg-oscar-martinez/src/webbt_ws/install/kobuki_ros_interfaces:/home/omartinez/ws/smartloc_ws/install/turtlebot4_simulator:/home/omartinez/ws/smartloc_ws/install/turtlebot4_ignition_bringup:/home/omartinez/ws/smartloc_ws/install/turtlebot4_node:/home/omartinez/ws/smartloc_ws/install/turtlebot4_navigation:/home/omartinez/ws/smartloc_ws/install/turtlebot4_ignition_toolbox:/home/omartinez/ws/smartloc_ws/install/turtlebot4_msgs:/home/omartinez/ws/smartloc_ws/install/turtlebot4_ignition_gui_plugins:/home/omartinez/ws/smartloc_ws/install/turtlebot4_description:/home/omartinez/ws/smartloc_ws/install/smartpredict_bridge:/home/omartinez/ws/smartloc_ws/install/smartloc_sim:/home/omartinez/ws/smartloc_ws/install/rfid_sensor_plugin:/home/omartinez/ws/smartloc_ws/install/position_calculator:/home/omartinez/ws/smartloc_ws/install/custom_interfaces:/home/omartinez/ws/smartloc_ws/install/webots_sim:/opt/ros/humble LD_LIBRARY_PATH=/home/omartinez/2023-tfg-oscar-martinez/src/webbt_ws/install/kobuki_ros_interfaces/lib:/home/omartinez/ws/smartloc_ws/install/turtlebot4_msgs/lib:/home/omartinez/ws/smartloc_ws/install/smartloc_sim/lib:/home/omartinez/ws/smartloc_ws/install/rfid_sensor_plugin/lib:/home/omartinez/ws/smartloc_ws/install/custom_interfaces/lib:/usr/lib/x86_64-linux-gnu/gazebo-11/plugins:/opt/ros/humble/opt/rviz_ogre_vendor/lib:/opt/ros/humble/lib/x86_64-linux-gnu:/opt/ros/humble/lib:/usr/share/gazebo/../../lib/x86_64-linux-gnu/gazebo-11/plugins PYTHONPATH=/home/omartinez/2023-tfg-oscar-martinez/src/webbt_ws/install/kobuki_ros_interfaces/local/lib/python3.10/dist-packages:${PYTHONPATH} /usr/bin/cmake --install /home/omartinez/2023-tfg-oscar-martinez/src/webbt_ws/build/kobuki_bumper2pc
[69.540s] -- Install configuration: ""
[69.542s] -- Execute custom install script
[69.544s] -- Symlinking: /home/omartinez/2023-tfg-oscar-martinez/src/webbt_ws/install/kobuki_bumper2pc/lib/kobuki_bumper2pc/kobuki_bumper2pc_node
[69.606s] -- Symlinking: /home/omartinez/2023-tfg-oscar-martinez/src/webbt_ws/install/kobuki_bumper2pc/lib/libkobuki_bumper2pc.so
[69.628s] -- Symlinking: /home/omartinez/2023-tfg-oscar-martinez/src/webbt_ws/install/kobuki_bumper2pc/include/kobuki_bumper2pc/kobuki_bumper2pc.hpp
[69.651s] -- Symlinking: /home/omartinez/2023-tfg-oscar-martinez/src/webbt_ws/install/kobuki_bumper2pc/share/kobuki_bumper2pc/launch/kobuki_bumper2pc-launch.py
[69.676s] -- Symlinking: /home/omartinez/2023-tfg-oscar-martinez/src/webbt_ws/install/kobuki_bumper2pc/share/ament_index/resource_index/package_run_dependencies/kobuki_bumper2pc
[69.720s] -- Symlinking: /home/omartinez/2023-tfg-oscar-martinez/src/webbt_ws/install/kobuki_bumper2pc/share/ament_index/resource_index/parent_prefix_path/kobuki_bumper2pc
[69.744s] -- Symlinking: /home/omartinez/2023-tfg-oscar-martinez/src/webbt_ws/install/kobuki_bumper2pc/share/kobuki_bumper2pc/environment/ament_prefix_path.sh
[69.765s] -- Symlinking: /home/omartinez/2023-tfg-oscar-martinez/src/webbt_ws/install/kobuki_bumper2pc/share/kobuki_bumper2pc/environment/ament_prefix_path.dsv
[69.792s] -- Symlinking: /home/omartinez/2023-tfg-oscar-martinez/src/webbt_ws/install/kobuki_bumper2pc/share/kobuki_bumper2pc/environment/path.sh
[69.817s] -- Symlinking: /home/omartinez/2023-tfg-oscar-martinez/src/webbt_ws/install/kobuki_bumper2pc/share/kobuki_bumper2pc/environment/path.dsv
[69.839s] -- Symlinking: /home/omartinez/2023-tfg-oscar-martinez/src/webbt_ws/install/kobuki_bumper2pc/share/kobuki_bumper2pc/local_setup.bash
[69.902s] -- Symlinking: /home/omartinez/2023-tfg-oscar-martinez/src/webbt_ws/install/kobuki_bumper2pc/share/kobuki_bumper2pc/local_setup.sh
[69.939s] -- Symlinking: /home/omartinez/2023-tfg-oscar-martinez/src/webbt_ws/install/kobuki_bumper2pc/share/kobuki_bumper2pc/local_setup.zsh
[69.959s] -- Symlinking: /home/omartinez/2023-tfg-oscar-martinez/src/webbt_ws/install/kobuki_bumper2pc/share/kobuki_bumper2pc/local_setup.dsv
[69.981s] -- Symlinking: /home/omartinez/2023-tfg-oscar-martinez/src/webbt_ws/install/kobuki_bumper2pc/share/kobuki_bumper2pc/package.dsv
[70.001s] -- Symlinking: /home/omartinez/2023-tfg-oscar-martinez/src/webbt_ws/install/kobuki_bumper2pc/share/ament_index/resource_index/packages/kobuki_bumper2pc
[70.048s] -- Symlinking: /home/omartinez/2023-tfg-oscar-martinez/src/webbt_ws/install/kobuki_bumper2pc/share/ament_index/resource_index/rclcpp_components/kobuki_bumper2pc
[70.100s] -- Symlinking: /home/omartinez/2023-tfg-oscar-martinez/src/webbt_ws/install/kobuki_bumper2pc/share/kobuki_bumper2pc/cmake/kobuki_bumper2pcConfig.cmake
[70.151s] -- Symlinking: /home/omartinez/2023-tfg-oscar-martinez/src/webbt_ws/install/kobuki_bumper2pc/share/kobuki_bumper2pc/cmake/kobuki_bumper2pcConfig-version.cmake
[70.186s] -- Symlinking: /home/omartinez/2023-tfg-oscar-martinez/src/webbt_ws/install/kobuki_bumper2pc/share/kobuki_bumper2pc/package.xml
[70.255s] Invoked command in '/home/omartinez/2023-tfg-oscar-martinez/src/webbt_ws/build/kobuki_bumper2pc' returned '0': AMENT_PREFIX_PATH=/home/omartinez/2023-tfg-oscar-martinez/src/webbt_ws/install/kobuki_ros_interfaces:${AMENT_PREFIX_PATH} CMAKE_PREFIX_PATH=/home/omartinez/2023-tfg-oscar-martinez/src/webbt_ws/install/kobuki_ros_interfaces:/home/omartinez/ws/smartloc_ws/install/turtlebot4_simulator:/home/omartinez/ws/smartloc_ws/install/turtlebot4_ignition_bringup:/home/omartinez/ws/smartloc_ws/install/turtlebot4_node:/home/omartinez/ws/smartloc_ws/install/turtlebot4_navigation:/home/omartinez/ws/smartloc_ws/install/turtlebot4_ignition_toolbox:/home/omartinez/ws/smartloc_ws/install/turtlebot4_msgs:/home/omartinez/ws/smartloc_ws/install/turtlebot4_ignition_gui_plugins:/home/omartinez/ws/smartloc_ws/install/turtlebot4_description:/home/omartinez/ws/smartloc_ws/install/smartpredict_bridge:/home/omartinez/ws/smartloc_ws/install/smartloc_sim:/home/omartinez/ws/smartloc_ws/install/rfid_sensor_plugin:/home/omartinez/ws/smartloc_ws/install/position_calculator:/home/omartinez/ws/smartloc_ws/install/custom_interfaces:/home/omartinez/ws/smartloc_ws/install/webots_sim:/opt/ros/humble LD_LIBRARY_PATH=/home/omartinez/2023-tfg-oscar-martinez/src/webbt_ws/install/kobuki_ros_interfaces/lib:/home/omartinez/ws/smartloc_ws/install/turtlebot4_msgs/lib:/home/omartinez/ws/smartloc_ws/install/smartloc_sim/lib:/home/omartinez/ws/smartloc_ws/install/rfid_sensor_plugin/lib:/home/omartinez/ws/smartloc_ws/install/custom_interfaces/lib:/usr/lib/x86_64-linux-gnu/gazebo-11/plugins:/opt/ros/humble/opt/rviz_ogre_vendor/lib:/opt/ros/humble/lib/x86_64-linux-gnu:/opt/ros/humble/lib:/usr/share/gazebo/../../lib/x86_64-linux-gnu/gazebo-11/plugins PYTHONPATH=/home/omartinez/2023-tfg-oscar-martinez/src/webbt_ws/install/kobuki_ros_interfaces/local/lib/python3.10/dist-packages:${PYTHONPATH} /usr/bin/cmake --install /home/omartinez/2023-tfg-oscar-martinez/src/webbt_ws/build/kobuki_bumper2pc
