[0.424s] DEBUG:colcon:Command line arguments: ['/usr/bin/colcon', 'build', '--symlink-install']
[0.424s] DEBUG:colcon:Parsed command line arguments: Namespace(log_base=None, log_level=None, verb_name='build', build_base='build', install_base='install', merge_install=False, symlink_install=True, test_result_base=None, continue_on_error=False, executor='parallel', parallel_workers=8, event_handlers=None, ignore_user_meta=False, metas=['./colcon.meta'], base_paths=['.'], packages_ignore=None, packages_ignore_regex=None, paths=None, packages_up_to=None, packages_up_to_regex=None, packages_above=None, packages_above_and_dependencies=None, packages_above_depth=None, packages_select_by_dep=None, packages_skip_by_dep=None, packages_skip_up_to=None, packages_select_build_failed=False, packages_skip_build_finished=False, packages_select_test_failures=False, packages_skip_test_passed=False, packages_select=None, packages_skip=None, packages_select_regex=None, packages_skip_regex=None, packages_start=None, packages_end=None, allow_overriding=[], cmake_args=None, cmake_target=None, cmake_target_skip_unavailable=False, cmake_clean_cache=False, cmake_clean_first=False, cmake_force_configure=False, ament_cmake_args=None, catkin_cmake_args=None, catkin_skip_building_tests=False, verb_parser=<colcon_defaults.argument_parser.defaults.DefaultArgumentsDecorator object at 0x7fd894e47220>, verb_extension=<colcon_core.verb.build.BuildVerb object at 0x7fd895677c70>, main=<bound method BuildVerb.main of <colcon_core.verb.build.BuildVerb object at 0x7fd895677c70>>)
[0.451s] Level 1:colcon.colcon_core.package_discovery:discover_packages(colcon_meta) check parameters
[0.451s] Level 1:colcon.colcon_core.package_discovery:discover_packages(recursive) check parameters
[0.451s] Level 1:colcon.colcon_core.package_discovery:discover_packages(ignore) check parameters
[0.451s] Level 1:colcon.colcon_core.package_discovery:discover_packages(path) check parameters
[0.451s] Level 1:colcon.colcon_core.package_discovery:discover_packages(colcon_meta) discover
[0.451s] Level 1:colcon.colcon_core.package_discovery:discover_packages(recursive) discover
[0.451s] INFO:colcon.colcon_core.package_discovery:Crawling recursively for packages in '/home/omartinez/2023-tfg-oscar-martinez/src/webbt_ws'
[0.451s] Level 1:colcon.colcon_core.package_identification:_identify(.) by extensions ['ignore', 'ignore_ament_install']
[0.452s] Level 1:colcon.colcon_core.package_identification:_identify(.) by extension 'ignore'
[0.452s] Level 1:colcon.colcon_core.package_identification:_identify(.) by extension 'ignore_ament_install'
[0.452s] Level 1:colcon.colcon_core.package_identification:_identify(.) by extensions ['colcon_pkg']
[0.452s] Level 1:colcon.colcon_core.package_identification:_identify(.) by extension 'colcon_pkg'
[0.452s] Level 1:colcon.colcon_core.package_identification:_identify(.) by extensions ['colcon_meta']
[0.452s] Level 1:colcon.colcon_core.package_identification:_identify(.) by extension 'colcon_meta'
[0.452s] Level 1:colcon.colcon_core.package_identification:_identify(.) by extensions ['ros']
[0.452s] Level 1:colcon.colcon_core.package_identification:_identify(.) by extension 'ros'
[0.464s] Level 1:colcon.colcon_core.package_identification:_identify(.) by extensions ['cmake', 'python']
[0.464s] Level 1:colcon.colcon_core.package_identification:_identify(.) by extension 'cmake'
[0.464s] Level 1:colcon.colcon_core.package_identification:_identify(.) by extension 'python'
[0.464s] Level 1:colcon.colcon_core.package_identification:_identify(.) by extensions ['python_setup_py']
[0.464s] Level 1:colcon.colcon_core.package_identification:_identify(.) by extension 'python_setup_py'
[0.464s] Level 1:colcon.colcon_core.package_identification:_identify(build) by extensions ['ignore', 'ignore_ament_install']
[0.465s] Level 1:colcon.colcon_core.package_identification:_identify(build) by extension 'ignore'
[0.465s] Level 1:colcon.colcon_core.package_identification:_identify(build) ignored
[0.465s] Level 1:colcon.colcon_core.package_identification:_identify(install) by extensions ['ignore', 'ignore_ament_install']
[0.465s] Level 1:colcon.colcon_core.package_identification:_identify(install) by extension 'ignore'
[0.465s] Level 1:colcon.colcon_core.package_identification:_identify(install) ignored
[0.465s] Level 1:colcon.colcon_core.package_identification:_identify(log) by extensions ['ignore', 'ignore_ament_install']
[0.465s] Level 1:colcon.colcon_core.package_identification:_identify(log) by extension 'ignore'
[0.465s] Level 1:colcon.colcon_core.package_identification:_identify(log) ignored
[0.465s] Level 1:colcon.colcon_core.package_identification:_identify(src) by extensions ['ignore', 'ignore_ament_install']
[0.466s] Level 1:colcon.colcon_core.package_identification:_identify(src) by extension 'ignore'
[0.466s] Level 1:colcon.colcon_core.package_identification:_identify(src) by extension 'ignore_ament_install'
[0.466s] Level 1:colcon.colcon_core.package_identification:_identify(src) by extensions ['colcon_pkg']
[0.466s] Level 1:colcon.colcon_core.package_identification:_identify(src) by extension 'colcon_pkg'
[0.466s] Level 1:colcon.colcon_core.package_identification:_identify(src) by extensions ['colcon_meta']
[0.466s] Level 1:colcon.colcon_core.package_identification:_identify(src) by extension 'colcon_meta'
[0.466s] Level 1:colcon.colcon_core.package_identification:_identify(src) by extensions ['ros']
[0.466s] Level 1:colcon.colcon_core.package_identification:_identify(src) by extension 'ros'
[0.466s] Level 1:colcon.colcon_core.package_identification:_identify(src) by extensions ['cmake', 'python']
[0.466s] Level 1:colcon.colcon_core.package_identification:_identify(src) by extension 'cmake'
[0.466s] Level 1:colcon.colcon_core.package_identification:_identify(src) by extension 'python'
[0.466s] Level 1:colcon.colcon_core.package_identification:_identify(src) by extensions ['python_setup_py']
[0.466s] Level 1:colcon.colcon_core.package_identification:_identify(src) by extension 'python_setup_py'
[0.466s] Level 1:colcon.colcon_core.package_identification:_identify(src/btpy) by extensions ['ignore', 'ignore_ament_install']
[0.467s] Level 1:colcon.colcon_core.package_identification:_identify(src/btpy) by extension 'ignore'
[0.467s] Level 1:colcon.colcon_core.package_identification:_identify(src/btpy) by extension 'ignore_ament_install'
[0.467s] Level 1:colcon.colcon_core.package_identification:_identify(src/btpy) by extensions ['colcon_pkg']
[0.467s] Level 1:colcon.colcon_core.package_identification:_identify(src/btpy) by extension 'colcon_pkg'
[0.467s] Level 1:colcon.colcon_core.package_identification:_identify(src/btpy) by extensions ['colcon_meta']
[0.467s] Level 1:colcon.colcon_core.package_identification:_identify(src/btpy) by extension 'colcon_meta'
[0.467s] Level 1:colcon.colcon_core.package_identification:_identify(src/btpy) by extensions ['ros']
[0.467s] Level 1:colcon.colcon_core.package_identification:_identify(src/btpy) by extension 'ros'
[0.470s] DEBUG:colcon.colcon_core.package_identification:Package 'src/btpy' with type 'ros.ament_python' and name 'btpy'
[0.470s] Level 1:colcon.colcon_core.package_identification:_identify(src/py_trees_ros_tutorials) by extensions ['ignore', 'ignore_ament_install']
[0.470s] Level 1:colcon.colcon_core.package_identification:_identify(src/py_trees_ros_tutorials) by extension 'ignore'
[0.471s] Level 1:colcon.colcon_core.package_identification:_identify(src/py_trees_ros_tutorials) by extension 'ignore_ament_install'
[0.471s] Level 1:colcon.colcon_core.package_identification:_identify(src/py_trees_ros_tutorials) by extensions ['colcon_pkg']
[0.471s] Level 1:colcon.colcon_core.package_identification:_identify(src/py_trees_ros_tutorials) by extension 'colcon_pkg'
[0.471s] Level 1:colcon.colcon_core.package_identification:_identify(src/py_trees_ros_tutorials) by extensions ['colcon_meta']
[0.471s] Level 1:colcon.colcon_core.package_identification:_identify(src/py_trees_ros_tutorials) by extension 'colcon_meta'
[0.471s] Level 1:colcon.colcon_core.package_identification:_identify(src/py_trees_ros_tutorials) by extensions ['ros']
[0.471s] Level 1:colcon.colcon_core.package_identification:_identify(src/py_trees_ros_tutorials) by extension 'ros'
[0.472s] DEBUG:colcon.colcon_core.package_identification:Package 'src/py_trees_ros_tutorials' with type 'ros.ament_python' and name 'py_trees_ros_tutorials'
[0.472s] Level 1:colcon.colcon_core.package_discovery:discover_packages(recursive) using defaults
[0.472s] Level 1:colcon.colcon_core.package_discovery:discover_packages(ignore) discover
[0.472s] Level 1:colcon.colcon_core.package_discovery:discover_packages(ignore) using defaults
[0.472s] Level 1:colcon.colcon_core.package_discovery:discover_packages(path) discover
[0.472s] Level 1:colcon.colcon_core.package_discovery:discover_packages(path) using defaults
[0.497s] Level 1:colcon.colcon_core.package_discovery:discover_packages(prefix_path) check parameters
[0.497s] Level 1:colcon.colcon_core.package_discovery:discover_packages(prefix_path) discover
[0.501s] DEBUG:colcon.colcon_installed_package_information.package_discovery:Found 16 installed packages in /home/omartinez/ws/smartloc_ws/install
[0.504s] DEBUG:colcon.colcon_installed_package_information.package_discovery:Found 500 installed packages in /opt/ros/humble
[0.507s] Level 1:colcon.colcon_core.package_discovery:discover_packages(prefix_path) using defaults
[0.607s] Level 5:colcon.colcon_core.verb:set package 'btpy' build argument 'cmake_args' from command line to 'None'
[0.607s] Level 5:colcon.colcon_core.verb:set package 'btpy' build argument 'cmake_target' from command line to 'None'
[0.607s] Level 5:colcon.colcon_core.verb:set package 'btpy' build argument 'cmake_target_skip_unavailable' from command line to 'False'
[0.607s] Level 5:colcon.colcon_core.verb:set package 'btpy' build argument 'cmake_clean_cache' from command line to 'False'
[0.607s] Level 5:colcon.colcon_core.verb:set package 'btpy' build argument 'cmake_clean_first' from command line to 'False'
[0.607s] Level 5:colcon.colcon_core.verb:set package 'btpy' build argument 'cmake_force_configure' from command line to 'False'
[0.607s] Level 5:colcon.colcon_core.verb:set package 'btpy' build argument 'ament_cmake_args' from command line to 'None'
[0.607s] Level 5:colcon.colcon_core.verb:set package 'btpy' build argument 'catkin_cmake_args' from command line to 'None'
[0.607s] Level 5:colcon.colcon_core.verb:set package 'btpy' build argument 'catkin_skip_building_tests' from command line to 'False'
[0.607s] DEBUG:colcon.colcon_core.verb:Building package 'btpy' with the following arguments: {'ament_cmake_args': None, 'build_base': '/home/omartinez/2023-tfg-oscar-martinez/src/webbt_ws/build/btpy', 'catkin_cmake_args': None, 'catkin_skip_building_tests': False, 'cmake_args': None, 'cmake_clean_cache': False, 'cmake_clean_first': False, 'cmake_force_configure': False, 'cmake_target': None, 'cmake_target_skip_unavailable': False, 'install_base': '/home/omartinez/2023-tfg-oscar-martinez/src/webbt_ws/install/btpy', 'merge_install': False, 'path': '/home/omartinez/2023-tfg-oscar-martinez/src/webbt_ws/src/btpy', 'symlink_install': True, 'test_result_base': None}
[0.609s] Level 5:colcon.colcon_core.verb:set package 'py_trees_ros_tutorials' build argument 'cmake_args' from command line to 'None'
[0.609s] Level 5:colcon.colcon_core.verb:set package 'py_trees_ros_tutorials' build argument 'cmake_target' from command line to 'None'
[0.609s] Level 5:colcon.colcon_core.verb:set package 'py_trees_ros_tutorials' build argument 'cmake_target_skip_unavailable' from command line to 'False'
[0.609s] Level 5:colcon.colcon_core.verb:set package 'py_trees_ros_tutorials' build argument 'cmake_clean_cache' from command line to 'False'
[0.609s] Level 5:colcon.colcon_core.verb:set package 'py_trees_ros_tutorials' build argument 'cmake_clean_first' from command line to 'False'
[0.609s] Level 5:colcon.colcon_core.verb:set package 'py_trees_ros_tutorials' build argument 'cmake_force_configure' from command line to 'False'
[0.609s] Level 5:colcon.colcon_core.verb:set package 'py_trees_ros_tutorials' build argument 'ament_cmake_args' from command line to 'None'
[0.609s] Level 5:colcon.colcon_core.verb:set package 'py_trees_ros_tutorials' build argument 'catkin_cmake_args' from command line to 'None'
[0.609s] Level 5:colcon.colcon_core.verb:set package 'py_trees_ros_tutorials' build argument 'catkin_skip_building_tests' from command line to 'False'
[0.609s] DEBUG:colcon.colcon_core.verb:Building package 'py_trees_ros_tutorials' with the following arguments: {'ament_cmake_args': None, 'build_base': '/home/omartinez/2023-tfg-oscar-martinez/src/webbt_ws/build/py_trees_ros_tutorials', 'catkin_cmake_args': None, 'catkin_skip_building_tests': False, 'cmake_args': None, 'cmake_clean_cache': False, 'cmake_clean_first': False, 'cmake_force_configure': False, 'cmake_target': None, 'cmake_target_skip_unavailable': False, 'install_base': '/home/omartinez/2023-tfg-oscar-martinez/src/webbt_ws/install/py_trees_ros_tutorials', 'merge_install': False, 'path': '/home/omartinez/2023-tfg-oscar-martinez/src/webbt_ws/src/py_trees_ros_tutorials', 'symlink_install': True, 'test_result_base': None}
[0.610s] INFO:colcon.colcon_core.executor:Executing jobs using 'parallel' executor
[0.613s] DEBUG:colcon.colcon_parallel_executor.executor.parallel:run_until_complete
[0.614s] INFO:colcon.colcon_ros.task.ament_python.build:Building ROS package in '/home/omartinez/2023-tfg-oscar-martinez/src/webbt_ws/src/btpy' with build type 'ament_python'
[0.614s] Level 1:colcon.colcon_core.shell:create_environment_hook('btpy', 'ament_prefix_path')
[0.619s] INFO:colcon.colcon_core.plugin_system:Skipping extension 'colcon_core.shell.bat': Not used on non-Windows systems
[0.620s] INFO:colcon.colcon_core.shell:Creating environment hook '/home/omartinez/2023-tfg-oscar-martinez/src/webbt_ws/install/btpy/share/btpy/hook/ament_prefix_path.ps1'
[0.620s] INFO:colcon.colcon_core.shell:Creating environment descriptor '/home/omartinez/2023-tfg-oscar-martinez/src/webbt_ws/install/btpy/share/btpy/hook/ament_prefix_path.dsv'
[0.621s] INFO:colcon.colcon_core.shell:Creating environment hook '/home/omartinez/2023-tfg-oscar-martinez/src/webbt_ws/install/btpy/share/btpy/hook/ament_prefix_path.sh'
[0.623s] INFO:colcon.colcon_core.shell:Skip shell extension 'powershell' for command environment: Not usable outside of PowerShell
[0.623s] DEBUG:colcon.colcon_core.shell:Skip shell extension 'dsv' for command environment
[0.631s] INFO:colcon.colcon_ros.task.ament_python.build:Building ROS package in '/home/omartinez/2023-tfg-oscar-martinez/src/webbt_ws/src/py_trees_ros_tutorials' with build type 'ament_python'
[0.631s] Level 1:colcon.colcon_core.shell:create_environment_hook('py_trees_ros_tutorials', 'ament_prefix_path')
[0.633s] INFO:colcon.colcon_core.shell:Creating environment hook '/home/omartinez/2023-tfg-oscar-martinez/src/webbt_ws/install/py_trees_ros_tutorials/share/py_trees_ros_tutorials/hook/ament_prefix_path.ps1'
[0.634s] INFO:colcon.colcon_core.shell:Creating environment descriptor '/home/omartinez/2023-tfg-oscar-martinez/src/webbt_ws/install/py_trees_ros_tutorials/share/py_trees_ros_tutorials/hook/ament_prefix_path.dsv'
[0.634s] INFO:colcon.colcon_core.shell:Creating environment hook '/home/omartinez/2023-tfg-oscar-martinez/src/webbt_ws/install/py_trees_ros_tutorials/share/py_trees_ros_tutorials/hook/ament_prefix_path.sh'
[0.637s] INFO:colcon.colcon_core.shell:Skip shell extension 'powershell' for command environment: Not usable outside of PowerShell
[0.637s] DEBUG:colcon.colcon_core.shell:Skip shell extension 'dsv' for command environment
[1.026s] DEBUG:colcon.colcon_parallel_executor.executor.parallel:closing loop
[1.026s] DEBUG:colcon.colcon_parallel_executor.executor.parallel:loop closed
[1.026s] DEBUG:colcon.colcon_parallel_executor.executor.parallel:run_until_complete finished with 'Command '['/usr/bin/python3', '-c', 'import sys;from contextlib import suppress;exec("with suppress(ImportError):    from setuptools.extern.packaging.specifiers    import SpecifierSet");exec("with suppress(ImportError):    from packaging.specifiers import SpecifierSet");from distutils.core import run_setup;dist = run_setup(    \'setup.py\', script_args=(\'--dry-run\',), stop_after=\'config\');skip_keys = (\'cmdclass\', \'distclass\', \'ext_modules\', \'metadata\');data = {    key: value for key, value in dist.__dict__.items()     if (        not key.startswith(\'_\') and         not callable(value) and         key not in skip_keys and         key not in dist.display_option_names    )};data[\'metadata\'] = {    k: v for k, v in dist.metadata.__dict__.items()     if k not in (\'license_files\', \'provides_extras\')};sys.stdout.buffer.write(repr(data).encode(\'utf-8\'))']' returned non-zero exit status 1.'
[1.027s] DEBUG:colcon.colcon_core.event_reactor:joining thread
[1.033s] INFO:colcon.colcon_core.plugin_system:Skipping extension 'colcon_notification.desktop_notification.terminal_notifier': Not used on non-Darwin systems
[1.033s] INFO:colcon.colcon_core.plugin_system:Skipping extension 'colcon_notification.desktop_notification.win32': Not used on non-Windows systems
[1.033s] INFO:colcon.colcon_notification.desktop_notification:Sending desktop notification using 'notify2'
[1.046s] DEBUG:colcon.colcon_core.event_reactor:joined thread
[1.050s] INFO:colcon.colcon_core.shell:Creating prefix script '/home/omartinez/2023-tfg-oscar-martinez/src/webbt_ws/install/local_setup.ps1'
[1.052s] INFO:colcon.colcon_core.shell:Creating prefix util module '/home/omartinez/2023-tfg-oscar-martinez/src/webbt_ws/install/_local_setup_util_ps1.py'
[1.056s] INFO:colcon.colcon_core.shell:Creating prefix chain script '/home/omartinez/2023-tfg-oscar-martinez/src/webbt_ws/install/setup.ps1'
[1.059s] INFO:colcon.colcon_core.shell:Creating prefix script '/home/omartinez/2023-tfg-oscar-martinez/src/webbt_ws/install/local_setup.sh'
[1.060s] INFO:colcon.colcon_core.shell:Creating prefix util module '/home/omartinez/2023-tfg-oscar-martinez/src/webbt_ws/install/_local_setup_util_sh.py'
[1.061s] INFO:colcon.colcon_core.shell:Creating prefix chain script '/home/omartinez/2023-tfg-oscar-martinez/src/webbt_ws/install/setup.sh'
[1.063s] INFO:colcon.colcon_core.shell:Creating prefix script '/home/omartinez/2023-tfg-oscar-martinez/src/webbt_ws/install/local_setup.bash'
[1.064s] INFO:colcon.colcon_core.shell:Creating prefix chain script '/home/omartinez/2023-tfg-oscar-martinez/src/webbt_ws/install/setup.bash'
[1.068s] INFO:colcon.colcon_core.shell:Creating prefix script '/home/omartinez/2023-tfg-oscar-martinez/src/webbt_ws/install/local_setup.zsh'
[1.069s] INFO:colcon.colcon_core.shell:Creating prefix chain script '/home/omartinez/2023-tfg-oscar-martinez/src/webbt_ws/install/setup.zsh'
