-- The C compiler identification is GNU 11.3.0
-- The CXX compiler identification is GNU 11.3.0
-- Detecting C compiler ABI info
-- Detecting C compiler ABI info - done
-- Check for working C compiler: /usr/bin/cc - skipped
-- Detecting C compile features
-- Detecting C compile features - done
-- Detecting CXX compiler ABI info
-- Detecting CXX compiler ABI info - done
-- Check for working CXX compiler: /usr/bin/c++ - skipped
-- Detecting CXX compile features
-- Detecting CXX compile features - done
-- Found ament_cmake: 1.3.5 (/opt/ros/humble/share/ament_cmake/cmake)
-- Found Python3: /usr/bin/python3.10 (found version "3.10.6") found components: Interpreter 
-- Override CMake install command with custom implementation using symlinks instead of copying resources
-- Configuring done
-- Generating done
-- Build files have been written to: /home/omartinez/2023-tfg-oscar-martinez/src/webbt_ws/build/tiago_robot
-- Install configuration: ""
-- Execute custom install script
-- Symlinking: /home/omartinez/2023-tfg-oscar-martinez/src/webbt_ws/install/tiago_robot/share/ament_index/resource_index/package_run_dependencies/tiago_robot
-- Symlinking: /home/omartinez/2023-tfg-oscar-martinez/src/webbt_ws/install/tiago_robot/share/ament_index/resource_index/parent_prefix_path/tiago_robot
-- Symlinking: /home/omartinez/2023-tfg-oscar-martinez/src/webbt_ws/install/tiago_robot/share/tiago_robot/environment/ament_prefix_path.sh
-- Symlinking: /home/omartinez/2023-tfg-oscar-martinez/src/webbt_ws/install/tiago_robot/share/tiago_robot/environment/ament_prefix_path.dsv
-- Symlinking: /home/omartinez/2023-tfg-oscar-martinez/src/webbt_ws/install/tiago_robot/share/tiago_robot/environment/path.sh
-- Symlinking: /home/omartinez/2023-tfg-oscar-martinez/src/webbt_ws/install/tiago_robot/share/tiago_robot/environment/path.dsv
-- Symlinking: /home/omartinez/2023-tfg-oscar-martinez/src/webbt_ws/install/tiago_robot/share/tiago_robot/local_setup.bash
-- Symlinking: /home/omartinez/2023-tfg-oscar-martinez/src/webbt_ws/install/tiago_robot/share/tiago_robot/local_setup.sh
-- Symlinking: /home/omartinez/2023-tfg-oscar-martinez/src/webbt_ws/install/tiago_robot/share/tiago_robot/local_setup.zsh
-- Symlinking: /home/omartinez/2023-tfg-oscar-martinez/src/webbt_ws/install/tiago_robot/share/tiago_robot/local_setup.dsv
-- Symlinking: /home/omartinez/2023-tfg-oscar-martinez/src/webbt_ws/install/tiago_robot/share/tiago_robot/package.dsv
-- Symlinking: /home/omartinez/2023-tfg-oscar-martinez/src/webbt_ws/install/tiago_robot/share/ament_index/resource_index/packages/tiago_robot
-- Symlinking: /home/omartinez/2023-tfg-oscar-martinez/src/webbt_ws/install/tiago_robot/share/tiago_robot/cmake/tiago_robotConfig.cmake
-- Symlinking: /home/omartinez/2023-tfg-oscar-martinez/src/webbt_ws/install/tiago_robot/share/tiago_robot/cmake/tiago_robotConfig-version.cmake
-- Symlinking: /home/omartinez/2023-tfg-oscar-martinez/src/webbt_ws/install/tiago_robot/share/tiago_robot/package.xml
