[0.000000] (-) TimerEvent: {}
[0.000166] (-) JobUnselected: {'identifier': 'aws_robomaker_bookstore_world'}
[0.000202] (-) JobUnselected: {'identifier': 'aws_robomaker_racetrack_world'}
[0.000225] (-) JobUnselected: {'identifier': 'aws_robomaker_small_house_world'}
[0.000247] (-) JobUnselected: {'identifier': 'aws_robomaker_small_warehouse_world'}
[0.000286] (-) JobUnselected: {'identifier': 'ir_robots'}
[0.000324] (-) JobUnselected: {'identifier': 'kobuki_bumper2pc'}
[0.000376] (-) JobUnselected: {'identifier': 'kobuki_description'}
[0.000407] (-) JobUnselected: {'identifier': 'kobuki_keyop'}
[0.000429] (-) JobUnselected: {'identifier': 'kobuki_random_walker'}
[0.000448] (-) JobUnselected: {'identifier': 'kobuki_ros'}
[0.000467] (-) JobUnselected: {'identifier': 'kobuki_ros_interfaces'}
[0.000485] (-) JobUnselected: {'identifier': 'kobuki_safety_controller'}
[0.000504] (-) JobUnselected: {'identifier': 'laser_filters'}
[0.000522] (-) JobUnselected: {'identifier': 'pal_gripper'}
[0.000541] (-) JobUnselected: {'identifier': 'pal_gripper_controller_configuration'}
[0.000559] (-) JobUnselected: {'identifier': 'pal_gripper_description'}
[0.000578] (-) JobUnselected: {'identifier': 'py_gardener'}
[0.000596] (-) JobUnselected: {'identifier': 'py_trees_ros_tutorials'}
[0.000614] (-) JobUnselected: {'identifier': 'py_trees_ros_viewer'}
[0.000650] (-) JobUnselected: {'identifier': 'rplidar_ros'}
[0.000673] (-) JobUnselected: {'identifier': 'sophus'}
[0.000695] (-) JobUnselected: {'identifier': 'tiago_bringup'}
[0.000714] (-) JobUnselected: {'identifier': 'tiago_controller_configuration'}
[0.000733] (-) JobUnselected: {'identifier': 'tiago_description'}
[0.000751] (-) JobUnselected: {'identifier': 'tiago_robot'}
[0.000770] (-) EventReactorShutdown: {}
