[0.645s] Invoking command in '/home/omartinez/2023-tfg-oscar-martinez/src/webbt_ws/build/aws_robomaker_racetrack_world': CMAKE_PREFIX_PATH=${CMAKE_PREFIX_PATH}:/home/omartinez/2023-tfg-oscar-martinez/src/webbt_ws/install/py_trees_ros_viewer:/home/omartinez/2023-tfg-oscar-martinez/src/webbt_ws/install/py_trees_ros_tutorials:/home/omartinez/2023-tfg-oscar-martinez/src/webbt_ws/install/client_demo:/home/omartinez/2023-tfg-oscar-martinez/src/webbt_ws/install/py_gardener:/home/omartinez/2023-tfg-oscar-martinez/src/webbt_ws/install/btpy:/home/omartinez/ws/smartloc_ws/install/webots_sim:/opt/ros/humble /usr/bin/cmake --build /home/omartinez/2023-tfg-oscar-martinez/src/webbt_ws/build/aws_robomaker_racetrack_world -- -j8 -l8
[0.744s] Invoked command in '/home/omartinez/2023-tfg-oscar-martinez/src/webbt_ws/build/aws_robomaker_racetrack_world' returned '0': CMAKE_PREFIX_PATH=${CMAKE_PREFIX_PATH}:/home/omartinez/2023-tfg-oscar-martinez/src/webbt_ws/install/py_trees_ros_viewer:/home/omartinez/2023-tfg-oscar-martinez/src/webbt_ws/install/py_trees_ros_tutorials:/home/omartinez/2023-tfg-oscar-martinez/src/webbt_ws/install/client_demo:/home/omartinez/2023-tfg-oscar-martinez/src/webbt_ws/install/py_gardener:/home/omartinez/2023-tfg-oscar-martinez/src/webbt_ws/install/btpy:/home/omartinez/ws/smartloc_ws/install/webots_sim:/opt/ros/humble /usr/bin/cmake --build /home/omartinez/2023-tfg-oscar-martinez/src/webbt_ws/build/aws_robomaker_racetrack_world -- -j8 -l8
[0.847s] Invoking command in '/home/omartinez/2023-tfg-oscar-martinez/src/webbt_ws/build/aws_robomaker_racetrack_world': CMAKE_PREFIX_PATH=${CMAKE_PREFIX_PATH}:/home/omartinez/2023-tfg-oscar-martinez/src/webbt_ws/install/py_trees_ros_viewer:/home/omartinez/2023-tfg-oscar-martinez/src/webbt_ws/install/py_trees_ros_tutorials:/home/omartinez/2023-tfg-oscar-martinez/src/webbt_ws/install/client_demo:/home/omartinez/2023-tfg-oscar-martinez/src/webbt_ws/install/py_gardener:/home/omartinez/2023-tfg-oscar-martinez/src/webbt_ws/install/btpy:/home/omartinez/ws/smartloc_ws/install/webots_sim:/opt/ros/humble /usr/bin/cmake --install /home/omartinez/2023-tfg-oscar-martinez/src/webbt_ws/build/aws_robomaker_racetrack_world
[0.873s] -- Install configuration: ""
[0.873s] -- Execute custom install script
[0.873s] -- Up-to-date symlink: /home/omartinez/2023-tfg-oscar-martinez/src/webbt_ws/install/aws_robomaker_racetrack_world/share/aws_robomaker_racetrack_world/launch/racetrack.launch.py
[0.873s] -- Up-to-date symlink: /home/omartinez/2023-tfg-oscar-martinez/src/webbt_ws/install/aws_robomaker_racetrack_world/share/aws_robomaker_racetrack_world/launch/view_racetrack.launch.py
[0.879s] -- Up-to-date symlink: /home/omartinez/2023-tfg-oscar-martinez/src/webbt_ws/install/aws_robomaker_racetrack_world/share/aws_robomaker_racetrack_world/models/aws_robomaker_racetrack_Archway_01/materials/textures/aws_Archway_01.png
[0.884s] -- Up-to-date symlink: /home/omartinez/2023-tfg-oscar-martinez/src/webbt_ws/install/aws_robomaker_racetrack_world/share/aws_robomaker_racetrack_world/models/aws_robomaker_racetrack_Archway_01/meshes/aws_Archway_01_collision.DAE
[0.885s] -- Up-to-date symlink: /home/omartinez/2023-tfg-oscar-martinez/src/webbt_ws/install/aws_robomaker_racetrack_world/share/aws_robomaker_racetrack_world/models/aws_robomaker_racetrack_Archway_01/meshes/aws_Archway_01_visual.DAE
[0.886s] -- Up-to-date symlink: /home/omartinez/2023-tfg-oscar-martinez/src/webbt_ws/install/aws_robomaker_racetrack_world/share/aws_robomaker_racetrack_world/models/aws_robomaker_racetrack_Archway_01/model.config
[0.887s] -- Up-to-date symlink: /home/omartinez/2023-tfg-oscar-martinez/src/webbt_ws/install/aws_robomaker_racetrack_world/share/aws_robomaker_racetrack_world/models/aws_robomaker_racetrack_Archway_01/model.sdf
[0.888s] -- Up-to-date symlink: /home/omartinez/2023-tfg-oscar-martinez/src/webbt_ws/install/aws_robomaker_racetrack_world/share/aws_robomaker_racetrack_world/models/aws_robomaker_racetrack_Billboard_01/materials/textures/aws_Billboard_01.png
[0.889s] -- Up-to-date symlink: /home/omartinez/2023-tfg-oscar-martinez/src/webbt_ws/install/aws_robomaker_racetrack_world/share/aws_robomaker_racetrack_world/models/aws_robomaker_racetrack_Billboard_01/meshes/aws_Billboard_01_collision.DAE
[0.892s] -- Up-to-date symlink: /home/omartinez/2023-tfg-oscar-martinez/src/webbt_ws/install/aws_robomaker_racetrack_world/share/aws_robomaker_racetrack_world/models/aws_robomaker_racetrack_Billboard_01/meshes/aws_Billboard_01_visual.DAE
[0.898s] -- Up-to-date symlink: /home/omartinez/2023-tfg-oscar-martinez/src/webbt_ws/install/aws_robomaker_racetrack_world/share/aws_robomaker_racetrack_world/models/aws_robomaker_racetrack_Billboard_01/model.config
[0.902s] -- Up-to-date symlink: /home/omartinez/2023-tfg-oscar-martinez/src/webbt_ws/install/aws_robomaker_racetrack_world/share/aws_robomaker_racetrack_world/models/aws_robomaker_racetrack_Billboard_01/model.sdf
[0.903s] -- Up-to-date symlink: /home/omartinez/2023-tfg-oscar-martinez/src/webbt_ws/install/aws_robomaker_racetrack_world/share/aws_robomaker_racetrack_world/models/aws_robomaker_racetrack_Column_01/materials/textures/aws_Column_01.png
[0.905s] -- Up-to-date symlink: /home/omartinez/2023-tfg-oscar-martinez/src/webbt_ws/install/aws_robomaker_racetrack_world/share/aws_robomaker_racetrack_world/models/aws_robomaker_racetrack_Column_01/meshes/aws_Column_01_collision.DAE
[0.906s] -- Up-to-date symlink: /home/omartinez/2023-tfg-oscar-martinez/src/webbt_ws/install/aws_robomaker_racetrack_world/share/aws_robomaker_racetrack_world/models/aws_robomaker_racetrack_Column_01/meshes/aws_Column_01_visual.DAE
[0.914s] -- Up-to-date symlink: /home/omartinez/2023-tfg-oscar-martinez/src/webbt_ws/install/aws_robomaker_racetrack_world/share/aws_robomaker_racetrack_world/models/aws_robomaker_racetrack_Column_01/model.config
[0.917s] -- Up-to-date symlink: /home/omartinez/2023-tfg-oscar-martinez/src/webbt_ws/install/aws_robomaker_racetrack_world/share/aws_robomaker_racetrack_world/models/aws_robomaker_racetrack_Column_01/model.sdf
[0.919s] -- Up-to-date symlink: /home/omartinez/2023-tfg-oscar-martinez/src/webbt_ws/install/aws_robomaker_racetrack_world/share/aws_robomaker_racetrack_world/models/aws_robomaker_racetrack_CrashworthBucket_01/materials/textures/aws_CrashworthBucket_01.png
[0.922s] -- Up-to-date symlink: /home/omartinez/2023-tfg-oscar-martinez/src/webbt_ws/install/aws_robomaker_racetrack_world/share/aws_robomaker_racetrack_world/models/aws_robomaker_racetrack_CrashworthBucket_01/meshes/aws_CrashworthBucket_01_collision.DAE
[0.926s] -- Up-to-date symlink: /home/omartinez/2023-tfg-oscar-martinez/src/webbt_ws/install/aws_robomaker_racetrack_world/share/aws_robomaker_racetrack_world/models/aws_robomaker_racetrack_CrashworthBucket_01/meshes/aws_CrashworthBucket_01_visual.DAE
[0.928s] -- Up-to-date symlink: /home/omartinez/2023-tfg-oscar-martinez/src/webbt_ws/install/aws_robomaker_racetrack_world/share/aws_robomaker_racetrack_world/models/aws_robomaker_racetrack_CrashworthBucket_01/model.config
[0.930s] -- Up-to-date symlink: /home/omartinez/2023-tfg-oscar-martinez/src/webbt_ws/install/aws_robomaker_racetrack_world/share/aws_robomaker_racetrack_world/models/aws_robomaker_racetrack_CrashworthBucket_01/model.sdf
[0.933s] -- Up-to-date symlink: /home/omartinez/2023-tfg-oscar-martinez/src/webbt_ws/install/aws_robomaker_racetrack_world/share/aws_robomaker_racetrack_world/models/aws_robomaker_racetrack_FenceMesh_01/materials/textures/aws_FenceMesh_01.png
[0.952s] -- Up-to-date symlink: /home/omartinez/2023-tfg-oscar-martinez/src/webbt_ws/install/aws_robomaker_racetrack_world/share/aws_robomaker_racetrack_world/models/aws_robomaker_racetrack_FenceMesh_01/meshes/aws_FenceMesh_01_collision.DAE
[0.959s] -- Up-to-date symlink: /home/omartinez/2023-tfg-oscar-martinez/src/webbt_ws/install/aws_robomaker_racetrack_world/share/aws_robomaker_racetrack_world/models/aws_robomaker_racetrack_FenceMesh_01/meshes/aws_FenceMesh_01_visual.DAE
[0.960s] -- Up-to-date symlink: /home/omartinez/2023-tfg-oscar-martinez/src/webbt_ws/install/aws_robomaker_racetrack_world/share/aws_robomaker_racetrack_world/models/aws_robomaker_racetrack_FenceMesh_01/model.config
[0.961s] -- Up-to-date symlink: /home/omartinez/2023-tfg-oscar-martinez/src/webbt_ws/install/aws_robomaker_racetrack_world/share/aws_robomaker_racetrack_world/models/aws_robomaker_racetrack_FenceMesh_01/model.sdf
[0.961s] -- Up-to-date symlink: /home/omartinez/2023-tfg-oscar-martinez/src/webbt_ws/install/aws_robomaker_racetrack_world/share/aws_robomaker_racetrack_world/models/aws_robomaker_racetrack_Fence_01/materials/textures/aws_Fence_01.png
[0.977s] -- Up-to-date symlink: /home/omartinez/2023-tfg-oscar-martinez/src/webbt_ws/install/aws_robomaker_racetrack_world/share/aws_robomaker_racetrack_world/models/aws_robomaker_racetrack_Fence_01/meshes/aws_Fence_01_collision.DAE
[0.980s] -- Up-to-date symlink: /home/omartinez/2023-tfg-oscar-martinez/src/webbt_ws/install/aws_robomaker_racetrack_world/share/aws_robomaker_racetrack_world/models/aws_robomaker_racetrack_Fence_01/meshes/aws_Fence_01_visual.DAE
[0.981s] -- Up-to-date symlink: /home/omartinez/2023-tfg-oscar-martinez/src/webbt_ws/install/aws_robomaker_racetrack_world/share/aws_robomaker_racetrack_world/models/aws_robomaker_racetrack_Fence_01/model.config
[0.987s] -- Up-to-date symlink: /home/omartinez/2023-tfg-oscar-martinez/src/webbt_ws/install/aws_robomaker_racetrack_world/share/aws_robomaker_racetrack_world/models/aws_robomaker_racetrack_Fence_01/model.sdf
[0.987s] -- Up-to-date symlink: /home/omartinez/2023-tfg-oscar-martinez/src/webbt_ws/install/aws_robomaker_racetrack_world/share/aws_robomaker_racetrack_world/models/aws_robomaker_racetrack_Fence_02/materials/textures/aws_Fence_02.png
[0.989s] -- Up-to-date symlink: /home/omartinez/2023-tfg-oscar-martinez/src/webbt_ws/install/aws_robomaker_racetrack_world/share/aws_robomaker_racetrack_world/models/aws_robomaker_racetrack_Fence_02/meshes/aws_Fence_02_collision.DAE
[0.993s] -- Up-to-date symlink: /home/omartinez/2023-tfg-oscar-martinez/src/webbt_ws/install/aws_robomaker_racetrack_world/share/aws_robomaker_racetrack_world/models/aws_robomaker_racetrack_Fence_02/meshes/aws_Fence_02_visual.DAE
[1.001s] -- Up-to-date symlink: /home/omartinez/2023-tfg-oscar-martinez/src/webbt_ws/install/aws_robomaker_racetrack_world/share/aws_robomaker_racetrack_world/models/aws_robomaker_racetrack_Fence_02/model.config
[1.001s] -- Up-to-date symlink: /home/omartinez/2023-tfg-oscar-martinez/src/webbt_ws/install/aws_robomaker_racetrack_world/share/aws_robomaker_racetrack_world/models/aws_robomaker_racetrack_Fence_02/model.sdf
[1.002s] -- Up-to-date symlink: /home/omartinez/2023-tfg-oscar-martinez/src/webbt_ws/install/aws_robomaker_racetrack_world/share/aws_robomaker_racetrack_world/models/aws_robomaker_racetrack_Ground_01/materials/textures/aws_GroundN_01.png
[1.004s] -- Up-to-date symlink: /home/omartinez/2023-tfg-oscar-martinez/src/webbt_ws/install/aws_robomaker_racetrack_world/share/aws_robomaker_racetrack_world/models/aws_robomaker_racetrack_Ground_01/materials/textures/aws_Ground_01.png
[1.006s] -- Up-to-date symlink: /home/omartinez/2023-tfg-oscar-martinez/src/webbt_ws/install/aws_robomaker_racetrack_world/share/aws_robomaker_racetrack_world/models/aws_robomaker_racetrack_Ground_01/meshes/aws_Ground_01_collision.DAE
[1.008s] -- Up-to-date symlink: /home/omartinez/2023-tfg-oscar-martinez/src/webbt_ws/install/aws_robomaker_racetrack_world/share/aws_robomaker_racetrack_world/models/aws_robomaker_racetrack_Ground_01/meshes/aws_Ground_01_visual.DAE
[1.011s] -- Up-to-date symlink: /home/omartinez/2023-tfg-oscar-martinez/src/webbt_ws/install/aws_robomaker_racetrack_world/share/aws_robomaker_racetrack_world/models/aws_robomaker_racetrack_Ground_01/model.config
[1.020s] -- Up-to-date symlink: /home/omartinez/2023-tfg-oscar-martinez/src/webbt_ws/install/aws_robomaker_racetrack_world/share/aws_robomaker_racetrack_world/models/aws_robomaker_racetrack_Ground_01/model.sdf
[1.022s] -- Up-to-date symlink: /home/omartinez/2023-tfg-oscar-martinez/src/webbt_ws/install/aws_robomaker_racetrack_world/share/aws_robomaker_racetrack_world/models/aws_robomaker_racetrack_Light_01/materials/textures/aws_Light_01.png
[1.022s] -- Up-to-date symlink: /home/omartinez/2023-tfg-oscar-martinez/src/webbt_ws/install/aws_robomaker_racetrack_world/share/aws_robomaker_racetrack_world/models/aws_robomaker_racetrack_Light_01/meshes/aws_Light_01_collision.DAE
[1.031s] -- Up-to-date symlink: /home/omartinez/2023-tfg-oscar-martinez/src/webbt_ws/install/aws_robomaker_racetrack_world/share/aws_robomaker_racetrack_world/models/aws_robomaker_racetrack_Light_01/meshes/aws_Light_01_visual.DAE
[1.033s] -- Up-to-date symlink: /home/omartinez/2023-tfg-oscar-martinez/src/webbt_ws/install/aws_robomaker_racetrack_world/share/aws_robomaker_racetrack_world/models/aws_robomaker_racetrack_Light_01/model.config
[1.040s] -- Up-to-date symlink: /home/omartinez/2023-tfg-oscar-martinez/src/webbt_ws/install/aws_robomaker_racetrack_world/share/aws_robomaker_racetrack_world/models/aws_robomaker_racetrack_Light_01/model.sdf
[1.041s] -- Up-to-date symlink: /home/omartinez/2023-tfg-oscar-martinez/src/webbt_ws/install/aws_robomaker_racetrack_world/share/aws_robomaker_racetrack_world/models/aws_robomaker_racetrack_RaceStartLight_01/materials/textures/aws_RaceStartLight_01.png
[1.043s] -- Up-to-date symlink: /home/omartinez/2023-tfg-oscar-martinez/src/webbt_ws/install/aws_robomaker_racetrack_world/share/aws_robomaker_racetrack_world/models/aws_robomaker_racetrack_RaceStartLight_01/meshes/aws_RaceStartLight_01_collision.DAE
[1.043s] -- Up-to-date symlink: /home/omartinez/2023-tfg-oscar-martinez/src/webbt_ws/install/aws_robomaker_racetrack_world/share/aws_robomaker_racetrack_world/models/aws_robomaker_racetrack_RaceStartLight_01/meshes/aws_RaceStartLight_01_visual.DAE
[1.044s] -- Up-to-date symlink: /home/omartinez/2023-tfg-oscar-martinez/src/webbt_ws/install/aws_robomaker_racetrack_world/share/aws_robomaker_racetrack_world/models/aws_robomaker_racetrack_RaceStartLight_01/model.config
[1.048s] -- Up-to-date symlink: /home/omartinez/2023-tfg-oscar-martinez/src/webbt_ws/install/aws_robomaker_racetrack_world/share/aws_robomaker_racetrack_world/models/aws_robomaker_racetrack_RaceStartLight_01/model.sdf
[1.051s] -- Up-to-date symlink: /home/omartinez/2023-tfg-oscar-martinez/src/webbt_ws/install/aws_robomaker_racetrack_world/share/aws_robomaker_racetrack_world/models/aws_robomaker_racetrack_StonePier_01/materials/textures/aws_StonePier_01.png
[1.061s] -- Up-to-date symlink: /home/omartinez/2023-tfg-oscar-martinez/src/webbt_ws/install/aws_robomaker_racetrack_world/share/aws_robomaker_racetrack_world/models/aws_robomaker_racetrack_StonePier_01/meshes/aws_StonePier_01_collision.DAE
[1.061s] -- Up-to-date symlink: /home/omartinez/2023-tfg-oscar-martinez/src/webbt_ws/install/aws_robomaker_racetrack_world/share/aws_robomaker_racetrack_world/models/aws_robomaker_racetrack_StonePier_01/meshes/aws_StonePier_01_visual.DAE
[1.062s] -- Up-to-date symlink: /home/omartinez/2023-tfg-oscar-martinez/src/webbt_ws/install/aws_robomaker_racetrack_world/share/aws_robomaker_racetrack_world/models/aws_robomaker_racetrack_StonePier_01/model.config
[1.062s] -- Up-to-date symlink: /home/omartinez/2023-tfg-oscar-martinez/src/webbt_ws/install/aws_robomaker_racetrack_world/share/aws_robomaker_racetrack_world/models/aws_robomaker_racetrack_StonePier_01/model.sdf
[1.064s] -- Up-to-date symlink: /home/omartinez/2023-tfg-oscar-martinez/src/webbt_ws/install/aws_robomaker_racetrack_world/share/aws_robomaker_racetrack_world/models/aws_robomaker_racetrack_StopSign_01/materials/textures/aws_StopSign_01.png
[1.064s] -- Up-to-date symlink: /home/omartinez/2023-tfg-oscar-martinez/src/webbt_ws/install/aws_robomaker_racetrack_world/share/aws_robomaker_racetrack_world/models/aws_robomaker_racetrack_StopSign_01/meshes/aws_StopSign_01_collision.DAE
[1.066s] -- Up-to-date symlink: /home/omartinez/2023-tfg-oscar-martinez/src/webbt_ws/install/aws_robomaker_racetrack_world/share/aws_robomaker_racetrack_world/models/aws_robomaker_racetrack_StopSign_01/meshes/aws_StopSign_01_visual.DAE
[1.066s] -- Up-to-date symlink: /home/omartinez/2023-tfg-oscar-martinez/src/webbt_ws/install/aws_robomaker_racetrack_world/share/aws_robomaker_racetrack_world/models/aws_robomaker_racetrack_StopSign_01/model.config
[1.067s] -- Up-to-date symlink: /home/omartinez/2023-tfg-oscar-martinez/src/webbt_ws/install/aws_robomaker_racetrack_world/share/aws_robomaker_racetrack_world/models/aws_robomaker_racetrack_StopSign_01/model.sdf
[1.068s] -- Up-to-date symlink: /home/omartinez/2023-tfg-oscar-martinez/src/webbt_ws/install/aws_robomaker_racetrack_world/share/aws_robomaker_racetrack_world/models/aws_robomaker_racetrack_Track_01/materials/textures/aws_Track_01.png
[1.068s] -- Up-to-date symlink: /home/omartinez/2023-tfg-oscar-martinez/src/webbt_ws/install/aws_robomaker_racetrack_world/share/aws_robomaker_racetrack_world/models/aws_robomaker_racetrack_Track_01/materials/textures/aws_Track_01A.png
[1.069s] -- Up-to-date symlink: /home/omartinez/2023-tfg-oscar-martinez/src/webbt_ws/install/aws_robomaker_racetrack_world/share/aws_robomaker_racetrack_world/models/aws_robomaker_racetrack_Track_01/meshes/aws_Track_01_collision.DAE
[1.071s] -- Up-to-date symlink: /home/omartinez/2023-tfg-oscar-martinez/src/webbt_ws/install/aws_robomaker_racetrack_world/share/aws_robomaker_racetrack_world/models/aws_robomaker_racetrack_Track_01/meshes/aws_Track_01_visual.DAE
[1.071s] -- Up-to-date symlink: /home/omartinez/2023-tfg-oscar-martinez/src/webbt_ws/install/aws_robomaker_racetrack_world/share/aws_robomaker_racetrack_world/models/aws_robomaker_racetrack_Track_01/model.config
[1.072s] -- Up-to-date symlink: /home/omartinez/2023-tfg-oscar-martinez/src/webbt_ws/install/aws_robomaker_racetrack_world/share/aws_robomaker_racetrack_world/models/aws_robomaker_racetrack_Track_01/model.sdf
[1.073s] -- Up-to-date symlink: /home/omartinez/2023-tfg-oscar-martinez/src/webbt_ws/install/aws_robomaker_racetrack_world/share/aws_robomaker_racetrack_world/models/aws_robomaker_racetrack_Track_02/materials/textures/aws_Track_02.png
[1.074s] -- Up-to-date symlink: /home/omartinez/2023-tfg-oscar-martinez/src/webbt_ws/install/aws_robomaker_racetrack_world/share/aws_robomaker_racetrack_world/models/aws_robomaker_racetrack_Track_02/materials/textures/aws_Track_02B.png
[1.076s] -- Up-to-date symlink: /home/omartinez/2023-tfg-oscar-martinez/src/webbt_ws/install/aws_robomaker_racetrack_world/share/aws_robomaker_racetrack_world/models/aws_robomaker_racetrack_Track_02/meshes/aws_Track_02_collision.DAE
[1.077s] -- Up-to-date symlink: /home/omartinez/2023-tfg-oscar-martinez/src/webbt_ws/install/aws_robomaker_racetrack_world/share/aws_robomaker_racetrack_world/models/aws_robomaker_racetrack_Track_02/meshes/aws_Track_02_visual.DAE
[1.077s] -- Up-to-date symlink: /home/omartinez/2023-tfg-oscar-martinez/src/webbt_ws/install/aws_robomaker_racetrack_world/share/aws_robomaker_racetrack_world/models/aws_robomaker_racetrack_Track_02/model.config
[1.077s] -- Up-to-date symlink: /home/omartinez/2023-tfg-oscar-martinez/src/webbt_ws/install/aws_robomaker_racetrack_world/share/aws_robomaker_racetrack_world/models/aws_robomaker_racetrack_Track_02/model.sdf
[1.077s] -- Up-to-date symlink: /home/omartinez/2023-tfg-oscar-martinez/src/webbt_ws/install/aws_robomaker_racetrack_world/share/aws_robomaker_racetrack_world/models/aws_robomaker_racetrack_Track_03/materials/textures/aws_Track_03.png
[1.078s] -- Up-to-date symlink: /home/omartinez/2023-tfg-oscar-martinez/src/webbt_ws/install/aws_robomaker_racetrack_world/share/aws_robomaker_racetrack_world/models/aws_robomaker_racetrack_Track_03/materials/textures/aws_Track_03B.png
[1.078s] -- Up-to-date symlink: /home/omartinez/2023-tfg-oscar-martinez/src/webbt_ws/install/aws_robomaker_racetrack_world/share/aws_robomaker_racetrack_world/models/aws_robomaker_racetrack_Track_03/meshes/aws_Track_03_collision.DAE
[1.078s] -- Up-to-date symlink: /home/omartinez/2023-tfg-oscar-martinez/src/webbt_ws/install/aws_robomaker_racetrack_world/share/aws_robomaker_racetrack_world/models/aws_robomaker_racetrack_Track_03/meshes/aws_Track_03_visual.DAE
[1.078s] -- Up-to-date symlink: /home/omartinez/2023-tfg-oscar-martinez/src/webbt_ws/install/aws_robomaker_racetrack_world/share/aws_robomaker_racetrack_world/models/aws_robomaker_racetrack_Track_03/model.config
[1.079s] -- Up-to-date symlink: /home/omartinez/2023-tfg-oscar-martinez/src/webbt_ws/install/aws_robomaker_racetrack_world/share/aws_robomaker_racetrack_world/models/aws_robomaker_racetrack_Track_03/model.sdf
[1.079s] -- Up-to-date symlink: /home/omartinez/2023-tfg-oscar-martinez/src/webbt_ws/install/aws_robomaker_racetrack_world/share/aws_robomaker_racetrack_world/models/aws_robomaker_racetrack_Track_04/materials/textures/aws_Track_04.png
[1.079s] -- Up-to-date symlink: /home/omartinez/2023-tfg-oscar-martinez/src/webbt_ws/install/aws_robomaker_racetrack_world/share/aws_robomaker_racetrack_world/models/aws_robomaker_racetrack_Track_04/materials/textures/aws_Track_04B.png
[1.079s] -- Up-to-date symlink: /home/omartinez/2023-tfg-oscar-martinez/src/webbt_ws/install/aws_robomaker_racetrack_world/share/aws_robomaker_racetrack_world/models/aws_robomaker_racetrack_Track_04/meshes/aws_Track_04_collision.DAE
[1.080s] -- Up-to-date symlink: /home/omartinez/2023-tfg-oscar-martinez/src/webbt_ws/install/aws_robomaker_racetrack_world/share/aws_robomaker_racetrack_world/models/aws_robomaker_racetrack_Track_04/meshes/aws_Track_04_visual.DAE
[1.080s] -- Up-to-date symlink: /home/omartinez/2023-tfg-oscar-martinez/src/webbt_ws/install/aws_robomaker_racetrack_world/share/aws_robomaker_racetrack_world/models/aws_robomaker_racetrack_Track_04/model.config
[1.080s] -- Up-to-date symlink: /home/omartinez/2023-tfg-oscar-martinez/src/webbt_ws/install/aws_robomaker_racetrack_world/share/aws_robomaker_racetrack_world/models/aws_robomaker_racetrack_Track_04/model.sdf
[1.080s] -- Up-to-date symlink: /home/omartinez/2023-tfg-oscar-martinez/src/webbt_ws/install/aws_robomaker_racetrack_world/share/aws_robomaker_racetrack_world/models/aws_robomaker_racetrack_Track_05/materials/aws_Track_05.png
[1.096s] -- Up-to-date symlink: /home/omartinez/2023-tfg-oscar-martinez/src/webbt_ws/install/aws_robomaker_racetrack_world/share/aws_robomaker_racetrack_world/models/aws_robomaker_racetrack_Track_05/materials/aws_Track_05B.png
[1.096s] -- Up-to-date symlink: /home/omartinez/2023-tfg-oscar-martinez/src/webbt_ws/install/aws_robomaker_racetrack_world/share/aws_robomaker_racetrack_world/models/aws_robomaker_racetrack_Track_05/materials/aws_Track_05C.png
[1.096s] -- Up-to-date symlink: /home/omartinez/2023-tfg-oscar-martinez/src/webbt_ws/install/aws_robomaker_racetrack_world/share/aws_robomaker_racetrack_world/models/aws_robomaker_racetrack_Track_05/materials/textures/aws_Track_05.png
[1.097s] -- Up-to-date symlink: /home/omartinez/2023-tfg-oscar-martinez/src/webbt_ws/install/aws_robomaker_racetrack_world/share/aws_robomaker_racetrack_world/models/aws_robomaker_racetrack_Track_05/materials/textures/aws_Track_05B.png
[1.099s] -- Up-to-date symlink: /home/omartinez/2023-tfg-oscar-martinez/src/webbt_ws/install/aws_robomaker_racetrack_world/share/aws_robomaker_racetrack_world/models/aws_robomaker_racetrack_Track_05/materials/textures/aws_Track_05C.png
[1.102s] -- Up-to-date symlink: /home/omartinez/2023-tfg-oscar-martinez/src/webbt_ws/install/aws_robomaker_racetrack_world/share/aws_robomaker_racetrack_world/models/aws_robomaker_racetrack_Track_05/meshes/aws_Track_05_collision.DAE
[1.108s] -- Up-to-date symlink: /home/omartinez/2023-tfg-oscar-martinez/src/webbt_ws/install/aws_robomaker_racetrack_world/share/aws_robomaker_racetrack_world/models/aws_robomaker_racetrack_Track_05/meshes/aws_Track_05_visual.DAE
[1.109s] -- Up-to-date symlink: /home/omartinez/2023-tfg-oscar-martinez/src/webbt_ws/install/aws_robomaker_racetrack_world/share/aws_robomaker_racetrack_world/models/aws_robomaker_racetrack_Track_05/model.config
[1.109s] -- Up-to-date symlink: /home/omartinez/2023-tfg-oscar-martinez/src/webbt_ws/install/aws_robomaker_racetrack_world/share/aws_robomaker_racetrack_world/models/aws_robomaker_racetrack_Track_05/model.sdf
[1.112s] -- Up-to-date symlink: /home/omartinez/2023-tfg-oscar-martinez/src/webbt_ws/install/aws_robomaker_racetrack_world/share/aws_robomaker_racetrack_world/models/aws_robomaker_racetrack_Trackline_01/materials/textures/aws_Trackline_01.png
[1.115s] -- Up-to-date symlink: /home/omartinez/2023-tfg-oscar-martinez/src/webbt_ws/install/aws_robomaker_racetrack_world/share/aws_robomaker_racetrack_world/models/aws_robomaker_racetrack_Trackline_01/meshes/aws_Trackline_01_collision.DAE
[1.116s] -- Up-to-date symlink: /home/omartinez/2023-tfg-oscar-martinez/src/webbt_ws/install/aws_robomaker_racetrack_world/share/aws_robomaker_racetrack_world/models/aws_robomaker_racetrack_Trackline_01/meshes/aws_Trackline_01_visual.DAE
[1.117s] -- Up-to-date symlink: /home/omartinez/2023-tfg-oscar-martinez/src/webbt_ws/install/aws_robomaker_racetrack_world/share/aws_robomaker_racetrack_world/models/aws_robomaker_racetrack_Trackline_01/model.config
[1.118s] -- Up-to-date symlink: /home/omartinez/2023-tfg-oscar-martinez/src/webbt_ws/install/aws_robomaker_racetrack_world/share/aws_robomaker_racetrack_world/models/aws_robomaker_racetrack_Trackline_01/model.sdf
[1.119s] -- Up-to-date symlink: /home/omartinez/2023-tfg-oscar-martinez/src/webbt_ws/install/aws_robomaker_racetrack_world/share/aws_robomaker_racetrack_world/models/aws_robomaker_racetrack_TrafficCone_01/materials/textures/aws_TrafficCone_01.png
[1.122s] -- Up-to-date symlink: /home/omartinez/2023-tfg-oscar-martinez/src/webbt_ws/install/aws_robomaker_racetrack_world/share/aws_robomaker_racetrack_world/models/aws_robomaker_racetrack_TrafficCone_01/meshes/aws_TrafficCone_01_coliision.DAE
[1.122s] -- Up-to-date symlink: /home/omartinez/2023-tfg-oscar-martinez/src/webbt_ws/install/aws_robomaker_racetrack_world/share/aws_robomaker_racetrack_world/models/aws_robomaker_racetrack_TrafficCone_01/meshes/aws_TrafficCone_01_visual.DAE
[1.123s] -- Up-to-date symlink: /home/omartinez/2023-tfg-oscar-martinez/src/webbt_ws/install/aws_robomaker_racetrack_world/share/aws_robomaker_racetrack_world/models/aws_robomaker_racetrack_TrafficCone_01/model.config
[1.125s] -- Up-to-date symlink: /home/omartinez/2023-tfg-oscar-martinez/src/webbt_ws/install/aws_robomaker_racetrack_world/share/aws_robomaker_racetrack_world/models/aws_robomaker_racetrack_TrafficCone_01/model.sdf
[1.126s] -- Up-to-date symlink: /home/omartinez/2023-tfg-oscar-martinez/src/webbt_ws/install/aws_robomaker_racetrack_world/share/aws_robomaker_racetrack_world/models/aws_robomaker_racetrack_Wall_01/materials/textures/aws_Wall_01.png
[1.130s] -- Up-to-date symlink: /home/omartinez/2023-tfg-oscar-martinez/src/webbt_ws/install/aws_robomaker_racetrack_world/share/aws_robomaker_racetrack_world/models/aws_robomaker_racetrack_Wall_01/meshes/aws_Wall_01_collision.DAE
[1.139s] -- Up-to-date symlink: /home/omartinez/2023-tfg-oscar-martinez/src/webbt_ws/install/aws_robomaker_racetrack_world/share/aws_robomaker_racetrack_world/models/aws_robomaker_racetrack_Wall_01/meshes/aws_Wall_01_visual.DAE
[1.139s] -- Up-to-date symlink: /home/omartinez/2023-tfg-oscar-martinez/src/webbt_ws/install/aws_robomaker_racetrack_world/share/aws_robomaker_racetrack_world/models/aws_robomaker_racetrack_Wall_01/model.config
[1.140s] -- Up-to-date symlink: /home/omartinez/2023-tfg-oscar-martinez/src/webbt_ws/install/aws_robomaker_racetrack_world/share/aws_robomaker_racetrack_world/models/aws_robomaker_racetrack_Wall_01/model.sdf
[1.143s] -- Up-to-date symlink: /home/omartinez/2023-tfg-oscar-martinez/src/webbt_ws/install/aws_robomaker_racetrack_world/share/aws_robomaker_racetrack_world/worlds/racetrack_day.world
[1.143s] -- Up-to-date symlink: /home/omartinez/2023-tfg-oscar-martinez/src/webbt_ws/install/aws_robomaker_racetrack_world/share/aws_robomaker_racetrack_world/worlds/racetrack_day_empty.world
[1.145s] -- Up-to-date symlink: /home/omartinez/2023-tfg-oscar-martinez/src/webbt_ws/install/aws_robomaker_racetrack_world/share/aws_robomaker_racetrack_world/worlds/racetrack_night.world
[1.151s] -- Up-to-date symlink: /home/omartinez/2023-tfg-oscar-martinez/src/webbt_ws/install/aws_robomaker_racetrack_world/share/ament_index/resource_index/package_run_dependencies/aws_robomaker_racetrack_world
[1.152s] -- Up-to-date symlink: /home/omartinez/2023-tfg-oscar-martinez/src/webbt_ws/install/aws_robomaker_racetrack_world/share/ament_index/resource_index/parent_prefix_path/aws_robomaker_racetrack_world
[1.160s] -- Up-to-date symlink: /home/omartinez/2023-tfg-oscar-martinez/src/webbt_ws/install/aws_robomaker_racetrack_world/share/aws_robomaker_racetrack_world/environment/ament_prefix_path.sh
[1.161s] -- Up-to-date symlink: /home/omartinez/2023-tfg-oscar-martinez/src/webbt_ws/install/aws_robomaker_racetrack_world/share/aws_robomaker_racetrack_world/environment/ament_prefix_path.dsv
[1.163s] -- Up-to-date symlink: /home/omartinez/2023-tfg-oscar-martinez/src/webbt_ws/install/aws_robomaker_racetrack_world/share/aws_robomaker_racetrack_world/environment/path.sh
[1.167s] -- Up-to-date symlink: /home/omartinez/2023-tfg-oscar-martinez/src/webbt_ws/install/aws_robomaker_racetrack_world/share/aws_robomaker_racetrack_world/environment/path.dsv
[1.169s] -- Up-to-date symlink: /home/omartinez/2023-tfg-oscar-martinez/src/webbt_ws/install/aws_robomaker_racetrack_world/share/aws_robomaker_racetrack_world/local_setup.bash
[1.177s] -- Up-to-date symlink: /home/omartinez/2023-tfg-oscar-martinez/src/webbt_ws/install/aws_robomaker_racetrack_world/share/aws_robomaker_racetrack_world/local_setup.sh
[1.180s] -- Up-to-date symlink: /home/omartinez/2023-tfg-oscar-martinez/src/webbt_ws/install/aws_robomaker_racetrack_world/share/aws_robomaker_racetrack_world/local_setup.zsh
[1.180s] -- Up-to-date symlink: /home/omartinez/2023-tfg-oscar-martinez/src/webbt_ws/install/aws_robomaker_racetrack_world/share/aws_robomaker_racetrack_world/local_setup.dsv
[1.181s] -- Symlinking: /home/omartinez/2023-tfg-oscar-martinez/src/webbt_ws/install/aws_robomaker_racetrack_world/share/aws_robomaker_racetrack_world/package.dsv
[1.282s] -- Up-to-date symlink: /home/omartinez/2023-tfg-oscar-martinez/src/webbt_ws/install/aws_robomaker_racetrack_world/share/ament_index/resource_index/packages/aws_robomaker_racetrack_world
[1.283s] -- Up-to-date symlink: /home/omartinez/2023-tfg-oscar-martinez/src/webbt_ws/install/aws_robomaker_racetrack_world/share/aws_robomaker_racetrack_world/cmake/ament_cmake_export_dependencies-extras.cmake
[1.283s] -- Up-to-date symlink: /home/omartinez/2023-tfg-oscar-martinez/src/webbt_ws/install/aws_robomaker_racetrack_world/share/aws_robomaker_racetrack_world/cmake/aws_robomaker_racetrack_worldConfig.cmake
[1.284s] -- Up-to-date symlink: /home/omartinez/2023-tfg-oscar-martinez/src/webbt_ws/install/aws_robomaker_racetrack_world/share/aws_robomaker_racetrack_world/cmake/aws_robomaker_racetrack_worldConfig-version.cmake
[1.284s] -- Up-to-date symlink: /home/omartinez/2023-tfg-oscar-martinez/src/webbt_ws/install/aws_robomaker_racetrack_world/share/aws_robomaker_racetrack_world/package.xml
[1.373s] Invoked command in '/home/omartinez/2023-tfg-oscar-martinez/src/webbt_ws/build/aws_robomaker_racetrack_world' returned '0': CMAKE_PREFIX_PATH=${CMAKE_PREFIX_PATH}:/home/omartinez/2023-tfg-oscar-martinez/src/webbt_ws/install/py_trees_ros_viewer:/home/omartinez/2023-tfg-oscar-martinez/src/webbt_ws/install/py_trees_ros_tutorials:/home/omartinez/2023-tfg-oscar-martinez/src/webbt_ws/install/client_demo:/home/omartinez/2023-tfg-oscar-martinez/src/webbt_ws/install/py_gardener:/home/omartinez/2023-tfg-oscar-martinez/src/webbt_ws/install/btpy:/home/omartinez/ws/smartloc_ws/install/webots_sim:/opt/ros/humble /usr/bin/cmake --install /home/omartinez/2023-tfg-oscar-martinez/src/webbt_ws/build/aws_robomaker_racetrack_world
