[0.275s] Invoking command in '/home/omartinez/2023-tfg-oscar-martinez/src/webbt_ws/build/ir_robots': CMAKE_PREFIX_PATH=${CMAKE_PREFIX_PATH}:/home/omartinez/2023-tfg-oscar-martinez/src/webbt_ws/install/py_trees_ros_viewer:/home/omartinez/2023-tfg-oscar-martinez/src/webbt_ws/install/py_trees_ros_tutorials:/home/omartinez/2023-tfg-oscar-martinez/src/webbt_ws/install/client_demo:/home/omartinez/2023-tfg-oscar-martinez/src/webbt_ws/install/py_gardener:/home/omartinez/2023-tfg-oscar-martinez/src/webbt_ws/install/btpy:/home/omartinez/ws/smartloc_ws/install/webots_sim:/opt/ros/humble /usr/bin/cmake --build /home/omartinez/2023-tfg-oscar-martinez/src/webbt_ws/build/ir_robots -- -j8 -l8
[2.107s] Invoked command in '/home/omartinez/2023-tfg-oscar-martinez/src/webbt_ws/build/ir_robots' returned '0': CMAKE_PREFIX_PATH=${CMAKE_PREFIX_PATH}:/home/omartinez/2023-tfg-oscar-martinez/src/webbt_ws/install/py_trees_ros_viewer:/home/omartinez/2023-tfg-oscar-martinez/src/webbt_ws/install/py_trees_ros_tutorials:/home/omartinez/2023-tfg-oscar-martinez/src/webbt_ws/install/client_demo:/home/omartinez/2023-tfg-oscar-martinez/src/webbt_ws/install/py_gardener:/home/omartinez/2023-tfg-oscar-martinez/src/webbt_ws/install/btpy:/home/omartinez/ws/smartloc_ws/install/webots_sim:/opt/ros/humble /usr/bin/cmake --build /home/omartinez/2023-tfg-oscar-martinez/src/webbt_ws/build/ir_robots -- -j8 -l8
[2.387s] Invoking command in '/home/omartinez/2023-tfg-oscar-martinez/src/webbt_ws/build/ir_robots': CMAKE_PREFIX_PATH=${CMAKE_PREFIX_PATH}:/home/omartinez/2023-tfg-oscar-martinez/src/webbt_ws/install/py_trees_ros_viewer:/home/omartinez/2023-tfg-oscar-martinez/src/webbt_ws/install/py_trees_ros_tutorials:/home/omartinez/2023-tfg-oscar-martinez/src/webbt_ws/install/client_demo:/home/omartinez/2023-tfg-oscar-martinez/src/webbt_ws/install/py_gardener:/home/omartinez/2023-tfg-oscar-martinez/src/webbt_ws/install/btpy:/home/omartinez/ws/smartloc_ws/install/webots_sim:/opt/ros/humble /usr/bin/cmake --install /home/omartinez/2023-tfg-oscar-martinez/src/webbt_ws/build/ir_robots
[2.435s] -- Install configuration: ""
[2.437s] -- Execute custom install script
[2.439s] -- Up-to-date symlink: /home/omartinez/2023-tfg-oscar-martinez/src/webbt_ws/install/ir_robots/share/ir_robots/launch/dependencies/keepzone.launch.py
[2.446s] -- Up-to-date symlink: /home/omartinez/2023-tfg-oscar-martinez/src/webbt_ws/install/ir_robots/share/ir_robots/launch/dependencies/navigation_launch.py
[2.447s] -- Up-to-date symlink: /home/omartinez/2023-tfg-oscar-martinez/src/webbt_ws/install/ir_robots/share/ir_robots/launch/dependencies/robot_spawn.launch.py
[2.448s] -- Up-to-date symlink: /home/omartinez/2023-tfg-oscar-martinez/src/webbt_ws/install/ir_robots/share/ir_robots/launch/kobuki.launch.py
[2.449s] -- Up-to-date symlink: /home/omartinez/2023-tfg-oscar-martinez/src/webbt_ws/install/ir_robots/share/ir_robots/launch/navigation.launch.py
[2.450s] -- Up-to-date symlink: /home/omartinez/2023-tfg-oscar-martinez/src/webbt_ws/install/ir_robots/share/ir_robots/launch/simulation.launch.py
[2.452s] -- Up-to-date symlink: /home/omartinez/2023-tfg-oscar-martinez/src/webbt_ws/install/ir_robots/share/ir_robots/config/params.yaml
[2.453s] -- Up-to-date symlink: /home/omartinez/2023-tfg-oscar-martinez/src/webbt_ws/install/ir_robots/share/ir_robots/params/footprint_filter.yaml
[2.453s] -- Up-to-date symlink: /home/omartinez/2023-tfg-oscar-martinez/src/webbt_ws/install/ir_robots/share/ir_robots/params/keepout_params.yaml
[2.454s] -- Up-to-date symlink: /home/omartinez/2023-tfg-oscar-martinez/src/webbt_ws/install/ir_robots/share/ir_robots/params/kobuki_nav_params_real.yaml
[2.454s] -- Up-to-date symlink: /home/omartinez/2023-tfg-oscar-martinez/src/webbt_ws/install/ir_robots/share/ir_robots/params/kobuki_nav_params_sim.yaml
[2.455s] -- Up-to-date symlink: /home/omartinez/2023-tfg-oscar-martinez/src/webbt_ws/install/ir_robots/share/ir_robots/params/kobuki_node_params.yaml
[2.456s] -- Up-to-date symlink: /home/omartinez/2023-tfg-oscar-martinez/src/webbt_ws/install/ir_robots/share/ir_robots/params/mapper_params_online_async.yaml
[2.457s] -- Up-to-date symlink: /home/omartinez/2023-tfg-oscar-martinez/src/webbt_ws/install/ir_robots/share/ir_robots/params/tiago_nav_params_real.yaml
[2.457s] -- Up-to-date symlink: /home/omartinez/2023-tfg-oscar-martinez/src/webbt_ws/install/ir_robots/share/ir_robots/params/tiago_nav_params_sim.yaml
[2.458s] -- Up-to-date symlink: /home/omartinez/2023-tfg-oscar-martinez/src/webbt_ws/install/ir_robots/share/ir_robots/maps/aws_bookstore.pgm
[2.459s] -- Up-to-date symlink: /home/omartinez/2023-tfg-oscar-martinez/src/webbt_ws/install/ir_robots/share/ir_robots/maps/aws_bookstore.yaml
[2.466s] -- Up-to-date symlink: /home/omartinez/2023-tfg-oscar-martinez/src/webbt_ws/install/ir_robots/share/ir_robots/maps/aws_hospital.pgm
[2.466s] -- Up-to-date symlink: /home/omartinez/2023-tfg-oscar-martinez/src/webbt_ws/install/ir_robots/share/ir_robots/maps/aws_hospital.yaml
[2.467s] -- Up-to-date symlink: /home/omartinez/2023-tfg-oscar-martinez/src/webbt_ws/install/ir_robots/share/ir_robots/maps/aws_house.pgm
[2.467s] -- Up-to-date symlink: /home/omartinez/2023-tfg-oscar-martinez/src/webbt_ws/install/ir_robots/share/ir_robots/maps/aws_house.yaml
[2.468s] -- Up-to-date symlink: /home/omartinez/2023-tfg-oscar-martinez/src/webbt_ws/install/ir_robots/share/ir_robots/maps/aws_house_keep.pgm
[2.468s] -- Up-to-date symlink: /home/omartinez/2023-tfg-oscar-martinez/src/webbt_ws/install/ir_robots/share/ir_robots/maps/aws_house_keep.yaml
[2.468s] -- Up-to-date symlink: /home/omartinez/2023-tfg-oscar-martinez/src/webbt_ws/install/ir_robots/share/ir_robots/maps/aws_warehouse.pgm
[2.469s] -- Up-to-date symlink: /home/omartinez/2023-tfg-oscar-martinez/src/webbt_ws/install/ir_robots/share/ir_robots/maps/aws_warehouse.yaml
[2.469s] -- Up-to-date symlink: /home/omartinez/2023-tfg-oscar-martinez/src/webbt_ws/install/ir_robots/share/ir_robots/worlds/GrannyAnnie.world
[2.469s] -- Up-to-date symlink: /home/omartinez/2023-tfg-oscar-martinez/src/webbt_ws/install/ir_robots/share/ir_robots/worlds/RoCKIn@Home.sdf
[2.469s] -- Up-to-date symlink: /home/omartinez/2023-tfg-oscar-martinez/src/webbt_ws/install/ir_robots/share/ir_robots/worlds/models/circuitoMontmelo/materials/scripts/asphalt.material
[2.470s] -- Up-to-date symlink: /home/omartinez/2023-tfg-oscar-martinez/src/webbt_ws/install/ir_robots/share/ir_robots/worlds/models/circuitoMontmelo/materials/textures/tarmac.png
[2.470s] -- Up-to-date symlink: /home/omartinez/2023-tfg-oscar-martinez/src/webbt_ws/install/ir_robots/share/ir_robots/worlds/models/circuitoMontmelo/model.config
[2.470s] -- Up-to-date symlink: /home/omartinez/2023-tfg-oscar-martinez/src/webbt_ws/install/ir_robots/share/ir_robots/worlds/models/circuitoMontmelo/model.sdf
[2.470s] -- Up-to-date symlink: /home/omartinez/2023-tfg-oscar-martinez/src/webbt_ws/install/ir_robots/share/ir_robots/worlds/models/paredesMontmelo/model.config
[2.471s] -- Up-to-date symlink: /home/omartinez/2023-tfg-oscar-martinez/src/webbt_ws/install/ir_robots/share/ir_robots/worlds/models/paredesMontmelo/model.sdf
[2.471s] -- Up-to-date symlink: /home/omartinez/2023-tfg-oscar-martinez/src/webbt_ws/install/ir_robots/share/ir_robots/worlds/montmelo.world
[2.471s] -- Up-to-date symlink: /home/omartinez/2023-tfg-oscar-martinez/src/webbt_ws/install/ir_robots/share/ir_robots/worlds/robocuplab.world
[2.471s] -- Up-to-date symlink: /home/omartinez/2023-tfg-oscar-martinez/src/webbt_ws/install/ir_robots/share/ir_robots/worlds/robocupspl.world
[2.472s] -- Up-to-date symlink: /home/omartinez/2023-tfg-oscar-martinez/src/webbt_ws/install/ir_robots/share/ament_index/resource_index/package_run_dependencies/ir_robots
[2.474s] -- Up-to-date symlink: /home/omartinez/2023-tfg-oscar-martinez/src/webbt_ws/install/ir_robots/share/ament_index/resource_index/parent_prefix_path/ir_robots
[2.479s] -- Up-to-date symlink: /home/omartinez/2023-tfg-oscar-martinez/src/webbt_ws/install/ir_robots/share/ir_robots/environment/ament_prefix_path.sh
[2.480s] -- Up-to-date symlink: /home/omartinez/2023-tfg-oscar-martinez/src/webbt_ws/install/ir_robots/share/ir_robots/environment/ament_prefix_path.dsv
[2.481s] -- Up-to-date symlink: /home/omartinez/2023-tfg-oscar-martinez/src/webbt_ws/install/ir_robots/share/ir_robots/environment/path.sh
[2.482s] -- Up-to-date symlink: /home/omartinez/2023-tfg-oscar-martinez/src/webbt_ws/install/ir_robots/share/ir_robots/environment/path.dsv
[2.483s] -- Up-to-date symlink: /home/omartinez/2023-tfg-oscar-martinez/src/webbt_ws/install/ir_robots/share/ir_robots/local_setup.bash
[2.483s] -- Up-to-date symlink: /home/omartinez/2023-tfg-oscar-martinez/src/webbt_ws/install/ir_robots/share/ir_robots/local_setup.sh
[2.484s] -- Up-to-date symlink: /home/omartinez/2023-tfg-oscar-martinez/src/webbt_ws/install/ir_robots/share/ir_robots/local_setup.zsh
[2.496s] -- Up-to-date symlink: /home/omartinez/2023-tfg-oscar-martinez/src/webbt_ws/install/ir_robots/share/ir_robots/local_setup.dsv
[2.497s] -- Symlinking: /home/omartinez/2023-tfg-oscar-martinez/src/webbt_ws/install/ir_robots/share/ir_robots/package.dsv
[2.518s] -- Up-to-date symlink: /home/omartinez/2023-tfg-oscar-martinez/src/webbt_ws/install/ir_robots/share/ament_index/resource_index/packages/ir_robots
[2.518s] -- Up-to-date symlink: /home/omartinez/2023-tfg-oscar-martinez/src/webbt_ws/install/ir_robots/share/ir_robots/cmake/ir_robotsConfig.cmake
[2.518s] -- Up-to-date symlink: /home/omartinez/2023-tfg-oscar-martinez/src/webbt_ws/install/ir_robots/share/ir_robots/cmake/ir_robotsConfig-version.cmake
[2.519s] -- Up-to-date symlink: /home/omartinez/2023-tfg-oscar-martinez/src/webbt_ws/install/ir_robots/share/ir_robots/package.xml
[2.529s] Invoked command in '/home/omartinez/2023-tfg-oscar-martinez/src/webbt_ws/build/ir_robots' returned '0': CMAKE_PREFIX_PATH=${CMAKE_PREFIX_PATH}:/home/omartinez/2023-tfg-oscar-martinez/src/webbt_ws/install/py_trees_ros_viewer:/home/omartinez/2023-tfg-oscar-martinez/src/webbt_ws/install/py_trees_ros_tutorials:/home/omartinez/2023-tfg-oscar-martinez/src/webbt_ws/install/client_demo:/home/omartinez/2023-tfg-oscar-martinez/src/webbt_ws/install/py_gardener:/home/omartinez/2023-tfg-oscar-martinez/src/webbt_ws/install/btpy:/home/omartinez/ws/smartloc_ws/install/webots_sim:/opt/ros/humble /usr/bin/cmake --install /home/omartinez/2023-tfg-oscar-martinez/src/webbt_ws/build/ir_robots
