/usr/lib/python3/dist-packages/setuptools/dist.py:723: UserWarning: Usage of dash-separated 'script-dir' will not be supported in future versions. Please use the underscore name 'script_dir' instead
  warnings.warn(
running develop
/usr/lib/python3/dist-packages/setuptools/command/easy_install.py:158: EasyInstallDeprecationWarning: easy_install command is deprecated. Use build and pip and other standards-based tools.
  warnings.warn(
/usr/lib/python3/dist-packages/setuptools/command/install.py:34: SetuptoolsDeprecationWarning: setup.py install is deprecated. Use build and pip and other standards-based tools.
  warnings.warn(
/usr/lib/python3/dist-packages/pkg_resources/__init__.py:116: PkgResourcesDeprecationWarning: 1.16.0-unknown is an invalid version and will not be supported in a future release
  warnings.warn(
/usr/lib/python3/dist-packages/pkg_resources/__init__.py:116: PkgResourcesDeprecationWarning: 1.1build1 is an invalid version and will not be supported in a future release
  warnings.warn(
/usr/lib/python3/dist-packages/pkg_resources/__init__.py:116: PkgResourcesDeprecationWarning: 0.1.43ubuntu1 is an invalid version and will not be supported in a future release
  warnings.warn(
/usr/lib/python3/dist-packages/pkg_resources/__init__.py:116: PkgResourcesDeprecationWarning: 1.12.1-git20200711.33e2d80-dfsg1-0.6 is an invalid version and will not be supported in a future release
  warnings.warn(
running egg_info
writing btpy.egg-info/PKG-INFO
writing dependency_links to btpy.egg-info/dependency_links.txt
writing entry points to btpy.egg-info/entry_points.txt
writing requirements to btpy.egg-info/requires.txt
writing top-level names to btpy.egg-info/top_level.txt
reading manifest file 'btpy.egg-info/SOURCES.txt'
writing manifest file 'btpy.egg-info/SOURCES.txt'
running build_ext
Creating /home/omartinez/2023-tfg-oscar-martinez/src/webbt_ws/install/btpy/lib/python3.10/site-packages/btpy.egg-link (link to .)
Installing tree_batter_check script to /home/omartinez/2023-tfg-oscar-martinez/src/webbt_ws/install/btpy/lib/btpy

Installed /home/omartinez/2023-tfg-oscar-martinez/src/webbt_ws/build/btpy
running install_data
