[3.551s] Invoking command in '/home/omartinez/2023-tfg-oscar-martinez/src/webbt_ws/build/btpy': PYTHONPATH=/home/omartinez/2023-tfg-oscar-martinez/src/webbt_ws/build/btpy/prefix_override:/home/omartinez/2023-tfg-oscar-martinez/src/webbt_ws/install/btpy/lib/python3.10/site-packages:${PYTHONPATH} /usr/bin/python3 setup.py develop --editable --build-directory /home/omartinez/2023-tfg-oscar-martinez/src/webbt_ws/build/btpy/build --no-deps install_data
[4.804s] running develop
[5.747s] running egg_info
[5.747s] creating py_gardener.egg-info
[5.748s] writing py_gardener.egg-info/PKG-INFO
[5.749s] writing dependency_links to py_gardener.egg-info/dependency_links.txt
[5.750s] writing entry points to py_gardener.egg-info/entry_points.txt
[5.751s] writing requirements to py_gardener.egg-info/requires.txt
[5.751s] writing top-level names to py_gardener.egg-info/top_level.txt
[5.752s] writing manifest file 'py_gardener.egg-info/SOURCES.txt'
[5.762s] reading manifest file 'py_gardener.egg-info/SOURCES.txt'
[5.765s] writing manifest file 'py_gardener.egg-info/SOURCES.txt'
[5.920s] running build_ext
[5.922s] Creating /home/omartinez/2023-tfg-oscar-martinez/src/webbt_ws/install/btpy/lib/python3.10/site-packages/py-gardener.egg-link (link to .)
[5.924s] Installing translator script to /home/omartinez/2023-tfg-oscar-martinez/src/webbt_ws/install/btpy/lib/btpy
[5.925s] 
[5.926s] Installed /home/omartinez/2023-tfg-oscar-martinez/src/webbt_ws/build/btpy
[5.926s] running install_data
[5.927s] copying resource/py_gardener -> /home/omartinez/2023-tfg-oscar-martinez/src/webbt_ws/install/btpy/share/ament_index/resource_index/packages
[5.927s] creating /home/omartinez/2023-tfg-oscar-martinez/src/webbt_ws/install/btpy/share/py_gardener
[5.927s] copying package.xml -> /home/omartinez/2023-tfg-oscar-martinez/src/webbt_ws/install/btpy/share/py_gardener
[5.927s] creating /home/omartinez/2023-tfg-oscar-martinez/src/webbt_ws/install/btpy/share/py_gardener/launch
[5.927s] copying launch/demo.launch.py -> /home/omartinez/2023-tfg-oscar-martinez/src/webbt_ws/install/btpy/share/py_gardener/launch
[5.928s] creating /home/omartinez/2023-tfg-oscar-martinez/src/webbt_ws/install/btpy/share/py_gardener/resource
[5.928s] copying resource/tree.xml -> /home/omartinez/2023-tfg-oscar-martinez/src/webbt_ws/install/btpy/share/py_gardener/resource
[5.929s] copying resource/final_tree.xml -> /home/omartinez/2023-tfg-oscar-martinez/src/webbt_ws/install/btpy/share/py_gardener/resource
[5.930s] creating /home/omartinez/2023-tfg-oscar-martinez/src/webbt_ws/install/btpy/share/py_gardener/py_gardener
[5.931s] copying py_gardener/parser.py -> /home/omartinez/2023-tfg-oscar-martinez/src/webbt_ws/install/btpy/share/py_gardener/py_gardener
[5.932s] copying py_gardener/translator.py -> /home/omartinez/2023-tfg-oscar-martinez/src/webbt_ws/install/btpy/share/py_gardener/py_gardener
[5.933s] copying py_gardener/hal.py -> /home/omartinez/2023-tfg-oscar-martinez/src/webbt_ws/install/btpy/share/py_gardener/py_gardener
[5.934s] creating /home/omartinez/2023-tfg-oscar-martinez/src/webbt_ws/install/btpy/share/py_gardener/actions
[5.934s] copying actions/Move.py -> /home/omartinez/2023-tfg-oscar-martinez/src/webbt_ws/install/btpy/share/py_gardener/actions
[5.935s] copying actions/Turn.py -> /home/omartinez/2023-tfg-oscar-martinez/src/webbt_ws/install/btpy/share/py_gardener/actions
[5.936s] copying actions/CheckObstacle.py -> /home/omartinez/2023-tfg-oscar-martinez/src/webbt_ws/install/btpy/share/py_gardener/actions
[6.025s] Invoked command in '/home/omartinez/2023-tfg-oscar-martinez/src/webbt_ws/build/btpy' returned '0': PYTHONPATH=/home/omartinez/2023-tfg-oscar-martinez/src/webbt_ws/build/btpy/prefix_override:/home/omartinez/2023-tfg-oscar-martinez/src/webbt_ws/install/btpy/lib/python3.10/site-packages:${PYTHONPATH} /usr/bin/python3 setup.py develop --editable --build-directory /home/omartinez/2023-tfg-oscar-martinez/src/webbt_ws/build/btpy/build --no-deps install_data
