[0.000000] (-) TimerEvent: {}
[0.000300] (-) JobUnselected: {'identifier': 'aws_robomaker_bookstore_world'}
[0.000364] (-) JobUnselected: {'identifier': 'aws_robomaker_racetrack_world'}
[0.000396] (-) JobUnselected: {'identifier': 'aws_robomaker_small_house_world'}
[0.000422] (-) JobUnselected: {'identifier': 'aws_robomaker_small_warehouse_world'}
[0.000446] (-) JobUnselected: {'identifier': 'ir_robots'}
[0.000470] (-) JobUnselected: {'identifier': 'kobuki_bumper2pc'}
[0.000493] (-) JobUnselected: {'identifier': 'kobuki_description'}
[0.000516] (-) JobUnselected: {'identifier': 'kobuki_keyop'}
[0.000539] (-) JobUnselected: {'identifier': 'kobuki_random_walker'}
[0.000563] (-) JobUnselected: {'identifier': 'kobuki_ros'}
[0.000586] (-) JobUnselected: {'identifier': 'kobuki_ros_interfaces'}
[0.000609] (-) JobUnselected: {'identifier': 'kobuki_safety_controller'}
[0.000631] (-) JobUnselected: {'identifier': 'laser_filters'}
[0.000654] (-) JobUnselected: {'identifier': 'pal_gripper'}
[0.000676] (-) JobUnselected: {'identifier': 'pal_gripper_controller_configuration'}
[0.000699] (-) JobUnselected: {'identifier': 'pal_gripper_description'}
[0.000721] (-) JobUnselected: {'identifier': 'py_gardener'}
[0.000744] (-) JobUnselected: {'identifier': 'py_trees_ros_tutorials'}
[0.000767] (-) JobUnselected: {'identifier': 'py_trees_ros_viewer'}
[0.000790] (-) JobUnselected: {'identifier': 'rplidar_ros'}
[0.000813] (-) JobUnselected: {'identifier': 'sophus'}
[0.000835] (-) JobUnselected: {'identifier': 'tiago_bringup'}
[0.000858] (-) JobUnselected: {'identifier': 'tiago_controller_configuration'}
[0.000881] (-) JobUnselected: {'identifier': 'tiago_description'}
[0.000903] (-) JobUnselected: {'identifier': 'tiago_robot'}
[0.000927] (-) EventReactorShutdown: {}
