[1.041s] Invoking command in '/home/omartinez/2023-tfg-oscar-martinez/src/webbt_ws/build/py_gardener': PYTHONPATH=/home/omartinez/2023-tfg-oscar-martinez/src/webbt_ws/build/py_gardener/prefix_override:/home/omartinez/2023-tfg-oscar-martinez/src/webbt_ws/install/py_gardener/lib/python3.10/site-packages:${PYTHONPATH} /usr/bin/python3 setup.py develop --editable --build-directory /home/omartinez/2023-tfg-oscar-martinez/src/webbt_ws/build/py_gardener/build --no-deps install_data
[1.438s] running develop
[1.736s] running egg_info
[1.736s] writing py_gardener.egg-info/PKG-INFO
[1.737s] writing dependency_links to py_gardener.egg-info/dependency_links.txt
[1.737s] writing entry points to py_gardener.egg-info/entry_points.txt
[1.737s] writing requirements to py_gardener.egg-info/requires.txt
[1.737s] writing top-level names to py_gardener.egg-info/top_level.txt
[1.739s] reading manifest file 'py_gardener.egg-info/SOURCES.txt'
[1.740s] writing manifest file 'py_gardener.egg-info/SOURCES.txt'
[1.776s] running build_ext
[1.777s] Creating /home/omartinez/2023-tfg-oscar-martinez/src/webbt_ws/install/py_gardener/lib/python3.10/site-packages/py-gardener.egg-link (link to .)
[1.778s] Installing translator script to /home/omartinez/2023-tfg-oscar-martinez/src/webbt_ws/install/py_gardener/lib/py_gardener
[1.779s] 
[1.779s] Installed /home/omartinez/2023-tfg-oscar-martinez/src/webbt_ws/build/py_gardener
[1.779s] running install_data
[1.779s] copying resource/tree.xml -> /home/omartinez/2023-tfg-oscar-martinez/src/webbt_ws/install/py_gardener/share/py_gardener/resource
[1.780s] copying actions/Move.py -> /home/omartinez/2023-tfg-oscar-martinez/src/webbt_ws/install/py_gardener/share/py_gardener/actions
[1.780s] copying actions/Turn.py -> /home/omartinez/2023-tfg-oscar-martinez/src/webbt_ws/install/py_gardener/share/py_gardener/actions
[1.780s] copying actions/CheckObstacle.py -> /home/omartinez/2023-tfg-oscar-martinez/src/webbt_ws/install/py_gardener/share/py_gardener/actions
[1.819s] Invoked command in '/home/omartinez/2023-tfg-oscar-martinez/src/webbt_ws/build/py_gardener' returned '0': PYTHONPATH=/home/omartinez/2023-tfg-oscar-martinez/src/webbt_ws/build/py_gardener/prefix_override:/home/omartinez/2023-tfg-oscar-martinez/src/webbt_ws/install/py_gardener/lib/python3.10/site-packages:${PYTHONPATH} /usr/bin/python3 setup.py develop --editable --build-directory /home/omartinez/2023-tfg-oscar-martinez/src/webbt_ws/build/py_gardener/build --no-deps install_data
