[0.573s] DEBUG:colcon:Command line arguments: ['/usr/bin/colcon', 'build', '--symlink-install', '--packages-select', 'py_gardener']
[0.573s] DEBUG:colcon:Parsed command line arguments: Namespace(log_base=None, log_level=None, verb_name='build', build_base='build', install_base='install', merge_install=False, symlink_install=True, test_result_base=None, continue_on_error=False, executor='parallel', parallel_workers=8, event_handlers=None, ignore_user_meta=False, metas=['./colcon.meta'], base_paths=['.'], packages_ignore=None, packages_ignore_regex=None, paths=None, packages_up_to=None, packages_up_to_regex=None, packages_above=None, packages_above_and_dependencies=None, packages_above_depth=None, packages_select_by_dep=None, packages_skip_by_dep=None, packages_skip_up_to=None, packages_select_build_failed=False, packages_skip_build_finished=False, packages_select_test_failures=False, packages_skip_test_passed=False, packages_select=['py_gardener'], packages_skip=None, packages_select_regex=None, packages_skip_regex=None, packages_start=None, packages_end=None, allow_overriding=[], cmake_args=None, cmake_target=None, cmake_target_skip_unavailable=False, cmake_clean_cache=False, cmake_clean_first=False, cmake_force_configure=False, ament_cmake_args=None, catkin_cmake_args=None, catkin_skip_building_tests=False, verb_parser=<colcon_defaults.argument_parser.defaults.DefaultArgumentsDecorator object at 0x7f219b23c310>, verb_extension=<colcon_core.verb.build.BuildVerb object at 0x7f219b20bd60>, main=<bound method BuildVerb.main of <colcon_core.verb.build.BuildVerb object at 0x7f219b20bd60>>)
[0.605s] Level 1:colcon.colcon_core.package_discovery:discover_packages(colcon_meta) check parameters
[0.605s] Level 1:colcon.colcon_core.package_discovery:discover_packages(recursive) check parameters
[0.605s] Level 1:colcon.colcon_core.package_discovery:discover_packages(ignore) check parameters
[0.605s] Level 1:colcon.colcon_core.package_discovery:discover_packages(path) check parameters
[0.606s] Level 1:colcon.colcon_core.package_discovery:discover_packages(colcon_meta) discover
[0.606s] Level 1:colcon.colcon_core.package_discovery:discover_packages(recursive) discover
[0.606s] INFO:colcon.colcon_core.package_discovery:Crawling recursively for packages in '/home/omartinez/2023-tfg-oscar-martinez/src/webbt_ws'
[0.606s] Level 1:colcon.colcon_core.package_identification:_identify(.) by extensions ['ignore', 'ignore_ament_install']
[0.606s] Level 1:colcon.colcon_core.package_identification:_identify(.) by extension 'ignore'
[0.606s] Level 1:colcon.colcon_core.package_identification:_identify(.) by extension 'ignore_ament_install'
[0.606s] Level 1:colcon.colcon_core.package_identification:_identify(.) by extensions ['colcon_pkg']
[0.606s] Level 1:colcon.colcon_core.package_identification:_identify(.) by extension 'colcon_pkg'
[0.606s] Level 1:colcon.colcon_core.package_identification:_identify(.) by extensions ['colcon_meta']
[0.606s] Level 1:colcon.colcon_core.package_identification:_identify(.) by extension 'colcon_meta'
[0.606s] Level 1:colcon.colcon_core.package_identification:_identify(.) by extensions ['ros']
[0.606s] Level 1:colcon.colcon_core.package_identification:_identify(.) by extension 'ros'
[0.621s] Level 1:colcon.colcon_core.package_identification:_identify(.) by extensions ['cmake', 'python']
[0.621s] Level 1:colcon.colcon_core.package_identification:_identify(.) by extension 'cmake'
[0.621s] Level 1:colcon.colcon_core.package_identification:_identify(.) by extension 'python'
[0.621s] Level 1:colcon.colcon_core.package_identification:_identify(.) by extensions ['python_setup_py']
[0.621s] Level 1:colcon.colcon_core.package_identification:_identify(.) by extension 'python_setup_py'
[0.622s] Level 1:colcon.colcon_core.package_identification:_identify(build) by extensions ['ignore', 'ignore_ament_install']
[0.622s] Level 1:colcon.colcon_core.package_identification:_identify(build) by extension 'ignore'
[0.622s] Level 1:colcon.colcon_core.package_identification:_identify(build) ignored
[0.622s] Level 1:colcon.colcon_core.package_identification:_identify(install) by extensions ['ignore', 'ignore_ament_install']
[0.622s] Level 1:colcon.colcon_core.package_identification:_identify(install) by extension 'ignore'
[0.622s] Level 1:colcon.colcon_core.package_identification:_identify(install) ignored
[0.622s] Level 1:colcon.colcon_core.package_identification:_identify(log) by extensions ['ignore', 'ignore_ament_install']
[0.623s] Level 1:colcon.colcon_core.package_identification:_identify(log) by extension 'ignore'
[0.623s] Level 1:colcon.colcon_core.package_identification:_identify(log) ignored
[0.623s] Level 1:colcon.colcon_core.package_identification:_identify(src) by extensions ['ignore', 'ignore_ament_install']
[0.623s] Level 1:colcon.colcon_core.package_identification:_identify(src) by extension 'ignore'
[0.623s] Level 1:colcon.colcon_core.package_identification:_identify(src) by extension 'ignore_ament_install'
[0.623s] Level 1:colcon.colcon_core.package_identification:_identify(src) by extensions ['colcon_pkg']
[0.623s] Level 1:colcon.colcon_core.package_identification:_identify(src) by extension 'colcon_pkg'
[0.623s] Level 1:colcon.colcon_core.package_identification:_identify(src) by extensions ['colcon_meta']
[0.623s] Level 1:colcon.colcon_core.package_identification:_identify(src) by extension 'colcon_meta'
[0.623s] Level 1:colcon.colcon_core.package_identification:_identify(src) by extensions ['ros']
[0.623s] Level 1:colcon.colcon_core.package_identification:_identify(src) by extension 'ros'
[0.623s] Level 1:colcon.colcon_core.package_identification:_identify(src) by extensions ['cmake', 'python']
[0.623s] Level 1:colcon.colcon_core.package_identification:_identify(src) by extension 'cmake'
[0.623s] Level 1:colcon.colcon_core.package_identification:_identify(src) by extension 'python'
[0.623s] Level 1:colcon.colcon_core.package_identification:_identify(src) by extensions ['python_setup_py']
[0.623s] Level 1:colcon.colcon_core.package_identification:_identify(src) by extension 'python_setup_py'
[0.624s] Level 1:colcon.colcon_core.package_identification:_identify(src/ThirdParty) by extensions ['ignore', 'ignore_ament_install']
[0.624s] Level 1:colcon.colcon_core.package_identification:_identify(src/ThirdParty) by extension 'ignore'
[0.624s] Level 1:colcon.colcon_core.package_identification:_identify(src/ThirdParty) by extension 'ignore_ament_install'
[0.624s] Level 1:colcon.colcon_core.package_identification:_identify(src/ThirdParty) by extensions ['colcon_pkg']
[0.624s] Level 1:colcon.colcon_core.package_identification:_identify(src/ThirdParty) by extension 'colcon_pkg'
[0.624s] Level 1:colcon.colcon_core.package_identification:_identify(src/ThirdParty) by extensions ['colcon_meta']
[0.624s] Level 1:colcon.colcon_core.package_identification:_identify(src/ThirdParty) by extension 'colcon_meta'
[0.624s] Level 1:colcon.colcon_core.package_identification:_identify(src/ThirdParty) by extensions ['ros']
[0.624s] Level 1:colcon.colcon_core.package_identification:_identify(src/ThirdParty) by extension 'ros'
[0.624s] Level 1:colcon.colcon_core.package_identification:_identify(src/ThirdParty) by extensions ['cmake', 'python']
[0.624s] Level 1:colcon.colcon_core.package_identification:_identify(src/ThirdParty) by extension 'cmake'
[0.624s] Level 1:colcon.colcon_core.package_identification:_identify(src/ThirdParty) by extension 'python'
[0.624s] Level 1:colcon.colcon_core.package_identification:_identify(src/ThirdParty) by extensions ['python_setup_py']
[0.624s] Level 1:colcon.colcon_core.package_identification:_identify(src/ThirdParty) by extension 'python_setup_py'
[0.625s] Level 1:colcon.colcon_core.package_identification:_identify(src/ThirdParty/aws-robomaker-bookstore-world) by extensions ['ignore', 'ignore_ament_install']
[0.625s] Level 1:colcon.colcon_core.package_identification:_identify(src/ThirdParty/aws-robomaker-bookstore-world) by extension 'ignore'
[0.625s] Level 1:colcon.colcon_core.package_identification:_identify(src/ThirdParty/aws-robomaker-bookstore-world) by extension 'ignore_ament_install'
[0.625s] Level 1:colcon.colcon_core.package_identification:_identify(src/ThirdParty/aws-robomaker-bookstore-world) by extensions ['colcon_pkg']
[0.625s] Level 1:colcon.colcon_core.package_identification:_identify(src/ThirdParty/aws-robomaker-bookstore-world) by extension 'colcon_pkg'
[0.625s] Level 1:colcon.colcon_core.package_identification:_identify(src/ThirdParty/aws-robomaker-bookstore-world) by extensions ['colcon_meta']
[0.625s] Level 1:colcon.colcon_core.package_identification:_identify(src/ThirdParty/aws-robomaker-bookstore-world) by extension 'colcon_meta'
[0.625s] Level 1:colcon.colcon_core.package_identification:_identify(src/ThirdParty/aws-robomaker-bookstore-world) by extensions ['ros']
[0.625s] Level 1:colcon.colcon_core.package_identification:_identify(src/ThirdParty/aws-robomaker-bookstore-world) by extension 'ros'
[0.629s] DEBUG:colcon.colcon_core.package_identification:Package 'src/ThirdParty/aws-robomaker-bookstore-world' with type 'ros.ament_cmake' and name 'aws_robomaker_bookstore_world'
[0.629s] Level 1:colcon.colcon_core.package_identification:_identify(src/ThirdParty/aws-robomaker-racetrack-world) by extensions ['ignore', 'ignore_ament_install']
[0.629s] Level 1:colcon.colcon_core.package_identification:_identify(src/ThirdParty/aws-robomaker-racetrack-world) by extension 'ignore'
[0.629s] Level 1:colcon.colcon_core.package_identification:_identify(src/ThirdParty/aws-robomaker-racetrack-world) by extension 'ignore_ament_install'
[0.629s] Level 1:colcon.colcon_core.package_identification:_identify(src/ThirdParty/aws-robomaker-racetrack-world) by extensions ['colcon_pkg']
[0.629s] Level 1:colcon.colcon_core.package_identification:_identify(src/ThirdParty/aws-robomaker-racetrack-world) by extension 'colcon_pkg'
[0.629s] Level 1:colcon.colcon_core.package_identification:_identify(src/ThirdParty/aws-robomaker-racetrack-world) by extensions ['colcon_meta']
[0.629s] Level 1:colcon.colcon_core.package_identification:_identify(src/ThirdParty/aws-robomaker-racetrack-world) by extension 'colcon_meta'
[0.629s] Level 1:colcon.colcon_core.package_identification:_identify(src/ThirdParty/aws-robomaker-racetrack-world) by extensions ['ros']
[0.629s] Level 1:colcon.colcon_core.package_identification:_identify(src/ThirdParty/aws-robomaker-racetrack-world) by extension 'ros'
[0.630s] DEBUG:colcon.colcon_core.package_identification:Package 'src/ThirdParty/aws-robomaker-racetrack-world' with type 'ros.ament_cmake' and name 'aws_robomaker_racetrack_world'
[0.630s] Level 1:colcon.colcon_core.package_identification:_identify(src/ThirdParty/aws-robomaker-small-house-world) by extensions ['ignore', 'ignore_ament_install']
[0.630s] Level 1:colcon.colcon_core.package_identification:_identify(src/ThirdParty/aws-robomaker-small-house-world) by extension 'ignore'
[0.630s] Level 1:colcon.colcon_core.package_identification:_identify(src/ThirdParty/aws-robomaker-small-house-world) by extension 'ignore_ament_install'
[0.630s] Level 1:colcon.colcon_core.package_identification:_identify(src/ThirdParty/aws-robomaker-small-house-world) by extensions ['colcon_pkg']
[0.631s] Level 1:colcon.colcon_core.package_identification:_identify(src/ThirdParty/aws-robomaker-small-house-world) by extension 'colcon_pkg'
[0.631s] Level 1:colcon.colcon_core.package_identification:_identify(src/ThirdParty/aws-robomaker-small-house-world) by extensions ['colcon_meta']
[0.631s] Level 1:colcon.colcon_core.package_identification:_identify(src/ThirdParty/aws-robomaker-small-house-world) by extension 'colcon_meta'
[0.631s] Level 1:colcon.colcon_core.package_identification:_identify(src/ThirdParty/aws-robomaker-small-house-world) by extensions ['ros']
[0.631s] Level 1:colcon.colcon_core.package_identification:_identify(src/ThirdParty/aws-robomaker-small-house-world) by extension 'ros'
[0.631s] DEBUG:colcon.colcon_core.package_identification:Package 'src/ThirdParty/aws-robomaker-small-house-world' with type 'ros.ament_cmake' and name 'aws_robomaker_small_house_world'
[0.631s] Level 1:colcon.colcon_core.package_identification:_identify(src/ThirdParty/aws-robomaker-small-warehouse-world) by extensions ['ignore', 'ignore_ament_install']
[0.632s] Level 1:colcon.colcon_core.package_identification:_identify(src/ThirdParty/aws-robomaker-small-warehouse-world) by extension 'ignore'
[0.632s] Level 1:colcon.colcon_core.package_identification:_identify(src/ThirdParty/aws-robomaker-small-warehouse-world) by extension 'ignore_ament_install'
[0.632s] Level 1:colcon.colcon_core.package_identification:_identify(src/ThirdParty/aws-robomaker-small-warehouse-world) by extensions ['colcon_pkg']
[0.632s] Level 1:colcon.colcon_core.package_identification:_identify(src/ThirdParty/aws-robomaker-small-warehouse-world) by extension 'colcon_pkg'
[0.632s] Level 1:colcon.colcon_core.package_identification:_identify(src/ThirdParty/aws-robomaker-small-warehouse-world) by extensions ['colcon_meta']
[0.632s] Level 1:colcon.colcon_core.package_identification:_identify(src/ThirdParty/aws-robomaker-small-warehouse-world) by extension 'colcon_meta'
[0.632s] Level 1:colcon.colcon_core.package_identification:_identify(src/ThirdParty/aws-robomaker-small-warehouse-world) by extensions ['ros']
[0.632s] Level 1:colcon.colcon_core.package_identification:_identify(src/ThirdParty/aws-robomaker-small-warehouse-world) by extension 'ros'
[0.633s] DEBUG:colcon.colcon_core.package_identification:Package 'src/ThirdParty/aws-robomaker-small-warehouse-world' with type 'ros.ament_cmake' and name 'aws_robomaker_small_warehouse_world'
[0.633s] Level 1:colcon.colcon_core.package_identification:_identify(src/ThirdParty/ecl) by extensions ['ignore', 'ignore_ament_install']
[0.633s] Level 1:colcon.colcon_core.package_identification:_identify(src/ThirdParty/ecl) by extension 'ignore'
[0.633s] Level 1:colcon.colcon_core.package_identification:_identify(src/ThirdParty/ecl) by extension 'ignore_ament_install'
[0.633s] Level 1:colcon.colcon_core.package_identification:_identify(src/ThirdParty/ecl) by extensions ['colcon_pkg']
[0.633s] Level 1:colcon.colcon_core.package_identification:_identify(src/ThirdParty/ecl) by extension 'colcon_pkg'
[0.633s] Level 1:colcon.colcon_core.package_identification:_identify(src/ThirdParty/ecl) by extensions ['colcon_meta']
[0.633s] Level 1:colcon.colcon_core.package_identification:_identify(src/ThirdParty/ecl) by extension 'colcon_meta'
[0.633s] Level 1:colcon.colcon_core.package_identification:_identify(src/ThirdParty/ecl) by extensions ['ros']
[0.633s] Level 1:colcon.colcon_core.package_identification:_identify(src/ThirdParty/ecl) by extension 'ros'
[0.633s] Level 1:colcon.colcon_core.package_identification:_identify(src/ThirdParty/ecl) by extensions ['cmake', 'python']
[0.633s] Level 1:colcon.colcon_core.package_identification:_identify(src/ThirdParty/ecl) by extension 'cmake'
[0.633s] Level 1:colcon.colcon_core.package_identification:_identify(src/ThirdParty/ecl) by extension 'python'
[0.634s] Level 1:colcon.colcon_core.package_identification:_identify(src/ThirdParty/ecl) by extensions ['python_setup_py']
[0.634s] Level 1:colcon.colcon_core.package_identification:_identify(src/ThirdParty/ecl) by extension 'python_setup_py'
[0.634s] Level 1:colcon.colcon_core.package_identification:_identify(src/ThirdParty/ecl/ecl_core) by extensions ['ignore', 'ignore_ament_install']
[0.634s] Level 1:colcon.colcon_core.package_identification:_identify(src/ThirdParty/ecl/ecl_core) by extension 'ignore'
[0.634s] Level 1:colcon.colcon_core.package_identification:_identify(src/ThirdParty/ecl/ecl_core) ignored
[0.634s] Level 1:colcon.colcon_core.package_identification:_identify(src/ThirdParty/ecl/ecl_lite) by extensions ['ignore', 'ignore_ament_install']
[0.634s] Level 1:colcon.colcon_core.package_identification:_identify(src/ThirdParty/ecl/ecl_lite) by extension 'ignore'
[0.634s] Level 1:colcon.colcon_core.package_identification:_identify(src/ThirdParty/ecl/ecl_lite) ignored
[0.634s] Level 1:colcon.colcon_core.package_identification:_identify(src/ThirdParty/kobuki_core) by extensions ['ignore', 'ignore_ament_install']
[0.635s] Level 1:colcon.colcon_core.package_identification:_identify(src/ThirdParty/kobuki_core) by extension 'ignore'
[0.635s] Level 1:colcon.colcon_core.package_identification:_identify(src/ThirdParty/kobuki_core) ignored
[0.635s] Level 1:colcon.colcon_core.package_identification:_identify(src/ThirdParty/kobuki_ftdi) by extensions ['ignore', 'ignore_ament_install']
[0.635s] Level 1:colcon.colcon_core.package_identification:_identify(src/ThirdParty/kobuki_ftdi) by extension 'ignore'
[0.635s] Level 1:colcon.colcon_core.package_identification:_identify(src/ThirdParty/kobuki_ftdi) ignored
[0.635s] Level 1:colcon.colcon_core.package_identification:_identify(src/ThirdParty/kobuki_ros) by extensions ['ignore', 'ignore_ament_install']
[0.635s] Level 1:colcon.colcon_core.package_identification:_identify(src/ThirdParty/kobuki_ros) by extension 'ignore'
[0.635s] Level 1:colcon.colcon_core.package_identification:_identify(src/ThirdParty/kobuki_ros) by extension 'ignore_ament_install'
[0.635s] Level 1:colcon.colcon_core.package_identification:_identify(src/ThirdParty/kobuki_ros) by extensions ['colcon_pkg']
[0.635s] Level 1:colcon.colcon_core.package_identification:_identify(src/ThirdParty/kobuki_ros) by extension 'colcon_pkg'
[0.635s] Level 1:colcon.colcon_core.package_identification:_identify(src/ThirdParty/kobuki_ros) by extensions ['colcon_meta']
[0.635s] Level 1:colcon.colcon_core.package_identification:_identify(src/ThirdParty/kobuki_ros) by extension 'colcon_meta'
[0.635s] Level 1:colcon.colcon_core.package_identification:_identify(src/ThirdParty/kobuki_ros) by extensions ['ros']
[0.636s] Level 1:colcon.colcon_core.package_identification:_identify(src/ThirdParty/kobuki_ros) by extension 'ros'
[0.636s] Level 1:colcon.colcon_core.package_identification:_identify(src/ThirdParty/kobuki_ros) by extensions ['cmake', 'python']
[0.636s] Level 1:colcon.colcon_core.package_identification:_identify(src/ThirdParty/kobuki_ros) by extension 'cmake'
[0.636s] Level 1:colcon.colcon_core.package_identification:_identify(src/ThirdParty/kobuki_ros) by extension 'python'
[0.636s] Level 1:colcon.colcon_core.package_identification:_identify(src/ThirdParty/kobuki_ros) by extensions ['python_setup_py']
[0.636s] Level 1:colcon.colcon_core.package_identification:_identify(src/ThirdParty/kobuki_ros) by extension 'python_setup_py'
[0.636s] Level 1:colcon.colcon_core.package_identification:_identify(src/ThirdParty/kobuki_ros/kobuki_auto_docking) by extensions ['ignore', 'ignore_ament_install']
[0.636s] Level 1:colcon.colcon_core.package_identification:_identify(src/ThirdParty/kobuki_ros/kobuki_auto_docking) by extension 'ignore'
[0.636s] Level 1:colcon.colcon_core.package_identification:_identify(src/ThirdParty/kobuki_ros/kobuki_auto_docking) ignored
[0.636s] Level 1:colcon.colcon_core.package_identification:_identify(src/ThirdParty/kobuki_ros/kobuki_bumper2pc) by extensions ['ignore', 'ignore_ament_install']
[0.636s] Level 1:colcon.colcon_core.package_identification:_identify(src/ThirdParty/kobuki_ros/kobuki_bumper2pc) by extension 'ignore'
[0.636s] Level 1:colcon.colcon_core.package_identification:_identify(src/ThirdParty/kobuki_ros/kobuki_bumper2pc) by extension 'ignore_ament_install'
[0.636s] Level 1:colcon.colcon_core.package_identification:_identify(src/ThirdParty/kobuki_ros/kobuki_bumper2pc) by extensions ['colcon_pkg']
[0.637s] Level 1:colcon.colcon_core.package_identification:_identify(src/ThirdParty/kobuki_ros/kobuki_bumper2pc) by extension 'colcon_pkg'
[0.637s] Level 1:colcon.colcon_core.package_identification:_identify(src/ThirdParty/kobuki_ros/kobuki_bumper2pc) by extensions ['colcon_meta']
[0.637s] Level 1:colcon.colcon_core.package_identification:_identify(src/ThirdParty/kobuki_ros/kobuki_bumper2pc) by extension 'colcon_meta'
[0.637s] Level 1:colcon.colcon_core.package_identification:_identify(src/ThirdParty/kobuki_ros/kobuki_bumper2pc) by extensions ['ros']
[0.637s] Level 1:colcon.colcon_core.package_identification:_identify(src/ThirdParty/kobuki_ros/kobuki_bumper2pc) by extension 'ros'
[0.638s] DEBUG:colcon.colcon_core.package_identification:Package 'src/ThirdParty/kobuki_ros/kobuki_bumper2pc' with type 'ros.ament_cmake' and name 'kobuki_bumper2pc'
[0.638s] Level 1:colcon.colcon_core.package_identification:_identify(src/ThirdParty/kobuki_ros/kobuki_controller_tutorial) by extensions ['ignore', 'ignore_ament_install']
[0.638s] Level 1:colcon.colcon_core.package_identification:_identify(src/ThirdParty/kobuki_ros/kobuki_controller_tutorial) by extension 'ignore'
[0.638s] Level 1:colcon.colcon_core.package_identification:_identify(src/ThirdParty/kobuki_ros/kobuki_controller_tutorial) ignored
[0.638s] Level 1:colcon.colcon_core.package_identification:_identify(src/ThirdParty/kobuki_ros/kobuki_description) by extensions ['ignore', 'ignore_ament_install']
[0.638s] Level 1:colcon.colcon_core.package_identification:_identify(src/ThirdParty/kobuki_ros/kobuki_description) by extension 'ignore'
[0.638s] Level 1:colcon.colcon_core.package_identification:_identify(src/ThirdParty/kobuki_ros/kobuki_description) by extension 'ignore_ament_install'
[0.639s] Level 1:colcon.colcon_core.package_identification:_identify(src/ThirdParty/kobuki_ros/kobuki_description) by extensions ['colcon_pkg']
[0.639s] Level 1:colcon.colcon_core.package_identification:_identify(src/ThirdParty/kobuki_ros/kobuki_description) by extension 'colcon_pkg'
[0.639s] Level 1:colcon.colcon_core.package_identification:_identify(src/ThirdParty/kobuki_ros/kobuki_description) by extensions ['colcon_meta']
[0.639s] Level 1:colcon.colcon_core.package_identification:_identify(src/ThirdParty/kobuki_ros/kobuki_description) by extension 'colcon_meta'
[0.639s] Level 1:colcon.colcon_core.package_identification:_identify(src/ThirdParty/kobuki_ros/kobuki_description) by extensions ['ros']
[0.639s] Level 1:colcon.colcon_core.package_identification:_identify(src/ThirdParty/kobuki_ros/kobuki_description) by extension 'ros'
[0.640s] DEBUG:colcon.colcon_core.package_identification:Package 'src/ThirdParty/kobuki_ros/kobuki_description' with type 'ros.ament_cmake' and name 'kobuki_description'
[0.640s] Level 1:colcon.colcon_core.package_identification:_identify(src/ThirdParty/kobuki_ros/kobuki_keyop) by extensions ['ignore', 'ignore_ament_install']
[0.640s] Level 1:colcon.colcon_core.package_identification:_identify(src/ThirdParty/kobuki_ros/kobuki_keyop) by extension 'ignore'
[0.640s] Level 1:colcon.colcon_core.package_identification:_identify(src/ThirdParty/kobuki_ros/kobuki_keyop) by extension 'ignore_ament_install'
[0.640s] Level 1:colcon.colcon_core.package_identification:_identify(src/ThirdParty/kobuki_ros/kobuki_keyop) by extensions ['colcon_pkg']
[0.640s] Level 1:colcon.colcon_core.package_identification:_identify(src/ThirdParty/kobuki_ros/kobuki_keyop) by extension 'colcon_pkg'
[0.640s] Level 1:colcon.colcon_core.package_identification:_identify(src/ThirdParty/kobuki_ros/kobuki_keyop) by extensions ['colcon_meta']
[0.640s] Level 1:colcon.colcon_core.package_identification:_identify(src/ThirdParty/kobuki_ros/kobuki_keyop) by extension 'colcon_meta'
[0.640s] Level 1:colcon.colcon_core.package_identification:_identify(src/ThirdParty/kobuki_ros/kobuki_keyop) by extensions ['ros']
[0.640s] Level 1:colcon.colcon_core.package_identification:_identify(src/ThirdParty/kobuki_ros/kobuki_keyop) by extension 'ros'
[0.641s] DEBUG:colcon.colcon_core.package_identification:Package 'src/ThirdParty/kobuki_ros/kobuki_keyop' with type 'ros.ament_cmake' and name 'kobuki_keyop'
[0.641s] Level 1:colcon.colcon_core.package_identification:_identify(src/ThirdParty/kobuki_ros/kobuki_node) by extensions ['ignore', 'ignore_ament_install']
[0.641s] Level 1:colcon.colcon_core.package_identification:_identify(src/ThirdParty/kobuki_ros/kobuki_node) by extension 'ignore'
[0.641s] Level 1:colcon.colcon_core.package_identification:_identify(src/ThirdParty/kobuki_ros/kobuki_node) ignored
[0.642s] Level 1:colcon.colcon_core.package_identification:_identify(src/ThirdParty/kobuki_ros/kobuki_random_walker) by extensions ['ignore', 'ignore_ament_install']
[0.642s] Level 1:colcon.colcon_core.package_identification:_identify(src/ThirdParty/kobuki_ros/kobuki_random_walker) by extension 'ignore'
[0.642s] Level 1:colcon.colcon_core.package_identification:_identify(src/ThirdParty/kobuki_ros/kobuki_random_walker) by extension 'ignore_ament_install'
[0.642s] Level 1:colcon.colcon_core.package_identification:_identify(src/ThirdParty/kobuki_ros/kobuki_random_walker) by extensions ['colcon_pkg']
[0.642s] Level 1:colcon.colcon_core.package_identification:_identify(src/ThirdParty/kobuki_ros/kobuki_random_walker) by extension 'colcon_pkg'
[0.642s] Level 1:colcon.colcon_core.package_identification:_identify(src/ThirdParty/kobuki_ros/kobuki_random_walker) by extensions ['colcon_meta']
[0.642s] Level 1:colcon.colcon_core.package_identification:_identify(src/ThirdParty/kobuki_ros/kobuki_random_walker) by extension 'colcon_meta'
[0.642s] Level 1:colcon.colcon_core.package_identification:_identify(src/ThirdParty/kobuki_ros/kobuki_random_walker) by extensions ['ros']
[0.642s] Level 1:colcon.colcon_core.package_identification:_identify(src/ThirdParty/kobuki_ros/kobuki_random_walker) by extension 'ros'
[0.643s] DEBUG:colcon.colcon_core.package_identification:Package 'src/ThirdParty/kobuki_ros/kobuki_random_walker' with type 'ros.ament_cmake' and name 'kobuki_random_walker'
[0.643s] Level 1:colcon.colcon_core.package_identification:_identify(src/ThirdParty/kobuki_ros/kobuki_ros) by extensions ['ignore', 'ignore_ament_install']
[0.643s] Level 1:colcon.colcon_core.package_identification:_identify(src/ThirdParty/kobuki_ros/kobuki_ros) by extension 'ignore'
[0.643s] Level 1:colcon.colcon_core.package_identification:_identify(src/ThirdParty/kobuki_ros/kobuki_ros) by extension 'ignore_ament_install'
[0.643s] Level 1:colcon.colcon_core.package_identification:_identify(src/ThirdParty/kobuki_ros/kobuki_ros) by extensions ['colcon_pkg']
[0.643s] Level 1:colcon.colcon_core.package_identification:_identify(src/ThirdParty/kobuki_ros/kobuki_ros) by extension 'colcon_pkg'
[0.644s] Level 1:colcon.colcon_core.package_identification:_identify(src/ThirdParty/kobuki_ros/kobuki_ros) by extensions ['colcon_meta']
[0.644s] Level 1:colcon.colcon_core.package_identification:_identify(src/ThirdParty/kobuki_ros/kobuki_ros) by extension 'colcon_meta'
[0.644s] Level 1:colcon.colcon_core.package_identification:_identify(src/ThirdParty/kobuki_ros/kobuki_ros) by extensions ['ros']
[0.644s] Level 1:colcon.colcon_core.package_identification:_identify(src/ThirdParty/kobuki_ros/kobuki_ros) by extension 'ros'
[0.644s] DEBUG:colcon.colcon_core.package_identification:Package 'src/ThirdParty/kobuki_ros/kobuki_ros' with type 'ros.ament_cmake' and name 'kobuki_ros'
[0.645s] Level 1:colcon.colcon_core.package_identification:_identify(src/ThirdParty/kobuki_ros/kobuki_safety_controller) by extensions ['ignore', 'ignore_ament_install']
[0.645s] Level 1:colcon.colcon_core.package_identification:_identify(src/ThirdParty/kobuki_ros/kobuki_safety_controller) by extension 'ignore'
[0.645s] Level 1:colcon.colcon_core.package_identification:_identify(src/ThirdParty/kobuki_ros/kobuki_safety_controller) by extension 'ignore_ament_install'
[0.645s] Level 1:colcon.colcon_core.package_identification:_identify(src/ThirdParty/kobuki_ros/kobuki_safety_controller) by extensions ['colcon_pkg']
[0.645s] Level 1:colcon.colcon_core.package_identification:_identify(src/ThirdParty/kobuki_ros/kobuki_safety_controller) by extension 'colcon_pkg'
[0.645s] Level 1:colcon.colcon_core.package_identification:_identify(src/ThirdParty/kobuki_ros/kobuki_safety_controller) by extensions ['colcon_meta']
[0.645s] Level 1:colcon.colcon_core.package_identification:_identify(src/ThirdParty/kobuki_ros/kobuki_safety_controller) by extension 'colcon_meta'
[0.645s] Level 1:colcon.colcon_core.package_identification:_identify(src/ThirdParty/kobuki_ros/kobuki_safety_controller) by extensions ['ros']
[0.645s] Level 1:colcon.colcon_core.package_identification:_identify(src/ThirdParty/kobuki_ros/kobuki_safety_controller) by extension 'ros'
[0.646s] DEBUG:colcon.colcon_core.package_identification:Package 'src/ThirdParty/kobuki_ros/kobuki_safety_controller' with type 'ros.ament_cmake' and name 'kobuki_safety_controller'
[0.646s] Level 1:colcon.colcon_core.package_identification:_identify(src/ThirdParty/kobuki_ros/kobuki_testsuite) by extensions ['ignore', 'ignore_ament_install']
[0.646s] Level 1:colcon.colcon_core.package_identification:_identify(src/ThirdParty/kobuki_ros/kobuki_testsuite) by extension 'ignore'
[0.646s] Level 1:colcon.colcon_core.package_identification:_identify(src/ThirdParty/kobuki_ros/kobuki_testsuite) ignored
[0.646s] Level 1:colcon.colcon_core.package_identification:_identify(src/ThirdParty/kobuki_ros_iterfaces) by extensions ['ignore', 'ignore_ament_install']
[0.646s] Level 1:colcon.colcon_core.package_identification:_identify(src/ThirdParty/kobuki_ros_iterfaces) by extension 'ignore'
[0.647s] Level 1:colcon.colcon_core.package_identification:_identify(src/ThirdParty/kobuki_ros_iterfaces) by extension 'ignore_ament_install'
[0.647s] Level 1:colcon.colcon_core.package_identification:_identify(src/ThirdParty/kobuki_ros_iterfaces) by extensions ['colcon_pkg']
[0.647s] Level 1:colcon.colcon_core.package_identification:_identify(src/ThirdParty/kobuki_ros_iterfaces) by extension 'colcon_pkg'
[0.647s] Level 1:colcon.colcon_core.package_identification:_identify(src/ThirdParty/kobuki_ros_iterfaces) by extensions ['colcon_meta']
[0.647s] Level 1:colcon.colcon_core.package_identification:_identify(src/ThirdParty/kobuki_ros_iterfaces) by extension 'colcon_meta'
[0.647s] Level 1:colcon.colcon_core.package_identification:_identify(src/ThirdParty/kobuki_ros_iterfaces) by extensions ['ros']
[0.647s] Level 1:colcon.colcon_core.package_identification:_identify(src/ThirdParty/kobuki_ros_iterfaces) by extension 'ros'
[0.648s] DEBUG:colcon.colcon_core.package_identification:Package 'src/ThirdParty/kobuki_ros_iterfaces' with type 'ros.ament_cmake' and name 'kobuki_ros_interfaces'
[0.648s] Level 1:colcon.colcon_core.package_identification:_identify(src/ThirdParty/laser_filters) by extensions ['ignore', 'ignore_ament_install']
[0.648s] Level 1:colcon.colcon_core.package_identification:_identify(src/ThirdParty/laser_filters) by extension 'ignore'
[0.648s] Level 1:colcon.colcon_core.package_identification:_identify(src/ThirdParty/laser_filters) by extension 'ignore_ament_install'
[0.648s] Level 1:colcon.colcon_core.package_identification:_identify(src/ThirdParty/laser_filters) by extensions ['colcon_pkg']
[0.648s] Level 1:colcon.colcon_core.package_identification:_identify(src/ThirdParty/laser_filters) by extension 'colcon_pkg'
[0.648s] Level 1:colcon.colcon_core.package_identification:_identify(src/ThirdParty/laser_filters) by extensions ['colcon_meta']
[0.648s] Level 1:colcon.colcon_core.package_identification:_identify(src/ThirdParty/laser_filters) by extension 'colcon_meta'
[0.648s] Level 1:colcon.colcon_core.package_identification:_identify(src/ThirdParty/laser_filters) by extensions ['ros']
[0.648s] Level 1:colcon.colcon_core.package_identification:_identify(src/ThirdParty/laser_filters) by extension 'ros'
[0.650s] DEBUG:colcon.colcon_core.package_identification:Package 'src/ThirdParty/laser_filters' with type 'ros.ament_cmake' and name 'laser_filters'
[0.650s] Level 1:colcon.colcon_core.package_identification:_identify(src/ThirdParty/openni2_camera) by extensions ['ignore', 'ignore_ament_install']
[0.650s] Level 1:colcon.colcon_core.package_identification:_identify(src/ThirdParty/openni2_camera) by extension 'ignore'
[0.650s] Level 1:colcon.colcon_core.package_identification:_identify(src/ThirdParty/openni2_camera) by extension 'ignore_ament_install'
[0.650s] Level 1:colcon.colcon_core.package_identification:_identify(src/ThirdParty/openni2_camera) by extensions ['colcon_pkg']
[0.650s] Level 1:colcon.colcon_core.package_identification:_identify(src/ThirdParty/openni2_camera) by extension 'colcon_pkg'
[0.650s] Level 1:colcon.colcon_core.package_identification:_identify(src/ThirdParty/openni2_camera) by extensions ['colcon_meta']
[0.650s] Level 1:colcon.colcon_core.package_identification:_identify(src/ThirdParty/openni2_camera) by extension 'colcon_meta'
[0.650s] Level 1:colcon.colcon_core.package_identification:_identify(src/ThirdParty/openni2_camera) by extensions ['ros']
[0.650s] Level 1:colcon.colcon_core.package_identification:_identify(src/ThirdParty/openni2_camera) by extension 'ros'
[0.650s] Level 1:colcon.colcon_core.package_identification:_identify(src/ThirdParty/openni2_camera) by extensions ['cmake', 'python']
[0.651s] Level 1:colcon.colcon_core.package_identification:_identify(src/ThirdParty/openni2_camera) by extension 'cmake'
[0.651s] Level 1:colcon.colcon_core.package_identification:_identify(src/ThirdParty/openni2_camera) by extension 'python'
[0.651s] Level 1:colcon.colcon_core.package_identification:_identify(src/ThirdParty/openni2_camera) by extensions ['python_setup_py']
[0.651s] Level 1:colcon.colcon_core.package_identification:_identify(src/ThirdParty/openni2_camera) by extension 'python_setup_py'
[0.651s] Level 1:colcon.colcon_core.package_identification:_identify(src/ThirdParty/openni2_camera/openni2_camera) by extensions ['ignore', 'ignore_ament_install']
[0.651s] Level 1:colcon.colcon_core.package_identification:_identify(src/ThirdParty/openni2_camera/openni2_camera) by extension 'ignore'
[0.651s] Level 1:colcon.colcon_core.package_identification:_identify(src/ThirdParty/openni2_camera/openni2_camera) ignored
[0.651s] Level 1:colcon.colcon_core.package_identification:_identify(src/ThirdParty/openni2_camera/openni2_camera_msgs) by extensions ['ignore', 'ignore_ament_install']
[0.651s] Level 1:colcon.colcon_core.package_identification:_identify(src/ThirdParty/openni2_camera/openni2_camera_msgs) by extension 'ignore'
[0.651s] Level 1:colcon.colcon_core.package_identification:_identify(src/ThirdParty/openni2_camera/openni2_camera_msgs) ignored
[0.651s] Level 1:colcon.colcon_core.package_identification:_identify(src/ThirdParty/pal_gripper) by extensions ['ignore', 'ignore_ament_install']
[0.652s] Level 1:colcon.colcon_core.package_identification:_identify(src/ThirdParty/pal_gripper) by extension 'ignore'
[0.652s] Level 1:colcon.colcon_core.package_identification:_identify(src/ThirdParty/pal_gripper) by extension 'ignore_ament_install'
[0.652s] Level 1:colcon.colcon_core.package_identification:_identify(src/ThirdParty/pal_gripper) by extensions ['colcon_pkg']
[0.652s] Level 1:colcon.colcon_core.package_identification:_identify(src/ThirdParty/pal_gripper) by extension 'colcon_pkg'
[0.652s] Level 1:colcon.colcon_core.package_identification:_identify(src/ThirdParty/pal_gripper) by extensions ['colcon_meta']
[0.652s] Level 1:colcon.colcon_core.package_identification:_identify(src/ThirdParty/pal_gripper) by extension 'colcon_meta'
[0.652s] Level 1:colcon.colcon_core.package_identification:_identify(src/ThirdParty/pal_gripper) by extensions ['ros']
[0.652s] Level 1:colcon.colcon_core.package_identification:_identify(src/ThirdParty/pal_gripper) by extension 'ros'
[0.652s] Level 1:colcon.colcon_core.package_identification:_identify(src/ThirdParty/pal_gripper) by extensions ['cmake', 'python']
[0.652s] Level 1:colcon.colcon_core.package_identification:_identify(src/ThirdParty/pal_gripper) by extension 'cmake'
[0.652s] Level 1:colcon.colcon_core.package_identification:_identify(src/ThirdParty/pal_gripper) by extension 'python'
[0.652s] Level 1:colcon.colcon_core.package_identification:_identify(src/ThirdParty/pal_gripper) by extensions ['python_setup_py']
[0.652s] Level 1:colcon.colcon_core.package_identification:_identify(src/ThirdParty/pal_gripper) by extension 'python_setup_py'
[0.652s] Level 1:colcon.colcon_core.package_identification:_identify(src/ThirdParty/pal_gripper/pal_gripper) by extensions ['ignore', 'ignore_ament_install']
[0.652s] Level 1:colcon.colcon_core.package_identification:_identify(src/ThirdParty/pal_gripper/pal_gripper) by extension 'ignore'
[0.652s] Level 1:colcon.colcon_core.package_identification:_identify(src/ThirdParty/pal_gripper/pal_gripper) by extension 'ignore_ament_install'
[0.653s] Level 1:colcon.colcon_core.package_identification:_identify(src/ThirdParty/pal_gripper/pal_gripper) by extensions ['colcon_pkg']
[0.653s] Level 1:colcon.colcon_core.package_identification:_identify(src/ThirdParty/pal_gripper/pal_gripper) by extension 'colcon_pkg'
[0.653s] Level 1:colcon.colcon_core.package_identification:_identify(src/ThirdParty/pal_gripper/pal_gripper) by extensions ['colcon_meta']
[0.653s] Level 1:colcon.colcon_core.package_identification:_identify(src/ThirdParty/pal_gripper/pal_gripper) by extension 'colcon_meta'
[0.653s] Level 1:colcon.colcon_core.package_identification:_identify(src/ThirdParty/pal_gripper/pal_gripper) by extensions ['ros']
[0.653s] Level 1:colcon.colcon_core.package_identification:_identify(src/ThirdParty/pal_gripper/pal_gripper) by extension 'ros'
[0.653s] DEBUG:colcon.colcon_core.package_identification:Package 'src/ThirdParty/pal_gripper/pal_gripper' with type 'ros.ament_cmake' and name 'pal_gripper'
[0.654s] Level 1:colcon.colcon_core.package_identification:_identify(src/ThirdParty/pal_gripper/pal_gripper_controller_configuration) by extensions ['ignore', 'ignore_ament_install']
[0.654s] Level 1:colcon.colcon_core.package_identification:_identify(src/ThirdParty/pal_gripper/pal_gripper_controller_configuration) by extension 'ignore'
[0.654s] Level 1:colcon.colcon_core.package_identification:_identify(src/ThirdParty/pal_gripper/pal_gripper_controller_configuration) by extension 'ignore_ament_install'
[0.654s] Level 1:colcon.colcon_core.package_identification:_identify(src/ThirdParty/pal_gripper/pal_gripper_controller_configuration) by extensions ['colcon_pkg']
[0.654s] Level 1:colcon.colcon_core.package_identification:_identify(src/ThirdParty/pal_gripper/pal_gripper_controller_configuration) by extension 'colcon_pkg'
[0.654s] Level 1:colcon.colcon_core.package_identification:_identify(src/ThirdParty/pal_gripper/pal_gripper_controller_configuration) by extensions ['colcon_meta']
[0.654s] Level 1:colcon.colcon_core.package_identification:_identify(src/ThirdParty/pal_gripper/pal_gripper_controller_configuration) by extension 'colcon_meta'
[0.654s] Level 1:colcon.colcon_core.package_identification:_identify(src/ThirdParty/pal_gripper/pal_gripper_controller_configuration) by extensions ['ros']
[0.654s] Level 1:colcon.colcon_core.package_identification:_identify(src/ThirdParty/pal_gripper/pal_gripper_controller_configuration) by extension 'ros'
[0.655s] DEBUG:colcon.colcon_core.package_identification:Package 'src/ThirdParty/pal_gripper/pal_gripper_controller_configuration' with type 'ros.ament_cmake' and name 'pal_gripper_controller_configuration'
[0.655s] Level 1:colcon.colcon_core.package_identification:_identify(src/ThirdParty/pal_gripper/pal_gripper_controller_configuration_gazebo) by extensions ['ignore', 'ignore_ament_install']
[0.655s] Level 1:colcon.colcon_core.package_identification:_identify(src/ThirdParty/pal_gripper/pal_gripper_controller_configuration_gazebo) by extension 'ignore'
[0.655s] Level 1:colcon.colcon_core.package_identification:_identify(src/ThirdParty/pal_gripper/pal_gripper_controller_configuration_gazebo) ignored
[0.655s] Level 1:colcon.colcon_core.package_identification:_identify(src/ThirdParty/pal_gripper/pal_gripper_description) by extensions ['ignore', 'ignore_ament_install']
[0.655s] Level 1:colcon.colcon_core.package_identification:_identify(src/ThirdParty/pal_gripper/pal_gripper_description) by extension 'ignore'
[0.655s] Level 1:colcon.colcon_core.package_identification:_identify(src/ThirdParty/pal_gripper/pal_gripper_description) by extension 'ignore_ament_install'
[0.656s] Level 1:colcon.colcon_core.package_identification:_identify(src/ThirdParty/pal_gripper/pal_gripper_description) by extensions ['colcon_pkg']
[0.656s] Level 1:colcon.colcon_core.package_identification:_identify(src/ThirdParty/pal_gripper/pal_gripper_description) by extension 'colcon_pkg'
[0.656s] Level 1:colcon.colcon_core.package_identification:_identify(src/ThirdParty/pal_gripper/pal_gripper_description) by extensions ['colcon_meta']
[0.656s] Level 1:colcon.colcon_core.package_identification:_identify(src/ThirdParty/pal_gripper/pal_gripper_description) by extension 'colcon_meta'
[0.656s] Level 1:colcon.colcon_core.package_identification:_identify(src/ThirdParty/pal_gripper/pal_gripper_description) by extensions ['ros']
[0.656s] Level 1:colcon.colcon_core.package_identification:_identify(src/ThirdParty/pal_gripper/pal_gripper_description) by extension 'ros'
[0.656s] DEBUG:colcon.colcon_core.package_identification:Package 'src/ThirdParty/pal_gripper/pal_gripper_description' with type 'ros.ament_cmake' and name 'pal_gripper_description'
[0.657s] Level 1:colcon.colcon_core.package_identification:_identify(src/ThirdParty/pal_gripper/pal_gripper_gazebo) by extensions ['ignore', 'ignore_ament_install']
[0.657s] Level 1:colcon.colcon_core.package_identification:_identify(src/ThirdParty/pal_gripper/pal_gripper_gazebo) by extension 'ignore'
[0.657s] Level 1:colcon.colcon_core.package_identification:_identify(src/ThirdParty/pal_gripper/pal_gripper_gazebo) ignored
[0.657s] Level 1:colcon.colcon_core.package_identification:_identify(src/ThirdParty/pal_gripper/pal_parallel_gripper_wrapper) by extensions ['ignore', 'ignore_ament_install']
[0.657s] Level 1:colcon.colcon_core.package_identification:_identify(src/ThirdParty/pal_gripper/pal_parallel_gripper_wrapper) by extension 'ignore'
[0.657s] Level 1:colcon.colcon_core.package_identification:_identify(src/ThirdParty/pal_gripper/pal_parallel_gripper_wrapper) ignored
[0.657s] Level 1:colcon.colcon_core.package_identification:_identify(src/ThirdParty/ros_astra_camera) by extensions ['ignore', 'ignore_ament_install']
[0.657s] Level 1:colcon.colcon_core.package_identification:_identify(src/ThirdParty/ros_astra_camera) by extension 'ignore'
[0.657s] Level 1:colcon.colcon_core.package_identification:_identify(src/ThirdParty/ros_astra_camera) by extension 'ignore_ament_install'
[0.657s] Level 1:colcon.colcon_core.package_identification:_identify(src/ThirdParty/ros_astra_camera) by extensions ['colcon_pkg']
[0.657s] Level 1:colcon.colcon_core.package_identification:_identify(src/ThirdParty/ros_astra_camera) by extension 'colcon_pkg'
[0.658s] Level 1:colcon.colcon_core.package_identification:_identify(src/ThirdParty/ros_astra_camera) by extensions ['colcon_meta']
[0.658s] Level 1:colcon.colcon_core.package_identification:_identify(src/ThirdParty/ros_astra_camera) by extension 'colcon_meta'
[0.658s] Level 1:colcon.colcon_core.package_identification:_identify(src/ThirdParty/ros_astra_camera) by extensions ['ros']
[0.658s] Level 1:colcon.colcon_core.package_identification:_identify(src/ThirdParty/ros_astra_camera) by extension 'ros'
[0.658s] Level 1:colcon.colcon_core.package_identification:_identify(src/ThirdParty/ros_astra_camera) by extensions ['cmake', 'python']
[0.658s] Level 1:colcon.colcon_core.package_identification:_identify(src/ThirdParty/ros_astra_camera) by extension 'cmake'
[0.658s] Level 1:colcon.colcon_core.package_identification:_identify(src/ThirdParty/ros_astra_camera) by extension 'python'
[0.658s] Level 1:colcon.colcon_core.package_identification:_identify(src/ThirdParty/ros_astra_camera) by extensions ['python_setup_py']
[0.658s] Level 1:colcon.colcon_core.package_identification:_identify(src/ThirdParty/ros_astra_camera) by extension 'python_setup_py'
[0.658s] Level 1:colcon.colcon_core.package_identification:_identify(src/ThirdParty/ros_astra_camera/astra_camera) by extensions ['ignore', 'ignore_ament_install']
[0.658s] Level 1:colcon.colcon_core.package_identification:_identify(src/ThirdParty/ros_astra_camera/astra_camera) by extension 'ignore'
[0.658s] Level 1:colcon.colcon_core.package_identification:_identify(src/ThirdParty/ros_astra_camera/astra_camera) ignored
[0.658s] Level 1:colcon.colcon_core.package_identification:_identify(src/ThirdParty/ros_astra_camera/astra_camera_msgs) by extensions ['ignore', 'ignore_ament_install']
[0.659s] Level 1:colcon.colcon_core.package_identification:_identify(src/ThirdParty/ros_astra_camera/astra_camera_msgs) by extension 'ignore'
[0.659s] Level 1:colcon.colcon_core.package_identification:_identify(src/ThirdParty/ros_astra_camera/astra_camera_msgs) ignored
[0.659s] Level 1:colcon.colcon_core.package_identification:_identify(src/ThirdParty/rplidar_ros) by extensions ['ignore', 'ignore_ament_install']
[0.659s] Level 1:colcon.colcon_core.package_identification:_identify(src/ThirdParty/rplidar_ros) by extension 'ignore'
[0.659s] Level 1:colcon.colcon_core.package_identification:_identify(src/ThirdParty/rplidar_ros) by extension 'ignore_ament_install'
[0.659s] Level 1:colcon.colcon_core.package_identification:_identify(src/ThirdParty/rplidar_ros) by extensions ['colcon_pkg']
[0.659s] Level 1:colcon.colcon_core.package_identification:_identify(src/ThirdParty/rplidar_ros) by extension 'colcon_pkg'
[0.659s] Level 1:colcon.colcon_core.package_identification:_identify(src/ThirdParty/rplidar_ros) by extensions ['colcon_meta']
[0.659s] Level 1:colcon.colcon_core.package_identification:_identify(src/ThirdParty/rplidar_ros) by extension 'colcon_meta'
[0.659s] Level 1:colcon.colcon_core.package_identification:_identify(src/ThirdParty/rplidar_ros) by extensions ['ros']
[0.659s] Level 1:colcon.colcon_core.package_identification:_identify(src/ThirdParty/rplidar_ros) by extension 'ros'
[0.660s] DEBUG:colcon.colcon_core.package_identification:Package 'src/ThirdParty/rplidar_ros' with type 'ros.ament_cmake' and name 'rplidar_ros'
[0.660s] Level 1:colcon.colcon_core.package_identification:_identify(src/ThirdParty/sophus) by extensions ['ignore', 'ignore_ament_install']
[0.660s] Level 1:colcon.colcon_core.package_identification:_identify(src/ThirdParty/sophus) by extension 'ignore'
[0.660s] Level 1:colcon.colcon_core.package_identification:_identify(src/ThirdParty/sophus) by extension 'ignore_ament_install'
[0.660s] Level 1:colcon.colcon_core.package_identification:_identify(src/ThirdParty/sophus) by extensions ['colcon_pkg']
[0.660s] Level 1:colcon.colcon_core.package_identification:_identify(src/ThirdParty/sophus) by extension 'colcon_pkg'
[0.661s] Level 1:colcon.colcon_core.package_identification:_identify(src/ThirdParty/sophus) by extensions ['colcon_meta']
[0.661s] Level 1:colcon.colcon_core.package_identification:_identify(src/ThirdParty/sophus) by extension 'colcon_meta'
[0.661s] Level 1:colcon.colcon_core.package_identification:_identify(src/ThirdParty/sophus) by extensions ['ros']
[0.661s] Level 1:colcon.colcon_core.package_identification:_identify(src/ThirdParty/sophus) by extension 'ros'
[0.661s] DEBUG:colcon.colcon_core.package_identification:Package 'src/ThirdParty/sophus' with type 'ros.cmake' and name 'sophus'
[0.661s] Level 1:colcon.colcon_core.package_identification:_identify(src/ThirdParty/tiago_robot) by extensions ['ignore', 'ignore_ament_install']
[0.662s] Level 1:colcon.colcon_core.package_identification:_identify(src/ThirdParty/tiago_robot) by extension 'ignore'
[0.662s] Level 1:colcon.colcon_core.package_identification:_identify(src/ThirdParty/tiago_robot) by extension 'ignore_ament_install'
[0.662s] Level 1:colcon.colcon_core.package_identification:_identify(src/ThirdParty/tiago_robot) by extensions ['colcon_pkg']
[0.662s] Level 1:colcon.colcon_core.package_identification:_identify(src/ThirdParty/tiago_robot) by extension 'colcon_pkg'
[0.662s] Level 1:colcon.colcon_core.package_identification:_identify(src/ThirdParty/tiago_robot) by extensions ['colcon_meta']
[0.662s] Level 1:colcon.colcon_core.package_identification:_identify(src/ThirdParty/tiago_robot) by extension 'colcon_meta'
[0.662s] Level 1:colcon.colcon_core.package_identification:_identify(src/ThirdParty/tiago_robot) by extensions ['ros']
[0.662s] Level 1:colcon.colcon_core.package_identification:_identify(src/ThirdParty/tiago_robot) by extension 'ros'
[0.662s] Level 1:colcon.colcon_core.package_identification:_identify(src/ThirdParty/tiago_robot) by extensions ['cmake', 'python']
[0.662s] Level 1:colcon.colcon_core.package_identification:_identify(src/ThirdParty/tiago_robot) by extension 'cmake'
[0.662s] Level 1:colcon.colcon_core.package_identification:_identify(src/ThirdParty/tiago_robot) by extension 'python'
[0.662s] Level 1:colcon.colcon_core.package_identification:_identify(src/ThirdParty/tiago_robot) by extensions ['python_setup_py']
[0.662s] Level 1:colcon.colcon_core.package_identification:_identify(src/ThirdParty/tiago_robot) by extension 'python_setup_py'
[0.663s] Level 1:colcon.colcon_core.package_identification:_identify(src/ThirdParty/tiago_robot/tiago_bringup) by extensions ['ignore', 'ignore_ament_install']
[0.663s] Level 1:colcon.colcon_core.package_identification:_identify(src/ThirdParty/tiago_robot/tiago_bringup) by extension 'ignore'
[0.663s] Level 1:colcon.colcon_core.package_identification:_identify(src/ThirdParty/tiago_robot/tiago_bringup) by extension 'ignore_ament_install'
[0.663s] Level 1:colcon.colcon_core.package_identification:_identify(src/ThirdParty/tiago_robot/tiago_bringup) by extensions ['colcon_pkg']
[0.663s] Level 1:colcon.colcon_core.package_identification:_identify(src/ThirdParty/tiago_robot/tiago_bringup) by extension 'colcon_pkg'
[0.663s] Level 1:colcon.colcon_core.package_identification:_identify(src/ThirdParty/tiago_robot/tiago_bringup) by extensions ['colcon_meta']
[0.663s] Level 1:colcon.colcon_core.package_identification:_identify(src/ThirdParty/tiago_robot/tiago_bringup) by extension 'colcon_meta'
[0.663s] Level 1:colcon.colcon_core.package_identification:_identify(src/ThirdParty/tiago_robot/tiago_bringup) by extensions ['ros']
[0.663s] Level 1:colcon.colcon_core.package_identification:_identify(src/ThirdParty/tiago_robot/tiago_bringup) by extension 'ros'
[0.664s] DEBUG:colcon.colcon_core.package_identification:Package 'src/ThirdParty/tiago_robot/tiago_bringup' with type 'ros.ament_cmake' and name 'tiago_bringup'
[0.664s] Level 1:colcon.colcon_core.package_identification:_identify(src/ThirdParty/tiago_robot/tiago_controller_configuration) by extensions ['ignore', 'ignore_ament_install']
[0.664s] Level 1:colcon.colcon_core.package_identification:_identify(src/ThirdParty/tiago_robot/tiago_controller_configuration) by extension 'ignore'
[0.664s] Level 1:colcon.colcon_core.package_identification:_identify(src/ThirdParty/tiago_robot/tiago_controller_configuration) by extension 'ignore_ament_install'
[0.664s] Level 1:colcon.colcon_core.package_identification:_identify(src/ThirdParty/tiago_robot/tiago_controller_configuration) by extensions ['colcon_pkg']
[0.664s] Level 1:colcon.colcon_core.package_identification:_identify(src/ThirdParty/tiago_robot/tiago_controller_configuration) by extension 'colcon_pkg'
[0.664s] Level 1:colcon.colcon_core.package_identification:_identify(src/ThirdParty/tiago_robot/tiago_controller_configuration) by extensions ['colcon_meta']
[0.665s] Level 1:colcon.colcon_core.package_identification:_identify(src/ThirdParty/tiago_robot/tiago_controller_configuration) by extension 'colcon_meta'
[0.665s] Level 1:colcon.colcon_core.package_identification:_identify(src/ThirdParty/tiago_robot/tiago_controller_configuration) by extensions ['ros']
[0.665s] Level 1:colcon.colcon_core.package_identification:_identify(src/ThirdParty/tiago_robot/tiago_controller_configuration) by extension 'ros'
[0.665s] DEBUG:colcon.colcon_core.package_identification:Package 'src/ThirdParty/tiago_robot/tiago_controller_configuration' with type 'ros.ament_cmake' and name 'tiago_controller_configuration'
[0.666s] Level 1:colcon.colcon_core.package_identification:_identify(src/ThirdParty/tiago_robot/tiago_description) by extensions ['ignore', 'ignore_ament_install']
[0.666s] Level 1:colcon.colcon_core.package_identification:_identify(src/ThirdParty/tiago_robot/tiago_description) by extension 'ignore'
[0.666s] Level 1:colcon.colcon_core.package_identification:_identify(src/ThirdParty/tiago_robot/tiago_description) by extension 'ignore_ament_install'
[0.666s] Level 1:colcon.colcon_core.package_identification:_identify(src/ThirdParty/tiago_robot/tiago_description) by extensions ['colcon_pkg']
[0.666s] Level 1:colcon.colcon_core.package_identification:_identify(src/ThirdParty/tiago_robot/tiago_description) by extension 'colcon_pkg'
[0.666s] Level 1:colcon.colcon_core.package_identification:_identify(src/ThirdParty/tiago_robot/tiago_description) by extensions ['colcon_meta']
[0.666s] Level 1:colcon.colcon_core.package_identification:_identify(src/ThirdParty/tiago_robot/tiago_description) by extension 'colcon_meta'
[0.666s] Level 1:colcon.colcon_core.package_identification:_identify(src/ThirdParty/tiago_robot/tiago_description) by extensions ['ros']
[0.666s] Level 1:colcon.colcon_core.package_identification:_identify(src/ThirdParty/tiago_robot/tiago_description) by extension 'ros'
[0.667s] DEBUG:colcon.colcon_core.package_identification:Package 'src/ThirdParty/tiago_robot/tiago_description' with type 'ros.ament_cmake' and name 'tiago_description'
[0.667s] Level 1:colcon.colcon_core.package_identification:_identify(src/ThirdParty/tiago_robot/tiago_robot) by extensions ['ignore', 'ignore_ament_install']
[0.667s] Level 1:colcon.colcon_core.package_identification:_identify(src/ThirdParty/tiago_robot/tiago_robot) by extension 'ignore'
[0.667s] Level 1:colcon.colcon_core.package_identification:_identify(src/ThirdParty/tiago_robot/tiago_robot) by extension 'ignore_ament_install'
[0.667s] Level 1:colcon.colcon_core.package_identification:_identify(src/ThirdParty/tiago_robot/tiago_robot) by extensions ['colcon_pkg']
[0.667s] Level 1:colcon.colcon_core.package_identification:_identify(src/ThirdParty/tiago_robot/tiago_robot) by extension 'colcon_pkg'
[0.667s] Level 1:colcon.colcon_core.package_identification:_identify(src/ThirdParty/tiago_robot/tiago_robot) by extensions ['colcon_meta']
[0.667s] Level 1:colcon.colcon_core.package_identification:_identify(src/ThirdParty/tiago_robot/tiago_robot) by extension 'colcon_meta'
[0.668s] Level 1:colcon.colcon_core.package_identification:_identify(src/ThirdParty/tiago_robot/tiago_robot) by extensions ['ros']
[0.668s] Level 1:colcon.colcon_core.package_identification:_identify(src/ThirdParty/tiago_robot/tiago_robot) by extension 'ros'
[0.668s] DEBUG:colcon.colcon_core.package_identification:Package 'src/ThirdParty/tiago_robot/tiago_robot' with type 'ros.ament_cmake' and name 'tiago_robot'
[0.668s] Level 1:colcon.colcon_core.package_identification:_identify(src/ir_robots) by extensions ['ignore', 'ignore_ament_install']
[0.669s] Level 1:colcon.colcon_core.package_identification:_identify(src/ir_robots) by extension 'ignore'
[0.669s] Level 1:colcon.colcon_core.package_identification:_identify(src/ir_robots) by extension 'ignore_ament_install'
[0.669s] Level 1:colcon.colcon_core.package_identification:_identify(src/ir_robots) by extensions ['colcon_pkg']
[0.669s] Level 1:colcon.colcon_core.package_identification:_identify(src/ir_robots) by extension 'colcon_pkg'
[0.669s] Level 1:colcon.colcon_core.package_identification:_identify(src/ir_robots) by extensions ['colcon_meta']
[0.669s] Level 1:colcon.colcon_core.package_identification:_identify(src/ir_robots) by extension 'colcon_meta'
[0.669s] Level 1:colcon.colcon_core.package_identification:_identify(src/ir_robots) by extensions ['ros']
[0.669s] Level 1:colcon.colcon_core.package_identification:_identify(src/ir_robots) by extension 'ros'
[0.671s] DEBUG:colcon.colcon_core.package_identification:Package 'src/ir_robots' with type 'ros.ament_cmake' and name 'ir_robots'
[0.671s] Level 1:colcon.colcon_core.package_identification:_identify(src/py_gardener) by extensions ['ignore', 'ignore_ament_install']
[0.671s] Level 1:colcon.colcon_core.package_identification:_identify(src/py_gardener) by extension 'ignore'
[0.671s] Level 1:colcon.colcon_core.package_identification:_identify(src/py_gardener) by extension 'ignore_ament_install'
[0.671s] Level 1:colcon.colcon_core.package_identification:_identify(src/py_gardener) by extensions ['colcon_pkg']
[0.671s] Level 1:colcon.colcon_core.package_identification:_identify(src/py_gardener) by extension 'colcon_pkg'
[0.671s] Level 1:colcon.colcon_core.package_identification:_identify(src/py_gardener) by extensions ['colcon_meta']
[0.671s] Level 1:colcon.colcon_core.package_identification:_identify(src/py_gardener) by extension 'colcon_meta'
[0.671s] Level 1:colcon.colcon_core.package_identification:_identify(src/py_gardener) by extensions ['ros']
[0.671s] Level 1:colcon.colcon_core.package_identification:_identify(src/py_gardener) by extension 'ros'
[0.672s] DEBUG:colcon.colcon_core.package_identification:Package 'src/py_gardener' with type 'ros.ament_python' and name 'py_gardener'
[0.672s] Level 1:colcon.colcon_core.package_identification:_identify(src/py_trees_ros_tutorials) by extensions ['ignore', 'ignore_ament_install']
[0.672s] Level 1:colcon.colcon_core.package_identification:_identify(src/py_trees_ros_tutorials) by extension 'ignore'
[0.672s] Level 1:colcon.colcon_core.package_identification:_identify(src/py_trees_ros_tutorials) by extension 'ignore_ament_install'
[0.673s] Level 1:colcon.colcon_core.package_identification:_identify(src/py_trees_ros_tutorials) by extensions ['colcon_pkg']
[0.673s] Level 1:colcon.colcon_core.package_identification:_identify(src/py_trees_ros_tutorials) by extension 'colcon_pkg'
[0.673s] Level 1:colcon.colcon_core.package_identification:_identify(src/py_trees_ros_tutorials) by extensions ['colcon_meta']
[0.673s] Level 1:colcon.colcon_core.package_identification:_identify(src/py_trees_ros_tutorials) by extension 'colcon_meta'
[0.673s] Level 1:colcon.colcon_core.package_identification:_identify(src/py_trees_ros_tutorials) by extensions ['ros']
[0.673s] Level 1:colcon.colcon_core.package_identification:_identify(src/py_trees_ros_tutorials) by extension 'ros'
[0.674s] DEBUG:colcon.colcon_core.package_identification:Package 'src/py_trees_ros_tutorials' with type 'ros.ament_python' and name 'py_trees_ros_tutorials'
[0.674s] Level 1:colcon.colcon_core.package_identification:_identify(src/py_trees_ros_viewer) by extensions ['ignore', 'ignore_ament_install']
[0.674s] Level 1:colcon.colcon_core.package_identification:_identify(src/py_trees_ros_viewer) by extension 'ignore'
[0.674s] Level 1:colcon.colcon_core.package_identification:_identify(src/py_trees_ros_viewer) by extension 'ignore_ament_install'
[0.674s] Level 1:colcon.colcon_core.package_identification:_identify(src/py_trees_ros_viewer) by extensions ['colcon_pkg']
[0.674s] Level 1:colcon.colcon_core.package_identification:_identify(src/py_trees_ros_viewer) by extension 'colcon_pkg'
[0.675s] Level 1:colcon.colcon_core.package_identification:_identify(src/py_trees_ros_viewer) by extensions ['colcon_meta']
[0.675s] Level 1:colcon.colcon_core.package_identification:_identify(src/py_trees_ros_viewer) by extension 'colcon_meta'
[0.675s] Level 1:colcon.colcon_core.package_identification:_identify(src/py_trees_ros_viewer) by extensions ['ros']
[0.675s] Level 1:colcon.colcon_core.package_identification:_identify(src/py_trees_ros_viewer) by extension 'ros'
[0.675s] DEBUG:colcon.colcon_core.package_identification:Package 'src/py_trees_ros_viewer' with type 'ros.ament_python' and name 'py_trees_ros_viewer'
[0.675s] Level 1:colcon.colcon_core.package_discovery:discover_packages(recursive) using defaults
[0.676s] Level 1:colcon.colcon_core.package_discovery:discover_packages(ignore) discover
[0.676s] Level 1:colcon.colcon_core.package_discovery:discover_packages(ignore) using defaults
[0.676s] Level 1:colcon.colcon_core.package_discovery:discover_packages(path) discover
[0.676s] Level 1:colcon.colcon_core.package_discovery:discover_packages(path) using defaults
[0.710s] INFO:colcon.colcon_core.package_selection:Skipping not selected package 'aws_robomaker_bookstore_world' in 'src/ThirdParty/aws-robomaker-bookstore-world'
[0.710s] INFO:colcon.colcon_core.package_selection:Skipping not selected package 'aws_robomaker_racetrack_world' in 'src/ThirdParty/aws-robomaker-racetrack-world'
[0.710s] INFO:colcon.colcon_core.package_selection:Skipping not selected package 'aws_robomaker_small_house_world' in 'src/ThirdParty/aws-robomaker-small-house-world'
[0.710s] INFO:colcon.colcon_core.package_selection:Skipping not selected package 'aws_robomaker_small_warehouse_world' in 'src/ThirdParty/aws-robomaker-small-warehouse-world'
[0.710s] INFO:colcon.colcon_core.package_selection:Skipping not selected package 'ir_robots' in 'src/ir_robots'
[0.710s] INFO:colcon.colcon_core.package_selection:Skipping not selected package 'kobuki_description' in 'src/ThirdParty/kobuki_ros/kobuki_description'
[0.710s] INFO:colcon.colcon_core.package_selection:Skipping not selected package 'kobuki_ros_interfaces' in 'src/ThirdParty/kobuki_ros_iterfaces'
[0.710s] INFO:colcon.colcon_core.package_selection:Skipping not selected package 'laser_filters' in 'src/ThirdParty/laser_filters'
[0.710s] INFO:colcon.colcon_core.package_selection:Skipping not selected package 'pal_gripper_controller_configuration' in 'src/ThirdParty/pal_gripper/pal_gripper_controller_configuration'
[0.710s] INFO:colcon.colcon_core.package_selection:Skipping not selected package 'pal_gripper_description' in 'src/ThirdParty/pal_gripper/pal_gripper_description'
[0.710s] INFO:colcon.colcon_core.package_selection:Skipping not selected package 'py_trees_ros_tutorials' in 'src/py_trees_ros_tutorials'
[0.710s] INFO:colcon.colcon_core.package_selection:Skipping not selected package 'py_trees_ros_viewer' in 'src/py_trees_ros_viewer'
[0.710s] INFO:colcon.colcon_core.package_selection:Skipping not selected package 'rplidar_ros' in 'src/ThirdParty/rplidar_ros'
[0.710s] INFO:colcon.colcon_core.package_selection:Skipping not selected package 'sophus' in 'src/ThirdParty/sophus'
[0.710s] INFO:colcon.colcon_core.package_selection:Skipping not selected package 'kobuki_bumper2pc' in 'src/ThirdParty/kobuki_ros/kobuki_bumper2pc'
[0.710s] INFO:colcon.colcon_core.package_selection:Skipping not selected package 'kobuki_keyop' in 'src/ThirdParty/kobuki_ros/kobuki_keyop'
[0.710s] INFO:colcon.colcon_core.package_selection:Skipping not selected package 'kobuki_random_walker' in 'src/ThirdParty/kobuki_ros/kobuki_random_walker'
[0.710s] INFO:colcon.colcon_core.package_selection:Skipping not selected package 'kobuki_safety_controller' in 'src/ThirdParty/kobuki_ros/kobuki_safety_controller'
[0.710s] INFO:colcon.colcon_core.package_selection:Skipping not selected package 'pal_gripper' in 'src/ThirdParty/pal_gripper/pal_gripper'
[0.710s] INFO:colcon.colcon_core.package_selection:Skipping not selected package 'tiago_controller_configuration' in 'src/ThirdParty/tiago_robot/tiago_controller_configuration'
[0.710s] INFO:colcon.colcon_core.package_selection:Skipping not selected package 'kobuki_ros' in 'src/ThirdParty/kobuki_ros/kobuki_ros'
[0.710s] INFO:colcon.colcon_core.package_selection:Skipping not selected package 'tiago_description' in 'src/ThirdParty/tiago_robot/tiago_description'
[0.710s] INFO:colcon.colcon_core.package_selection:Skipping not selected package 'tiago_bringup' in 'src/ThirdParty/tiago_robot/tiago_bringup'
[0.710s] INFO:colcon.colcon_core.package_selection:Skipping not selected package 'tiago_robot' in 'src/ThirdParty/tiago_robot/tiago_robot'
[0.712s] Level 1:colcon.colcon_core.package_discovery:discover_packages(prefix_path) check parameters
[0.712s] Level 1:colcon.colcon_core.package_discovery:discover_packages(prefix_path) discover
[0.718s] DEBUG:colcon.colcon_installed_package_information.package_discovery:Found 26 installed packages in /home/omartinez/2023-tfg-oscar-martinez/src/webbt_ws/install
[0.720s] DEBUG:colcon.colcon_installed_package_information.package_discovery:Found 16 installed packages in /home/omartinez/ws/smartloc_ws/install
[0.724s] DEBUG:colcon.colcon_installed_package_information.package_discovery:Found 500 installed packages in /opt/ros/humble
[0.728s] Level 1:colcon.colcon_core.package_discovery:discover_packages(prefix_path) using defaults
[0.852s] Level 5:colcon.colcon_core.verb:set package 'py_gardener' build argument 'cmake_args' from command line to 'None'
[0.852s] Level 5:colcon.colcon_core.verb:set package 'py_gardener' build argument 'cmake_target' from command line to 'None'
[0.852s] Level 5:colcon.colcon_core.verb:set package 'py_gardener' build argument 'cmake_target_skip_unavailable' from command line to 'False'
[0.852s] Level 5:colcon.colcon_core.verb:set package 'py_gardener' build argument 'cmake_clean_cache' from command line to 'False'
[0.852s] Level 5:colcon.colcon_core.verb:set package 'py_gardener' build argument 'cmake_clean_first' from command line to 'False'
[0.852s] Level 5:colcon.colcon_core.verb:set package 'py_gardener' build argument 'cmake_force_configure' from command line to 'False'
[0.852s] Level 5:colcon.colcon_core.verb:set package 'py_gardener' build argument 'ament_cmake_args' from command line to 'None'
[0.852s] Level 5:colcon.colcon_core.verb:set package 'py_gardener' build argument 'catkin_cmake_args' from command line to 'None'
[0.852s] Level 5:colcon.colcon_core.verb:set package 'py_gardener' build argument 'catkin_skip_building_tests' from command line to 'False'
[0.852s] DEBUG:colcon.colcon_core.verb:Building package 'py_gardener' with the following arguments: {'ament_cmake_args': None, 'build_base': '/home/omartinez/2023-tfg-oscar-martinez/src/webbt_ws/build/py_gardener', 'catkin_cmake_args': None, 'catkin_skip_building_tests': False, 'cmake_args': None, 'cmake_clean_cache': False, 'cmake_clean_first': False, 'cmake_force_configure': False, 'cmake_target': None, 'cmake_target_skip_unavailable': False, 'install_base': '/home/omartinez/2023-tfg-oscar-martinez/src/webbt_ws/install/py_gardener', 'merge_install': False, 'path': '/home/omartinez/2023-tfg-oscar-martinez/src/webbt_ws/src/py_gardener', 'symlink_install': True, 'test_result_base': None}
[0.853s] INFO:colcon.colcon_core.executor:Executing jobs using 'parallel' executor
[0.857s] DEBUG:colcon.colcon_parallel_executor.executor.parallel:run_until_complete
[0.858s] INFO:colcon.colcon_ros.task.ament_python.build:Building ROS package in '/home/omartinez/2023-tfg-oscar-martinez/src/webbt_ws/src/py_gardener' with build type 'ament_python'
[0.858s] Level 1:colcon.colcon_core.shell:create_environment_hook('py_gardener', 'ament_prefix_path')
[0.864s] INFO:colcon.colcon_core.plugin_system:Skipping extension 'colcon_core.shell.bat': Not used on non-Windows systems
[0.865s] INFO:colcon.colcon_core.shell:Creating environment hook '/home/omartinez/2023-tfg-oscar-martinez/src/webbt_ws/install/py_gardener/share/py_gardener/hook/ament_prefix_path.ps1'
[0.865s] INFO:colcon.colcon_core.shell:Creating environment descriptor '/home/omartinez/2023-tfg-oscar-martinez/src/webbt_ws/install/py_gardener/share/py_gardener/hook/ament_prefix_path.dsv'
[0.866s] INFO:colcon.colcon_core.shell:Creating environment hook '/home/omartinez/2023-tfg-oscar-martinez/src/webbt_ws/install/py_gardener/share/py_gardener/hook/ament_prefix_path.sh'
[0.868s] INFO:colcon.colcon_core.shell:Skip shell extension 'powershell' for command environment: Not usable outside of PowerShell
[0.868s] DEBUG:colcon.colcon_core.shell:Skip shell extension 'dsv' for command environment
[1.412s] INFO:colcon.colcon_core.task.python.build:Building Python package in '/home/omartinez/2023-tfg-oscar-martinez/src/webbt_ws/src/py_gardener'
[1.414s] INFO:colcon.colcon_core.shell:Skip shell extension 'powershell' for command environment: Not usable outside of PowerShell
[1.414s] DEBUG:colcon.colcon_core.shell:Skip shell extension 'dsv' for command environment
[2.157s] DEBUG:colcon.colcon_core.event_handler.log_command:Invoking command in '/home/omartinez/2023-tfg-oscar-martinez/src/webbt_ws/build/py_gardener': PYTHONPATH=/home/omartinez/2023-tfg-oscar-martinez/src/webbt_ws/build/py_gardener/prefix_override:/home/omartinez/2023-tfg-oscar-martinez/src/webbt_ws/install/py_gardener/lib/python3.10/site-packages:${PYTHONPATH} /usr/bin/python3 setup.py develop --editable --build-directory /home/omartinez/2023-tfg-oscar-martinez/src/webbt_ws/build/py_gardener/build --no-deps install_data
[3.430s] Level 1:colcon.colcon_core.shell:create_environment_hook('py_gardener', 'pythonpath_develop')
[3.432s] INFO:colcon.colcon_core.shell:Creating environment hook '/home/omartinez/2023-tfg-oscar-martinez/src/webbt_ws/build/py_gardener/share/py_gardener/hook/pythonpath_develop.ps1'
[3.432s] DEBUG:colcon.colcon_core.event_handler.log_command:Invoked command in '/home/omartinez/2023-tfg-oscar-martinez/src/webbt_ws/build/py_gardener' returned '0': PYTHONPATH=/home/omartinez/2023-tfg-oscar-martinez/src/webbt_ws/build/py_gardener/prefix_override:/home/omartinez/2023-tfg-oscar-martinez/src/webbt_ws/install/py_gardener/lib/python3.10/site-packages:${PYTHONPATH} /usr/bin/python3 setup.py develop --editable --build-directory /home/omartinez/2023-tfg-oscar-martinez/src/webbt_ws/build/py_gardener/build --no-deps install_data
[3.433s] INFO:colcon.colcon_core.shell:Creating environment descriptor '/home/omartinez/2023-tfg-oscar-martinez/src/webbt_ws/build/py_gardener/share/py_gardener/hook/pythonpath_develop.dsv'
[3.433s] INFO:colcon.colcon_core.shell:Creating environment hook '/home/omartinez/2023-tfg-oscar-martinez/src/webbt_ws/build/py_gardener/share/py_gardener/hook/pythonpath_develop.sh'
[3.440s] Level 1:colcon.colcon_core.environment:checking '/home/omartinez/2023-tfg-oscar-martinez/src/webbt_ws/install/py_gardener' for CMake module files
[3.440s] Level 1:colcon.colcon_core.environment:checking '/home/omartinez/2023-tfg-oscar-martinez/src/webbt_ws/install/py_gardener' for CMake config files
[3.441s] Level 1:colcon.colcon_core.environment:checking '/home/omartinez/2023-tfg-oscar-martinez/src/webbt_ws/install/py_gardener/lib'
[3.441s] Level 1:colcon.colcon_core.environment:checking '/home/omartinez/2023-tfg-oscar-martinez/src/webbt_ws/install/py_gardener/bin'
[3.441s] Level 1:colcon.colcon_core.environment:checking '/home/omartinez/2023-tfg-oscar-martinez/src/webbt_ws/install/py_gardener/lib/pkgconfig/py_gardener.pc'
[3.442s] Level 1:colcon.colcon_core.environment:checking '/home/omartinez/2023-tfg-oscar-martinez/src/webbt_ws/install/py_gardener/lib/python3.10/site-packages'
[3.442s] Level 1:colcon.colcon_core.shell:create_environment_hook('py_gardener', 'pythonpath')
[3.443s] INFO:colcon.colcon_core.shell:Creating environment hook '/home/omartinez/2023-tfg-oscar-martinez/src/webbt_ws/install/py_gardener/share/py_gardener/hook/pythonpath.ps1'
[3.444s] INFO:colcon.colcon_core.shell:Creating environment descriptor '/home/omartinez/2023-tfg-oscar-martinez/src/webbt_ws/install/py_gardener/share/py_gardener/hook/pythonpath.dsv'
[3.444s] INFO:colcon.colcon_core.shell:Creating environment hook '/home/omartinez/2023-tfg-oscar-martinez/src/webbt_ws/install/py_gardener/share/py_gardener/hook/pythonpath.sh'
[3.445s] Level 1:colcon.colcon_core.environment:checking '/home/omartinez/2023-tfg-oscar-martinez/src/webbt_ws/install/py_gardener/bin'
[3.445s] Level 1:colcon.colcon_core.environment:create_environment_scripts_only(py_gardener)
[3.447s] INFO:colcon.colcon_core.shell:Creating package script '/home/omartinez/2023-tfg-oscar-martinez/src/webbt_ws/install/py_gardener/share/py_gardener/package.ps1'
[3.447s] INFO:colcon.colcon_core.shell:Creating package descriptor '/home/omartinez/2023-tfg-oscar-martinez/src/webbt_ws/install/py_gardener/share/py_gardener/package.dsv'
[3.448s] INFO:colcon.colcon_core.shell:Creating package script '/home/omartinez/2023-tfg-oscar-martinez/src/webbt_ws/install/py_gardener/share/py_gardener/package.sh'
[3.449s] INFO:colcon.colcon_core.shell:Creating package script '/home/omartinez/2023-tfg-oscar-martinez/src/webbt_ws/install/py_gardener/share/py_gardener/package.bash'
[3.450s] INFO:colcon.colcon_core.shell:Creating package script '/home/omartinez/2023-tfg-oscar-martinez/src/webbt_ws/install/py_gardener/share/py_gardener/package.zsh'
[3.451s] Level 1:colcon.colcon_core.environment:create_file_with_runtime_dependencies(/home/omartinez/2023-tfg-oscar-martinez/src/webbt_ws/install/py_gardener/share/colcon-core/packages/py_gardener)
[3.451s] DEBUG:colcon.colcon_parallel_executor.executor.parallel:closing loop
[3.452s] DEBUG:colcon.colcon_parallel_executor.executor.parallel:loop closed
[3.452s] DEBUG:colcon.colcon_parallel_executor.executor.parallel:run_until_complete finished with '0'
[3.452s] DEBUG:colcon.colcon_core.event_reactor:joining thread
[3.459s] INFO:colcon.colcon_core.plugin_system:Skipping extension 'colcon_notification.desktop_notification.terminal_notifier': Not used on non-Darwin systems
[3.459s] INFO:colcon.colcon_core.plugin_system:Skipping extension 'colcon_notification.desktop_notification.win32': Not used on non-Windows systems
[3.459s] INFO:colcon.colcon_notification.desktop_notification:Sending desktop notification using 'notify2'
[3.471s] DEBUG:colcon.colcon_core.event_reactor:joined thread
[3.475s] INFO:colcon.colcon_core.shell:Creating prefix script '/home/omartinez/2023-tfg-oscar-martinez/src/webbt_ws/install/local_setup.ps1'
[3.477s] INFO:colcon.colcon_core.shell:Creating prefix util module '/home/omartinez/2023-tfg-oscar-martinez/src/webbt_ws/install/_local_setup_util_ps1.py'
[3.481s] INFO:colcon.colcon_core.shell:Creating prefix chain script '/home/omartinez/2023-tfg-oscar-martinez/src/webbt_ws/install/setup.ps1'
[3.488s] INFO:colcon.colcon_core.shell:Creating prefix script '/home/omartinez/2023-tfg-oscar-martinez/src/webbt_ws/install/local_setup.sh'
[3.489s] INFO:colcon.colcon_core.shell:Creating prefix util module '/home/omartinez/2023-tfg-oscar-martinez/src/webbt_ws/install/_local_setup_util_sh.py'
[3.490s] INFO:colcon.colcon_core.shell:Creating prefix chain script '/home/omartinez/2023-tfg-oscar-martinez/src/webbt_ws/install/setup.sh'
[3.497s] INFO:colcon.colcon_core.shell:Creating prefix script '/home/omartinez/2023-tfg-oscar-martinez/src/webbt_ws/install/local_setup.bash'
[3.497s] INFO:colcon.colcon_core.shell:Creating prefix chain script '/home/omartinez/2023-tfg-oscar-martinez/src/webbt_ws/install/setup.bash'
[3.504s] INFO:colcon.colcon_core.shell:Creating prefix script '/home/omartinez/2023-tfg-oscar-martinez/src/webbt_ws/install/local_setup.zsh'
[3.506s] INFO:colcon.colcon_core.shell:Creating prefix chain script '/home/omartinez/2023-tfg-oscar-martinez/src/webbt_ws/install/setup.zsh'
